Run started at  Tue Aug 28 14:08:13 BST 2018
WARNING: No working GUI backend found for matplotlib
WARNING: Interrupted. Larger maxiters is needed.
WARNING: Interrupted. Larger maxiters is needed.
WARNING: Interrupted. Larger maxiters is needed.
WARNING: Interrupted. Larger maxiters is needed.
WARNING: Interrupted. Larger maxiters is needed.
WARNING: Interrupted. Larger maxiters is needed.
WARNING: Interrupted. Larger maxiters is needed.
WARNING: Interrupted. Larger maxiters is needed.
WARNING: Interrupted. Larger maxiters is needed.
WARNING: Interrupted. Larger maxiters is needed.
WARNING: Interrupted. Larger maxiters is needed.
WARNING: Interrupted. Larger maxiters is needed.
WARNING: Interrupted. Larger maxiters is needed.
WARNING: Interrupted. Larger maxiters is needed.
WARNING: Interrupted. Larger maxiters is needed.
WARNING: Interrupted. Larger maxiters is needed.
WARNING: Interrupted. Larger maxiters is needed.
WARNING: Interrupted. Larger maxiters is needed.
WARNING: Interrupted. Larger maxiters is needed.
WARNING: Interrupted. Larger maxiters is needed.
WARNING: Interrupted. Larger maxiters is needed.
WARNING: Interrupted. Larger maxiters is needed.
WARNING: Interrupted. Larger maxiters is needed.
WARNING: Interrupted. Larger maxiters is needed.
WARNING: Interrupted. Larger maxiters is needed.
WARNING: Interrupted. Larger maxiters is needed.
WARNING: Interrupted. Larger maxiters is needed.
WARNING: Interrupted. Larger maxiters is needed.
WARNING: Interrupted. Larger maxiters is needed.
WARNING: Interrupted. Larger maxiters is needed.
WARNING: Interrupted. Larger maxiters is needed.
WARNING: Interrupted. Larger maxiters is needed.
WARNING: Interrupted. Larger maxiters is needed.
WARNING: Interrupted. Larger maxiters is needed.
WARNING: Interrupted. Larger maxiters is needed.
WARNING: Interrupted. Larger maxiters is needed.
WARNING: Interrupted. Larger maxiters is needed.
WARNING: Interrupted. Larger maxiters is needed.
WARNING: Interrupted. Larger maxiters is needed.
WARNING: Interrupted. Larger maxiters is needed.
WARNING: Interrupted. Larger maxiters is needed.
WARNING: Interrupted. Larger maxiters is needed.
WARNING: Interrupted. Larger maxiters is needed.
WARNING: Interrupted. Larger maxiters is needed.
WARNING: Interrupted. Larger maxiters is needed.
WARNING: Interrupted. Larger maxiters is needed.
WARNING: Interrupted. Larger maxiters is needed.
WARNING: Interrupted. Larger maxiters is needed.
WARNING: Interrupted. Larger maxiters is needed.
WARNING: Interrupted. Larger maxiters is needed.
WARNING: Interrupted. Larger maxiters is needed.
WARNING: Interrupted. Larger maxiters is needed.
WARNING: Interrupted. Larger maxiters is needed.
WARNING: Interrupted. Larger maxiters is needed.
WARNING: Interrupted. Larger maxiters is needed.
WARNING: Interrupted. Larger maxiters is needed.
WARNING: Interrupted. Larger maxiters is needed.
WARNING: Interrupted. Larger maxiters is needed.
WARNING: Interrupted. Larger maxiters is needed.
WARNING: Interrupted. Larger maxiters is needed.
WARNING: Interrupted. Larger maxiters is needed.
WARNING: Interrupted. Larger maxiters is needed.
WARNING: Interrupted. Larger maxiters is needed.
WARNING: Interrupted. Larger maxiters is needed.
WARNING: Interrupted. Larger maxiters is needed.
WARNING: Interrupted. Larger maxiters is needed.
WARNING: Interrupted. Larger maxiters is needed.
WARNING: Interrupted. Larger maxiters is needed.
WARNING: Interrupted. Larger maxiters is needed.
WARNING: Interrupted. Larger maxiters is needed.
WARNING: Interrupted. Larger maxiters is needed.
WARNING: Interrupted. Larger maxiters is needed.
WARNING: Interrupted. Larger maxiters is needed.
WARNING: Interrupted. Larger maxiters is needed.
WARNING: Interrupted. Larger maxiters is needed.
WARNING: Interrupted. Larger maxiters is needed.
WARNING: Interrupted. Larger maxiters is needed.
WARNING: Interrupted. Larger maxiters is needed.
WARNING: Interrupted. Larger maxiters is needed.
WARNING: Interrupted. Larger maxiters is needed.
WARNING: Interrupted. Larger maxiters is needed.
WARNING: Interrupted. Larger maxiters is needed.
WARNING: Interrupted. Larger maxiters is needed.
WARNING: Interrupted. Larger maxiters is needed.
WARNING: Interrupted. Larger maxiters is needed.
WARNING: Interrupted. Larger maxiters is needed.
WARNING: Interrupted. Larger maxiters is needed.
WARNING: Interrupted. Larger maxiters is needed.
WARNING: Interrupted. Larger maxiters is needed.
WARNING: Interrupted. Larger maxiters is needed.
WARNING: Interrupted. Larger maxiters is needed.
WARNING: Interrupted. Larger maxiters is needed.
WARNING: Interrupted. Larger maxiters is needed.
WARNING: Interrupted. Larger maxiters is needed.
WARNING: Interrupted. Larger maxiters is needed.
WARNING: Interrupted. Larger maxiters is needed.
WARNING: Interrupted. Larger maxiters is needed.
WARNING: Interrupted. Larger maxiters is needed.
WARNING: Interrupted. Larger maxiters is needed.
WARNING: Interrupted. Larger maxiters is needed.
WARNING: Interrupted. Larger maxiters is needed.
WARNING: Interrupted. Larger maxiters is needed.
WARNING: Interrupted. Larger maxiters is needed.
WARNING: Interrupted. Larger maxiters is needed.
WARNING: Interrupted. Larger maxiters is needed.
WARNING: Interrupted. Larger maxiters is needed.
WARNING: Interrupted. Larger maxiters is needed.
WARNING: Interrupted. Larger maxiters is needed.
WARNING: Interrupted. Larger maxiters is needed.
WARNING: Interrupted. Larger maxiters is needed.
WARNING: Interrupted. Larger maxiters is needed.
WARNING: Interrupted. Larger maxiters is needed.
WARNING: Interrupted. Larger maxiters is needed.
WARNING: Interrupted. Larger maxiters is needed.
WARNING: Interrupted. Larger maxiters is needed.
WARNING: Interrupted. Larger maxiters is needed.
WARNING: Interrupted. Larger maxiters is needed.
WARNING: Interrupted. Larger maxiters is needed.
WARNING: Interrupted. Larger maxiters is needed.
WARNING: Interrupted. Larger maxiters is needed.
WARNING: Interrupted. Larger maxiters is needed.
WARNING: Interrupted. Larger maxiters is needed.
WARNING: Interrupted. Larger maxiters is needed.
WARNING: Interrupted. Larger maxiters is needed.
WARNING: Interrupted. Larger maxiters is needed.
WARNING: Interrupted. Larger maxiters is needed.
WARNING: Interrupted. Larger maxiters is needed.
WARNING: Interrupted. Larger maxiters is needed.
WARNING: Interrupted. Larger maxiters is needed.
WARNING: Interrupted. Larger maxiters is needed.
WARNING: Interrupted. Larger maxiters is needed.
WARNING: Interrupted. Larger maxiters is needed.
WARNING: Interrupted. Larger maxiters is needed.
WARNING: Interrupted. Larger maxiters is needed.
WARNING: Interrupted. Larger maxiters is needed.
WARNING: Interrupted. Larger maxiters is needed.
WARNING: Interrupted. Larger maxiters is needed.
WARNING: Interrupted. Larger maxiters is needed.
WARNING: Interrupted. Larger maxiters is needed.
WARNING: Interrupted. Larger maxiters is needed.
WARNING: Interrupted. Larger maxiters is needed.
WARNING: Interrupted. Larger maxiters is needed.
WARNING: Interrupted. Larger maxiters is needed.
WARNING: Interrupted. Larger maxiters is needed.
WARNING: Interrupted. Larger maxiters is needed.
WARNING: Interrupted. Larger maxiters is needed.
WARNING: Interrupted. Larger maxiters is needed.
WARNING: Interrupted. Larger maxiters is needed.
WARNING: Interrupted. Larger maxiters is needed.
WARNING: Interrupted. Larger maxiters is needed.
WARNING: Interrupted. Larger maxiters is needed.
WARNING: Interrupted. Larger maxiters is needed.
WARNING: Interrupted. Larger maxiters is needed.
WARNING: Interrupted. Larger maxiters is needed.
WARNING: Interrupted. Larger maxiters is needed.
WARNING: Interrupted. Larger maxiters is needed.
WARNING: Interrupted. Larger maxiters is needed.
WARNING: Interrupted. Larger maxiters is needed.
WARNING: Interrupted. Larger maxiters is needed.
WARNING: Interrupted. Larger maxiters is needed.
WARNING: Interrupted. Larger maxiters is needed.
WARNING: Interrupted. Larger maxiters is needed.
WARNING: Interrupted. Larger maxiters is needed.
WARNING: Interrupted. Larger maxiters is needed.
WARNING: Interrupted. Larger maxiters is needed.
WARNING: Interrupted. Larger maxiters is needed.
WARNING: Interrupted. Larger maxiters is needed.
WARNING: Interrupted. Larger maxiters is needed.
WARNING: Interrupted. Larger maxiters is needed.
WARNING: Interrupted. Larger maxiters is needed.
WARNING: Interrupted. Larger maxiters is needed.
WARNING: Interrupted. Larger maxiters is needed.
WARNING: Interrupted. Larger maxiters is needed.
WARNING: Interrupted. Larger maxiters is needed.
WARNING: Interrupted. Larger maxiters is needed.
WARNING: Interrupted. Larger maxiters is needed.
WARNING: Interrupted. Larger maxiters is needed.
WARNING: Interrupted. Larger maxiters is needed.
WARNING: Interrupted. Larger maxiters is needed.
WARNING: Interrupted. Larger maxiters is needed.
WARNING: Interrupted. Larger maxiters is needed.
WARNING: Interrupted. Larger maxiters is needed.
WARNING: Interrupted. Larger maxiters is needed.
WARNING: Interrupted. Larger maxiters is needed.
WARNING: Interrupted. Larger maxiters is needed.
WARNING: Interrupted. Larger maxiters is needed.
WARNING: Interrupted. Larger maxiters is needed.
WARNING: Interrupted. Larger maxiters is needed.
WARNING: Interrupted. Larger maxiters is needed.
WARNING: Interrupted. Larger maxiters is needed.
WARNING: Interrupted. Larger maxiters is needed.
WARNING: Interrupted. Larger maxiters is needed.
WARNING: Interrupted. Larger maxiters is needed.
WARNING: Interrupted. Larger maxiters is needed.
WARNING: Interrupted. Larger maxiters is needed.
WARNING: Interrupted. Larger maxiters is needed.
WARNING: Interrupted. Larger maxiters is needed.
WARNING: Interrupted. Larger maxiters is needed.
WARNING: Interrupted. Larger maxiters is needed.
WARNING: Interrupted. Larger maxiters is needed.
WARNING: Interrupted. Larger maxiters is needed.
WARNING: Interrupted. Larger maxiters is needed.
WARNING: Interrupted. Larger maxiters is needed.
WARNING: Interrupted. Larger maxiters is needed.
WARNING: Interrupted. Larger maxiters is needed.
WARNING: Interrupted. Larger maxiters is needed.
WARNING: Interrupted. Larger maxiters is needed.
WARNING: Interrupted. Larger maxiters is needed.
WARNING: Interrupted. Larger maxiters is needed.
WARNING: Interrupted. Larger maxiters is needed.
WARNING: Interrupted. Larger maxiters is needed.
WARNING: Interrupted. Larger maxiters is needed.
WARNING: Interrupted. Larger maxiters is needed.
WARNING: Interrupted. Larger maxiters is needed.
WARNING: Interrupted. Larger maxiters is needed.
WARNING: Interrupted. Larger maxiters is needed.
WARNING: Interrupted. Larger maxiters is needed.
WARNING: Interrupted. Larger maxiters is needed.
WARNING: Interrupted. Larger maxiters is needed.
WARNING: Interrupted. Larger maxiters is needed.
WARNING: Interrupted. Larger maxiters is needed.
WARNING: Interrupted. Larger maxiters is needed.
WARNING: Interrupted. Larger maxiters is needed.
WARNING: Interrupted. Larger maxiters is needed.
WARNING: Interrupted. Larger maxiters is needed.
WARNING: Interrupted. Larger maxiters is needed.
WARNING: Interrupted. Larger maxiters is needed.
WARNING: Interrupted. Larger maxiters is needed.
WARNING: Interrupted. Larger maxiters is needed.
WARNING: Interrupted. Larger maxiters is needed.
WARNING: Interrupted. Larger maxiters is needed.
WARNING: Interrupted. Larger maxiters is needed.
WARNING: Interrupted. Larger maxiters is needed.
WARNING: Interrupted. Larger maxiters is needed.
WARNING: Interrupted. Larger maxiters is needed.
WARNING: Interrupted. Larger maxiters is needed.
WARNING: Interrupted. Larger maxiters is needed.
WARNING: Interrupted. Larger maxiters is needed.
WARNING: Interrupted. Larger maxiters is needed.
WARNING: Interrupted. Larger maxiters is needed.
WARNING: Interrupted. Larger maxiters is needed.
WARNING: Interrupted. Larger maxiters is needed.
WARNING: Interrupted. Larger maxiters is needed.
WARNING: Interrupted. Larger maxiters is needed.
WARNING: Interrupted. Larger maxiters is needed.
WARNING: Interrupted. Larger maxiters is needed.
WARNING: Interrupted. Larger maxiters is needed.
WARNING: Interrupted. Larger maxiters is needed.
WARNING: Interrupted. Larger maxiters is needed.
WARNING: Interrupted. Larger maxiters is needed.
WARNING: Interrupted. Larger maxiters is needed.
WARNING: Interrupted. Larger maxiters is needed.
WARNING: Interrupted. Larger maxiters is needed.
WARNING: Interrupted. Larger maxiters is needed.
WARNING: Interrupted. Larger maxiters is needed.
WARNING: Interrupted. Larger maxiters is needed.
WARNING: Interrupted. Larger maxiters is needed.
WARNING: Interrupted. Larger maxiters is needed.
WARNING: Interrupted. Larger maxiters is needed.
WARNING: Interrupted. Larger maxiters is needed.
WARNING: Interrupted. Larger maxiters is needed.
WARNING: Interrupted. Larger maxiters is needed.
WARNING: Interrupted. Larger maxiters is needed.
WARNING: Interrupted. Larger maxiters is needed.
WARNING: Interrupted. Larger maxiters is needed.
WARNING: Interrupted. Larger maxiters is needed.
WARNING: Interrupted. Larger maxiters is needed.
WARNING: Interrupted. Larger maxiters is needed.
WARNING: Interrupted. Larger maxiters is needed.
WARNING: Interrupted. Larger maxiters is needed.
WARNING: Interrupted. Larger maxiters is needed.
WARNING: Interrupted. Larger maxiters is needed.
WARNING: Interrupted. Larger maxiters is needed.
WARNING: Interrupted. Larger maxiters is needed.
WARNING: Interrupted. Larger maxiters is needed.
WARNING: Interrupted. Larger maxiters is needed.
WARNING: Interrupted. Larger maxiters is needed.
WARNING: Interrupted. Larger maxiters is needed.
WARNING: Interrupted. Larger maxiters is needed.
WARNING: Interrupted. Larger maxiters is needed.
WARNING: Interrupted. Larger maxiters is needed.
WARNING: Interrupted. Larger maxiters is needed.
WARNING: Interrupted. Larger maxiters is needed.
WARNING: Interrupted. Larger maxiters is needed.
WARNING: Interrupted. Larger maxiters is needed.
WARNING: Interrupted. Larger maxiters is needed.
WARNING: Interrupted. Larger maxiters is needed.
WARNING: Interrupted. Larger maxiters is needed.
WARNING: Interrupted. Larger maxiters is needed.
WARNING: Interrupted. Larger maxiters is needed.
WARNING: Interrupted. Larger maxiters is needed.
WARNING: Interrupted. Larger maxiters is needed.
WARNING: Interrupted. Larger maxiters is needed.
WARNING: Interrupted. Larger maxiters is needed.
WARNING: Interrupted. Larger maxiters is needed.
WARNING: Interrupted. Larger maxiters is needed.
WARNING: Interrupted. Larger maxiters is needed.
WARNING: Interrupted. Larger maxiters is needed.
WARNING: Interrupted. Larger maxiters is needed.
WARNING: Interrupted. Larger maxiters is needed.
WARNING: Interrupted. Larger maxiters is needed.
WARNING: Interrupted. Larger maxiters is needed.
WARNING: Interrupted. Larger maxiters is needed.
WARNING: Interrupted. Larger maxiters is needed.
WARNING: Interrupted. Larger maxiters is needed.
WARNING: Interrupted. Larger maxiters is needed.
WARNING: Interrupted. Larger maxiters is needed.
WARNING: Interrupted. Larger maxiters is needed.
WARNING: Interrupted. Larger maxiters is needed.
WARNING: Interrupted. Larger maxiters is needed.
WARNING: Interrupted. Larger maxiters is needed.
WARNING: Interrupted. Larger maxiters is needed.
WARNING: Interrupted. Larger maxiters is needed.
WARNING: Interrupted. Larger maxiters is needed.
WARNING: Interrupted. Larger maxiters is needed.
WARNING: Interrupted. Larger maxiters is needed.
WARNING: Interrupted. Larger maxiters is needed.
WARNING: Interrupted. Larger maxiters is needed.
WARNING: Interrupted. Larger maxiters is needed.
WARNING: Interrupted. Larger maxiters is needed.
WARNING: Interrupted. Larger maxiters is needed.
WARNING: Interrupted. Larger maxiters is needed.
WARNING: Interrupted. Larger maxiters is needed.
WARNING: Interrupted. Larger maxiters is needed.
WARNING: Interrupted. Larger maxiters is needed.
WARNING: Interrupted. Larger maxiters is needed.
WARNING: Interrupted. Larger maxiters is needed.
WARNING: Interrupted. Larger maxiters is needed.
WARNING: Interrupted. Larger maxiters is needed.
WARNING: Interrupted. Larger maxiters is needed.
WARNING: Interrupted. Larger maxiters is needed.
WARNING: Interrupted. Larger maxiters is needed.
WARNING: Interrupted. Larger maxiters is needed.
WARNING: Interrupted. Larger maxiters is needed.
WARNING: Interrupted. Larger maxiters is needed.
WARNING: Interrupted. Larger maxiters is needed.
WARNING: Interrupted. Larger maxiters is needed.
WARNING: Interrupted. Larger maxiters is needed.
WARNING: Interrupted. Larger maxiters is needed.
WARNING: Interrupted. Larger maxiters is needed.
WARNING: Interrupted. Larger maxiters is needed.
WARNING: Interrupted. Larger maxiters is needed.
WARNING: Interrupted. Larger maxiters is needed.
WARNING: Interrupted. Larger maxiters is needed.
WARNING: Interrupted. Larger maxiters is needed.
WARNING: Interrupted. Larger maxiters is needed.
WARNING: Interrupted. Larger maxiters is needed.
WARNING: Interrupted. Larger maxiters is needed.
WARNING: Interrupted. Larger maxiters is needed.
WARNING: Interrupted. Larger maxiters is needed.
WARNING: Interrupted. Larger maxiters is needed.
WARNING: Interrupted. Larger maxiters is needed.
WARNING: Interrupted. Larger maxiters is needed.
WARNING: Interrupted. Larger maxiters is needed.
WARNING: Interrupted. Larger maxiters is needed.
WARNING: Interrupted. Larger maxiters is needed.
WARNING: Interrupted. Larger maxiters is needed.
WARNING: Interrupted. Larger maxiters is needed.
WARNING: Interrupted. Larger maxiters is needed.
WARNING: Interrupted. Larger maxiters is needed.
WARNING: Interrupted. Larger maxiters is needed.
WARNING: Interrupted. Larger maxiters is needed.
WARNING: Interrupted. Larger maxiters is needed.
WARNING: Interrupted. Larger maxiters is needed.
WARNING: Interrupted. Larger maxiters is needed.
WARNING: Interrupted. Larger maxiters is needed.
WARNING: Interrupted. Larger maxiters is needed.
WARNING: Interrupted. Larger maxiters is needed.
WARNING: Interrupted. Larger maxiters is needed.
WARNING: Interrupted. Larger maxiters is needed.
WARNING: Interrupted. Larger maxiters is needed.
WARNING: Interrupted. Larger maxiters is needed.
WARNING: Interrupted. Larger maxiters is needed.
WARNING: Interrupted. Larger maxiters is needed.
WARNING: Interrupted. Larger maxiters is needed.
WARNING: Interrupted. Larger maxiters is needed.
WARNING: Interrupted. Larger maxiters is needed.
WARNING: Interrupted. Larger maxiters is needed.
WARNING: Interrupted. Larger maxiters is needed.
WARNING: Interrupted. Larger maxiters is needed.
WARNING: Interrupted. Larger maxiters is needed.
WARNING: Interrupted. Larger maxiters is needed.
WARNING: Interrupted. Larger maxiters is needed.
WARNING: Interrupted. Larger maxiters is needed.
WARNING: Interrupted. Larger maxiters is needed.
WARNING: Interrupted. Larger maxiters is needed.
WARNING: Interrupted. Larger maxiters is needed.
WARNING: Interrupted. Larger maxiters is needed.
WARNING: Interrupted. Larger maxiters is needed.
WARNING: Interrupted. Larger maxiters is needed.
WARNING: Interrupted. Larger maxiters is needed.
WARNING: Interrupted. Larger maxiters is needed.
WARNING: Interrupted. Larger maxiters is needed.
WARNING: Interrupted. Larger maxiters is needed.
WARNING: Interrupted. Larger maxiters is needed.
WARNING: Interrupted. Larger maxiters is needed.
WARNING: Interrupted. Larger maxiters is needed.
WARNING: Interrupted. Larger maxiters is needed.
WARNING: Interrupted. Larger maxiters is needed.
WARNING: Interrupted. Larger maxiters is needed.
WARNING: Interrupted. Larger maxiters is needed.
WARNING: Interrupted. Larger maxiters is needed.
WARNING: Interrupted. Larger maxiters is needed.
WARNING: No working GUI backend found for matplotlib
Start include.
Starting
Ready
	From worker 2:	Parameters set for ENSMUSG00000021835
	From worker 2:	starting ABC for ENSMUSG00000021835
	From worker 2:	Number of trials = 1
	From worker 2:	Number accepted = 0
	From worker 2:	4
	From worker 2:	100
	From worker 2:	168
	From worker 2:	0.8
	From worker 2:	-4.780592804102085 -2.5320291485385185 -4.309983726655247 3.052050241742079
	From worker 2:	-4.903755982361348 -5.342286734452632 1.4189007771862396 1.8505590953181061
	From worker 2:	-2.6927865880162463 -1.099995201368687 -1.2629193041551696 4.892444201881384
	From worker 2:	-5.006581611400726 -4.106727292738882 -3.454726627936762 0.19990376482122652
	From worker 2:	-4.236209374730368 -1.353826853601996 1.730422847481365 1.6436831097892202
	From worker 2:	-2.7206255833090194 -1.9074493954508558 -0.2361824041066498 1.7459807009609174
	From worker 2:	-3.821202354534097 -2.3618362925236687 1.387016063661994 1.480365352484948
	From worker 2:	-0.8594494230405889 -1.2882609293758307 -3.2947597220039926 3.9390914763053777
	From worker 2:	-4.947010078492445 -3.551935544675528 -4.027622758594626 4.227410301658442
	From worker 2:	-5.535320788810294 -2.921120222455112 -0.04347381904145209 3.3620714750945027
	From worker 2:	-2.1485225607297895 -4.382485014436338 1.8107227033479152 0.6498972487665022
	From worker 2:	-5.70329115470418 -3.7667916008753464 -0.6513786192413802 3.4889723670646178
	From worker 2:	-5.093131047834091 -1.7368665514764015 -2.6789489380712066 1.9558274215464666
	From worker 2:	-3.453167991060447 -1.6863882507498058 1.5113378079409188 3.0575803182943107
	From worker 2:	-4.814774302140933 -0.02379130041701938 -1.331254310441162 0.5062019335967127
	From worker 2:	-2.204512285036431 -2.203485267833799 -0.023097734034331907 2.9345780943591637
	From worker 2:	-1.7345644348671714 -0.37877660022605397 1.6081428321155187 3.451859855946654
	From worker 2:	-3.7246921042878434 -2.096878564664242 0.8064165284659994 1.3401625349398127
	From worker 2:	-3.6897517603234067 -2.3615642161944823 -1.4712421875644894 3.8334047648428737
	From worker 2:	-4.4994776083981005 -1.9553727634157632 -2.0426531527533376 0.9206310463987288
	From worker 2:	-5.9783264237787055 -1.5721259470081455 -0.9305640247670253 2.688088330609678
	From worker 2:	-5.850191843244776 -3.2256131453507484 -2.060256776894481 4.227008436826381
	From worker 2:	-2.597577740850783 -2.2835152452674787 0.6615660431882979 2.2728110963979278
	From worker 2:	-0.3852948933373437 -1.4061000681444638 -0.5756126413077807 2.9838009955569578
	From worker 2:	-4.520879457904371 -3.7339334808422637 0.731769296026525 3.579952886271288
	From worker 2:	-3.699437994576977 -2.2202462947532835 1.6302062262021852 1.2666861174227606
	From worker 2:	-4.596227427285279 -4.068487200394222 -1.3043132398424873 4.3817022593030295
	From worker 2:	-4.875116373406332 -3.4185314811150986 -2.203699888888413 0.3403200204001111
	From worker 2:	-4.499984339006531 -1.0629378728064518 0.4847693494752754 0.8636847491141952
	From worker 2:	-2.584678168370554 -2.1162892527994885 -0.08347137934486781 3.841220274045627
	From worker 2:	-4.895687266619519 -1.9785184441470882 -0.5672977491193834 4.089053988768468
	From worker 2:	-5.9862478114827065 -4.48042408295588 0.5985473514426722 1.4099475891053925
	From worker 2:	-4.093643720826606 -3.467736591757457 1.577620597530676 0.9543722855567782
	From worker 2:	-4.992077237212332 -4.036715086976468 0.008159443170320912 2.6099725739154245
	From worker 2:	-4.168716306967232 -4.126119634744568 1.4188086099355992 2.4134449922692145
	From worker 2:	-4.393776722456896 -3.8624334510041316 -0.8843996909942025 1.387153000145166
	From worker 2:	-1.6472044912446453 -0.12168565626151207 0.5618436569354586 3.3873173580687377
	From worker 2:	-4.4313123301539195 -0.49731056541818397 -4.081409896140974 3.08848248361127
	From worker 2:	-5.8959523019728515 -2.9984010404703993 -2.3573615768699163 1.1090477229478357
	From worker 2:	-5.665323402531932 -3.62212883715567 -3.8374521560370507 2.2769347098046566
	From worker 2:	-4.916940421960222 -5.3215626219266365 0.8155590654161307 3.0781222000003505
	From worker 2:	-2.925483989119955 -4.22830369832426 0.9230471497775028 1.6328899635401206
	From worker 2:	-1.9093412221384654 -1.7274075074664248 -1.0361421126410653 3.734341839332793
	From worker 2:	-4.336624715196152 -2.037711890497191 -1.8273214797854447 2.131250317012899
	From worker 2:	-2.761241716150956 -2.47572487328604 0.23125204873864114 3.692326628627085
	From worker 2:	-1.9493202357140502 -0.3053286709578025 -4.291219698674183 3.3604122518519466
	From worker 2:	-1.509344383555681 -3.204333546676271 0.6065351855335059 0.4661333843432558
	From worker 2:	-1.0278775567040723 -1.873266652197925 0.3542854849886625 2.6260332109603404
	From worker 2:	-4.937047887913328 -1.112382614862124 -1.1912117811129255 3.3910005830584433
	From worker 2:	-4.71621721767773 -0.17434062114203464 -0.8146165435793611 1.5245273993697117
	From worker 2:	-5.668674972565591 -4.273159079435132 -0.9347457708518787 1.7826461677036132
	From worker 2:	-3.896667254462531 -1.2245830514290112 -4.599157095038792 4.212690650125146
	From worker 2:	-5.674574831624559 -1.2397630382019127 0.05789260561857734 0.979891136553821
	From worker 2:	-2.584440887801834 -4.1801039888546105 1.6356966850054055 3.397541613364398
	From worker 2:	-5.616185646111307 -2.261311807576921 -1.177062181577826 0.6292651374921876
	From worker 2:	-0.96578938944781 -1.4745298138239225 -4.996552760241945 0.0465682485027652
	From worker 2:	-4.620365333777107 -3.256142774296689 0.5756283102731992 4.893749936947279
	From worker 2:	-3.871232728384408 -2.4061057543617665 0.8563093714404797 3.1178468489969466
	From worker 2:	-0.3554718889029438 -0.0020921626835122 1.6151504823648661 1.5799740921505578
	From worker 2:	-5.123343608487849 -1.4002504629494545 -3.063079280231105 0.5092178294390326
	From worker 2:	-5.937573600137879 -0.04647644185254762 0.8400161245635251 1.3533192569971286
	From worker 2:	-1.8420662243348023 -1.694419343311143 -0.9206650842023976 3.409093005154351
	From worker 2:	-3.8889033810482148 -3.6517640091955474 -0.7423267658559336 0.23865955202040157
	From worker 2:	-5.292699650142835 -1.9359562974085929 -0.0017451431347135227 2.6796372455670783
	From worker 2:	-4.955728013718442 -4.741878642613711 -1.1069179189028797 3.562746246731636
	From worker 2:	-3.3734815092946007 -2.6097392322271333 -2.65260817677473 1.0727524873070793
	From worker 2:	-0.32972814662992356 -0.8328753232545623 -3.7751362744755586 3.692549536760997
	From worker 2:	-1.8749939179749244 -0.538106173761622 -3.4936856342371367 2.9472889523688406
	From worker 2:	-4.367447624700304 -1.6144775400981448 -1.2698474000808 3.468202323700896
	From worker 2:	-4.122829612430347 -3.8493305978022976 -0.1402876674174962 1.7248416777137066
	From worker 2:	-0.7097791327553162 -3.147004326005194 1.2028042214874297 1.428186838281944
	From worker 2:	-2.343939920790958 -1.7361919311567675 1.186519597883847 0.3711414911228328
	From worker 2:	-5.639530640906939 -2.5567018073113954 -1.1211935226180634 0.836760880350903
	From worker 2:	-5.177250642182518 -3.4192149184725658 -3.2949564370632727 1.4279727824136401
	From worker 2:	-0.7319124164334827 -1.7348069737725265 1.2122841853769142 3.5800316101606287
	From worker 2:	-3.1349521301943044 -2.209788157185786 -1.8176644879938717 2.7923213050627993
	From worker 2:	-4.67453722815349 -0.6102474971758483 -2.7564873893072974 3.760100235384031
	From worker 2:	-2.683804400796121 -0.07473337409017411 -3.279068164544685 4.694153776904754
	From worker 2:	-3.4017257629260875 -3.398229907504713 1.9136217067038865 0.6496352275671635
	From worker 2:	-2.5168798857345553 -3.8738338524247697 1.1239976394225195 0.9544062754322868
	From worker 2:	-4.009329650846806 -4.1433728503462435 1.529301285370824 3.7743206297003598
	From worker 2:	-4.201608080365686 -2.117850860300182 -1.2117971772438878 4.447873206443549
	From worker 2:	-4.060349009281049 -0.772777191098621 -1.071318492322074 2.959715942480825
	From worker 2:	-4.9904541012789 -2.2092664620618 -0.2968995111774886 2.47970909239277
	From worker 2:	-0.364549766346963 -2.699068831073702 1.7895906455725301 1.2110610536186506
	From worker 2:	-0.6839701310879329 -1.603676842300298 0.449858165779335 0.8436207665507578
	From worker 2:	-2.684251867258636 -0.18946299005746248 0.19464748147076438 4.174782113722185
	From worker 2:	-3.488228782562573 -2.496335671950419 1.8261086742669272 4.655724229792831
	From worker 2:	-2.636812713232785 -2.7304940326515057 0.24367095096575753 0.45560913489448907
	From worker 2:	-5.988500794763345 -0.15949580497865412 -2.013229381781379 4.542052477309701
	From worker 2:	-2.7964556887890892 -0.49311089288151244 -0.019821168408781453 4.188974170215615
	From worker 2:	-3.008943117109023 -2.0411506694153205 0.6789009372601598 2.396468359124364
	From worker 2:	-0.7839013650813742 -1.9869562429276826 1.0032968808320808 1.5226340269256011
	From worker 2:	-2.091926891613221 -0.31028096462541654 -1.5621767080428706 2.949456093516779
	From worker 2:	-4.979196460588397 -5.215103907650129 1.7710585055907764 3.407581092204138
	From worker 2:	-5.176721999936776 -3.518914924110559 -0.8600956433595508 4.08541741401653
	From worker 2:	-1.3996782704545137 -1.535405626528485 -1.8818000860531483 0.7897819000518214
	From worker 2:	-2.8454580089927677 -0.5668048229805791 1.1183624139645145 1.3820726214712387
	From worker 2:	-4.083246164322494 -1.124188282537098 -3.796763851118362 4.970477386736603
	From worker 2:	-4.664671597826137 -5.4102640796459855 1.5907920437190262 0.7976677015909661
	From worker 2:	0.744 0.652 0.716 0.596 0.492 0.248 0.44399999999999995 0.752 0.4 0.488 0.66 0.42000000000000004 0.46799999999999997 0.4 0.484 0.6599999999999999 0.32399999999999995 0.4079999999999999 0.132 0.45999999999999996 0.492 0.4 0.388 0.764 0.19200000000000006 0.44799999999999995 0.792 0.256 0.492 0.552 0.45999999999999996 0.45199999999999996 0.44799999999999995 0.248 0.512 0.48000000000000004 0.384 0.5599999999999999 0.492 0.17999999999999994 0.74 0.708 0.772 0.44799999999999995 0.616 0.532 0.728 0.74 0.372 0.488 0.248 0.744 0.492 0.796 0.492 0.772 0.09999999999999998 0.31599999999999995 0.376 0.45999999999999996 0.492 0.768 0.42800000000000005 0.46799999999999997 0.764 0.47600000000000003 0.6679999999999999 0.576 0.376 0.504 0.772 0.4119999999999999 0.492 0.256 0.764 0.40399999999999997 0.608 0.4 0.4079999999999999 0.62 0.66 0.16000000000000003 0.276 0.488 0.692 0.632 0.45600000000000007 0.21999999999999997 0.48800000000000004 0.33599999999999997 0.516 0.28800000000000003 0.66 0.532 0.66 0.272 0.72 0.45199999999999996 0.732 0.548
	From worker 2:	0.009999999999999997 0.009999999999999997 0.009999999999999997 0.009999999999999997 0.009999999999999997 0.009999999999999997 0.009999999999999997 0.009999999999999997 0.009999999999999997 0.009999999999999997 0.009999999999999997 0.009999999999999997 0.009999999999999997 0.009999999999999997 0.009999999999999997 0.009999999999999997 0.009999999999999997 0.009999999999999997 0.009999999999999997 0.009999999999999997 0.009999999999999997 0.009999999999999997 0.009999999999999997 0.009999999999999997 0.009999999999999997 0.009999999999999997 0.009999999999999997 0.009999999999999997 0.009999999999999997 0.009999999999999997 0.009999999999999997 0.009999999999999997 0.009999999999999997 0.009999999999999997 0.009999999999999997 0.009999999999999997 0.009999999999999997 0.009999999999999997 0.009999999999999997 0.009999999999999997 0.009999999999999997 0.009999999999999997 0.009999999999999997 0.009999999999999997 0.009999999999999997 0.009999999999999997 0.009999999999999997 0.009999999999999997 0.009999999999999997 0.009999999999999997 0.009999999999999997 0.009999999999999997 0.009999999999999997 0.009999999999999997 0.009999999999999997 0.009999999999999997 0.009999999999999997 0.009999999999999997 0.009999999999999997 0.009999999999999997 0.009999999999999997 0.009999999999999997 0.009999999999999997 0.009999999999999997 0.009999999999999997 0.009999999999999997 0.009999999999999997 0.009999999999999997 0.009999999999999997 0.009999999999999997 0.009999999999999997 0.009999999999999997 0.009999999999999997 0.009999999999999997 0.009999999999999997 0.009999999999999997 0.009999999999999997 0.009999999999999997 0.009999999999999997 0.009999999999999997 0.009999999999999997 0.009999999999999997 0.009999999999999997 0.009999999999999997 0.009999999999999997 0.009999999999999997 0.009999999999999997 0.009999999999999997 0.009999999999999997 0.009999999999999997 0.009999999999999997 0.009999999999999997 0.009999999999999997 0.009999999999999997 0.009999999999999997 0.009999999999999997 0.009999999999999997 0.009999999999999997 0.009999999999999997 0.009999999999999997
	From worker 2:	4
	From worker 2:	100 100
	From worker 2:	168 573
	From worker 2:	0.8 0.4
	From worker 2:	-----
	From worker 2:	100
	From worker 2:	168
	From worker 2:	0.8
	From worker 2:	-4.780592804102085 -2.5320291485385185 -4.309983726655247 3.052050241742079
	From worker 2:	-4.903755982361348 -5.342286734452632 1.4189007771862396 1.8505590953181061
	From worker 2:	-2.6927865880162463 -1.099995201368687 -1.2629193041551696 4.892444201881384
	From worker 2:	-5.006581611400726 -4.106727292738882 -3.454726627936762 0.19990376482122652
	From worker 2:	-4.236209374730368 -1.353826853601996 1.730422847481365 1.6436831097892202
	From worker 2:	-2.7206255833090194 -1.9074493954508558 -0.2361824041066498 1.7459807009609174
	From worker 2:	-3.821202354534097 -2.3618362925236687 1.387016063661994 1.480365352484948
	From worker 2:	-0.8594494230405889 -1.2882609293758307 -3.2947597220039926 3.9390914763053777
	From worker 2:	-4.947010078492445 -3.551935544675528 -4.027622758594626 4.227410301658442
	From worker 2:	-5.535320788810294 -2.921120222455112 -0.04347381904145209 3.3620714750945027
	From worker 2:	-2.1485225607297895 -4.382485014436338 1.8107227033479152 0.6498972487665022
	From worker 2:	-5.70329115470418 -3.7667916008753464 -0.6513786192413802 3.4889723670646178
	From worker 2:	-5.093131047834091 -1.7368665514764015 -2.6789489380712066 1.9558274215464666
	From worker 2:	-3.453167991060447 -1.6863882507498058 1.5113378079409188 3.0575803182943107
	From worker 2:	-4.814774302140933 -0.02379130041701938 -1.331254310441162 0.5062019335967127
	From worker 2:	-2.204512285036431 -2.203485267833799 -0.023097734034331907 2.9345780943591637
	From worker 2:	-1.7345644348671714 -0.37877660022605397 1.6081428321155187 3.451859855946654
	From worker 2:	-3.7246921042878434 -2.096878564664242 0.8064165284659994 1.3401625349398127
	From worker 2:	-3.6897517603234067 -2.3615642161944823 -1.4712421875644894 3.8334047648428737
	From worker 2:	-4.4994776083981005 -1.9553727634157632 -2.0426531527533376 0.9206310463987288
	From worker 2:	-5.9783264237787055 -1.5721259470081455 -0.9305640247670253 2.688088330609678
	From worker 2:	-5.850191843244776 -3.2256131453507484 -2.060256776894481 4.227008436826381
	From worker 2:	-2.597577740850783 -2.2835152452674787 0.6615660431882979 2.2728110963979278
	From worker 2:	-0.3852948933373437 -1.4061000681444638 -0.5756126413077807 2.9838009955569578
	From worker 2:	-4.520879457904371 -3.7339334808422637 0.731769296026525 3.579952886271288
	From worker 2:	-3.699437994576977 -2.2202462947532835 1.6302062262021852 1.2666861174227606
	From worker 2:	-4.596227427285279 -4.068487200394222 -1.3043132398424873 4.3817022593030295
	From worker 2:	-4.875116373406332 -3.4185314811150986 -2.203699888888413 0.3403200204001111
	From worker 2:	-4.499984339006531 -1.0629378728064518 0.4847693494752754 0.8636847491141952
	From worker 2:	-2.584678168370554 -2.1162892527994885 -0.08347137934486781 3.841220274045627
	From worker 2:	-4.895687266619519 -1.9785184441470882 -0.5672977491193834 4.089053988768468
	From worker 2:	-5.9862478114827065 -4.48042408295588 0.5985473514426722 1.4099475891053925
	From worker 2:	-4.093643720826606 -3.467736591757457 1.577620597530676 0.9543722855567782
	From worker 2:	-4.992077237212332 -4.036715086976468 0.008159443170320912 2.6099725739154245
	From worker 2:	-4.168716306967232 -4.126119634744568 1.4188086099355992 2.4134449922692145
	From worker 2:	-4.393776722456896 -3.8624334510041316 -0.8843996909942025 1.387153000145166
	From worker 2:	-1.6472044912446453 -0.12168565626151207 0.5618436569354586 3.3873173580687377
	From worker 2:	-4.4313123301539195 -0.49731056541818397 -4.081409896140974 3.08848248361127
	From worker 2:	-5.8959523019728515 -2.9984010404703993 -2.3573615768699163 1.1090477229478357
	From worker 2:	-5.665323402531932 -3.62212883715567 -3.8374521560370507 2.2769347098046566
	From worker 2:	-4.916940421960222 -5.3215626219266365 0.8155590654161307 3.0781222000003505
	From worker 2:	-2.925483989119955 -4.22830369832426 0.9230471497775028 1.6328899635401206
	From worker 2:	-1.9093412221384654 -1.7274075074664248 -1.0361421126410653 3.734341839332793
	From worker 2:	-4.336624715196152 -2.037711890497191 -1.8273214797854447 2.131250317012899
	From worker 2:	-2.761241716150956 -2.47572487328604 0.23125204873864114 3.692326628627085
	From worker 2:	-1.9493202357140502 -0.3053286709578025 -4.291219698674183 3.3604122518519466
	From worker 2:	-1.509344383555681 -3.204333546676271 0.6065351855335059 0.4661333843432558
	From worker 2:	-1.0278775567040723 -1.873266652197925 0.3542854849886625 2.6260332109603404
	From worker 2:	-4.937047887913328 -1.112382614862124 -1.1912117811129255 3.3910005830584433
	From worker 2:	-4.71621721767773 -0.17434062114203464 -0.8146165435793611 1.5245273993697117
	From worker 2:	-5.668674972565591 -4.273159079435132 -0.9347457708518787 1.7826461677036132
	From worker 2:	-3.896667254462531 -1.2245830514290112 -4.599157095038792 4.212690650125146
	From worker 2:	-5.674574831624559 -1.2397630382019127 0.05789260561857734 0.979891136553821
	From worker 2:	-2.584440887801834 -4.1801039888546105 1.6356966850054055 3.397541613364398
	From worker 2:	-5.616185646111307 -2.261311807576921 -1.177062181577826 0.6292651374921876
	From worker 2:	-0.96578938944781 -1.4745298138239225 -4.996552760241945 0.0465682485027652
	From worker 2:	-4.620365333777107 -3.256142774296689 0.5756283102731992 4.893749936947279
	From worker 2:	-3.871232728384408 -2.4061057543617665 0.8563093714404797 3.1178468489969466
	From worker 2:	-0.3554718889029438 -0.0020921626835122 1.6151504823648661 1.5799740921505578
	From worker 2:	-5.123343608487849 -1.4002504629494545 -3.063079280231105 0.5092178294390326
	From worker 2:	-5.937573600137879 -0.04647644185254762 0.8400161245635251 1.3533192569971286
	From worker 2:	-1.8420662243348023 -1.694419343311143 -0.9206650842023976 3.409093005154351
	From worker 2:	-3.8889033810482148 -3.6517640091955474 -0.7423267658559336 0.23865955202040157
	From worker 2:	-5.292699650142835 -1.9359562974085929 -0.0017451431347135227 2.6796372455670783
	From worker 2:	-4.955728013718442 -4.741878642613711 -1.1069179189028797 3.562746246731636
	From worker 2:	-3.3734815092946007 -2.6097392322271333 -2.65260817677473 1.0727524873070793
	From worker 2:	-0.32972814662992356 -0.8328753232545623 -3.7751362744755586 3.692549536760997
	From worker 2:	-1.8749939179749244 -0.538106173761622 -3.4936856342371367 2.9472889523688406
	From worker 2:	-4.367447624700304 -1.6144775400981448 -1.2698474000808 3.468202323700896
	From worker 2:	-4.122829612430347 -3.8493305978022976 -0.1402876674174962 1.7248416777137066
	From worker 2:	-0.7097791327553162 -3.147004326005194 1.2028042214874297 1.428186838281944
	From worker 2:	-2.343939920790958 -1.7361919311567675 1.186519597883847 0.3711414911228328
	From worker 2:	-5.639530640906939 -2.5567018073113954 -1.1211935226180634 0.836760880350903
	From worker 2:	-5.177250642182518 -3.4192149184725658 -3.2949564370632727 1.4279727824136401
	From worker 2:	-0.7319124164334827 -1.7348069737725265 1.2122841853769142 3.5800316101606287
	From worker 2:	-3.1349521301943044 -2.209788157185786 -1.8176644879938717 2.7923213050627993
	From worker 2:	-4.67453722815349 -0.6102474971758483 -2.7564873893072974 3.760100235384031
	From worker 2:	-2.683804400796121 -0.07473337409017411 -3.279068164544685 4.694153776904754
	From worker 2:	-3.4017257629260875 -3.398229907504713 1.9136217067038865 0.6496352275671635
	From worker 2:	-2.5168798857345553 -3.8738338524247697 1.1239976394225195 0.9544062754322868
	From worker 2:	-4.009329650846806 -4.1433728503462435 1.529301285370824 3.7743206297003598
	From worker 2:	-4.201608080365686 -2.117850860300182 -1.2117971772438878 4.447873206443549
	From worker 2:	-4.060349009281049 -0.772777191098621 -1.071318492322074 2.959715942480825
	From worker 2:	-4.9904541012789 -2.2092664620618 -0.2968995111774886 2.47970909239277
	From worker 2:	-0.364549766346963 -2.699068831073702 1.7895906455725301 1.2110610536186506
	From worker 2:	-0.6839701310879329 -1.603676842300298 0.449858165779335 0.8436207665507578
	From worker 2:	-2.684251867258636 -0.18946299005746248 0.19464748147076438 4.174782113722185
	From worker 2:	-3.488228782562573 -2.496335671950419 1.8261086742669272 4.655724229792831
	From worker 2:	-2.636812713232785 -2.7304940326515057 0.24367095096575753 0.45560913489448907
	From worker 2:	-5.988500794763345 -0.15949580497865412 -2.013229381781379 4.542052477309701
	From worker 2:	-2.7964556887890892 -0.49311089288151244 -0.019821168408781453 4.188974170215615
	From worker 2:	-3.008943117109023 -2.0411506694153205 0.6789009372601598 2.396468359124364
	From worker 2:	-0.7839013650813742 -1.9869562429276826 1.0032968808320808 1.5226340269256011
	From worker 2:	-2.091926891613221 -0.31028096462541654 -1.5621767080428706 2.949456093516779
	From worker 2:	-4.979196460588397 -5.215103907650129 1.7710585055907764 3.407581092204138
	From worker 2:	-5.176721999936776 -3.518914924110559 -0.8600956433595508 4.08541741401653
	From worker 2:	-1.3996782704545137 -1.535405626528485 -1.8818000860531483 0.7897819000518214
	From worker 2:	-2.8454580089927677 -0.5668048229805791 1.1183624139645145 1.3820726214712387
	From worker 2:	-4.083246164322494 -1.124188282537098 -3.796763851118362 4.970477386736603
	From worker 2:	-4.664671597826137 -5.4102640796459855 1.5907920437190262 0.7976677015909661
	From worker 2:	0.744 0.652 0.716 0.596 0.492 0.248 0.44399999999999995 0.752 0.4 0.488 0.66 0.42000000000000004 0.46799999999999997 0.4 0.484 0.6599999999999999 0.32399999999999995 0.4079999999999999 0.132 0.45999999999999996 0.492 0.4 0.388 0.764 0.19200000000000006 0.44799999999999995 0.792 0.256 0.492 0.552 0.45999999999999996 0.45199999999999996 0.44799999999999995 0.248 0.512 0.48000000000000004 0.384 0.5599999999999999 0.492 0.17999999999999994 0.74 0.708 0.772 0.44799999999999995 0.616 0.532 0.728 0.74 0.372 0.488 0.248 0.744 0.492 0.796 0.492 0.772 0.09999999999999998 0.31599999999999995 0.376 0.45999999999999996 0.492 0.768 0.42800000000000005 0.46799999999999997 0.764 0.47600000000000003 0.6679999999999999 0.576 0.376 0.504 0.772 0.4119999999999999 0.492 0.256 0.764 0.40399999999999997 0.608 0.4 0.4079999999999999 0.62 0.66 0.16000000000000003 0.276 0.488 0.692 0.632 0.45600000000000007 0.21999999999999997 0.48800000000000004 0.33599999999999997 0.516 0.28800000000000003 0.66 0.532 0.66 0.272 0.72 0.45199999999999996 0.732 0.548
	From worker 2:	0.009999999999999997 0.009999999999999997 0.009999999999999997 0.009999999999999997 0.009999999999999997 0.009999999999999997 0.009999999999999997 0.009999999999999997 0.009999999999999997 0.009999999999999997 0.009999999999999997 0.009999999999999997 0.009999999999999997 0.009999999999999997 0.009999999999999997 0.009999999999999997 0.009999999999999997 0.009999999999999997 0.009999999999999997 0.009999999999999997 0.009999999999999997 0.009999999999999997 0.009999999999999997 0.009999999999999997 0.009999999999999997 0.009999999999999997 0.009999999999999997 0.009999999999999997 0.009999999999999997 0.009999999999999997 0.009999999999999997 0.009999999999999997 0.009999999999999997 0.009999999999999997 0.009999999999999997 0.009999999999999997 0.009999999999999997 0.009999999999999997 0.009999999999999997 0.009999999999999997 0.009999999999999997 0.009999999999999997 0.009999999999999997 0.009999999999999997 0.009999999999999997 0.009999999999999997 0.009999999999999997 0.009999999999999997 0.009999999999999997 0.009999999999999997 0.009999999999999997 0.009999999999999997 0.009999999999999997 0.009999999999999997 0.009999999999999997 0.009999999999999997 0.009999999999999997 0.009999999999999997 0.009999999999999997 0.009999999999999997 0.009999999999999997 0.009999999999999997 0.009999999999999997 0.009999999999999997 0.009999999999999997 0.009999999999999997 0.009999999999999997 0.009999999999999997 0.009999999999999997 0.009999999999999997 0.009999999999999997 0.009999999999999997 0.009999999999999997 0.009999999999999997 0.009999999999999997 0.009999999999999997 0.009999999999999997 0.009999999999999997 0.009999999999999997 0.009999999999999997 0.009999999999999997 0.009999999999999997 0.009999999999999997 0.009999999999999997 0.009999999999999997 0.009999999999999997 0.009999999999999997 0.009999999999999997 0.009999999999999997 0.009999999999999997 0.009999999999999997 0.009999999999999997 0.009999999999999997 0.009999999999999997 0.009999999999999997 0.009999999999999997 0.009999999999999997 0.009999999999999997 0.009999999999999997 0.009999999999999997
	From worker 2:	-----
	From worker 2:	100
	From worker 2:	573
	From worker 2:	0.4
	From worker 2:	-4.461458367030628 -2.479410680291119 -2.776894613632545 3.600322068893606
	From worker 2:	-1.5800626025865203 -0.8288170674740489 0.5066830821263866 0.2633832249717813
	From worker 2:	-3.1776513434644933 -2.3214138087779324 0.621081192679717 1.7907568224424744
	From worker 2:	-2.0732910007290215 -2.034853520599097 1.9196778338110243 2.208812540658959
	From worker 2:	-2.561243218280631 -1.217765588797204 -2.299809326863842 0.010398986348017836
	From worker 2:	-5.50654263359501 -3.582123778232576 -1.481200475730725 0.3299289730646202
	From worker 2:	-4.580977215141809 -0.2514674129021799 -1.330888375529383 2.127550542230963
	From worker 2:	-3.309137507216037 -0.8877965662696747 -2.095656285735588 2.118865185215273
	From worker 2:	-4.777670350883048 -4.536524543699941 0.3671358736648258 0.527102975189552
	From worker 2:	-4.6015246130373955 -1.1077990163240043 -3.464121547274154 1.9927569447128042
	From worker 2:	-4.982435252095679 -4.311400895738945 1.0064316006296639 2.655577437319246
	From worker 2:	-5.255293879153643 -3.0663189790733356 -1.778551825898374 3.964118757513875
	From worker 2:	-4.028162078771729 -0.4256510171094745 -1.149367723242483 3.721198922002538
	From worker 2:	-5.205015669711829 -3.8899144182711947 0.30197259325660153 2.0347543789442004
	From worker 2:	-4.331111441430717 -2.4848115585302866 -1.0388573130998524 2.7624803243437546
	From worker 2:	-1.8299549218115456 -0.08217961269468377 0.9891890831105723 2.7918976488999023
	From worker 2:	-3.0346643615288573 -1.4572978958125833 -1.8629964236482734 2.564351931186931
	From worker 2:	-4.931466135207483 -4.199439234992971 -0.10216417110486942 2.475495270359938
	From worker 2:	-3.2988489418611486 -2.188345663156732 -1.2495042702273582 0.09035746775105064
	From worker 2:	-4.945478078389639 -1.2418692652255365 -2.9491300557912314 2.8192482878497174
	From worker 2:	-4.937598124726504 -3.8596747601209875 -3.163924774593445 1.7474813775577163
	From worker 2:	-5.630136926304896 -3.958471179160317 0.7686061474032551 3.203579323719264
	From worker 2:	-3.6489402361284693 -2.49858485935438 -0.25338725794611916 3.8363747134813426
	From worker 2:	-2.9915935214255374 -0.7104547064954259 0.9663752862482355 4.42848714261189
	From worker 2:	-2.542500305887714 -0.5464046822573496 0.44836493713877923 3.5706179003353067
	From worker 2:	-3.247858911640261 -1.1672233354366077 -1.9698254406197697 0.7243735364820231
	From worker 2:	-5.1671909688821 -3.8046048962275436 -0.4949045390092994 2.4405479980208673
	From worker 2:	-5.261904917523616 -3.962573503612073 -1.7514011713388529 2.501718220536858
	From worker 2:	-5.131946183080457 -3.4749693763301464 -3.176047164456479 2.7267614046397894
	From worker 2:	-4.414153765926953 -0.8302504521808992 -3.855776068448133 0.48122334247856013
	From worker 2:	-2.7614220111237673 -1.690898644392819 0.8402921965413741 2.5325619591574835
	From worker 2:	-5.4700016673407035 -3.3099824594419527 -2.4169865954595195 3.3164184916001878
	From worker 2:	-3.8797235993307613 -2.3731139412407254 -2.046579272041964 1.562887166755769
	From worker 2:	-3.0078990816001707 -0.029847963741092887 -1.1116080031516158 2.408788777175986
	From worker 2:	-4.324078588284188 -3.184687538944339 -2.3138216281355772 3.423664717264484
	From worker 2:	-4.76620570827829 -4.281882145820725 1.042463236516936 1.2985304055413187
	From worker 2:	-3.5043935889658107 -2.420720606548762 1.3039395319031213 3.7924061149471506
	From worker 2:	-5.4364838788642675 -2.39094302230266 -1.9786813440338409 4.830888387248656
	From worker 2:	-5.138558209214572 -3.3731713515988337 -1.3741954693449328 0.5828816198681739
	From worker 2:	-5.999530723825763 -4.656247504963224 0.9862548407046842 1.9301705557568574
	From worker 2:	-3.52877892335181 -0.0906781492098071 -1.8802875266463626 1.0327618897440283
	From worker 2:	-3.3500253402043887 -1.9109642495409715 0.12727435687849908 3.7018037833116324
	From worker 2:	-4.535835380793178 -3.505754023495158 -1.1804896415129051 4.1416619533349115
	From worker 2:	-2.7672205810651787 -1.7136283477211525 -0.46338195050815845 2.006545928948783
	From worker 2:	-4.777538043070223 -4.277307453798938 -0.04445114998465716 0.34173109916278005
	From worker 2:	-4.03149910506274 -2.858735058865694 0.85651253428628 3.8399708971519138
	From worker 2:	-3.024554692245746 -2.212559761120175 1.8629386425338654 2.71073673126622
	From worker 2:	-4.682000275435755 -3.5198224670754086 -0.8037179757038964 0.937006057860689
	From worker 2:	-1.9789577991536946 -0.8112024070072554 -0.22219899592609105 1.5898767020892095
	From worker 2:	-4.948738821914024 -4.006503022450972 -0.5205631672812527 2.9341525903933894
	From worker 2:	-4.697589233888236 -3.6997637173484543 0.5168995884206127 1.8504894546911956
	From worker 2:	-5.8832541112105785 -3.26346043895399 -2.7927365759359706 1.1986094032736228
	From worker 2:	-2.8892845081396383 -0.4765886416212015 -0.8687755338660286 1.4268165370987527
	From worker 2:	-4.300190818458153 -1.2723217364803454 -3.934380316261975 0.09268077986016365
	From worker 2:	-2.150452688948703 -0.042480855037844156 0.9510575295922532 2.42501728264008
	From worker 2:	-2.8138251173952935 -1.5912864154916377 -0.2936885083445946 2.138570447185213
	From worker 2:	-1.961142923605517 -1.8478588822125517 1.6147204219273577 1.9892962385370117
	From worker 2:	-3.6948344105608446 -2.763010443108494 1.0206900895308006 2.1756662189512497
	From worker 2:	-3.4934205607472597 -1.506294617594611 -2.999336055463397 1.3401202605246598
	From worker 2:	-4.123521877148542 -2.9615643281214323 1.4959059194643174 2.8879412774344195
	From worker 2:	-4.400271441776902 -0.047350665593403285 0.5412140114242898 4.25500899391041
	From worker 2:	-4.715440171803612 -3.0136211264962007 -0.8782296337124806 3.9013469283105633
	From worker 2:	-5.460893212614462 -4.180370580399123 -2.9399788784229854 0.46507080805557943
	From worker 2:	-5.63398053453355 -3.9188112019024395 -2.954862086899338 3.926629559416992
	From worker 2:	-5.5317803343064975 -1.7695850527248518 -3.2523118791334142 2.0500062479601167
	From worker 2:	-5.8432245196627 -2.524013534571647 -4.646326094427209 3.8619136132254828
	From worker 2:	-4.709370423031303 -2.9394289181707816 -2.320988037955091 2.007719645281493
	From worker 2:	-4.2446541048445 -2.5067470406197567 -2.1816555530759656 3.6113044637844993
	From worker 2:	-3.3787374472980294 -0.044640358656489854 -1.5960946376064455 1.997702235111167
	From worker 2:	-3.463215989053154 -1.1055342070452414 -2.0007984538166745 1.6767115104323886
	From worker 2:	-1.7105618459724379 -0.6120405969663807 0.34175129144834937 1.8329936671897449
	From worker 2:	-2.882373584811573 -1.3009194159092021 -1.876563404455712 1.4516041016713557
	From worker 2:	-4.655042468103132 -3.2131564144977567 -1.1266022098593917 1.3161587286232428
	From worker 2:	-4.364062781312584 -0.8727115664633663 -2.3208863028218176 2.7989026050397285
	From worker 2:	-4.524736090155733 -2.5634362620128526 -2.6695430712107937 3.5312842750297486
	From worker 2:	-5.829840582680714 -3.3917527450811282 -1.5874009418173018 3.9562846381900743
	From worker 2:	-2.3030705345951477 -0.9125896461067302 -1.1526715774685754 1.3120063589705069
	From worker 2:	-5.525465012663625 -3.931196455419833 1.442602598049711 4.867622033359239
	From worker 2:	-4.471280288109769 -1.6614160406718415 -0.9626870800251847 4.060633684550931
	From worker 2:	-4.309664912336195 -1.7020242192247355 -0.34650932245294996 4.785932652497209
	From worker 2:	-1.3808568460431159 -0.13307382019513198 1.1865552253871272 2.351775785026761
	From worker 2:	-2.910221531746879 -2.793383964231186 1.5691269124110128 1.552194630977353
	From worker 2:	-3.3927333771413455 -2.183740917706772 -0.17485703098617666 1.2620984594821352
	From worker 2:	-3.9898521065132497 -2.866831595172154 -0.6090406723296251 3.481860726839373
	From worker 2:	-3.566422871004609 -0.30894562235463396 -1.4249227847164008 1.267255350554252
	From worker 2:	-5.530351539518769 -2.7749934025671816 -4.127991849978959 0.8784068822441532
	From worker 2:	-4.01852119118145 -3.253602287046003 0.6526703791472308 1.0683301139361432
	From worker 2:	-5.8708135559635855 -4.1835925758269115 -2.863889497123415 2.116058440947069
	From worker 2:	-4.739893020042568 -3.626526978811399 1.2423410337569898 3.6977590905094724
	From worker 2:	-3.5301875057121053 -2.255522863835416 -1.7243579569689214 0.08318405808159335
	From worker 2:	-4.201652879480743 -3.007940160992952 1.5973117760222415 2.2925294317581457
	From worker 2:	-2.772041876858662 -0.07928615548082019 -1.200482323095087 0.9817589086598778
	From worker 2:	-4.598382916878016 -2.6155380796208734 -3.2521653412287375 1.3923846241814344
	From worker 2:	-5.092981945479497 -3.497896192088937 1.773270405300425 4.657865965874949
	From worker 2:	-3.639598100539402 -2.685006032204 -1.0339544732990529 4.091839139041372
	From worker 2:	-3.7054456723335782 -2.30587382332934 -1.8217318124048445 1.7603095687082932
	From worker 2:	-4.965038471345574 -3.231334417724728 -2.39205197734883 1.5440812032249802
	From worker 2:	-4.708126929826181 -3.114532002571873 -0.33325100228101817 3.0967248264551204
	From worker 2:	-4.018076854402141 -2.7366085420859867 -2.292236970675635 3.885945311724294
	From worker 2:	-5.222554453456872 -4.09862814589779 1.4526174528385005 4.219820619926007
	From worker 2:	0.236 0.364 0.30799999999999994 0.384 0.284 0.348 0.3919999999999999 0.324 0.33199999999999996 0.244 0.256 0.33999999999999997 0.37200000000000005 0.2799999999999999 0.392 0.32799999999999996 0.392 0.36800000000000005 0.22799999999999998 0.29999999999999993 0.07599999999999996 0.24 0.15200000000000002 0.268 0.276 0.28800000000000003 0.33599999999999997 0.1519999999999999 0.09999999999999998 0.26 0.2919999999999999 0.396 0.22399999999999998 0.33199999999999996 0.21200000000000002 0.348 0.23199999999999998 0.3999999999999999 0.32399999999999995 0.32799999999999996 0.352 0.18000000000000005 0.21600000000000003 0.24 0.376 0.21199999999999997 0.32799999999999996 0.236 0.28 0.16800000000000004 0.29999999999999993 0.352 0.356 0.364 0.388 0.236 0.35200000000000004 0.31999999999999995 0.308 0.32399999999999995 0.384 0.17999999999999994 0.19199999999999995 0.248 0.29200000000000004 0.33199999999999996 0.22399999999999998 0.1479999999999999 0.33599999999999997 0.248 0.30799999999999994 0.22399999999999998 0.28400000000000003 0.312 0.17200000000000004 0.396 0.264 0.18399999999999994 0.31199999999999994 0.248 0.33999999999999997 0.344 0.28800000000000003 0.09999999999999998 0.352 0.31599999999999995 0.356 0.28800000000000003 0.21999999999999997 0.21199999999999997 0.33999999999999997 0.364 0.396 0.2719999999999999 0.376 0.14400000000000002 0.30799999999999994 0.31599999999999995 0.384 0.24
	From worker 2:	0.008974253732032008 0.01357958558612494 0.006747574903042246 0.008929650551954403 0.014909668276798817 0.011887606660252284 0.009242854773456837 0.008328232723927378 0.011774887488286291 0.010838918520019832 0.009358840827273446 0.009486386672499583 0.008936502898407826 0.00829497942523485 0.006562232613260597 0.011178594791169144 0.00743501883763283 0.008434207506538106 0.010352511295506874 0.009388847950506407 0.012028644793443097 0.010001938651907403 0.007387386137310149 0.0113822271595212 0.009202274676917822 0.01019161707557693 0.007990102553402281 0.009316827502951115 0.010970816709472255 0.0176975445020865 0.007116777539676589 0.009949486671131403 0.007707762835044737 0.0093888631498079 0.008748041467014094 0.009704526488283904 0.008480177168428254 0.012197909661137422 0.00996129039310595 0.012481739337399381 0.011965121824574373 0.007299580627725843 0.009367609186304986 0.0068409610036087014 0.011547711062635586 0.008196917907174 0.008137662360603214 0.00849720970516118 0.008967356041515889 0.008343872683107056 0.007694459487805795 0.01207661146528116 0.009151632894960564 0.019062280554734388 0.010750038681088118 0.006793549436647238 0.008671425911442394 0.00686920763464146 0.010116995448567664 0.007786777835178142 0.013047948354266202 0.008138111961803071 0.01660343563800533 0.014526755179990814 0.010725272315744659 0.01894959001485076 0.008159483597495553 0.008063841343363992 0.009868633037892791 0.008282372611861853 0.00958335065253246 0.008587460728177723 0.007726373295024414 0.008431361934679568 0.008794687406173264 0.010860787545233303 0.009250595837504896 0.017151792137994143 0.008034021158403473 0.009951878313015802 0.012120810262715621 0.007961080178208024 0.006970353000588921 0.007083968816253644 0.009975618646075131 0.016507026986431875 0.007759450474569487 0.013514499352296863 0.009555863999468289 0.010850380435461153 0.00773878223785394 0.0118853521269477 0.010384932059011929 0.01464235391049981 0.008082410347030377 0.007289251110988883 0.009143564769105404 0.007106087753393065 0.008806790488743273 0.013199377720041691
	From worker 2:	4
	From worker 2:	100 100 100
	From worker 2:	168 573 3173
	From worker 2:	0.8 0.4 0.2
	From worker 2:	-----
	From worker 2:	100
	From worker 2:	168
	From worker 2:	0.8
	From worker 2:	-4.780592804102085 -2.5320291485385185 -4.309983726655247 3.052050241742079
	From worker 2:	-4.903755982361348 -5.342286734452632 1.4189007771862396 1.8505590953181061
	From worker 2:	-2.6927865880162463 -1.099995201368687 -1.2629193041551696 4.892444201881384
	From worker 2:	-5.006581611400726 -4.106727292738882 -3.454726627936762 0.19990376482122652
	From worker 2:	-4.236209374730368 -1.353826853601996 1.730422847481365 1.6436831097892202
	From worker 2:	-2.7206255833090194 -1.9074493954508558 -0.2361824041066498 1.7459807009609174
	From worker 2:	-3.821202354534097 -2.3618362925236687 1.387016063661994 1.480365352484948
	From worker 2:	-0.8594494230405889 -1.2882609293758307 -3.2947597220039926 3.9390914763053777
	From worker 2:	-4.947010078492445 -3.551935544675528 -4.027622758594626 4.227410301658442
	From worker 2:	-5.535320788810294 -2.921120222455112 -0.04347381904145209 3.3620714750945027
	From worker 2:	-2.1485225607297895 -4.382485014436338 1.8107227033479152 0.6498972487665022
	From worker 2:	-5.70329115470418 -3.7667916008753464 -0.6513786192413802 3.4889723670646178
	From worker 2:	-5.093131047834091 -1.7368665514764015 -2.6789489380712066 1.9558274215464666
	From worker 2:	-3.453167991060447 -1.6863882507498058 1.5113378079409188 3.0575803182943107
	From worker 2:	-4.814774302140933 -0.02379130041701938 -1.331254310441162 0.5062019335967127
	From worker 2:	-2.204512285036431 -2.203485267833799 -0.023097734034331907 2.9345780943591637
	From worker 2:	-1.7345644348671714 -0.37877660022605397 1.6081428321155187 3.451859855946654
	From worker 2:	-3.7246921042878434 -2.096878564664242 0.8064165284659994 1.3401625349398127
	From worker 2:	-3.6897517603234067 -2.3615642161944823 -1.4712421875644894 3.8334047648428737
	From worker 2:	-4.4994776083981005 -1.9553727634157632 -2.0426531527533376 0.9206310463987288
	From worker 2:	-5.9783264237787055 -1.5721259470081455 -0.9305640247670253 2.688088330609678
	From worker 2:	-5.850191843244776 -3.2256131453507484 -2.060256776894481 4.227008436826381
	From worker 2:	-2.597577740850783 -2.2835152452674787 0.6615660431882979 2.2728110963979278
	From worker 2:	-0.3852948933373437 -1.4061000681444638 -0.5756126413077807 2.9838009955569578
	From worker 2:	-4.520879457904371 -3.7339334808422637 0.731769296026525 3.579952886271288
	From worker 2:	-3.699437994576977 -2.2202462947532835 1.6302062262021852 1.2666861174227606
	From worker 2:	-4.596227427285279 -4.068487200394222 -1.3043132398424873 4.3817022593030295
	From worker 2:	-4.875116373406332 -3.4185314811150986 -2.203699888888413 0.3403200204001111
	From worker 2:	-4.499984339006531 -1.0629378728064518 0.4847693494752754 0.8636847491141952
	From worker 2:	-2.584678168370554 -2.1162892527994885 -0.08347137934486781 3.841220274045627
	From worker 2:	-4.895687266619519 -1.9785184441470882 -0.5672977491193834 4.089053988768468
	From worker 2:	-5.9862478114827065 -4.48042408295588 0.5985473514426722 1.4099475891053925
	From worker 2:	-4.093643720826606 -3.467736591757457 1.577620597530676 0.9543722855567782
	From worker 2:	-4.992077237212332 -4.036715086976468 0.008159443170320912 2.6099725739154245
	From worker 2:	-4.168716306967232 -4.126119634744568 1.4188086099355992 2.4134449922692145
	From worker 2:	-4.393776722456896 -3.8624334510041316 -0.8843996909942025 1.387153000145166
	From worker 2:	-1.6472044912446453 -0.12168565626151207 0.5618436569354586 3.3873173580687377
	From worker 2:	-4.4313123301539195 -0.49731056541818397 -4.081409896140974 3.08848248361127
	From worker 2:	-5.8959523019728515 -2.9984010404703993 -2.3573615768699163 1.1090477229478357
	From worker 2:	-5.665323402531932 -3.62212883715567 -3.8374521560370507 2.2769347098046566
	From worker 2:	-4.916940421960222 -5.3215626219266365 0.8155590654161307 3.0781222000003505
	From worker 2:	-2.925483989119955 -4.22830369832426 0.9230471497775028 1.6328899635401206
	From worker 2:	-1.9093412221384654 -1.7274075074664248 -1.0361421126410653 3.734341839332793
	From worker 2:	-4.336624715196152 -2.037711890497191 -1.8273214797854447 2.131250317012899
	From worker 2:	-2.761241716150956 -2.47572487328604 0.23125204873864114 3.692326628627085
	From worker 2:	-1.9493202357140502 -0.3053286709578025 -4.291219698674183 3.3604122518519466
	From worker 2:	-1.509344383555681 -3.204333546676271 0.6065351855335059 0.4661333843432558
	From worker 2:	-1.0278775567040723 -1.873266652197925 0.3542854849886625 2.6260332109603404
	From worker 2:	-4.937047887913328 -1.112382614862124 -1.1912117811129255 3.3910005830584433
	From worker 2:	-4.71621721767773 -0.17434062114203464 -0.8146165435793611 1.5245273993697117
	From worker 2:	-5.668674972565591 -4.273159079435132 -0.9347457708518787 1.7826461677036132
	From worker 2:	-3.896667254462531 -1.2245830514290112 -4.599157095038792 4.212690650125146
	From worker 2:	-5.674574831624559 -1.2397630382019127 0.05789260561857734 0.979891136553821
	From worker 2:	-2.584440887801834 -4.1801039888546105 1.6356966850054055 3.397541613364398
	From worker 2:	-5.616185646111307 -2.261311807576921 -1.177062181577826 0.6292651374921876
	From worker 2:	-0.96578938944781 -1.4745298138239225 -4.996552760241945 0.0465682485027652
	From worker 2:	-4.620365333777107 -3.256142774296689 0.5756283102731992 4.893749936947279
	From worker 2:	-3.871232728384408 -2.4061057543617665 0.8563093714404797 3.1178468489969466
	From worker 2:	-0.3554718889029438 -0.0020921626835122 1.6151504823648661 1.5799740921505578
	From worker 2:	-5.123343608487849 -1.4002504629494545 -3.063079280231105 0.5092178294390326
	From worker 2:	-5.937573600137879 -0.04647644185254762 0.8400161245635251 1.3533192569971286
	From worker 2:	-1.8420662243348023 -1.694419343311143 -0.9206650842023976 3.409093005154351
	From worker 2:	-3.8889033810482148 -3.6517640091955474 -0.7423267658559336 0.23865955202040157
	From worker 2:	-5.292699650142835 -1.9359562974085929 -0.0017451431347135227 2.6796372455670783
	From worker 2:	-4.955728013718442 -4.741878642613711 -1.1069179189028797 3.562746246731636
	From worker 2:	-3.3734815092946007 -2.6097392322271333 -2.65260817677473 1.0727524873070793
	From worker 2:	-0.32972814662992356 -0.8328753232545623 -3.7751362744755586 3.692549536760997
	From worker 2:	-1.8749939179749244 -0.538106173761622 -3.4936856342371367 2.9472889523688406
	From worker 2:	-4.367447624700304 -1.6144775400981448 -1.2698474000808 3.468202323700896
	From worker 2:	-4.122829612430347 -3.8493305978022976 -0.1402876674174962 1.7248416777137066
	From worker 2:	-0.7097791327553162 -3.147004326005194 1.2028042214874297 1.428186838281944
	From worker 2:	-2.343939920790958 -1.7361919311567675 1.186519597883847 0.3711414911228328
	From worker 2:	-5.639530640906939 -2.5567018073113954 -1.1211935226180634 0.836760880350903
	From worker 2:	-5.177250642182518 -3.4192149184725658 -3.2949564370632727 1.4279727824136401
	From worker 2:	-0.7319124164334827 -1.7348069737725265 1.2122841853769142 3.5800316101606287
	From worker 2:	-3.1349521301943044 -2.209788157185786 -1.8176644879938717 2.7923213050627993
	From worker 2:	-4.67453722815349 -0.6102474971758483 -2.7564873893072974 3.760100235384031
	From worker 2:	-2.683804400796121 -0.07473337409017411 -3.279068164544685 4.694153776904754
	From worker 2:	-3.4017257629260875 -3.398229907504713 1.9136217067038865 0.6496352275671635
	From worker 2:	-2.5168798857345553 -3.8738338524247697 1.1239976394225195 0.9544062754322868
	From worker 2:	-4.009329650846806 -4.1433728503462435 1.529301285370824 3.7743206297003598
	From worker 2:	-4.201608080365686 -2.117850860300182 -1.2117971772438878 4.447873206443549
	From worker 2:	-4.060349009281049 -0.772777191098621 -1.071318492322074 2.959715942480825
	From worker 2:	-4.9904541012789 -2.2092664620618 -0.2968995111774886 2.47970909239277
	From worker 2:	-0.364549766346963 -2.699068831073702 1.7895906455725301 1.2110610536186506
	From worker 2:	-0.6839701310879329 -1.603676842300298 0.449858165779335 0.8436207665507578
	From worker 2:	-2.684251867258636 -0.18946299005746248 0.19464748147076438 4.174782113722185
	From worker 2:	-3.488228782562573 -2.496335671950419 1.8261086742669272 4.655724229792831
	From worker 2:	-2.636812713232785 -2.7304940326515057 0.24367095096575753 0.45560913489448907
	From worker 2:	-5.988500794763345 -0.15949580497865412 -2.013229381781379 4.542052477309701
	From worker 2:	-2.7964556887890892 -0.49311089288151244 -0.019821168408781453 4.188974170215615
	From worker 2:	-3.008943117109023 -2.0411506694153205 0.6789009372601598 2.396468359124364
	From worker 2:	-0.7839013650813742 -1.9869562429276826 1.0032968808320808 1.5226340269256011
	From worker 2:	-2.091926891613221 -0.31028096462541654 -1.5621767080428706 2.949456093516779
	From worker 2:	-4.979196460588397 -5.215103907650129 1.7710585055907764 3.407581092204138
	From worker 2:	-5.176721999936776 -3.518914924110559 -0.8600956433595508 4.08541741401653
	From worker 2:	-1.3996782704545137 -1.535405626528485 -1.8818000860531483 0.7897819000518214
	From worker 2:	-2.8454580089927677 -0.5668048229805791 1.1183624139645145 1.3820726214712387
	From worker 2:	-4.083246164322494 -1.124188282537098 -3.796763851118362 4.970477386736603
	From worker 2:	-4.664671597826137 -5.4102640796459855 1.5907920437190262 0.7976677015909661
	From worker 2:	0.744 0.652 0.716 0.596 0.492 0.248 0.44399999999999995 0.752 0.4 0.488 0.66 0.42000000000000004 0.46799999999999997 0.4 0.484 0.6599999999999999 0.32399999999999995 0.4079999999999999 0.132 0.45999999999999996 0.492 0.4 0.388 0.764 0.19200000000000006 0.44799999999999995 0.792 0.256 0.492 0.552 0.45999999999999996 0.45199999999999996 0.44799999999999995 0.248 0.512 0.48000000000000004 0.384 0.5599999999999999 0.492 0.17999999999999994 0.74 0.708 0.772 0.44799999999999995 0.616 0.532 0.728 0.74 0.372 0.488 0.248 0.744 0.492 0.796 0.492 0.772 0.09999999999999998 0.31599999999999995 0.376 0.45999999999999996 0.492 0.768 0.42800000000000005 0.46799999999999997 0.764 0.47600000000000003 0.6679999999999999 0.576 0.376 0.504 0.772 0.4119999999999999 0.492 0.256 0.764 0.40399999999999997 0.608 0.4 0.4079999999999999 0.62 0.66 0.16000000000000003 0.276 0.488 0.692 0.632 0.45600000000000007 0.21999999999999997 0.48800000000000004 0.33599999999999997 0.516 0.28800000000000003 0.66 0.532 0.66 0.272 0.72 0.45199999999999996 0.732 0.548
	From worker 2:	0.009999999999999997 0.009999999999999997 0.009999999999999997 0.009999999999999997 0.009999999999999997 0.009999999999999997 0.009999999999999997 0.009999999999999997 0.009999999999999997 0.009999999999999997 0.009999999999999997 0.009999999999999997 0.009999999999999997 0.009999999999999997 0.009999999999999997 0.009999999999999997 0.009999999999999997 0.009999999999999997 0.009999999999999997 0.009999999999999997 0.009999999999999997 0.009999999999999997 0.009999999999999997 0.009999999999999997 0.009999999999999997 0.009999999999999997 0.009999999999999997 0.009999999999999997 0.009999999999999997 0.009999999999999997 0.009999999999999997 0.009999999999999997 0.009999999999999997 0.009999999999999997 0.009999999999999997 0.009999999999999997 0.009999999999999997 0.009999999999999997 0.009999999999999997 0.009999999999999997 0.009999999999999997 0.009999999999999997 0.009999999999999997 0.009999999999999997 0.009999999999999997 0.009999999999999997 0.009999999999999997 0.009999999999999997 0.009999999999999997 0.009999999999999997 0.009999999999999997 0.009999999999999997 0.009999999999999997 0.009999999999999997 0.009999999999999997 0.009999999999999997 0.009999999999999997 0.009999999999999997 0.009999999999999997 0.009999999999999997 0.009999999999999997 0.009999999999999997 0.009999999999999997 0.009999999999999997 0.009999999999999997 0.009999999999999997 0.009999999999999997 0.009999999999999997 0.009999999999999997 0.009999999999999997 0.009999999999999997 0.009999999999999997 0.009999999999999997 0.009999999999999997 0.009999999999999997 0.009999999999999997 0.009999999999999997 0.009999999999999997 0.009999999999999997 0.009999999999999997 0.009999999999999997 0.009999999999999997 0.009999999999999997 0.009999999999999997 0.009999999999999997 0.009999999999999997 0.009999999999999997 0.009999999999999997 0.009999999999999997 0.009999999999999997 0.009999999999999997 0.009999999999999997 0.009999999999999997 0.009999999999999997 0.009999999999999997 0.009999999999999997 0.009999999999999997 0.009999999999999997 0.009999999999999997 0.009999999999999997
	From worker 2:	-----
	From worker 2:	100
	From worker 2:	573
	From worker 2:	0.4
	From worker 2:	-4.461458367030628 -2.479410680291119 -2.776894613632545 3.600322068893606
	From worker 2:	-1.5800626025865203 -0.8288170674740489 0.5066830821263866 0.2633832249717813
	From worker 2:	-3.1776513434644933 -2.3214138087779324 0.621081192679717 1.7907568224424744
	From worker 2:	-2.0732910007290215 -2.034853520599097 1.9196778338110243 2.208812540658959
	From worker 2:	-2.561243218280631 -1.217765588797204 -2.299809326863842 0.010398986348017836
	From worker 2:	-5.50654263359501 -3.582123778232576 -1.481200475730725 0.3299289730646202
	From worker 2:	-4.580977215141809 -0.2514674129021799 -1.330888375529383 2.127550542230963
	From worker 2:	-3.309137507216037 -0.8877965662696747 -2.095656285735588 2.118865185215273
	From worker 2:	-4.777670350883048 -4.536524543699941 0.3671358736648258 0.527102975189552
	From worker 2:	-4.6015246130373955 -1.1077990163240043 -3.464121547274154 1.9927569447128042
	From worker 2:	-4.982435252095679 -4.311400895738945 1.0064316006296639 2.655577437319246
	From worker 2:	-5.255293879153643 -3.0663189790733356 -1.778551825898374 3.964118757513875
	From worker 2:	-4.028162078771729 -0.4256510171094745 -1.149367723242483 3.721198922002538
	From worker 2:	-5.205015669711829 -3.8899144182711947 0.30197259325660153 2.0347543789442004
	From worker 2:	-4.331111441430717 -2.4848115585302866 -1.0388573130998524 2.7624803243437546
	From worker 2:	-1.8299549218115456 -0.08217961269468377 0.9891890831105723 2.7918976488999023
	From worker 2:	-3.0346643615288573 -1.4572978958125833 -1.8629964236482734 2.564351931186931
	From worker 2:	-4.931466135207483 -4.199439234992971 -0.10216417110486942 2.475495270359938
	From worker 2:	-3.2988489418611486 -2.188345663156732 -1.2495042702273582 0.09035746775105064
	From worker 2:	-4.945478078389639 -1.2418692652255365 -2.9491300557912314 2.8192482878497174
	From worker 2:	-4.937598124726504 -3.8596747601209875 -3.163924774593445 1.7474813775577163
	From worker 2:	-5.630136926304896 -3.958471179160317 0.7686061474032551 3.203579323719264
	From worker 2:	-3.6489402361284693 -2.49858485935438 -0.25338725794611916 3.8363747134813426
	From worker 2:	-2.9915935214255374 -0.7104547064954259 0.9663752862482355 4.42848714261189
	From worker 2:	-2.542500305887714 -0.5464046822573496 0.44836493713877923 3.5706179003353067
	From worker 2:	-3.247858911640261 -1.1672233354366077 -1.9698254406197697 0.7243735364820231
	From worker 2:	-5.1671909688821 -3.8046048962275436 -0.4949045390092994 2.4405479980208673
	From worker 2:	-5.261904917523616 -3.962573503612073 -1.7514011713388529 2.501718220536858
	From worker 2:	-5.131946183080457 -3.4749693763301464 -3.176047164456479 2.7267614046397894
	From worker 2:	-4.414153765926953 -0.8302504521808992 -3.855776068448133 0.48122334247856013
	From worker 2:	-2.7614220111237673 -1.690898644392819 0.8402921965413741 2.5325619591574835
	From worker 2:	-5.4700016673407035 -3.3099824594419527 -2.4169865954595195 3.3164184916001878
	From worker 2:	-3.8797235993307613 -2.3731139412407254 -2.046579272041964 1.562887166755769
	From worker 2:	-3.0078990816001707 -0.029847963741092887 -1.1116080031516158 2.408788777175986
	From worker 2:	-4.324078588284188 -3.184687538944339 -2.3138216281355772 3.423664717264484
	From worker 2:	-4.76620570827829 -4.281882145820725 1.042463236516936 1.2985304055413187
	From worker 2:	-3.5043935889658107 -2.420720606548762 1.3039395319031213 3.7924061149471506
	From worker 2:	-5.4364838788642675 -2.39094302230266 -1.9786813440338409 4.830888387248656
	From worker 2:	-5.138558209214572 -3.3731713515988337 -1.3741954693449328 0.5828816198681739
	From worker 2:	-5.999530723825763 -4.656247504963224 0.9862548407046842 1.9301705557568574
	From worker 2:	-3.52877892335181 -0.0906781492098071 -1.8802875266463626 1.0327618897440283
	From worker 2:	-3.3500253402043887 -1.9109642495409715 0.12727435687849908 3.7018037833116324
	From worker 2:	-4.535835380793178 -3.505754023495158 -1.1804896415129051 4.1416619533349115
	From worker 2:	-2.7672205810651787 -1.7136283477211525 -0.46338195050815845 2.006545928948783
	From worker 2:	-4.777538043070223 -4.277307453798938 -0.04445114998465716 0.34173109916278005
	From worker 2:	-4.03149910506274 -2.858735058865694 0.85651253428628 3.8399708971519138
	From worker 2:	-3.024554692245746 -2.212559761120175 1.8629386425338654 2.71073673126622
	From worker 2:	-4.682000275435755 -3.5198224670754086 -0.8037179757038964 0.937006057860689
	From worker 2:	-1.9789577991536946 -0.8112024070072554 -0.22219899592609105 1.5898767020892095
	From worker 2:	-4.948738821914024 -4.006503022450972 -0.5205631672812527 2.9341525903933894
	From worker 2:	-4.697589233888236 -3.6997637173484543 0.5168995884206127 1.8504894546911956
	From worker 2:	-5.8832541112105785 -3.26346043895399 -2.7927365759359706 1.1986094032736228
	From worker 2:	-2.8892845081396383 -0.4765886416212015 -0.8687755338660286 1.4268165370987527
	From worker 2:	-4.300190818458153 -1.2723217364803454 -3.934380316261975 0.09268077986016365
	From worker 2:	-2.150452688948703 -0.042480855037844156 0.9510575295922532 2.42501728264008
	From worker 2:	-2.8138251173952935 -1.5912864154916377 -0.2936885083445946 2.138570447185213
	From worker 2:	-1.961142923605517 -1.8478588822125517 1.6147204219273577 1.9892962385370117
	From worker 2:	-3.6948344105608446 -2.763010443108494 1.0206900895308006 2.1756662189512497
	From worker 2:	-3.4934205607472597 -1.506294617594611 -2.999336055463397 1.3401202605246598
	From worker 2:	-4.123521877148542 -2.9615643281214323 1.4959059194643174 2.8879412774344195
	From worker 2:	-4.400271441776902 -0.047350665593403285 0.5412140114242898 4.25500899391041
	From worker 2:	-4.715440171803612 -3.0136211264962007 -0.8782296337124806 3.9013469283105633
	From worker 2:	-5.460893212614462 -4.180370580399123 -2.9399788784229854 0.46507080805557943
	From worker 2:	-5.63398053453355 -3.9188112019024395 -2.954862086899338 3.926629559416992
	From worker 2:	-5.5317803343064975 -1.7695850527248518 -3.2523118791334142 2.0500062479601167
	From worker 2:	-5.8432245196627 -2.524013534571647 -4.646326094427209 3.8619136132254828
	From worker 2:	-4.709370423031303 -2.9394289181707816 -2.320988037955091 2.007719645281493
	From worker 2:	-4.2446541048445 -2.5067470406197567 -2.1816555530759656 3.6113044637844993
	From worker 2:	-3.3787374472980294 -0.044640358656489854 -1.5960946376064455 1.997702235111167
	From worker 2:	-3.463215989053154 -1.1055342070452414 -2.0007984538166745 1.6767115104323886
	From worker 2:	-1.7105618459724379 -0.6120405969663807 0.34175129144834937 1.8329936671897449
	From worker 2:	-2.882373584811573 -1.3009194159092021 -1.876563404455712 1.4516041016713557
	From worker 2:	-4.655042468103132 -3.2131564144977567 -1.1266022098593917 1.3161587286232428
	From worker 2:	-4.364062781312584 -0.8727115664633663 -2.3208863028218176 2.7989026050397285
	From worker 2:	-4.524736090155733 -2.5634362620128526 -2.6695430712107937 3.5312842750297486
	From worker 2:	-5.829840582680714 -3.3917527450811282 -1.5874009418173018 3.9562846381900743
	From worker 2:	-2.3030705345951477 -0.9125896461067302 -1.1526715774685754 1.3120063589705069
	From worker 2:	-5.525465012663625 -3.931196455419833 1.442602598049711 4.867622033359239
	From worker 2:	-4.471280288109769 -1.6614160406718415 -0.9626870800251847 4.060633684550931
	From worker 2:	-4.309664912336195 -1.7020242192247355 -0.34650932245294996 4.785932652497209
	From worker 2:	-1.3808568460431159 -0.13307382019513198 1.1865552253871272 2.351775785026761
	From worker 2:	-2.910221531746879 -2.793383964231186 1.5691269124110128 1.552194630977353
	From worker 2:	-3.3927333771413455 -2.183740917706772 -0.17485703098617666 1.2620984594821352
	From worker 2:	-3.9898521065132497 -2.866831595172154 -0.6090406723296251 3.481860726839373
	From worker 2:	-3.566422871004609 -0.30894562235463396 -1.4249227847164008 1.267255350554252
	From worker 2:	-5.530351539518769 -2.7749934025671816 -4.127991849978959 0.8784068822441532
	From worker 2:	-4.01852119118145 -3.253602287046003 0.6526703791472308 1.0683301139361432
	From worker 2:	-5.8708135559635855 -4.1835925758269115 -2.863889497123415 2.116058440947069
	From worker 2:	-4.739893020042568 -3.626526978811399 1.2423410337569898 3.6977590905094724
	From worker 2:	-3.5301875057121053 -2.255522863835416 -1.7243579569689214 0.08318405808159335
	From worker 2:	-4.201652879480743 -3.007940160992952 1.5973117760222415 2.2925294317581457
	From worker 2:	-2.772041876858662 -0.07928615548082019 -1.200482323095087 0.9817589086598778
	From worker 2:	-4.598382916878016 -2.6155380796208734 -3.2521653412287375 1.3923846241814344
	From worker 2:	-5.092981945479497 -3.497896192088937 1.773270405300425 4.657865965874949
	From worker 2:	-3.639598100539402 -2.685006032204 -1.0339544732990529 4.091839139041372
	From worker 2:	-3.7054456723335782 -2.30587382332934 -1.8217318124048445 1.7603095687082932
	From worker 2:	-4.965038471345574 -3.231334417724728 -2.39205197734883 1.5440812032249802
	From worker 2:	-4.708126929826181 -3.114532002571873 -0.33325100228101817 3.0967248264551204
	From worker 2:	-4.018076854402141 -2.7366085420859867 -2.292236970675635 3.885945311724294
	From worker 2:	-5.222554453456872 -4.09862814589779 1.4526174528385005 4.219820619926007
	From worker 2:	0.236 0.364 0.30799999999999994 0.384 0.284 0.348 0.3919999999999999 0.324 0.33199999999999996 0.244 0.256 0.33999999999999997 0.37200000000000005 0.2799999999999999 0.392 0.32799999999999996 0.392 0.36800000000000005 0.22799999999999998 0.29999999999999993 0.07599999999999996 0.24 0.15200000000000002 0.268 0.276 0.28800000000000003 0.33599999999999997 0.1519999999999999 0.09999999999999998 0.26 0.2919999999999999 0.396 0.22399999999999998 0.33199999999999996 0.21200000000000002 0.348 0.23199999999999998 0.3999999999999999 0.32399999999999995 0.32799999999999996 0.352 0.18000000000000005 0.21600000000000003 0.24 0.376 0.21199999999999997 0.32799999999999996 0.236 0.28 0.16800000000000004 0.29999999999999993 0.352 0.356 0.364 0.388 0.236 0.35200000000000004 0.31999999999999995 0.308 0.32399999999999995 0.384 0.17999999999999994 0.19199999999999995 0.248 0.29200000000000004 0.33199999999999996 0.22399999999999998 0.1479999999999999 0.33599999999999997 0.248 0.30799999999999994 0.22399999999999998 0.28400000000000003 0.312 0.17200000000000004 0.396 0.264 0.18399999999999994 0.31199999999999994 0.248 0.33999999999999997 0.344 0.28800000000000003 0.09999999999999998 0.352 0.31599999999999995 0.356 0.28800000000000003 0.21999999999999997 0.21199999999999997 0.33999999999999997 0.364 0.396 0.2719999999999999 0.376 0.14400000000000002 0.30799999999999994 0.31599999999999995 0.384 0.24
	From worker 2:	0.008974253732032008 0.01357958558612494 0.006747574903042246 0.008929650551954403 0.014909668276798817 0.011887606660252284 0.009242854773456837 0.008328232723927378 0.011774887488286291 0.010838918520019832 0.009358840827273446 0.009486386672499583 0.008936502898407826 0.00829497942523485 0.006562232613260597 0.011178594791169144 0.00743501883763283 0.008434207506538106 0.010352511295506874 0.009388847950506407 0.012028644793443097 0.010001938651907403 0.007387386137310149 0.0113822271595212 0.009202274676917822 0.01019161707557693 0.007990102553402281 0.009316827502951115 0.010970816709472255 0.0176975445020865 0.007116777539676589 0.009949486671131403 0.007707762835044737 0.0093888631498079 0.008748041467014094 0.009704526488283904 0.008480177168428254 0.012197909661137422 0.00996129039310595 0.012481739337399381 0.011965121824574373 0.007299580627725843 0.009367609186304986 0.0068409610036087014 0.011547711062635586 0.008196917907174 0.008137662360603214 0.00849720970516118 0.008967356041515889 0.008343872683107056 0.007694459487805795 0.01207661146528116 0.009151632894960564 0.019062280554734388 0.010750038681088118 0.006793549436647238 0.008671425911442394 0.00686920763464146 0.010116995448567664 0.007786777835178142 0.013047948354266202 0.008138111961803071 0.01660343563800533 0.014526755179990814 0.010725272315744659 0.01894959001485076 0.008159483597495553 0.008063841343363992 0.009868633037892791 0.008282372611861853 0.00958335065253246 0.008587460728177723 0.007726373295024414 0.008431361934679568 0.008794687406173264 0.010860787545233303 0.009250595837504896 0.017151792137994143 0.008034021158403473 0.009951878313015802 0.012120810262715621 0.007961080178208024 0.006970353000588921 0.007083968816253644 0.009975618646075131 0.016507026986431875 0.007759450474569487 0.013514499352296863 0.009555863999468289 0.010850380435461153 0.00773878223785394 0.0118853521269477 0.010384932059011929 0.01464235391049981 0.008082410347030377 0.007289251110988883 0.009143564769105404 0.007106087753393065 0.008806790488743273 0.013199377720041691
	From worker 2:	-----
	From worker 2:	100
	From worker 2:	3173
	From worker 2:	0.2
	From worker 2:	-3.312611759203946 -2.1576652970785153 1.1655303334728826 4.500355790492135
	From worker 2:	-4.586339583093243 -3.2180121871709 -1.9547749355243884 2.758641800702183
	From worker 2:	-4.298949769900709 -1.739846040055499 -3.5090618262164206 0.34874303490424674
	From worker 2:	-5.02753935652839 -3.7685512895678253 -1.3468017536070669 3.114352029997952
	From worker 2:	-5.358058741220678 -3.5817695090146007 -4.245235348905862 3.070619815603031
	From worker 2:	-4.6678733550731435 -1.6767612097977356 -1.8693343167859071 3.9733954969306007
	From worker 2:	-5.377308371115348 -4.112146139180009 -1.7711038306837747 2.0348209634661214
	From worker 2:	-3.282228094049992 -2.014405233562001 -1.7951299143781578 0.6825223849812802
	From worker 2:	-5.97238147851613 -4.377382759901999 -4.158842367075734 1.003458655481206
	From worker 2:	-5.147960164139833 -3.2110216156928684 -4.168144671186745 0.018687596949526153
	From worker 2:	-4.712243699184003 -3.1052089258048206 -2.6210104807795473 1.0703265329221139
	From worker 2:	-4.9417331319511515 -3.412257831619698 -1.9163391162785277 0.7855703060594986
	From worker 2:	-4.582368271076356 -3.0455005105492257 -4.0415308080766446 1.60711087126436
	From worker 2:	-5.197285113513327 -4.0174928162026 -3.761460191623481 3.6937643080829474
	From worker 2:	-4.165985875215061 -2.6402981040884628 -1.0303916463045044 4.192097267346225
	From worker 2:	-3.778098790425266 -2.2419451360933715 -0.7512447218299787 3.330282427304283
	From worker 2:	-4.121957853137827 -2.4651028474528323 -2.795530806427756 0.9432783655574218
	From worker 2:	-4.223125096917463 -2.8283550493679552 -3.094454155498223 1.4282582139143942
	From worker 2:	-4.294029607496197 -2.8750106815151035 -1.3126615913644297 2.8335733626061677
	From worker 2:	-5.775869437384497 -4.473485283245316 0.3888226532764225 4.257480007920059
	From worker 2:	-5.506564804337936 -3.6691563704415504 -0.8019123311715788 4.77745903386064
	From worker 2:	-3.602973353602639 -2.1855804571486424 -2.1921257610186036 0.8086753360269632
	From worker 2:	-4.216531631448104 -2.898067901325141 -2.3756605680196636 3.3493571698902027
	From worker 2:	-5.888595320850908 -4.277272575221511 -0.9203238839705801 3.968789514440007
	From worker 2:	-3.256910862732241 -2.2416214759275688 -1.5934395246029078 0.4830751932449169
	From worker 2:	-3.5940544969028783 -2.334353424149332 -1.7078432817435243 1.5028475067981135
	From worker 2:	-3.5506745320486095 -2.371218216693122 -2.1992972824866746 0.2057706232030977
	From worker 2:	-4.3831242925807015 -2.073644697643349 -2.9341435793773942 2.6901228973327664
	From worker 2:	-4.913733536746046 -3.724622655073849 -1.4903434327592886 1.885530314410558
	From worker 2:	-4.960892830740912 -3.526423670289909 -3.711794964405134 2.920341905266638
	From worker 2:	-4.971707071711301 -3.2700986716268097 -0.8303355721927426 3.399412086408917
	From worker 2:	-5.318119788674477 -4.042287975185565 -0.975105322143635 3.7120858553319507
	From worker 2:	-5.114854043864636 -3.7527762866163927 -2.1612602226183917 1.4773915891802862
	From worker 2:	-5.1495604509802195 -3.3915170022762684 -2.3233761210918082 0.5607090721953497
	From worker 2:	-4.348638416762515 -1.829022670560803 -1.4906215633547302 4.130051321212444
	From worker 2:	-3.5893622032413544 -2.058503436935169 -2.426580204274817 1.070247149446485
	From worker 2:	-5.482298618938374 -2.1154322626170083 -3.5725592790155156 3.384222181094911
	From worker 2:	-4.841244253644687 -3.088956311973349 -3.9514283540243005 2.337538496409146
	From worker 2:	-2.9703756570050315 -1.6931640634795662 -0.3279255663747487 3.2384330115256454
	From worker 2:	-5.174965304563634 -4.109134620301187 -3.3440367230070356 1.589916840496365
	From worker 2:	-4.463328003000518 -2.3172761018894157 -3.333424967897586 2.7993107198193643
	From worker 2:	-5.3601280236265465 -3.826859754639468 -3.5673126679135083 0.46733692897164064
	From worker 2:	-4.114503477715055 -2.4980150215280332 -2.0577042365082825 2.3017573617682645
	From worker 2:	-3.574699296167294 -1.8619097480576872 -2.4998541623624746 1.4205423634583043
	From worker 2:	-5.324331602391821 -4.146928064282082 -2.982131796517715 0.5947374445180013
	From worker 2:	-3.7089666313315863 -2.6033058084027596 1.4780917303540764 4.916660975716724
	From worker 2:	-4.464834548248 -3.4135923516844913 0.20830877441770834 3.3696340685515658
	From worker 2:	-5.012770130921729 -3.4024418099425158 -3.396643805252337 4.051562138847789
	From worker 2:	-4.420125694703752 -3.1845834128430877 -1.2187360225267674 2.3878883021584905
	From worker 2:	-3.857171370360322 -2.7145553013129895 -2.1247199240336396 0.8070472656625999
	From worker 2:	-4.454646945574095 -3.0020932075266797 -0.6684506055740183 3.8800470078600475
	From worker 2:	-5.632569351519375 -3.6566917458093275 -4.435976958985479 2.5422833980070805
	From worker 2:	-4.91099338924182 -3.6255372340779224 -2.2549085815171566 3.565442356382899
	From worker 2:	-3.9467042553369707 -2.7632586046524996 -0.6049401147809914 3.4124531826060354
	From worker 2:	-5.419997472394164 -3.6624432881588005 -2.5882808771801695 4.454169899309398
	From worker 2:	-5.259062681390699 -3.5951592694176067 0.9475224443464367 4.684545270410052
	From worker 2:	-3.570653777352037 -2.394363925126688 -0.4928605677542247 2.8203800665630587
	From worker 2:	-4.343813739451278 -3.307390302983726 -2.088527108404166 1.4311401833615243
	From worker 2:	-3.8910703418269112 -2.5598899311901486 -2.6230403815985 2.1817141733578884
	From worker 2:	-3.135303420021423 -2.0709923650877973 0.8909858021864574 4.356489021581961
	From worker 2:	-5.007086120374905 -3.6165282054486023 -3.528611695229362 2.8078688506094034
	From worker 2:	-5.818744574731084 -3.80580886553218 -1.3426456840991505 4.315346328212048
	From worker 2:	-3.9075428716287095 -2.7810591329246948 -1.5389382388326494 0.6468373872455053
	From worker 2:	-4.908005187593888 -3.4732026502525195 -2.6719761075832484 2.2657799652119435
	From worker 2:	-5.888673202410652 -4.241017653703948 -4.471106869402634 0.7460037195884837
	From worker 2:	-5.424530997571507 -3.7372008152366334 -1.99196791235997 4.487465158930471
	From worker 2:	-4.48823894810431 -1.4906314229531656 -0.8954636315446425 4.403136027740116
	From worker 2:	-5.004682687589954 -3.618765510308088 -3.0988829174262396 3.4289047450763808
	From worker 2:	-4.5442679779252995 -2.9027586639614946 -2.0511161472986825 4.563911716484971
	From worker 2:	-5.363647019858625 -3.754784495792217 -2.946887725851513 2.991245510459465
	From worker 2:	-4.984254978061238 -1.724264115130567 -1.5534601774156418 4.358375920991963
	From worker 2:	-4.013425604458311 -2.805385360271913 -1.659594109899829 0.8780833413275854
	From worker 2:	-3.6082747433940314 -2.4059839873112043 -1.1884916171300186 2.2399586740246487
	From worker 2:	-4.226355969631612 -2.8284200293473 -2.635762055686288 1.6694983755828359
	From worker 2:	-2.989965909623593 -1.9734057733831614 -0.9661933966320225 2.7374446988710766
	From worker 2:	-4.755093595457342 -3.3486089651316657 -1.0762629411897104 1.6765067191658043
	From worker 2:	-5.0623074386023745 -3.1838312322313214 -3.1314828434040276 0.4559306774942642
	From worker 2:	-5.4920306875264 -3.846305247623503 -1.2034846929727476 2.2445853056545015
	From worker 2:	-5.07268079068995 -3.4669649037714576 -2.8759559686394374 0.34827383882082474
	From worker 2:	-5.368012983659755 -3.609302678513097 -1.7066959991126138 4.559640389838668
	From worker 2:	-4.145495931269945 -2.8088248644596776 -2.3727963386170465 0.6845156313674008
	From worker 2:	-3.3327941618337786 -1.996334447160985 0.5644686230214317 4.990417573552998
	From worker 2:	-4.434102267904568 -2.8496767186718484 -2.8164619640407302 1.1719089334791848
	From worker 2:	-3.5631870358746327 -2.601530663475555 -1.4628814048471313 0.42915876187166724
	From worker 2:	-2.9141476663748134 -1.9276070410404125 -0.4137744202388295 2.797279000568909
	From worker 2:	-4.323007075191035 -3.097811913553136 -1.4068561153426775 2.4729770439293306
	From worker 2:	-4.826212578515599 -3.26570068783401 -1.5053170178537663 4.077708196160318
	From worker 2:	-4.734122020156967 -3.3060356990282314 -1.6979800017651567 0.8938590472683342
	From worker 2:	-4.829839462231715 -4.133296987182236 0.24753309530298487 3.6440831796587814
	From worker 2:	-4.929717293322371 -3.5587883453175952 0.7922713182492978 4.580288890238708
	From worker 2:	-4.45908918373234 -3.034531542868922 -2.222866833257707 0.48494715489912643
	From worker 2:	-3.51166519632717 -2.339929963420481 -1.7357515124847587 2.51957517305522
	From worker 2:	-3.5414993844063245 -2.3993648722830185 -1.8040984698453457 0.24442617467850303
	From worker 2:	-3.7821921825326745 -2.6470276910573873 -1.9816865050018933 1.1199768305814939
	From worker 2:	-3.845929139012313 -2.776058713117646 0.43358934549748607 3.766775333941156
	From worker 2:	-5.474999051359981 -3.734953064533447 -2.73423452885469 2.1151787613811655
	From worker 2:	-4.336768331589239 -2.8583856403028003 -3.1380347149282937 1.4540915364233957
	From worker 2:	-5.473514790492428 -3.873866395607183 -2.5154932681955975 2.038455427653105
	From worker 2:	-3.653791297240484 -2.3930538528311582 0.9762371869032387 4.511881416145593
	From worker 2:	-4.321769783092764 -2.1181875466806255 -3.58695005928177 0.3449542134870549
	From worker 2:	0.17599999999999993 0.07599999999999996 0.18399999999999994 0.11199999999999999 0.128 0.17999999999999994 0.17600000000000005 0.15200000000000002 0.19600000000000006 0.17200000000000004 0.18399999999999994 0.1519999999999999 0.18399999999999994 0.19599999999999995 0.136 0.19999999999999996 0.1479999999999999 0.11199999999999999 0.18799999999999994 0.16400000000000003 0.14400000000000002 0.16000000000000003 0.132 0.19599999999999995 0.15600000000000003 0.18799999999999994 0.07199999999999995 0.16800000000000004 0.18799999999999994 0.17999999999999994 0.19999999999999996 0.18 0.128 0.19599999999999995 0.16000000000000003 0.09199999999999997 0.18399999999999994 0.16399999999999992 0.19599999999999995 0.17600000000000005 0.17999999999999994 0.14800000000000002 0.19199999999999995 0.16400000000000003 0.17600000000000005 0.15999999999999992 0.17599999999999993 0.18399999999999994 0.15999999999999992 0.11600000000000005 0.10799999999999998 0.16000000000000003 0.13199999999999995 0.10000000000000003 0.14 0.16799999999999993 0.17599999999999993 0.14400000000000002 0.09599999999999997 0.16000000000000003 0.1439999999999999 0.06399999999999995 0.18399999999999994 0.17200000000000004 0.07599999999999996 0.08400000000000007 0.19599999999999995 0.08799999999999997 0.17199999999999993 0.10800000000000004 0.14400000000000002 0.19199999999999995 0.19199999999999995 0.18799999999999994 0.16800000000000004 0.19599999999999995 0.11199999999999999 0.18399999999999994 0.18399999999999994 0.07199999999999995 0.16800000000000004 0.128 0.14800000000000002 0.18799999999999994 0.18799999999999994 0.14800000000000002 0.16800000000000004 0.19599999999999995 0.132 0.18799999999999994 0.14800000000000002 0.12000000000000005 0.17199999999999993 0.10799999999999998 0.16799999999999993 0.08799999999999997 0.10399999999999998 0.17199999999999993 0.17599999999999993 0.17200000000000004
	From worker 2:	0.013680214684879968 0.00745512989122052 0.011034973060869716 0.00800804107186566 0.012766302891714256 0.00960924908644502 0.008855756165485593 0.009359171702907287 0.018067983683275595 0.01571187560281919 0.00855641373323325 0.009067154774634637 0.010545855061597461 0.013582091951977002 0.00908879849856278 0.007922879344080787 0.008727374996782222 0.008701199946516372 0.0071829627096984296 0.012983222466956223 0.011913597575506092 0.008874149883578803 0.008457964026033566 0.0116870759705425 0.010017478251635336 0.00785590471037148 0.010662233230472861 0.008252423852227879 0.007857017369438259 0.010493377334202384 0.007700696567790112 0.009315000854892768 0.00859312261068465 0.00997150086126155 0.009492763517249437 0.008624886829811742 0.01111549005203553 0.010100981629848321 0.009302449395335964 0.01091340653013252 0.008889287441787281 0.013417416485465532 0.007304722404240907 0.008351569404255849 0.012540703719427887 0.015313988565247212 0.00817842372131681 0.011922270404207156 0.007179694133773526 0.008876123845848741 0.008216618665176895 0.013592428983995283 0.00893584888858752 0.007908169356482789 0.012358005364807582 0.011909508488877686 0.007787352291708877 0.008069244568688188 0.008064637771715314 0.013063678113504392 0.010071127519469331 0.011535645443941932 0.009060978604062707 0.008142740160561204 0.0197220998875982 0.011676591175163264 0.010735266120878805 0.009985240644533813 0.01079983431494899 0.009558870407763828 0.010748387969474615 0.00848496722300028 0.007499185810715876 0.007945703569273797 0.008654296861707048 0.007599933164826104 0.010815521227075896 0.008385259248572917 0.011224283459162258 0.011294773591302867 0.009052308161172027 0.015288431891299883 0.00846144168226343 0.009957103570191967 0.008859354168633192 0.007196461223611946 0.008891702442286514 0.008608280877502403 0.009412063583189552 0.011015384251318747 0.00947592791596698 0.007896647012197834 0.010394407739289199 0.008324994799163874 0.009117434207261525 0.009043054226320613 0.008663074460582858 0.009059626002228467 0.012244102835087279 0.011109627548708792
	From worker 2:	3179.921234 seconds (2.23 G allocations: 249.539 GiB, 45.81% gc time)
	From worker 2:	Writing ENSMUSG00000021835 to file
Run finished at  Tue Aug 28 15:04:57 BST 2018
