Run started at  Fri Jul 27 19:11:10 BST 2018
WARNING: No working GUI backend found for matplotlib
WARNING: No working GUI backend found for matplotlib
Start include.
Starting
Ready
	From worker 2:	Parameters set for ENSMUSG00000012396
	From worker 2:	starting ABC for ENSMUSG00000012396
	From worker 2:	Number of trials = 1
	From worker 2:	Number accepted = 0
	From worker 2:	Number of trials = 1001
	From worker 2:	Number accepted = 16
	From worker 2:	Number of trials = 2001
	From worker 2:	Number accepted = 34
	From worker 2:	Number of trials = 3001
	From worker 2:	Number accepted = 52
	From worker 2:	Number of trials = 4001
	From worker 2:	Number accepted = 62
	From worker 2:	Number of trials = 5001
	From worker 2:	Number accepted = 78
	From worker 2:	Number of trials = 6001
	From worker 2:	Number accepted = 96
	From worker 2:	3
	From worker 2:	100
	From worker 2:	6320
	From worker 2:	0.4
	From worker 2:	-2.9698646190147837 -1.5996550993852967 -3.8669193142641505
	From worker 2:	-3.2906313532812086 -2.6216688192416924 -3.0829528413600764
	From worker 2:	-3.2560961755545534 -2.806190798414409 -2.7785972863529627
	From worker 2:	-4.51969811795837 -4.499627339838356 -2.8879061789951406
	From worker 2:	-2.9934082389352588 -1.5703189306387078 -4.105425244453913
	From worker 2:	-5.209887172689301 -3.3376644072470865 -4.713807654665426
	From worker 2:	-1.9960734057356566 -2.39821412683206 -2.693574988181006
	From worker 2:	-2.399656645630322 -3.1142973827679503 -2.609327874315437
	From worker 2:	-5.514410363069125 -4.350123791700918 -3.899350187929102
	From worker 2:	-5.2625231421084555 -5.054903502089081 -3.496221050224874
	From worker 2:	-4.046680723344222 -2.980516076784737 -4.105903235316083
	From worker 2:	-4.184821661489178 -4.640262146228152 -2.824852764930006
	From worker 2:	-4.332619630315755 -3.5298974842233006 -3.3669839181999026
	From worker 2:	-5.135588972761554 -4.7083711386240665 -2.7550648590042397
	From worker 2:	-3.860566868691499 -2.155496166734626 -4.13283363670345
	From worker 2:	-4.817836883812746 -3.5574989064270057 -4.19053327578767
	From worker 2:	-5.2275282761251685 -3.8591857341985 -4.12044925823262
	From worker 2:	-4.606500167216326 -3.801658944433955 -3.592340717156899
	From worker 2:	-3.7346291443599458 -2.572511666291209 -3.762999282121053
	From worker 2:	-3.536210073451868 -2.6670314048726924 -3.386116426796496
	From worker 2:	-3.752249634877533 -3.723789370802991 -2.845660471271089
	From worker 2:	-4.220239598018805 -3.8862109737691677 -3.50578127588621
	From worker 2:	-3.490143315922393 -2.8807501834825913 -3.1260048921589507
	From worker 2:	-2.436314781042385 -2.224562238832378 -2.7728582942202706
	From worker 2:	-3.269162718374224 -2.1964179473543566 -3.648709854051372
	From worker 2:	-4.0530481153368605 -2.8335136805475925 -3.784295398104964
	From worker 2:	-3.4975492409850086 -3.1267273691629454 -3.4376062382436374
	From worker 2:	-3.9782265744274 -3.2554226257012244 -3.3965199274818403
	From worker 2:	-4.705479415278955 -3.66440399752327 -3.287836195116691
	From worker 2:	-4.456998946394506 -4.292064964526382 -3.078063383986888
	From worker 2:	-4.69608342659134 -4.158619406278772 -2.903756116052388
	From worker 2:	-3.045394186846174 -3.62632798434005 -2.7958405458976046
	From worker 2:	-3.810491023291997 -3.1951553076020893 -3.233478749565051
	From worker 2:	-3.0378276503861112 -2.1115995788949538 -3.513944395903131
	From worker 2:	-5.41534613726353 -4.617719062764465 -4.253916494900419
	From worker 2:	-5.796561226192259 -4.317183796211838 -4.4039366612498885
	From worker 2:	-4.146915492737289 -3.028354621015876 -3.843152773703295
	From worker 2:	-4.770528628123752 -4.670240868289497 -2.940249878362251
	From worker 2:	-4.637329354739151 -4.560018357845873 -2.709297334143569
	From worker 2:	-4.703770017396861 -3.0107314085597405 -3.929657686213566
	From worker 2:	-2.9538045525495358 -3.153885336991768 -2.8908251053637666
	From worker 2:	-3.68197767323982 -2.7167236652459468 -3.4458411377381415
	From worker 2:	-3.5538932145168816 -3.273573747942783 -3.2260396142786965
	From worker 2:	-3.549513169427851 -1.701559440112975 -4.257042108536976
	From worker 2:	-5.502440890891464 -4.436621178879528 -4.0920546023431585
	From worker 2:	-4.993459719882155 -3.9699079927417875 -4.055617086723195
	From worker 2:	-4.171402250363315 -2.9007758264294723 -3.920873335959204
	From worker 2:	-2.1834091408125516 -3.0259468065636734 -2.628266870158149
	From worker 2:	-3.4538919701130766 -4.230720087690825 -2.5816513320689682
	From worker 2:	-4.565804405459856 -4.810557264854701 -3.346561682669047
	From worker 2:	-4.602597781735131 -3.385079253826166 -3.662420903200179
	From worker 2:	-4.311618443158791 -3.8174932400793327 -3.536664009627603
	From worker 2:	-3.8929728741596743 -2.6416265181195064 -3.6561107671436703
	From worker 2:	-4.737550560708922 -4.080259976523696 -3.7154135331840825
	From worker 2:	-5.5470709850606 -4.09322943693237 -4.3235992037208995
	From worker 2:	-3.1701838066411767 -4.081085659695883 -2.5815819981548063
	From worker 2:	-2.806952803780586 -2.6505986768387193 -2.900114175714887
	From worker 2:	-4.155855197298995 -3.0659579077088575 -3.2480919972387663
	From worker 2:	-5.6909773660004275 -4.966514461449432 -4.050278582298398
	From worker 2:	-4.161984969366781 -3.6722970293787216 -3.037473230302222
	From worker 2:	-4.934129459765766 -4.14750729133564 -3.7180606701076986
	From worker 2:	-3.307254002960612 -2.695706543815846 -3.4083831886325955
	From worker 2:	-2.17400258760994 -2.8807711297861576 -2.662033907372675
	From worker 2:	-4.161264943563631 -2.513088379708239 -3.8893551178922903
	From worker 2:	-3.49952153156981 -4.094644983095618 -2.746955269893421
	From worker 2:	-3.464497095998173 -3.345488763213528 -2.882346595353648
	From worker 2:	-3.4090275622186077 -3.023360488453086 -3.100977133985182
	From worker 2:	-3.731580284204951 -4.177562533362636 -2.705652028017183
	From worker 2:	-5.125921779042855 -4.859571478239451 -2.772712875220273
	From worker 2:	-5.080489258918651 -4.797510046805526 -3.510195607806075
	From worker 2:	-4.776089456845241 -3.82169515086331 -3.4239607483332124
	From worker 2:	-4.838048062959852 -3.9902423640329645 -4.186099668229682
	From worker 2:	-5.694944071324517 -5.185927285211158 -4.017546330477694
	From worker 2:	-5.733019032333253 -4.4217237975154475 -4.289474075196079
	From worker 2:	-5.016740551036884 -5.55366820379322 -2.738223082482657
	From worker 2:	-2.650222737626776 -2.670575290579356 -2.7092300700352725
	From worker 2:	-3.6560014021247187 -3.41638817965902 -2.8443179158506275
	From worker 2:	-2.903251724035673 -3.214035713468207 -2.704234478910178
	From worker 2:	-3.3497903867727326 -3.360606822676689 -2.912866654908886
	From worker 2:	-2.887183612075916 -1.5585321457830439 -3.889062967484186
	From worker 2:	-2.7625413208242025 -3.1807884641419606 -2.677702119494431
	From worker 2:	-4.8083394296983695 -2.351148878448333 -4.768118627430335
	From worker 2:	-3.172898325950981 -3.650251739976 -2.7365856683765903
	From worker 2:	-4.866822738929035 -3.0297497146702366 -3.6589591253296723
	From worker 2:	-3.62776241411877 -2.7302614795493545 -3.5274850026122535
	From worker 2:	-3.700901131477391 -3.297438552437154 -3.5040177187116477
	From worker 2:	-4.04406477134021 -3.451928823944867 -2.854203252880569
	From worker 2:	-3.0838545205633188 -1.7733924424895138 -3.905068445249583
	From worker 2:	-4.626283061219425 -4.366059457529704 -3.7268585634623275
	From worker 2:	-3.8275163448579512 -3.4016544208273176 -3.0585860280359425
	From worker 2:	-3.182406429596242 -2.308397509888875 -3.5392709181599518
	From worker 2:	-3.1723454023454303 -3.899520449773572 -2.7085642925099687
	From worker 2:	-5.32212803995604 -3.681361609170744 -4.293219995423014
	From worker 2:	-3.9890006410416134 -4.365026860673838 -2.60738882997189
	From worker 2:	-4.1049534072491625 -4.589770443864877 -2.676083768331535
	From worker 2:	-5.253154938341693 -4.396541408506302 -4.169074139937616
	From worker 2:	-5.53493719419698 -4.151895226058658 -4.272501892369135
	From worker 2:	-5.3082604730906375 -3.9981899834932726 -3.9669725318273703
	From worker 2:	-3.680896956102594 -2.627033587305422 -3.2068623178275315
	From worker 2:	-3.5299435639282164 -3.371934061708383 -3.0230067901610402
	From worker 2:	0.344 0.2799999999999999 0.344 0.36 0.328 0.392 0.38 0.364 0.188 0.332 0.388 0.248 0.17999999999999994 0.38 0.376 0.18 0.31600000000000006 0.17600000000000005 0.2799999999999999 0.14 0.19999999999999996 0.29600000000000004 0.30400000000000005 0.396 0.248 0.348 0.388 0.188 0.3320000000000001 0.3 0.368 0.392 0.10400000000000001 0.30399999999999994 0.28800000000000003 0.208 0.272 0.344 0.34 0.104 0.396 0.30800000000000005 0.30799999999999994 0.33999999999999997 0.27599999999999997 0.36799999999999994 0.18 0.36 0.38 0.2839999999999999 0.132 0.11199999999999999 0.224 0.272 0.236 0.38 0.26 0.30799999999999994 0.22399999999999998 0.244 0.20800000000000002 0.2 0.344 0.23199999999999993 0.38 0.17999999999999994 0.23199999999999998 0.28800000000000003 0.268 0.372 0.29999999999999993 0.292 0.16000000000000003 0.172 0.384 0.33199999999999996 0.28800000000000003 0.30799999999999994 0.15200000000000002 0.356 0.33599999999999997 0.392 0.272 0.356 0.28800000000000003 0.348 0.3400000000000001 0.304 0.376 0.18 0.24000000000000002 0.30400000000000005 0.22 0.348 0.32799999999999996 0.188 0.188 0.176 0.352 0.19199999999999995
	From worker 2:	0.010000000000000004 0.010000000000000004 0.010000000000000004 0.010000000000000004 0.010000000000000004 0.010000000000000004 0.010000000000000004 0.010000000000000004 0.010000000000000004 0.010000000000000004 0.010000000000000004 0.010000000000000004 0.010000000000000004 0.010000000000000004 0.010000000000000004 0.010000000000000004 0.010000000000000004 0.010000000000000004 0.010000000000000004 0.010000000000000004 0.010000000000000004 0.010000000000000004 0.010000000000000004 0.010000000000000004 0.010000000000000004 0.010000000000000004 0.010000000000000004 0.010000000000000004 0.010000000000000004 0.010000000000000004 0.010000000000000004 0.010000000000000004 0.010000000000000004 0.010000000000000004 0.010000000000000004 0.010000000000000004 0.010000000000000004 0.010000000000000004 0.010000000000000004 0.010000000000000004 0.010000000000000004 0.010000000000000004 0.010000000000000004 0.010000000000000004 0.010000000000000004 0.010000000000000004 0.010000000000000004 0.010000000000000004 0.010000000000000004 0.010000000000000004 0.010000000000000004 0.010000000000000004 0.010000000000000004 0.010000000000000004 0.010000000000000004 0.010000000000000004 0.010000000000000004 0.010000000000000004 0.010000000000000004 0.010000000000000004 0.010000000000000004 0.010000000000000004 0.010000000000000004 0.010000000000000004 0.010000000000000004 0.010000000000000004 0.010000000000000004 0.010000000000000004 0.010000000000000004 0.010000000000000004 0.010000000000000004 0.010000000000000004 0.010000000000000004 0.010000000000000004 0.010000000000000004 0.010000000000000004 0.010000000000000004 0.010000000000000004 0.010000000000000004 0.010000000000000004 0.010000000000000004 0.010000000000000004 0.010000000000000004 0.010000000000000004 0.010000000000000004 0.010000000000000004 0.010000000000000004 0.010000000000000004 0.010000000000000004 0.010000000000000004 0.010000000000000004 0.010000000000000004 0.010000000000000004 0.010000000000000004 0.010000000000000004 0.010000000000000004 0.010000000000000004 0.010000000000000004 0.010000000000000004 0.010000000000000004
	From worker 2:	3
	From worker 2:	100 100
	From worker 2:	6320 8596
	From worker 2:	0.4 0.2
	From worker 2:	-----
	From worker 2:	100
	From worker 2:	6320
	From worker 2:	0.4
	From worker 2:	-2.9698646190147837 -1.5996550993852967 -3.8669193142641505
	From worker 2:	-3.2906313532812086 -2.6216688192416924 -3.0829528413600764
	From worker 2:	-3.2560961755545534 -2.806190798414409 -2.7785972863529627
	From worker 2:	-4.51969811795837 -4.499627339838356 -2.8879061789951406
	From worker 2:	-2.9934082389352588 -1.5703189306387078 -4.105425244453913
	From worker 2:	-5.209887172689301 -3.3376644072470865 -4.713807654665426
	From worker 2:	-1.9960734057356566 -2.39821412683206 -2.693574988181006
	From worker 2:	-2.399656645630322 -3.1142973827679503 -2.609327874315437
	From worker 2:	-5.514410363069125 -4.350123791700918 -3.899350187929102
	From worker 2:	-5.2625231421084555 -5.054903502089081 -3.496221050224874
	From worker 2:	-4.046680723344222 -2.980516076784737 -4.105903235316083
	From worker 2:	-4.184821661489178 -4.640262146228152 -2.824852764930006
	From worker 2:	-4.332619630315755 -3.5298974842233006 -3.3669839181999026
	From worker 2:	-5.135588972761554 -4.7083711386240665 -2.7550648590042397
	From worker 2:	-3.860566868691499 -2.155496166734626 -4.13283363670345
	From worker 2:	-4.817836883812746 -3.5574989064270057 -4.19053327578767
	From worker 2:	-5.2275282761251685 -3.8591857341985 -4.12044925823262
	From worker 2:	-4.606500167216326 -3.801658944433955 -3.592340717156899
	From worker 2:	-3.7346291443599458 -2.572511666291209 -3.762999282121053
	From worker 2:	-3.536210073451868 -2.6670314048726924 -3.386116426796496
	From worker 2:	-3.752249634877533 -3.723789370802991 -2.845660471271089
	From worker 2:	-4.220239598018805 -3.8862109737691677 -3.50578127588621
	From worker 2:	-3.490143315922393 -2.8807501834825913 -3.1260048921589507
	From worker 2:	-2.436314781042385 -2.224562238832378 -2.7728582942202706
	From worker 2:	-3.269162718374224 -2.1964179473543566 -3.648709854051372
	From worker 2:	-4.0530481153368605 -2.8335136805475925 -3.784295398104964
	From worker 2:	-3.4975492409850086 -3.1267273691629454 -3.4376062382436374
	From worker 2:	-3.9782265744274 -3.2554226257012244 -3.3965199274818403
	From worker 2:	-4.705479415278955 -3.66440399752327 -3.287836195116691
	From worker 2:	-4.456998946394506 -4.292064964526382 -3.078063383986888
	From worker 2:	-4.69608342659134 -4.158619406278772 -2.903756116052388
	From worker 2:	-3.045394186846174 -3.62632798434005 -2.7958405458976046
	From worker 2:	-3.810491023291997 -3.1951553076020893 -3.233478749565051
	From worker 2:	-3.0378276503861112 -2.1115995788949538 -3.513944395903131
	From worker 2:	-5.41534613726353 -4.617719062764465 -4.253916494900419
	From worker 2:	-5.796561226192259 -4.317183796211838 -4.4039366612498885
	From worker 2:	-4.146915492737289 -3.028354621015876 -3.843152773703295
	From worker 2:	-4.770528628123752 -4.670240868289497 -2.940249878362251
	From worker 2:	-4.637329354739151 -4.560018357845873 -2.709297334143569
	From worker 2:	-4.703770017396861 -3.0107314085597405 -3.929657686213566
	From worker 2:	-2.9538045525495358 -3.153885336991768 -2.8908251053637666
	From worker 2:	-3.68197767323982 -2.7167236652459468 -3.4458411377381415
	From worker 2:	-3.5538932145168816 -3.273573747942783 -3.2260396142786965
	From worker 2:	-3.549513169427851 -1.701559440112975 -4.257042108536976
	From worker 2:	-5.502440890891464 -4.436621178879528 -4.0920546023431585
	From worker 2:	-4.993459719882155 -3.9699079927417875 -4.055617086723195
	From worker 2:	-4.171402250363315 -2.9007758264294723 -3.920873335959204
	From worker 2:	-2.1834091408125516 -3.0259468065636734 -2.628266870158149
	From worker 2:	-3.4538919701130766 -4.230720087690825 -2.5816513320689682
	From worker 2:	-4.565804405459856 -4.810557264854701 -3.346561682669047
	From worker 2:	-4.602597781735131 -3.385079253826166 -3.662420903200179
	From worker 2:	-4.311618443158791 -3.8174932400793327 -3.536664009627603
	From worker 2:	-3.8929728741596743 -2.6416265181195064 -3.6561107671436703
	From worker 2:	-4.737550560708922 -4.080259976523696 -3.7154135331840825
	From worker 2:	-5.5470709850606 -4.09322943693237 -4.3235992037208995
	From worker 2:	-3.1701838066411767 -4.081085659695883 -2.5815819981548063
	From worker 2:	-2.806952803780586 -2.6505986768387193 -2.900114175714887
	From worker 2:	-4.155855197298995 -3.0659579077088575 -3.2480919972387663
	From worker 2:	-5.6909773660004275 -4.966514461449432 -4.050278582298398
	From worker 2:	-4.161984969366781 -3.6722970293787216 -3.037473230302222
	From worker 2:	-4.934129459765766 -4.14750729133564 -3.7180606701076986
	From worker 2:	-3.307254002960612 -2.695706543815846 -3.4083831886325955
	From worker 2:	-2.17400258760994 -2.8807711297861576 -2.662033907372675
	From worker 2:	-4.161264943563631 -2.513088379708239 -3.8893551178922903
	From worker 2:	-3.49952153156981 -4.094644983095618 -2.746955269893421
	From worker 2:	-3.464497095998173 -3.345488763213528 -2.882346595353648
	From worker 2:	-3.4090275622186077 -3.023360488453086 -3.100977133985182
	From worker 2:	-3.731580284204951 -4.177562533362636 -2.705652028017183
	From worker 2:	-5.125921779042855 -4.859571478239451 -2.772712875220273
	From worker 2:	-5.080489258918651 -4.797510046805526 -3.510195607806075
	From worker 2:	-4.776089456845241 -3.82169515086331 -3.4239607483332124
	From worker 2:	-4.838048062959852 -3.9902423640329645 -4.186099668229682
	From worker 2:	-5.694944071324517 -5.185927285211158 -4.017546330477694
	From worker 2:	-5.733019032333253 -4.4217237975154475 -4.289474075196079
	From worker 2:	-5.016740551036884 -5.55366820379322 -2.738223082482657
	From worker 2:	-2.650222737626776 -2.670575290579356 -2.7092300700352725
	From worker 2:	-3.6560014021247187 -3.41638817965902 -2.8443179158506275
	From worker 2:	-2.903251724035673 -3.214035713468207 -2.704234478910178
	From worker 2:	-3.3497903867727326 -3.360606822676689 -2.912866654908886
	From worker 2:	-2.887183612075916 -1.5585321457830439 -3.889062967484186
	From worker 2:	-2.7625413208242025 -3.1807884641419606 -2.677702119494431
	From worker 2:	-4.8083394296983695 -2.351148878448333 -4.768118627430335
	From worker 2:	-3.172898325950981 -3.650251739976 -2.7365856683765903
	From worker 2:	-4.866822738929035 -3.0297497146702366 -3.6589591253296723
	From worker 2:	-3.62776241411877 -2.7302614795493545 -3.5274850026122535
	From worker 2:	-3.700901131477391 -3.297438552437154 -3.5040177187116477
	From worker 2:	-4.04406477134021 -3.451928823944867 -2.854203252880569
	From worker 2:	-3.0838545205633188 -1.7733924424895138 -3.905068445249583
	From worker 2:	-4.626283061219425 -4.366059457529704 -3.7268585634623275
	From worker 2:	-3.8275163448579512 -3.4016544208273176 -3.0585860280359425
	From worker 2:	-3.182406429596242 -2.308397509888875 -3.5392709181599518
	From worker 2:	-3.1723454023454303 -3.899520449773572 -2.7085642925099687
	From worker 2:	-5.32212803995604 -3.681361609170744 -4.293219995423014
	From worker 2:	-3.9890006410416134 -4.365026860673838 -2.60738882997189
	From worker 2:	-4.1049534072491625 -4.589770443864877 -2.676083768331535
	From worker 2:	-5.253154938341693 -4.396541408506302 -4.169074139937616
	From worker 2:	-5.53493719419698 -4.151895226058658 -4.272501892369135
	From worker 2:	-5.3082604730906375 -3.9981899834932726 -3.9669725318273703
	From worker 2:	-3.680896956102594 -2.627033587305422 -3.2068623178275315
	From worker 2:	-3.5299435639282164 -3.371934061708383 -3.0230067901610402
	From worker 2:	0.344 0.2799999999999999 0.344 0.36 0.328 0.392 0.38 0.364 0.188 0.332 0.388 0.248 0.17999999999999994 0.38 0.376 0.18 0.31600000000000006 0.17600000000000005 0.2799999999999999 0.14 0.19999999999999996 0.29600000000000004 0.30400000000000005 0.396 0.248 0.348 0.388 0.188 0.3320000000000001 0.3 0.368 0.392 0.10400000000000001 0.30399999999999994 0.28800000000000003 0.208 0.272 0.344 0.34 0.104 0.396 0.30800000000000005 0.30799999999999994 0.33999999999999997 0.27599999999999997 0.36799999999999994 0.18 0.36 0.38 0.2839999999999999 0.132 0.11199999999999999 0.224 0.272 0.236 0.38 0.26 0.30799999999999994 0.22399999999999998 0.244 0.20800000000000002 0.2 0.344 0.23199999999999993 0.38 0.17999999999999994 0.23199999999999998 0.28800000000000003 0.268 0.372 0.29999999999999993 0.292 0.16000000000000003 0.172 0.384 0.33199999999999996 0.28800000000000003 0.30799999999999994 0.15200000000000002 0.356 0.33599999999999997 0.392 0.272 0.356 0.28800000000000003 0.348 0.3400000000000001 0.304 0.376 0.18 0.24000000000000002 0.30400000000000005 0.22 0.348 0.32799999999999996 0.188 0.188 0.176 0.352 0.19199999999999995
	From worker 2:	0.010000000000000004 0.010000000000000004 0.010000000000000004 0.010000000000000004 0.010000000000000004 0.010000000000000004 0.010000000000000004 0.010000000000000004 0.010000000000000004 0.010000000000000004 0.010000000000000004 0.010000000000000004 0.010000000000000004 0.010000000000000004 0.010000000000000004 0.010000000000000004 0.010000000000000004 0.010000000000000004 0.010000000000000004 0.010000000000000004 0.010000000000000004 0.010000000000000004 0.010000000000000004 0.010000000000000004 0.010000000000000004 0.010000000000000004 0.010000000000000004 0.010000000000000004 0.010000000000000004 0.010000000000000004 0.010000000000000004 0.010000000000000004 0.010000000000000004 0.010000000000000004 0.010000000000000004 0.010000000000000004 0.010000000000000004 0.010000000000000004 0.010000000000000004 0.010000000000000004 0.010000000000000004 0.010000000000000004 0.010000000000000004 0.010000000000000004 0.010000000000000004 0.010000000000000004 0.010000000000000004 0.010000000000000004 0.010000000000000004 0.010000000000000004 0.010000000000000004 0.010000000000000004 0.010000000000000004 0.010000000000000004 0.010000000000000004 0.010000000000000004 0.010000000000000004 0.010000000000000004 0.010000000000000004 0.010000000000000004 0.010000000000000004 0.010000000000000004 0.010000000000000004 0.010000000000000004 0.010000000000000004 0.010000000000000004 0.010000000000000004 0.010000000000000004 0.010000000000000004 0.010000000000000004 0.010000000000000004 0.010000000000000004 0.010000000000000004 0.010000000000000004 0.010000000000000004 0.010000000000000004 0.010000000000000004 0.010000000000000004 0.010000000000000004 0.010000000000000004 0.010000000000000004 0.010000000000000004 0.010000000000000004 0.010000000000000004 0.010000000000000004 0.010000000000000004 0.010000000000000004 0.010000000000000004 0.010000000000000004 0.010000000000000004 0.010000000000000004 0.010000000000000004 0.010000000000000004 0.010000000000000004 0.010000000000000004 0.010000000000000004 0.010000000000000004 0.010000000000000004 0.010000000000000004 0.010000000000000004
	From worker 2:	-----
	From worker 2:	100
	From worker 2:	8596
	From worker 2:	0.2
	From worker 2:	-3.673805393010198 -3.642837521306579 -2.9112844516082395
	From worker 2:	-5.417475316950728 -4.291601359612601 -4.244024167096676
	From worker 2:	-4.103475993055053 -3.1027249810296156 -3.545975213421629
	From worker 2:	-5.910340355695831 -5.234597282696329 -4.163174465252892
	From worker 2:	-3.496991213667192 -2.5505713563459995 -3.541054056304347
	From worker 2:	-5.1462641856409626 -4.012029096529739 -4.249197171679489
	From worker 2:	-4.448610534377285 -3.2745970347063076 -3.9678128990951698
	From worker 2:	-5.673651723204611 -4.490547691346385 -4.258827137076976
	From worker 2:	-4.230670571309292 -3.6444754904690275 -3.2556314358967136
	From worker 2:	-4.444848177547754 -3.0946877969830693 -3.938775124557266
	From worker 2:	-3.39701678441783 -3.1181454132938837 -3.0578169209148114
	From worker 2:	-5.313999595169539 -4.500903205759863 -4.194898554031477
	From worker 2:	-5.24437436665189 -3.978077567476595 -4.284772929255692
	From worker 2:	-4.994777890875948 -3.4199163287667016 -4.297561523390137
	From worker 2:	-4.332112917846315 -3.254939333612468 -3.8786003417373296
	From worker 2:	-4.468577542389536 -3.7320495046124194 -3.899166567039789
	From worker 2:	-5.42312645575287 -4.434779442063001 -4.20914177233106
	From worker 2:	-4.322712203054057 -3.34373326270885 -3.596124550758187
	From worker 2:	-5.318540271285366 -3.641605420865827 -4.309391131581867
	From worker 2:	-4.594347900538253 -3.4040570166329274 -3.742143585687417
	From worker 2:	-4.486490929056624 -3.2456681425619047 -4.220317965965757
	From worker 2:	-4.7848330774789 -3.5561592785084897 -4.101863332218043
	From worker 2:	-3.59248961756911 -3.4784257299438655 -3.0570373239528217
	From worker 2:	-4.182138659037124 -3.4844925839495473 -3.0956977453101318
	From worker 2:	-5.191011245065758 -4.446764817156775 -4.096713978011663
	From worker 2:	-5.236910655775036 -4.00885943003448 -4.26400627978607
	From worker 2:	-3.641846844230491 -3.7556696186879264 -3.0305607662298635
	From worker 2:	-4.805324092856857 -3.042821817280476 -4.212432155601057
	From worker 2:	-3.7898595078969843 -3.525921202069414 -3.1911734054987995
	From worker 2:	-3.6797795863849014 -3.056444274996161 -3.053889882142151
	From worker 2:	-4.3452440559316 -3.4884915915592045 -3.279836908116723
	From worker 2:	-3.6845176479831285 -2.728274816300979 -3.557803381815895
	From worker 2:	-3.880353777293371 -2.858900941707279 -3.541830422060052
	From worker 2:	-4.020764791308197 -3.157164468515085 -3.819885483180236
	From worker 2:	-3.557355286459971 -3.1673297703597916 -3.0475721878405055
	From worker 2:	-3.872376055504288 -2.8085237472454523 -3.8580550399958904
	From worker 2:	-4.096195170062155 -2.9384173098774884 -3.725919264819551
	From worker 2:	-4.27150765737116 -3.1108310830115844 -3.6401188008124583
	From worker 2:	-3.8908553702832003 -4.035454119491875 -3.123547366583443
	From worker 2:	-5.53807023835392 -4.610736182545251 -4.2133373070138225
	From worker 2:	-3.2252887625728808 -3.4011824654334797 -2.8995870924560556
	From worker 2:	-3.968992505537972 -2.887319299243013 -3.596425538906931
	From worker 2:	-3.3440809819112114 -2.7073524807808407 -3.2255311100664037
	From worker 2:	-3.6959405393908438 -3.1802832222403707 -3.1484562258172435
	From worker 2:	-5.331054315784039 -3.4644377852491814 -3.9271052683230687
	From worker 2:	-4.392327797680832 -3.1244878203023347 -3.683870407787058
	From worker 2:	-4.856428215722067 -3.2419722120582812 -4.3399004403481465
	From worker 2:	-3.6454780668767217 -2.938044231498245 -3.4165897349118612
	From worker 2:	-3.7543079738976646 -3.271749607059439 -3.2822567255016395
	From worker 2:	-5.802313978999773 -4.777787503558319 -4.210584528010889
	From worker 2:	-3.452541820027073 -2.4272313897370825 -3.5271544861815434
	From worker 2:	-5.172097219154611 -4.259282048071282 -4.213449158820029
	From worker 2:	-3.486461060415956 -3.541693761770156 -2.8807472409976054
	From worker 2:	-3.6264973176655437 -2.7706398617052344 -3.5260492958733294
	From worker 2:	-3.8659716259127004 -3.0382144964555935 -3.7045459613273843
	From worker 2:	-3.8006637601745377 -2.9730034434084636 -3.378221913455501
	From worker 2:	-5.246900467645364 -3.80420909291911 -4.191584260267181
	From worker 2:	-4.399070351109495 -3.100798298782841 -4.04808172797338
	From worker 2:	-3.373319945154968 -3.03647639310193 -2.9456579703522547
	From worker 2:	-3.288077447486747 -3.141563014673298 -2.9195455381252478
	From worker 2:	-3.2077512053069963 -3.1671674197662396 -2.9432959488485655
	From worker 2:	-3.8115684059619133 -3.1993220963693307 -3.577890852588927
	From worker 2:	-4.927293182784876 -3.4853105154139437 -4.283756834614098
	From worker 2:	-3.3385588742812775 -3.1138698625165575 -3.1180274549704268
	From worker 2:	-3.540529049917223 -3.520200235354188 -2.929890829859634
	From worker 2:	-3.1440740206216433 -2.6807779756906154 -3.078981670202895
	From worker 2:	-4.716621566341392 -3.2672169363591412 -3.776202115824805
	From worker 2:	-4.280230223913751 -3.7337384394915727 -3.536703340659262
	From worker 2:	-3.61158596098813 -3.2682230345125713 -3.3282328926045137
	From worker 2:	-5.323726879844699 -3.744014607186032 -4.3136993837037885
	From worker 2:	-4.655228489559006 -3.661691789945011 -3.9156873471439795
	From worker 2:	-4.162176016183862 -3.194469906861576 -3.6085168345593344
	From worker 2:	-3.5651539372957877 -2.81361841460068 -3.483684927545906
	From worker 2:	-3.9028850843687244 -3.230571271553524 -3.621270090788233
	From worker 2:	-4.346919877464627 -3.5536158386409804 -3.4758813369877544
	From worker 2:	-3.781103873078734 -2.922196744086897 -3.2845240650767
	From worker 2:	-4.326684711277496 -3.932941140623621 -2.8912578541267573
	From worker 2:	-3.65806668428161 -2.855154926332217 -3.3620370532817945
	From worker 2:	-4.231154274400483 -3.756361257104156 -3.30120001096482
	From worker 2:	-3.654979117111093 -4.015934833651398 -3.113368607661295
	From worker 2:	-4.338798716163008 -3.607489222772702 -3.6765225561282437
	From worker 2:	-3.1901693654404863 -2.8740780300317006 -3.102226699430952
	From worker 2:	-3.833637188113009 -2.911771117213954 -3.56501686771854
	From worker 2:	-3.6775156260285855 -2.854645928631977 -3.3327729320043127
	From worker 2:	-5.297159548982882 -4.410786800253713 -4.193949919015244
	From worker 2:	-3.585940105424196 -3.154736177851922 -2.9621577624379363
	From worker 2:	-5.176701061060541 -2.8204242459810804 -4.1429057795074105
	From worker 2:	-4.417536317038022 -3.7211573383441197 -3.553299535554745
	From worker 2:	-4.177256482999417 -3.1391542591002413 -3.8369991452136527
	From worker 2:	-3.8167139394508 -3.1220531698865592 -3.1903890494736107
	From worker 2:	-3.455804712011435 -3.1085764414293084 -3.1216823322812024
	From worker 2:	-3.7333145895827045 -3.2263138903039197 -3.0783110029578604
	From worker 2:	-4.055087201856186 -3.7953547703166133 -3.2388210816269734
	From worker 2:	-5.6465809848250155 -5.139953893892527 -4.0009257813622465
	From worker 2:	-4.354967647229222 -3.519504879013304 -3.9152548351699075
	From worker 2:	-4.762118122237068 -3.9812438592984414 -3.7911395427903485
	From worker 2:	-3.692448378466252 -2.4778257870014926 -3.881834260163193
	From worker 2:	-4.591080310189235 -3.3261876987978694 -3.866615013718544
	From worker 2:	-5.916515911267802 -5.207680731014188 -4.17168668775482
	From worker 2:	-4.047339892013153 -3.7028956978906207 -3.0437418285962976
	From worker 2:	0.16400000000000003 0.184 0.136 0.19600000000000006 0.18400000000000005 0.192 0.196 0.18 0.124 0.18 0.11199999999999999 0.188 0.188 0.18 0.19999999999999996 0.10799999999999998 0.156 0.13200000000000006 0.16000000000000003 0.152 0.18400000000000005 0.192 0.16800000000000004 0.11199999999999999 0.14400000000000002 0.172 0.08399999999999996 0.188 0.132 0.19600000000000006 0.196 0.128 0.14800000000000002 0.16000000000000003 0.16399999999999992 0.196 0.19999999999999996 0.17199999999999993 0.16800000000000004 0.192 0.15600000000000003 0.18799999999999994 0.14 0.172 0.18800000000000003 0.13999999999999996 0.192 0.136 0.14 0.132 0.188 0.188 0.17200000000000004 0.14 0.14800000000000002 0.132 0.192 0.172 0.132 0.19599999999999995 0.196 0.10000000000000009 0.184 0.128 0.14800000000000002 0.15999999999999992 0.184 0.18000000000000005 0.19200000000000006 0.168 0.132 0.184 0.15200000000000002 0.18400000000000005 0.184 0.16000000000000003 0.196 0.19599999999999995 0.1519999999999999 0.18 0.132 0.184 0.19999999999999996 0.15600000000000003 0.176 0.19999999999999996 0.196 0.15600000000000003 0.18 0.18400000000000005 0.1359999999999999 0.15199999999999997 0.18800000000000003 0.16800000000000004 0.18399999999999994 0.124 0.18 0.132 0.196 0.11199999999999999
	From worker 2:	0.009181989347877227 0.011977287047758087 0.008560331914561663 0.01865263297530266 0.010349231402654301 0.011131165220902793 0.009499954921256172 0.013430324898115291 0.008182926780355081 0.009705569967628728 0.009319858137080387 0.011904906176320423 0.011544216129896246 0.011727839606234617 0.009147481859702832 0.008935670160662103 0.012072434012869037 0.00835542566424193 0.01215889576407664 0.008701624617705656 0.011071937130370465 0.009976483393390924 0.008824098362833509 0.008488532881816169 0.011003692314026823 0.011393465246275991 0.008968350089475817 0.011834702369006241 0.008388501791099217 0.009064213075855096 0.008253187350892522 0.00957598414938734 0.00907359959248515 0.009177810693694298 0.009044848159171545 0.010143324947660707 0.009221503478195114 0.008716972312446069 0.00886736132467611 0.012986555611044427 0.009994777402972456 0.009064272544876843 0.00996550551674573 0.008690270098026195 0.010641372277149262 0.008839586641139744 0.012327722685588367 0.008970269886919766 0.008427118291559314 0.014856963269348916 0.010871430894260244 0.011211923360845777 0.009517195311527315 0.009479022692655666 0.009095903773483375 0.008752746207014309 0.010993165788375225 0.010216796816673548 0.009787104481241203 0.009904177378322753 0.009990636556784773 0.008647730329606832 0.011388513565647672 0.009329831012315245 0.009247919937761381 0.010739112852132362 0.009124596808783789 0.008173355540907564 0.008592943553447035 0.012062371908815383 0.009026349349650352 0.008514298205543993 0.009398532533564314 0.008615911362842796 0.008137939484623227 0.008885899675921044 0.009387269950005266 0.009098594378722251 0.008167775173101235 0.009205622189948998 0.008342902780762215 0.010074421287651712 0.009022551575893073 0.009081621959983575 0.011622878020287285 0.009269675093108136 0.013563513302016505 0.008193038648093917 0.009182496282322143 0.008622808639257656 0.009109546807719662 0.008746896178652755 0.00827871613515319 0.015282004267427967 0.009050483533835918 0.008818704097505127 0.011597795239421184 0.009117886885133614 0.01848591682469334 0.00857872187322413
	From worker 2:	3
	From worker 2:	100 100 100
	From worker 2:	6320 8596 107419
	From worker 2:	0.4 0.2 0.1
	From worker 2:	-----
	From worker 2:	100
	From worker 2:	6320
	From worker 2:	0.4
	From worker 2:	-2.9698646190147837 -1.5996550993852967 -3.8669193142641505
	From worker 2:	-3.2906313532812086 -2.6216688192416924 -3.0829528413600764
	From worker 2:	-3.2560961755545534 -2.806190798414409 -2.7785972863529627
	From worker 2:	-4.51969811795837 -4.499627339838356 -2.8879061789951406
	From worker 2:	-2.9934082389352588 -1.5703189306387078 -4.105425244453913
	From worker 2:	-5.209887172689301 -3.3376644072470865 -4.713807654665426
	From worker 2:	-1.9960734057356566 -2.39821412683206 -2.693574988181006
	From worker 2:	-2.399656645630322 -3.1142973827679503 -2.609327874315437
	From worker 2:	-5.514410363069125 -4.350123791700918 -3.899350187929102
	From worker 2:	-5.2625231421084555 -5.054903502089081 -3.496221050224874
	From worker 2:	-4.046680723344222 -2.980516076784737 -4.105903235316083
	From worker 2:	-4.184821661489178 -4.640262146228152 -2.824852764930006
	From worker 2:	-4.332619630315755 -3.5298974842233006 -3.3669839181999026
	From worker 2:	-5.135588972761554 -4.7083711386240665 -2.7550648590042397
	From worker 2:	-3.860566868691499 -2.155496166734626 -4.13283363670345
	From worker 2:	-4.817836883812746 -3.5574989064270057 -4.19053327578767
	From worker 2:	-5.2275282761251685 -3.8591857341985 -4.12044925823262
	From worker 2:	-4.606500167216326 -3.801658944433955 -3.592340717156899
	From worker 2:	-3.7346291443599458 -2.572511666291209 -3.762999282121053
	From worker 2:	-3.536210073451868 -2.6670314048726924 -3.386116426796496
	From worker 2:	-3.752249634877533 -3.723789370802991 -2.845660471271089
	From worker 2:	-4.220239598018805 -3.8862109737691677 -3.50578127588621
	From worker 2:	-3.490143315922393 -2.8807501834825913 -3.1260048921589507
	From worker 2:	-2.436314781042385 -2.224562238832378 -2.7728582942202706
	From worker 2:	-3.269162718374224 -2.1964179473543566 -3.648709854051372
	From worker 2:	-4.0530481153368605 -2.8335136805475925 -3.784295398104964
	From worker 2:	-3.4975492409850086 -3.1267273691629454 -3.4376062382436374
	From worker 2:	-3.9782265744274 -3.2554226257012244 -3.3965199274818403
	From worker 2:	-4.705479415278955 -3.66440399752327 -3.287836195116691
	From worker 2:	-4.456998946394506 -4.292064964526382 -3.078063383986888
	From worker 2:	-4.69608342659134 -4.158619406278772 -2.903756116052388
	From worker 2:	-3.045394186846174 -3.62632798434005 -2.7958405458976046
	From worker 2:	-3.810491023291997 -3.1951553076020893 -3.233478749565051
	From worker 2:	-3.0378276503861112 -2.1115995788949538 -3.513944395903131
	From worker 2:	-5.41534613726353 -4.617719062764465 -4.253916494900419
	From worker 2:	-5.796561226192259 -4.317183796211838 -4.4039366612498885
	From worker 2:	-4.146915492737289 -3.028354621015876 -3.843152773703295
	From worker 2:	-4.770528628123752 -4.670240868289497 -2.940249878362251
	From worker 2:	-4.637329354739151 -4.560018357845873 -2.709297334143569
	From worker 2:	-4.703770017396861 -3.0107314085597405 -3.929657686213566
	From worker 2:	-2.9538045525495358 -3.153885336991768 -2.8908251053637666
	From worker 2:	-3.68197767323982 -2.7167236652459468 -3.4458411377381415
	From worker 2:	-3.5538932145168816 -3.273573747942783 -3.2260396142786965
	From worker 2:	-3.549513169427851 -1.701559440112975 -4.257042108536976
	From worker 2:	-5.502440890891464 -4.436621178879528 -4.0920546023431585
	From worker 2:	-4.993459719882155 -3.9699079927417875 -4.055617086723195
	From worker 2:	-4.171402250363315 -2.9007758264294723 -3.920873335959204
	From worker 2:	-2.1834091408125516 -3.0259468065636734 -2.628266870158149
	From worker 2:	-3.4538919701130766 -4.230720087690825 -2.5816513320689682
	From worker 2:	-4.565804405459856 -4.810557264854701 -3.346561682669047
	From worker 2:	-4.602597781735131 -3.385079253826166 -3.662420903200179
	From worker 2:	-4.311618443158791 -3.8174932400793327 -3.536664009627603
	From worker 2:	-3.8929728741596743 -2.6416265181195064 -3.6561107671436703
	From worker 2:	-4.737550560708922 -4.080259976523696 -3.7154135331840825
	From worker 2:	-5.5470709850606 -4.09322943693237 -4.3235992037208995
	From worker 2:	-3.1701838066411767 -4.081085659695883 -2.5815819981548063
	From worker 2:	-2.806952803780586 -2.6505986768387193 -2.900114175714887
	From worker 2:	-4.155855197298995 -3.0659579077088575 -3.2480919972387663
	From worker 2:	-5.6909773660004275 -4.966514461449432 -4.050278582298398
	From worker 2:	-4.161984969366781 -3.6722970293787216 -3.037473230302222
	From worker 2:	-4.934129459765766 -4.14750729133564 -3.7180606701076986
	From worker 2:	-3.307254002960612 -2.695706543815846 -3.4083831886325955
	From worker 2:	-2.17400258760994 -2.8807711297861576 -2.662033907372675
	From worker 2:	-4.161264943563631 -2.513088379708239 -3.8893551178922903
	From worker 2:	-3.49952153156981 -4.094644983095618 -2.746955269893421
	From worker 2:	-3.464497095998173 -3.345488763213528 -2.882346595353648
	From worker 2:	-3.4090275622186077 -3.023360488453086 -3.100977133985182
	From worker 2:	-3.731580284204951 -4.177562533362636 -2.705652028017183
	From worker 2:	-5.125921779042855 -4.859571478239451 -2.772712875220273
	From worker 2:	-5.080489258918651 -4.797510046805526 -3.510195607806075
	From worker 2:	-4.776089456845241 -3.82169515086331 -3.4239607483332124
	From worker 2:	-4.838048062959852 -3.9902423640329645 -4.186099668229682
	From worker 2:	-5.694944071324517 -5.185927285211158 -4.017546330477694
	From worker 2:	-5.733019032333253 -4.4217237975154475 -4.289474075196079
	From worker 2:	-5.016740551036884 -5.55366820379322 -2.738223082482657
	From worker 2:	-2.650222737626776 -2.670575290579356 -2.7092300700352725
	From worker 2:	-3.6560014021247187 -3.41638817965902 -2.8443179158506275
	From worker 2:	-2.903251724035673 -3.214035713468207 -2.704234478910178
	From worker 2:	-3.3497903867727326 -3.360606822676689 -2.912866654908886
	From worker 2:	-2.887183612075916 -1.5585321457830439 -3.889062967484186
	From worker 2:	-2.7625413208242025 -3.1807884641419606 -2.677702119494431
	From worker 2:	-4.8083394296983695 -2.351148878448333 -4.768118627430335
	From worker 2:	-3.172898325950981 -3.650251739976 -2.7365856683765903
	From worker 2:	-4.866822738929035 -3.0297497146702366 -3.6589591253296723
	From worker 2:	-3.62776241411877 -2.7302614795493545 -3.5274850026122535
	From worker 2:	-3.700901131477391 -3.297438552437154 -3.5040177187116477
	From worker 2:	-4.04406477134021 -3.451928823944867 -2.854203252880569
	From worker 2:	-3.0838545205633188 -1.7733924424895138 -3.905068445249583
	From worker 2:	-4.626283061219425 -4.366059457529704 -3.7268585634623275
	From worker 2:	-3.8275163448579512 -3.4016544208273176 -3.0585860280359425
	From worker 2:	-3.182406429596242 -2.308397509888875 -3.5392709181599518
	From worker 2:	-3.1723454023454303 -3.899520449773572 -2.7085642925099687
	From worker 2:	-5.32212803995604 -3.681361609170744 -4.293219995423014
	From worker 2:	-3.9890006410416134 -4.365026860673838 -2.60738882997189
	From worker 2:	-4.1049534072491625 -4.589770443864877 -2.676083768331535
	From worker 2:	-5.253154938341693 -4.396541408506302 -4.169074139937616
	From worker 2:	-5.53493719419698 -4.151895226058658 -4.272501892369135
	From worker 2:	-5.3082604730906375 -3.9981899834932726 -3.9669725318273703
	From worker 2:	-3.680896956102594 -2.627033587305422 -3.2068623178275315
	From worker 2:	-3.5299435639282164 -3.371934061708383 -3.0230067901610402
	From worker 2:	0.344 0.2799999999999999 0.344 0.36 0.328 0.392 0.38 0.364 0.188 0.332 0.388 0.248 0.17999999999999994 0.38 0.376 0.18 0.31600000000000006 0.17600000000000005 0.2799999999999999 0.14 0.19999999999999996 0.29600000000000004 0.30400000000000005 0.396 0.248 0.348 0.388 0.188 0.3320000000000001 0.3 0.368 0.392 0.10400000000000001 0.30399999999999994 0.28800000000000003 0.208 0.272 0.344 0.34 0.104 0.396 0.30800000000000005 0.30799999999999994 0.33999999999999997 0.27599999999999997 0.36799999999999994 0.18 0.36 0.38 0.2839999999999999 0.132 0.11199999999999999 0.224 0.272 0.236 0.38 0.26 0.30799999999999994 0.22399999999999998 0.244 0.20800000000000002 0.2 0.344 0.23199999999999993 0.38 0.17999999999999994 0.23199999999999998 0.28800000000000003 0.268 0.372 0.29999999999999993 0.292 0.16000000000000003 0.172 0.384 0.33199999999999996 0.28800000000000003 0.30799999999999994 0.15200000000000002 0.356 0.33599999999999997 0.392 0.272 0.356 0.28800000000000003 0.348 0.3400000000000001 0.304 0.376 0.18 0.24000000000000002 0.30400000000000005 0.22 0.348 0.32799999999999996 0.188 0.188 0.176 0.352 0.19199999999999995
	From worker 2:	0.010000000000000004 0.010000000000000004 0.010000000000000004 0.010000000000000004 0.010000000000000004 0.010000000000000004 0.010000000000000004 0.010000000000000004 0.010000000000000004 0.010000000000000004 0.010000000000000004 0.010000000000000004 0.010000000000000004 0.010000000000000004 0.010000000000000004 0.010000000000000004 0.010000000000000004 0.010000000000000004 0.010000000000000004 0.010000000000000004 0.010000000000000004 0.010000000000000004 0.010000000000000004 0.010000000000000004 0.010000000000000004 0.010000000000000004 0.010000000000000004 0.010000000000000004 0.010000000000000004 0.010000000000000004 0.010000000000000004 0.010000000000000004 0.010000000000000004 0.010000000000000004 0.010000000000000004 0.010000000000000004 0.010000000000000004 0.010000000000000004 0.010000000000000004 0.010000000000000004 0.010000000000000004 0.010000000000000004 0.010000000000000004 0.010000000000000004 0.010000000000000004 0.010000000000000004 0.010000000000000004 0.010000000000000004 0.010000000000000004 0.010000000000000004 0.010000000000000004 0.010000000000000004 0.010000000000000004 0.010000000000000004 0.010000000000000004 0.010000000000000004 0.010000000000000004 0.010000000000000004 0.010000000000000004 0.010000000000000004 0.010000000000000004 0.010000000000000004 0.010000000000000004 0.010000000000000004 0.010000000000000004 0.010000000000000004 0.010000000000000004 0.010000000000000004 0.010000000000000004 0.010000000000000004 0.010000000000000004 0.010000000000000004 0.010000000000000004 0.010000000000000004 0.010000000000000004 0.010000000000000004 0.010000000000000004 0.010000000000000004 0.010000000000000004 0.010000000000000004 0.010000000000000004 0.010000000000000004 0.010000000000000004 0.010000000000000004 0.010000000000000004 0.010000000000000004 0.010000000000000004 0.010000000000000004 0.010000000000000004 0.010000000000000004 0.010000000000000004 0.010000000000000004 0.010000000000000004 0.010000000000000004 0.010000000000000004 0.010000000000000004 0.010000000000000004 0.010000000000000004 0.010000000000000004 0.010000000000000004
	From worker 2:	-----
	From worker 2:	100
	From worker 2:	8596
	From worker 2:	0.2
	From worker 2:	-3.673805393010198 -3.642837521306579 -2.9112844516082395
	From worker 2:	-5.417475316950728 -4.291601359612601 -4.244024167096676
	From worker 2:	-4.103475993055053 -3.1027249810296156 -3.545975213421629
	From worker 2:	-5.910340355695831 -5.234597282696329 -4.163174465252892
	From worker 2:	-3.496991213667192 -2.5505713563459995 -3.541054056304347
	From worker 2:	-5.1462641856409626 -4.012029096529739 -4.249197171679489
	From worker 2:	-4.448610534377285 -3.2745970347063076 -3.9678128990951698
	From worker 2:	-5.673651723204611 -4.490547691346385 -4.258827137076976
	From worker 2:	-4.230670571309292 -3.6444754904690275 -3.2556314358967136
	From worker 2:	-4.444848177547754 -3.0946877969830693 -3.938775124557266
	From worker 2:	-3.39701678441783 -3.1181454132938837 -3.0578169209148114
	From worker 2:	-5.313999595169539 -4.500903205759863 -4.194898554031477
	From worker 2:	-5.24437436665189 -3.978077567476595 -4.284772929255692
	From worker 2:	-4.994777890875948 -3.4199163287667016 -4.297561523390137
	From worker 2:	-4.332112917846315 -3.254939333612468 -3.8786003417373296
	From worker 2:	-4.468577542389536 -3.7320495046124194 -3.899166567039789
	From worker 2:	-5.42312645575287 -4.434779442063001 -4.20914177233106
	From worker 2:	-4.322712203054057 -3.34373326270885 -3.596124550758187
	From worker 2:	-5.318540271285366 -3.641605420865827 -4.309391131581867
	From worker 2:	-4.594347900538253 -3.4040570166329274 -3.742143585687417
	From worker 2:	-4.486490929056624 -3.2456681425619047 -4.220317965965757
	From worker 2:	-4.7848330774789 -3.5561592785084897 -4.101863332218043
	From worker 2:	-3.59248961756911 -3.4784257299438655 -3.0570373239528217
	From worker 2:	-4.182138659037124 -3.4844925839495473 -3.0956977453101318
	From worker 2:	-5.191011245065758 -4.446764817156775 -4.096713978011663
	From worker 2:	-5.236910655775036 -4.00885943003448 -4.26400627978607
	From worker 2:	-3.641846844230491 -3.7556696186879264 -3.0305607662298635
	From worker 2:	-4.805324092856857 -3.042821817280476 -4.212432155601057
	From worker 2:	-3.7898595078969843 -3.525921202069414 -3.1911734054987995
	From worker 2:	-3.6797795863849014 -3.056444274996161 -3.053889882142151
	From worker 2:	-4.3452440559316 -3.4884915915592045 -3.279836908116723
	From worker 2:	-3.6845176479831285 -2.728274816300979 -3.557803381815895
	From worker 2:	-3.880353777293371 -2.858900941707279 -3.541830422060052
	From worker 2:	-4.020764791308197 -3.157164468515085 -3.819885483180236
	From worker 2:	-3.557355286459971 -3.1673297703597916 -3.0475721878405055
	From worker 2:	-3.872376055504288 -2.8085237472454523 -3.8580550399958904
	From worker 2:	-4.096195170062155 -2.9384173098774884 -3.725919264819551
	From worker 2:	-4.27150765737116 -3.1108310830115844 -3.6401188008124583
	From worker 2:	-3.8908553702832003 -4.035454119491875 -3.123547366583443
	From worker 2:	-5.53807023835392 -4.610736182545251 -4.2133373070138225
	From worker 2:	-3.2252887625728808 -3.4011824654334797 -2.8995870924560556
	From worker 2:	-3.968992505537972 -2.887319299243013 -3.596425538906931
	From worker 2:	-3.3440809819112114 -2.7073524807808407 -3.2255311100664037
	From worker 2:	-3.6959405393908438 -3.1802832222403707 -3.1484562258172435
	From worker 2:	-5.331054315784039 -3.4644377852491814 -3.9271052683230687
	From worker 2:	-4.392327797680832 -3.1244878203023347 -3.683870407787058
	From worker 2:	-4.856428215722067 -3.2419722120582812 -4.3399004403481465
	From worker 2:	-3.6454780668767217 -2.938044231498245 -3.4165897349118612
	From worker 2:	-3.7543079738976646 -3.271749607059439 -3.2822567255016395
	From worker 2:	-5.802313978999773 -4.777787503558319 -4.210584528010889
	From worker 2:	-3.452541820027073 -2.4272313897370825 -3.5271544861815434
	From worker 2:	-5.172097219154611 -4.259282048071282 -4.213449158820029
	From worker 2:	-3.486461060415956 -3.541693761770156 -2.8807472409976054
	From worker 2:	-3.6264973176655437 -2.7706398617052344 -3.5260492958733294
	From worker 2:	-3.8659716259127004 -3.0382144964555935 -3.7045459613273843
	From worker 2:	-3.8006637601745377 -2.9730034434084636 -3.378221913455501
	From worker 2:	-5.246900467645364 -3.80420909291911 -4.191584260267181
	From worker 2:	-4.399070351109495 -3.100798298782841 -4.04808172797338
	From worker 2:	-3.373319945154968 -3.03647639310193 -2.9456579703522547
	From worker 2:	-3.288077447486747 -3.141563014673298 -2.9195455381252478
	From worker 2:	-3.2077512053069963 -3.1671674197662396 -2.9432959488485655
	From worker 2:	-3.8115684059619133 -3.1993220963693307 -3.577890852588927
	From worker 2:	-4.927293182784876 -3.4853105154139437 -4.283756834614098
	From worker 2:	-3.3385588742812775 -3.1138698625165575 -3.1180274549704268
	From worker 2:	-3.540529049917223 -3.520200235354188 -2.929890829859634
	From worker 2:	-3.1440740206216433 -2.6807779756906154 -3.078981670202895
	From worker 2:	-4.716621566341392 -3.2672169363591412 -3.776202115824805
	From worker 2:	-4.280230223913751 -3.7337384394915727 -3.536703340659262
	From worker 2:	-3.61158596098813 -3.2682230345125713 -3.3282328926045137
	From worker 2:	-5.323726879844699 -3.744014607186032 -4.3136993837037885
	From worker 2:	-4.655228489559006 -3.661691789945011 -3.9156873471439795
	From worker 2:	-4.162176016183862 -3.194469906861576 -3.6085168345593344
	From worker 2:	-3.5651539372957877 -2.81361841460068 -3.483684927545906
	From worker 2:	-3.9028850843687244 -3.230571271553524 -3.621270090788233
	From worker 2:	-4.346919877464627 -3.5536158386409804 -3.4758813369877544
	From worker 2:	-3.781103873078734 -2.922196744086897 -3.2845240650767
	From worker 2:	-4.326684711277496 -3.932941140623621 -2.8912578541267573
	From worker 2:	-3.65806668428161 -2.855154926332217 -3.3620370532817945
	From worker 2:	-4.231154274400483 -3.756361257104156 -3.30120001096482
	From worker 2:	-3.654979117111093 -4.015934833651398 -3.113368607661295
	From worker 2:	-4.338798716163008 -3.607489222772702 -3.6765225561282437
	From worker 2:	-3.1901693654404863 -2.8740780300317006 -3.102226699430952
	From worker 2:	-3.833637188113009 -2.911771117213954 -3.56501686771854
	From worker 2:	-3.6775156260285855 -2.854645928631977 -3.3327729320043127
	From worker 2:	-5.297159548982882 -4.410786800253713 -4.193949919015244
	From worker 2:	-3.585940105424196 -3.154736177851922 -2.9621577624379363
	From worker 2:	-5.176701061060541 -2.8204242459810804 -4.1429057795074105
	From worker 2:	-4.417536317038022 -3.7211573383441197 -3.553299535554745
	From worker 2:	-4.177256482999417 -3.1391542591002413 -3.8369991452136527
	From worker 2:	-3.8167139394508 -3.1220531698865592 -3.1903890494736107
	From worker 2:	-3.455804712011435 -3.1085764414293084 -3.1216823322812024
	From worker 2:	-3.7333145895827045 -3.2263138903039197 -3.0783110029578604
	From worker 2:	-4.055087201856186 -3.7953547703166133 -3.2388210816269734
	From worker 2:	-5.6465809848250155 -5.139953893892527 -4.0009257813622465
	From worker 2:	-4.354967647229222 -3.519504879013304 -3.9152548351699075
	From worker 2:	-4.762118122237068 -3.9812438592984414 -3.7911395427903485
	From worker 2:	-3.692448378466252 -2.4778257870014926 -3.881834260163193
	From worker 2:	-4.591080310189235 -3.3261876987978694 -3.866615013718544
	From worker 2:	-5.916515911267802 -5.207680731014188 -4.17168668775482
	From worker 2:	-4.047339892013153 -3.7028956978906207 -3.0437418285962976
	From worker 2:	0.16400000000000003 0.184 0.136 0.19600000000000006 0.18400000000000005 0.192 0.196 0.18 0.124 0.18 0.11199999999999999 0.188 0.188 0.18 0.19999999999999996 0.10799999999999998 0.156 0.13200000000000006 0.16000000000000003 0.152 0.18400000000000005 0.192 0.16800000000000004 0.11199999999999999 0.14400000000000002 0.172 0.08399999999999996 0.188 0.132 0.19600000000000006 0.196 0.128 0.14800000000000002 0.16000000000000003 0.16399999999999992 0.196 0.19999999999999996 0.17199999999999993 0.16800000000000004 0.192 0.15600000000000003 0.18799999999999994 0.14 0.172 0.18800000000000003 0.13999999999999996 0.192 0.136 0.14 0.132 0.188 0.188 0.17200000000000004 0.14 0.14800000000000002 0.132 0.192 0.172 0.132 0.19599999999999995 0.196 0.10000000000000009 0.184 0.128 0.14800000000000002 0.15999999999999992 0.184 0.18000000000000005 0.19200000000000006 0.168 0.132 0.184 0.15200000000000002 0.18400000000000005 0.184 0.16000000000000003 0.196 0.19599999999999995 0.1519999999999999 0.18 0.132 0.184 0.19999999999999996 0.15600000000000003 0.176 0.19999999999999996 0.196 0.15600000000000003 0.18 0.18400000000000005 0.1359999999999999 0.15199999999999997 0.18800000000000003 0.16800000000000004 0.18399999999999994 0.124 0.18 0.132 0.196 0.11199999999999999
	From worker 2:	0.009181989347877227 0.011977287047758087 0.008560331914561663 0.01865263297530266 0.010349231402654301 0.011131165220902793 0.009499954921256172 0.013430324898115291 0.008182926780355081 0.009705569967628728 0.009319858137080387 0.011904906176320423 0.011544216129896246 0.011727839606234617 0.009147481859702832 0.008935670160662103 0.012072434012869037 0.00835542566424193 0.01215889576407664 0.008701624617705656 0.011071937130370465 0.009976483393390924 0.008824098362833509 0.008488532881816169 0.011003692314026823 0.011393465246275991 0.008968350089475817 0.011834702369006241 0.008388501791099217 0.009064213075855096 0.008253187350892522 0.00957598414938734 0.00907359959248515 0.009177810693694298 0.009044848159171545 0.010143324947660707 0.009221503478195114 0.008716972312446069 0.00886736132467611 0.012986555611044427 0.009994777402972456 0.009064272544876843 0.00996550551674573 0.008690270098026195 0.010641372277149262 0.008839586641139744 0.012327722685588367 0.008970269886919766 0.008427118291559314 0.014856963269348916 0.010871430894260244 0.011211923360845777 0.009517195311527315 0.009479022692655666 0.009095903773483375 0.008752746207014309 0.010993165788375225 0.010216796816673548 0.009787104481241203 0.009904177378322753 0.009990636556784773 0.008647730329606832 0.011388513565647672 0.009329831012315245 0.009247919937761381 0.010739112852132362 0.009124596808783789 0.008173355540907564 0.008592943553447035 0.012062371908815383 0.009026349349650352 0.008514298205543993 0.009398532533564314 0.008615911362842796 0.008137939484623227 0.008885899675921044 0.009387269950005266 0.009098594378722251 0.008167775173101235 0.009205622189948998 0.008342902780762215 0.010074421287651712 0.009022551575893073 0.009081621959983575 0.011622878020287285 0.009269675093108136 0.013563513302016505 0.008193038648093917 0.009182496282322143 0.008622808639257656 0.009109546807719662 0.008746896178652755 0.00827871613515319 0.015282004267427967 0.009050483533835918 0.008818704097505127 0.011597795239421184 0.009117886885133614 0.01848591682469334 0.00857872187322413
	From worker 2:	-----
	From worker 2:	100
	From worker 2:	107419
	From worker 2:	0.1
	From worker 2:	-3.4459104315147306 -2.9347476696463435 -3.2758302777498836
	From worker 2:	-4.430036912460295 -3.6727226150994507 -3.7655490681536805
	From worker 2:	-3.9290265785729273 -3.3931863719966797 -3.2196262304523353
	From worker 2:	-3.3925800787238156 -2.968158314474056 -3.126901186144932
	From worker 2:	-4.819728140631581 -3.7323976228519506 -3.7128992448991633
	From worker 2:	-4.072163504905808 -3.079755482515418 -3.7804921592341234
	From worker 2:	-4.033738133765449 -3.3820212258300866 -3.554462997760727
	From worker 2:	-3.755453635765933 -2.855220162321917 -3.636996945587593
	From worker 2:	-3.52733485645655 -2.895845649581724 -3.3092081266413866
	From worker 2:	-3.4437292260504355 -2.8370729928152 -3.4745201783819057
	From worker 2:	-4.346441592536131 -3.4290298501073404 -3.7014991421805883
	From worker 2:	-3.7582957337094336 -3.2074297916335053 -3.4463971583955386
	From worker 2:	-4.986184239113852 -4.221161832015027 -3.909722731430957
	From worker 2:	-4.290601437971518 -3.019597237553923 -3.748616719371103
	From worker 2:	-4.115384453915148 -3.6369131989980197 -3.5916226860905147
	From worker 2:	-3.749211839342819 -3.4092661999550335 -3.287044152643728
	From worker 2:	-4.709548388744205 -3.7575488384464304 -3.8842407550797016
	From worker 2:	-5.608854365282506 -5.025600085520136 -3.8930424292856225
	From worker 2:	-3.973567097041609 -3.3278540032850112 -3.4839665170177954
	From worker 2:	-3.7075544331871746 -3.106504797243365 -3.2515347587220793
	From worker 2:	-4.22461350946147 -3.3455132217935617 -3.634665825759356
	From worker 2:	-4.215941215609696 -3.452045680198876 -3.3797129926486553
	From worker 2:	-3.711510054174756 -3.4211588709129725 -3.2788174988609065
	From worker 2:	-4.028591525332146 -3.601345856645938 -3.3434480411143284
	From worker 2:	-4.186949566654556 -3.241164646164826 -3.453966340629291
	From worker 2:	-4.267011933071262 -3.256117880538126 -3.403001687247565
	From worker 2:	-3.951534111474645 -3.121651214156148 -3.4169955098765037
	From worker 2:	-3.966730077402695 -3.390024212516507 -3.7465366959487905
	From worker 2:	-3.9300793611620732 -2.9350118745775027 -3.3806484672985695
	From worker 2:	-4.249046560496925 -3.344626791325476 -3.864129684438135
	From worker 2:	-3.9514389830200995 -3.453299377381325 -3.2983141868886428
	From worker 2:	-4.156134256409853 -3.2515561541977873 -3.687131749784278
	From worker 2:	-3.9773439191763296 -3.387852475931984 -3.3720215664476827
	From worker 2:	-3.8536664473676816 -2.8392190530428083 -3.4102601177677725
	From worker 2:	-3.7052210661366187 -3.361201953055732 -3.151496959539588
	From worker 2:	-3.5674547979357167 -3.1767278772882945 -3.2578442255622146
	From worker 2:	-3.89141272519128 -3.1035802954836273 -3.6728272960726245
	From worker 2:	-3.891460203531278 -3.599136096412192 -3.3484219584372408
	From worker 2:	-3.830385064979506 -3.2696125308395794 -3.2918623921866836
	From worker 2:	-3.947498900829561 -3.154597376874721 -3.508523743948921
	From worker 2:	-3.9097522002988625 -2.9215030307478815 -3.5867749763008554
	From worker 2:	-3.560790545216381 -3.3276125297004517 -3.083305199904927
	From worker 2:	-3.98983596633952 -3.381145239881202 -3.472904236310893
	From worker 2:	-3.8536949577265465 -3.0985197670403073 -3.3000481113880267
	From worker 2:	-4.243247045383283 -3.336388840996481 -3.4505994631596058
	From worker 2:	-3.8060030339634885 -3.1536238382101827 -3.514001323342004
	From worker 2:	-4.06066012276604 -3.180759764945387 -3.4090179222563997
	From worker 2:	-3.8969867141583934 -3.713198473952865 -3.4061897173045237
	From worker 2:	-4.134277819262363 -3.6572059601200158 -3.253171741260225
	From worker 2:	-4.170706039867833 -3.3627864572178354 -3.634072212417188
	From worker 2:	-4.019248649756713 -3.0504667790242856 -3.6789793988239516
	From worker 2:	-4.787471856999275 -4.094779783139929 -3.8643821352398855
	From worker 2:	-3.98644439486164 -3.066488776991723 -3.285087459457851
	From worker 2:	-4.15521999150041 -2.9722532148004293 -3.819622817054542
	From worker 2:	-3.6958350791501045 -3.275340608419592 -3.2225872438784324
	From worker 2:	-4.109165005122456 -3.189631743353679 -3.7444283718226203
	From worker 2:	-3.610435348292587 -2.953090045839328 -3.173280550241463
	From worker 2:	-3.7469715977766835 -2.664875462909799 -3.5894141904622856
	From worker 2:	-4.6332520538139175 -3.9249325867997844 -3.527266586456636
	From worker 2:	-4.071739289718083 -3.3435504465393566 -3.549079146108611
	From worker 2:	-4.067929222819755 -3.3031423698191875 -3.3977439074846463
	From worker 2:	-3.9769362703123883 -3.342639257556508 -3.5426281934567547
	From worker 2:	-4.492676505481605 -3.5450581611830683 -3.848558565501026
	From worker 2:	-3.677909554442313 -3.016821860043522 -3.3577402715291007
	From worker 2:	-3.657526995149156 -2.82088088030634 -3.4200252641564175
	From worker 2:	-4.060612834979161 -3.1395444609548826 -3.568690156872545
	From worker 2:	-3.4199632698818907 -3.0900494138034564 -3.1481499638549955
	From worker 2:	-3.651569774177966 -3.3647571833061596 -3.1392928303467538
	From worker 2:	-4.387298330695004 -3.5983675162540245 -3.7369885225202526
	From worker 2:	-4.514862266909943 -3.5584004779858343 -3.7856608692648974
	From worker 2:	-4.175304101968116 -3.6756102011818164 -3.120581080148096
	From worker 2:	-3.546021809838418 -3.191318785537322 -3.195479332068815
	From worker 2:	-4.259806398930763 -3.021218809988741 -3.8831416187580636
	From worker 2:	-4.902385417640951 -3.5072611830867277 -3.781314784342107
	From worker 2:	-3.4404458241649074 -3.221469935728472 -2.959992677501002
	From worker 2:	-4.106150915387812 -2.8194899489799043 -3.820223893777824
	From worker 2:	-4.233223928708619 -3.090162691207305 -3.647215842180933
	From worker 2:	-3.809832945810302 -3.2061718157310577 -3.5955517149876393
	From worker 2:	-4.589077421217073 -4.024397412801856 -3.8929331259142526
	From worker 2:	-3.8254938076826 -3.111380717795378 -3.499926827807898
	From worker 2:	-4.456859104530779 -3.1938311806153257 -3.7970051152547004
	From worker 2:	-3.9114796063924886 -3.4345975219591978 -3.1847481576963057
	From worker 2:	-3.6295669783347906 -3.244332121563449 -3.156207835613864
	From worker 2:	-3.551224885199022 -2.963017867537648 -3.160311464407101
	From worker 2:	-3.76302577298713 -3.056702532889801 -3.3863399541826236
	From worker 2:	-3.440380524729906 -3.0310003680812496 -3.0317403889396415
	From worker 2:	-3.664269348279058 -3.1730545718527567 -3.228335352148013
	From worker 2:	-3.5781205728919154 -3.1586178213468896 -3.234920507507221
	From worker 2:	-4.043528620176273 -3.260963564669168 -3.316039204929157
	From worker 2:	-3.99995408208633 -2.9038388083797178 -3.542063709629425
	From worker 2:	-3.8356674976101304 -3.0044239725961526 -3.534194979117259
	From worker 2:	-3.7069598839589264 -3.4238763521333904 -3.1930489374275175
	From worker 2:	-3.7543974672747895 -3.307179767138874 -3.0129715649055817
	From worker 2:	-4.354866238052459 -3.5047943673635107 -3.658886331899937
	From worker 2:	-4.183753784765149 -2.8805469248417035 -3.386568726027168
	From worker 2:	-4.212409436372901 -3.494031430072188 -3.611494841090184
	From worker 2:	-3.5375329855772764 -3.313068873525715 -3.1128760361133185
	From worker 2:	-4.158818393303929 -2.974196125149285 -3.787426927917581
	From worker 2:	-3.9843296570799254 -3.2496800517021494 -3.429766164051654
	From worker 2:	-4.226515241269561 -3.257488516706215 -3.3732698759305313
	From worker 2:	0.08400000000000002 0.08399999999999999 0.09200000000000003 0.09200000000000008 0.09999999999999998 0.088 0.096 0.092 0.08 0.07200000000000006 0.092 0.09599999999999997 0.092 0.092 0.064 0.09200000000000003 0.092 0.09199999999999997 0.07599999999999996 0.08399999999999996 0.09599999999999997 0.09200000000000003 0.09199999999999997 0.07999999999999996 0.09599999999999999 0.092 0.08399999999999999 0.09200000000000003 0.08000000000000007 0.09199999999999997 0.09599999999999997 0.08 0.08400000000000002 0.08400000000000007 0.09200000000000003 0.06799999999999999 0.09599999999999997 0.076 0.08800000000000001 0.08400000000000002 0.09600000000000003 0.08799999999999997 0.07600000000000001 0.08399999999999996 0.08399999999999999 0.09999999999999998 0.08400000000000002 0.092 0.09199999999999997 0.07200000000000006 0.08800000000000002 0.08400000000000002 0.08799999999999997 0.092 0.09199999999999997 0.076 0.08800000000000002 0.08400000000000007 0.092 0.08399999999999999 0.064 0.08400000000000002 0.07200000000000006 0.09199999999999997 0.088 0.08800000000000002 0.08400000000000007 0.09599999999999997 0.08400000000000002 0.08399999999999996 0.08399999999999996 0.09599999999999997 0.08 0.08800000000000002 0.09999999999999998 0.092 0.09999999999999998 0.08799999999999997 0.092 0.076 0.08 0.09199999999999997 0.09599999999999997 0.07600000000000001 0.09200000000000003 0.07599999999999996 0.055999999999999994 0.07599999999999996 0.084 0.092 0.09600000000000002 0.09200000000000003 0.09599999999999997 0.09999999999999998 0.08799999999999997 0.08 0.09599999999999997 0.096 0.08400000000000002 0.088
	From worker 2:	0.010947703099092392 0.009540803495279384 0.009822209399197151 0.011693960165368103 0.010202607755627102 0.009534546558169286 0.009010724970183893 0.01034321077256328 0.010715312662340154 0.011173482425421903 0.009064935206710941 0.009319944095744076 0.011833028238012277 0.00961492443004893 0.00951496779094754 0.009781491673052445 0.009952375292488195 0.01885491759031517 0.009035302963697641 0.009884053068871369 0.008951677985543085 0.009400788474025392 0.009905906810726929 0.00985260957456449 0.009077560627836751 0.009283657559685642 0.009204523232166044 0.009378408321602466 0.009746684112996657 0.009371666418806612 0.009604918238314763 0.009016091148850517 0.009264118331780266 0.010135718766156493 0.010341285673022848 0.010115937145337714 0.009399581896179789 0.00994538181908351 0.009493210268312065 0.009084597210702388 0.009716636954583135 0.011034976621695886 0.00908081574739205 0.009561945413495757 0.009125745504236928 0.009260506763143696 0.00914017027917543 0.010327507061858995 0.010479142375502622 0.008957203371109182 0.00937195695528653 0.011217727330386989 0.00964883895507543 0.009965825632073681 0.009937082903008277 0.009204786447973559 0.010780111170231435 0.01140592368479929 0.011201195213794942 0.008959061693825364 0.009124390531498739 0.009023003547757332 0.009410467410991795 0.009832176216274847 0.010519179364514143 0.00905092794595004 0.011163496045208911 0.010521124030711494 0.009340187268666183 0.009360273341504919 0.011515149078191485 0.010403118508739814 0.01003461938707961 0.010103824156331879 0.012369600634640664 0.010731699738915563 0.009223984888114378 0.009290477303643869 0.010948990620087428 0.009276982296665202 0.00941881687841112 0.0100792999169077 0.01036503897833466 0.01096265817056201 0.009543285073114012 0.011977153529015542 0.009981616844681306 0.010173366311737458 0.009342517186547815 0.009701131027085693 0.009492348427081557 0.010251233984890265 0.011167144528246561 0.009140144195203172 0.010146993664092151 0.009095368158769268 0.010900714422242509 0.009840684167281465 0.00906989439754688 0.009314932475285661
	From worker 2:	5486.019442 seconds (13.71 G allocations: 1.882 TiB, 11.28% gc time)
	From worker 2:	Writing ENSMUSG00000012396 to file
Run finished at  Fri Jul 27 20:43:57 BST 2018
