Run started at  Mon Jul 30 16:01:00 BST 2018
WARNING: No working GUI backend found for matplotlib
WARNING: No working GUI backend found for matplotlib
Start include.
Starting
Ready
	From worker 2:	Parameters set for ENSMUSG00000012396
	From worker 2:	starting ABC for ENSMUSG00000012396
	From worker 2:	Number of trials = 1
	From worker 2:	Number accepted = 0
	From worker 2:	Number of trials = 1001
	From worker 2:	Number accepted = 13
	From worker 2:	Number of trials = 2001
	From worker 2:	Number accepted = 22
	From worker 2:	Number of trials = 3001
	From worker 2:	Number accepted = 39
	From worker 2:	Number of trials = 4001
	From worker 2:	Number accepted = 50
	From worker 2:	Number of trials = 5001
	From worker 2:	Number accepted = 64
	From worker 2:	Number of trials = 6001
	From worker 2:	Number accepted = 79
	From worker 2:	Number of trials = 7001
	From worker 2:	Number accepted = 90
	From worker 2:	3
	From worker 2:	100
	From worker 2:	7683
	From worker 2:	0.4
	From worker 2:	-4.063044416638251 -4.180200779937133 -2.686194416293973
	From worker 2:	-2.6733590999125525 -1.906744946913764 -3.2645488512278305
	From worker 2:	-4.126400965674278 -4.585352025743015 -2.6698360908999397
	From worker 2:	-5.528514380029419 -5.936709248424406 -2.8653579379927483
	From worker 2:	-3.97211634684975 -3.2219867521687875 -3.3117420946430096
	From worker 2:	-4.357010084091028 -3.8817071474609333 -3.449268314919417
	From worker 2:	-4.7751245297881 -3.749553014555621 -3.3539426105237444
	From worker 2:	-5.257565323857055 -3.6096969480654018 -4.20315574468659
	From worker 2:	-4.628409988726498 -2.3497003322384797 -4.595252095613382
	From worker 2:	-3.019508572397649 -2.9520274664401795 -2.8312938774948244
	From worker 2:	-4.423930455400933 -3.73560240604116 -3.5125803329725396
	From worker 2:	-4.987962038134393 -4.334370699599824 -4.028722778222741
	From worker 2:	-5.514960459302416 -5.926598926286722 -2.6045487255665445
	From worker 2:	-3.491180262104484 -2.4413221338087854 -3.6281743843950975
	From worker 2:	-3.9810199419390306 -2.6990675526510635 -3.9283529724468433
	From worker 2:	-2.663768971394003 -2.691630666777117 -2.951717244915183
	From worker 2:	-4.8702948068572205 -4.046651025792199 -3.9658102727046165
	From worker 2:	-3.853470779079281 -2.643480871663592 -3.6797420761957933
	From worker 2:	-4.091349783051056 -2.8357088482960613 -3.859791561918749
	From worker 2:	-4.495265851787744 -3.1014491662710153 -3.9360380994908803
	From worker 2:	-4.454245478771838 -4.221348472307199 -3.663080197148758
	From worker 2:	-4.404024465452194 -3.666240128908969 -3.242282171716061
	From worker 2:	-3.813650600281927 -2.71107161375015 -3.7770777991140227
	From worker 2:	-5.88595467760468 -4.64816458219726 -3.9672800743015055
	From worker 2:	-3.7404260419306024 -3.1356052168099438 -3.1108217202930746
	From worker 2:	-4.331340727395894 -4.890528933035158 -2.79788484794293
	From worker 2:	-3.3552324298081997 -2.8862357027418555 -3.0912725093004725
	From worker 2:	-3.439120121580839 -2.577068317082904 -3.590248826948975
	From worker 2:	-4.966453027742702 -4.553291018245048 -2.623991592419687
	From worker 2:	-2.1317321243341865 -1.8177775809697447 -3.015304274180121
	From worker 2:	-3.7717024263564953 -2.7139282610216497 -3.8979301989267157
	From worker 2:	-2.9530096184416097 -2.7892077614564768 -3.0780947055245886
	From worker 2:	-4.2577658139152295 -4.001526299964295 -3.100538502410083
	From worker 2:	-3.971393523715395 -5.132574439539452 -2.7471035597495903
	From worker 2:	-3.9578925976807855 -3.463960623855982 -3.6367598871234974
	From worker 2:	-4.689508109346959 -3.6176671946088583 -3.7266410340942024
	From worker 2:	-4.357354130613226 -2.990114916693349 -4.047121133692408
	From worker 2:	-2.791374903088233 -2.8466153680929005 -3.0416458971332894
	From worker 2:	-2.5885192892100473 -2.5478621198686215 -2.960515972922483
	From worker 2:	-4.297833666994429 -3.5656862147332156 -3.8926813394616997
	From worker 2:	-2.3376295252656254 -2.7829695515110617 -2.6940444556676795
	From worker 2:	-4.939373657473465 -3.524910257965135 -4.2741818470498325
	From worker 2:	-4.765625985820593 -3.683549505532921 -3.1531986172112756
	From worker 2:	-1.7035017795139922 -1.1855598510175689 -3.176786987797581
	From worker 2:	-5.459519422835449 -4.1321593841180375 -4.089310888539762
	From worker 2:	-4.164276622380568 -3.8023952345773444 -2.748829928623815
	From worker 2:	-2.5665445571284127 -2.928718094685745 -2.651950722497521
	From worker 2:	-2.920102133784039 -2.8893659966987415 -3.1651165155586285
	From worker 2:	-5.865943003501389 -4.472119733560101 -4.270926341366986
	From worker 2:	-5.851105482508458 -4.761764478371339 -4.109451507012976
	From worker 2:	-2.945437489758156 -1.6619127416933086 -3.699069172970581
	From worker 2:	-4.053178445051093 -2.809969439852222 -3.7997846454359596
	From worker 2:	-5.916902872094502 -4.301918871795164 -4.250032542559918
	From worker 2:	-5.562898706541173 -4.601534380151205 -3.9527693687385543
	From worker 2:	-4.230985034736888 -3.360252203037224 -3.764527964657362
	From worker 2:	-3.3692179397493827 -3.559062720729619 -2.746445851589316
	From worker 2:	-2.5277020484282464 -2.0408856912601947 -3.100886366942127
	From worker 2:	-4.029257713271219 -3.4062125233196365 -3.60116669367968
	From worker 2:	-5.139406632611864 -4.2142620243134346 -3.845773121950369
	From worker 2:	-4.338798366092968 -4.1565267801553 -2.8506730865222254
	From worker 2:	-3.7393825564388443 -2.435322635631905 -3.6974487130883222
	From worker 2:	-4.508736320804513 -4.317332803404805 -3.678594171610357
	From worker 2:	-2.9908644018759745 -3.0245086981770233 -2.684705968242357
	From worker 2:	-4.592972136182111 -3.108008376790973 -4.208992448711729
	From worker 2:	-3.5611701436652123 -2.5615907605319403 -3.5807131673250137
	From worker 2:	-5.363173150348025 -3.763831033318211 -4.2967580642021455
	From worker 2:	-2.663435714306243 -2.1444569590507356 -3.1395116585686837
	From worker 2:	-4.620044036224485 -3.7224448171388977 -4.001537461286894
	From worker 2:	-4.328731719444415 -3.058152073498686 -3.597068110465122
	From worker 2:	-3.3051820263730676 -2.400146812873847 -3.2706474736343405
	From worker 2:	-1.6554319164085811 -1.592809052419291 -2.8299189844200154
	From worker 2:	-5.056876681840366 -4.070245869155777 -3.8637203825294377
	From worker 2:	-5.080505532564729 -5.048146360140798 -3.4535996051249986
	From worker 2:	-3.1833694884946375 -2.5705395096863266 -3.118008017440004
	From worker 2:	-4.068058854824487 -2.960292986485604 -3.4857646129476954
	From worker 2:	-4.10032763620972 -3.2325387226348297 -3.464240816502824
	From worker 2:	-3.746945788778342 -2.784271590092494 -3.746016369280998
	From worker 2:	-4.946069281707085 -2.611881149960566 -4.544367438078645
	From worker 2:	-5.91985843242669 -2.1663248098052774 -5.805785553953685
	From worker 2:	-4.373181859159729 -3.069326481181017 -3.6276619749567387
	From worker 2:	-2.254623553493082 -1.8197887908832175 -3.0134706326034872
	From worker 2:	-4.913381755952004 -3.74925384139334 -4.207335644368335
	From worker 2:	-3.7871074625803782 -2.538729409310328 -3.6934784762918498
	From worker 2:	-3.8875765768459765 -2.7101008660570027 -4.087113463986941
	From worker 2:	-3.3922096827616426 -2.4479455983459673 -3.5619988593249543
	From worker 2:	-3.067627128804025 -3.2361988228124012 -2.8236115137723217
	From worker 2:	-4.114682075580971 -4.118344328504525 -3.1028683619668294
	From worker 2:	-3.836315633742084 -3.2480720470194204 -3.4459039299196346
	From worker 2:	-2.955672766236625 -2.5876696785067113 -2.9967977338267766
	From worker 2:	-3.237610826808317 -2.602469397267711 -3.307803943241141
	From worker 2:	-3.684863288841231 -3.2827527118742177 -3.25315367469399
	From worker 2:	-4.184645934746816 -3.2739396488133217 -3.8406109958014727
	From worker 2:	-5.5736512419158615 -3.573310816154071 -4.640039185711106
	From worker 2:	-5.685179781802673 -3.6261962402333796 -4.663870511964296
	From worker 2:	-5.443242937461059 -4.110323111026748 -4.05440559525161
	From worker 2:	-5.335327828604999 -4.20173931876455 -4.026682635928742
	From worker 2:	-2.7011281392964146 -2.600467372826475 -2.827304164003386
	From worker 2:	-4.150978430444112 -2.797328101939869 -3.5236839971581206
	From worker 2:	-2.4459954997107305 -1.5697276206060469 -3.418506556492121
	From worker 2:	-3.176372842620823 -2.476777892317757 -3.360017412936718
	From worker 2:	0.32399999999999995 0.392 0.33599999999999997 0.344 0.21200000000000008 0.248 0.28800000000000003 0.244 0.352 0.23199999999999998 0.236 0.308 0.368 0.204 0.33199999999999996 0.38 0.33599999999999997 0.272 0.196 0.31599999999999995 0.272 0.28800000000000003 0.208 0.39599999999999996 0.22399999999999998 0.21599999999999997 0.136 0.38 0.368 0.396 0.248 0.15600000000000003 0.292 0.384 0.16400000000000003 0.21200000000000008 0.33999999999999997 0.26 0.376 0.3600000000000001 0.352 0.284 0.256 0.388 0.2919999999999999 0.31999999999999995 0.352 0.36 0.304 0.26 0.384 0.34800000000000003 0.372 0.248 0.23200000000000004 0.28 0.32799999999999996 0.196 0.296 0.35600000000000004 0.244 0.364 0.348 0.33199999999999996 0.26 0.344 0.296 0.188 0.176 0.33199999999999996 0.38 0.16000000000000003 0.368 0.392 0.3559999999999999 0.22000000000000003 0.38 0.356 0.372 0.348 0.396 0.332 0.372 0.32 0.24 0.21999999999999997 0.276 0.392 0.22000000000000008 0.256 0.264 0.264 0.372 0.392 0.33599999999999997 0.19999999999999996 0.2799999999999999 0.29200000000000004 0.344 0.268
	From worker 2:	0.010000000000000004 0.010000000000000004 0.010000000000000004 0.010000000000000004 0.010000000000000004 0.010000000000000004 0.010000000000000004 0.010000000000000004 0.010000000000000004 0.010000000000000004 0.010000000000000004 0.010000000000000004 0.010000000000000004 0.010000000000000004 0.010000000000000004 0.010000000000000004 0.010000000000000004 0.010000000000000004 0.010000000000000004 0.010000000000000004 0.010000000000000004 0.010000000000000004 0.010000000000000004 0.010000000000000004 0.010000000000000004 0.010000000000000004 0.010000000000000004 0.010000000000000004 0.010000000000000004 0.010000000000000004 0.010000000000000004 0.010000000000000004 0.010000000000000004 0.010000000000000004 0.010000000000000004 0.010000000000000004 0.010000000000000004 0.010000000000000004 0.010000000000000004 0.010000000000000004 0.010000000000000004 0.010000000000000004 0.010000000000000004 0.010000000000000004 0.010000000000000004 0.010000000000000004 0.010000000000000004 0.010000000000000004 0.010000000000000004 0.010000000000000004 0.010000000000000004 0.010000000000000004 0.010000000000000004 0.010000000000000004 0.010000000000000004 0.010000000000000004 0.010000000000000004 0.010000000000000004 0.010000000000000004 0.010000000000000004 0.010000000000000004 0.010000000000000004 0.010000000000000004 0.010000000000000004 0.010000000000000004 0.010000000000000004 0.010000000000000004 0.010000000000000004 0.010000000000000004 0.010000000000000004 0.010000000000000004 0.010000000000000004 0.010000000000000004 0.010000000000000004 0.010000000000000004 0.010000000000000004 0.010000000000000004 0.010000000000000004 0.010000000000000004 0.010000000000000004 0.010000000000000004 0.010000000000000004 0.010000000000000004 0.010000000000000004 0.010000000000000004 0.010000000000000004 0.010000000000000004 0.010000000000000004 0.010000000000000004 0.010000000000000004 0.010000000000000004 0.010000000000000004 0.010000000000000004 0.010000000000000004 0.010000000000000004 0.010000000000000004 0.010000000000000004 0.010000000000000004 0.010000000000000004 0.010000000000000004
	From worker 2:	3
	From worker 2:	100 100
	From worker 2:	7683 11765
	From worker 2:	0.4 0.2
	From worker 2:	-----
	From worker 2:	100
	From worker 2:	7683
	From worker 2:	0.4
	From worker 2:	-4.063044416638251 -4.180200779937133 -2.686194416293973
	From worker 2:	-2.6733590999125525 -1.906744946913764 -3.2645488512278305
	From worker 2:	-4.126400965674278 -4.585352025743015 -2.6698360908999397
	From worker 2:	-5.528514380029419 -5.936709248424406 -2.8653579379927483
	From worker 2:	-3.97211634684975 -3.2219867521687875 -3.3117420946430096
	From worker 2:	-4.357010084091028 -3.8817071474609333 -3.449268314919417
	From worker 2:	-4.7751245297881 -3.749553014555621 -3.3539426105237444
	From worker 2:	-5.257565323857055 -3.6096969480654018 -4.20315574468659
	From worker 2:	-4.628409988726498 -2.3497003322384797 -4.595252095613382
	From worker 2:	-3.019508572397649 -2.9520274664401795 -2.8312938774948244
	From worker 2:	-4.423930455400933 -3.73560240604116 -3.5125803329725396
	From worker 2:	-4.987962038134393 -4.334370699599824 -4.028722778222741
	From worker 2:	-5.514960459302416 -5.926598926286722 -2.6045487255665445
	From worker 2:	-3.491180262104484 -2.4413221338087854 -3.6281743843950975
	From worker 2:	-3.9810199419390306 -2.6990675526510635 -3.9283529724468433
	From worker 2:	-2.663768971394003 -2.691630666777117 -2.951717244915183
	From worker 2:	-4.8702948068572205 -4.046651025792199 -3.9658102727046165
	From worker 2:	-3.853470779079281 -2.643480871663592 -3.6797420761957933
	From worker 2:	-4.091349783051056 -2.8357088482960613 -3.859791561918749
	From worker 2:	-4.495265851787744 -3.1014491662710153 -3.9360380994908803
	From worker 2:	-4.454245478771838 -4.221348472307199 -3.663080197148758
	From worker 2:	-4.404024465452194 -3.666240128908969 -3.242282171716061
	From worker 2:	-3.813650600281927 -2.71107161375015 -3.7770777991140227
	From worker 2:	-5.88595467760468 -4.64816458219726 -3.9672800743015055
	From worker 2:	-3.7404260419306024 -3.1356052168099438 -3.1108217202930746
	From worker 2:	-4.331340727395894 -4.890528933035158 -2.79788484794293
	From worker 2:	-3.3552324298081997 -2.8862357027418555 -3.0912725093004725
	From worker 2:	-3.439120121580839 -2.577068317082904 -3.590248826948975
	From worker 2:	-4.966453027742702 -4.553291018245048 -2.623991592419687
	From worker 2:	-2.1317321243341865 -1.8177775809697447 -3.015304274180121
	From worker 2:	-3.7717024263564953 -2.7139282610216497 -3.8979301989267157
	From worker 2:	-2.9530096184416097 -2.7892077614564768 -3.0780947055245886
	From worker 2:	-4.2577658139152295 -4.001526299964295 -3.100538502410083
	From worker 2:	-3.971393523715395 -5.132574439539452 -2.7471035597495903
	From worker 2:	-3.9578925976807855 -3.463960623855982 -3.6367598871234974
	From worker 2:	-4.689508109346959 -3.6176671946088583 -3.7266410340942024
	From worker 2:	-4.357354130613226 -2.990114916693349 -4.047121133692408
	From worker 2:	-2.791374903088233 -2.8466153680929005 -3.0416458971332894
	From worker 2:	-2.5885192892100473 -2.5478621198686215 -2.960515972922483
	From worker 2:	-4.297833666994429 -3.5656862147332156 -3.8926813394616997
	From worker 2:	-2.3376295252656254 -2.7829695515110617 -2.6940444556676795
	From worker 2:	-4.939373657473465 -3.524910257965135 -4.2741818470498325
	From worker 2:	-4.765625985820593 -3.683549505532921 -3.1531986172112756
	From worker 2:	-1.7035017795139922 -1.1855598510175689 -3.176786987797581
	From worker 2:	-5.459519422835449 -4.1321593841180375 -4.089310888539762
	From worker 2:	-4.164276622380568 -3.8023952345773444 -2.748829928623815
	From worker 2:	-2.5665445571284127 -2.928718094685745 -2.651950722497521
	From worker 2:	-2.920102133784039 -2.8893659966987415 -3.1651165155586285
	From worker 2:	-5.865943003501389 -4.472119733560101 -4.270926341366986
	From worker 2:	-5.851105482508458 -4.761764478371339 -4.109451507012976
	From worker 2:	-2.945437489758156 -1.6619127416933086 -3.699069172970581
	From worker 2:	-4.053178445051093 -2.809969439852222 -3.7997846454359596
	From worker 2:	-5.916902872094502 -4.301918871795164 -4.250032542559918
	From worker 2:	-5.562898706541173 -4.601534380151205 -3.9527693687385543
	From worker 2:	-4.230985034736888 -3.360252203037224 -3.764527964657362
	From worker 2:	-3.3692179397493827 -3.559062720729619 -2.746445851589316
	From worker 2:	-2.5277020484282464 -2.0408856912601947 -3.100886366942127
	From worker 2:	-4.029257713271219 -3.4062125233196365 -3.60116669367968
	From worker 2:	-5.139406632611864 -4.2142620243134346 -3.845773121950369
	From worker 2:	-4.338798366092968 -4.1565267801553 -2.8506730865222254
	From worker 2:	-3.7393825564388443 -2.435322635631905 -3.6974487130883222
	From worker 2:	-4.508736320804513 -4.317332803404805 -3.678594171610357
	From worker 2:	-2.9908644018759745 -3.0245086981770233 -2.684705968242357
	From worker 2:	-4.592972136182111 -3.108008376790973 -4.208992448711729
	From worker 2:	-3.5611701436652123 -2.5615907605319403 -3.5807131673250137
	From worker 2:	-5.363173150348025 -3.763831033318211 -4.2967580642021455
	From worker 2:	-2.663435714306243 -2.1444569590507356 -3.1395116585686837
	From worker 2:	-4.620044036224485 -3.7224448171388977 -4.001537461286894
	From worker 2:	-4.328731719444415 -3.058152073498686 -3.597068110465122
	From worker 2:	-3.3051820263730676 -2.400146812873847 -3.2706474736343405
	From worker 2:	-1.6554319164085811 -1.592809052419291 -2.8299189844200154
	From worker 2:	-5.056876681840366 -4.070245869155777 -3.8637203825294377
	From worker 2:	-5.080505532564729 -5.048146360140798 -3.4535996051249986
	From worker 2:	-3.1833694884946375 -2.5705395096863266 -3.118008017440004
	From worker 2:	-4.068058854824487 -2.960292986485604 -3.4857646129476954
	From worker 2:	-4.10032763620972 -3.2325387226348297 -3.464240816502824
	From worker 2:	-3.746945788778342 -2.784271590092494 -3.746016369280998
	From worker 2:	-4.946069281707085 -2.611881149960566 -4.544367438078645
	From worker 2:	-5.91985843242669 -2.1663248098052774 -5.805785553953685
	From worker 2:	-4.373181859159729 -3.069326481181017 -3.6276619749567387
	From worker 2:	-2.254623553493082 -1.8197887908832175 -3.0134706326034872
	From worker 2:	-4.913381755952004 -3.74925384139334 -4.207335644368335
	From worker 2:	-3.7871074625803782 -2.538729409310328 -3.6934784762918498
	From worker 2:	-3.8875765768459765 -2.7101008660570027 -4.087113463986941
	From worker 2:	-3.3922096827616426 -2.4479455983459673 -3.5619988593249543
	From worker 2:	-3.067627128804025 -3.2361988228124012 -2.8236115137723217
	From worker 2:	-4.114682075580971 -4.118344328504525 -3.1028683619668294
	From worker 2:	-3.836315633742084 -3.2480720470194204 -3.4459039299196346
	From worker 2:	-2.955672766236625 -2.5876696785067113 -2.9967977338267766
	From worker 2:	-3.237610826808317 -2.602469397267711 -3.307803943241141
	From worker 2:	-3.684863288841231 -3.2827527118742177 -3.25315367469399
	From worker 2:	-4.184645934746816 -3.2739396488133217 -3.8406109958014727
	From worker 2:	-5.5736512419158615 -3.573310816154071 -4.640039185711106
	From worker 2:	-5.685179781802673 -3.6261962402333796 -4.663870511964296
	From worker 2:	-5.443242937461059 -4.110323111026748 -4.05440559525161
	From worker 2:	-5.335327828604999 -4.20173931876455 -4.026682635928742
	From worker 2:	-2.7011281392964146 -2.600467372826475 -2.827304164003386
	From worker 2:	-4.150978430444112 -2.797328101939869 -3.5236839971581206
	From worker 2:	-2.4459954997107305 -1.5697276206060469 -3.418506556492121
	From worker 2:	-3.176372842620823 -2.476777892317757 -3.360017412936718
	From worker 2:	0.32399999999999995 0.392 0.33599999999999997 0.344 0.21200000000000008 0.248 0.28800000000000003 0.244 0.352 0.23199999999999998 0.236 0.308 0.368 0.204 0.33199999999999996 0.38 0.33599999999999997 0.272 0.196 0.31599999999999995 0.272 0.28800000000000003 0.208 0.39599999999999996 0.22399999999999998 0.21599999999999997 0.136 0.38 0.368 0.396 0.248 0.15600000000000003 0.292 0.384 0.16400000000000003 0.21200000000000008 0.33999999999999997 0.26 0.376 0.3600000000000001 0.352 0.284 0.256 0.388 0.2919999999999999 0.31999999999999995 0.352 0.36 0.304 0.26 0.384 0.34800000000000003 0.372 0.248 0.23200000000000004 0.28 0.32799999999999996 0.196 0.296 0.35600000000000004 0.244 0.364 0.348 0.33199999999999996 0.26 0.344 0.296 0.188 0.176 0.33199999999999996 0.38 0.16000000000000003 0.368 0.392 0.3559999999999999 0.22000000000000003 0.38 0.356 0.372 0.348 0.396 0.332 0.372 0.32 0.24 0.21999999999999997 0.276 0.392 0.22000000000000008 0.256 0.264 0.264 0.372 0.392 0.33599999999999997 0.19999999999999996 0.2799999999999999 0.29200000000000004 0.344 0.268
	From worker 2:	0.010000000000000004 0.010000000000000004 0.010000000000000004 0.010000000000000004 0.010000000000000004 0.010000000000000004 0.010000000000000004 0.010000000000000004 0.010000000000000004 0.010000000000000004 0.010000000000000004 0.010000000000000004 0.010000000000000004 0.010000000000000004 0.010000000000000004 0.010000000000000004 0.010000000000000004 0.010000000000000004 0.010000000000000004 0.010000000000000004 0.010000000000000004 0.010000000000000004 0.010000000000000004 0.010000000000000004 0.010000000000000004 0.010000000000000004 0.010000000000000004 0.010000000000000004 0.010000000000000004 0.010000000000000004 0.010000000000000004 0.010000000000000004 0.010000000000000004 0.010000000000000004 0.010000000000000004 0.010000000000000004 0.010000000000000004 0.010000000000000004 0.010000000000000004 0.010000000000000004 0.010000000000000004 0.010000000000000004 0.010000000000000004 0.010000000000000004 0.010000000000000004 0.010000000000000004 0.010000000000000004 0.010000000000000004 0.010000000000000004 0.010000000000000004 0.010000000000000004 0.010000000000000004 0.010000000000000004 0.010000000000000004 0.010000000000000004 0.010000000000000004 0.010000000000000004 0.010000000000000004 0.010000000000000004 0.010000000000000004 0.010000000000000004 0.010000000000000004 0.010000000000000004 0.010000000000000004 0.010000000000000004 0.010000000000000004 0.010000000000000004 0.010000000000000004 0.010000000000000004 0.010000000000000004 0.010000000000000004 0.010000000000000004 0.010000000000000004 0.010000000000000004 0.010000000000000004 0.010000000000000004 0.010000000000000004 0.010000000000000004 0.010000000000000004 0.010000000000000004 0.010000000000000004 0.010000000000000004 0.010000000000000004 0.010000000000000004 0.010000000000000004 0.010000000000000004 0.010000000000000004 0.010000000000000004 0.010000000000000004 0.010000000000000004 0.010000000000000004 0.010000000000000004 0.010000000000000004 0.010000000000000004 0.010000000000000004 0.010000000000000004 0.010000000000000004 0.010000000000000004 0.010000000000000004 0.010000000000000004
	From worker 2:	-----
	From worker 2:	100
	From worker 2:	11765
	From worker 2:	0.2
	From worker 2:	-3.5940185124252766 -2.986777133416838 -3.516729198620735
	From worker 2:	-4.194712639442014 -2.7191104500463488 -3.8915280169147595
	From worker 2:	-4.67572984434353 -3.5558648820832413 -4.026357055839705
	From worker 2:	-4.8935956387713135 -3.9134641289443852 -3.7635279999115014
	From worker 2:	-5.471024490473657 -4.2495965015575665 -3.991355983850549
	From worker 2:	-5.225784034843786 -4.393401801313149 -3.899636049289303
	From worker 2:	-4.351869150210162 -3.8792365525843113 -2.9799937290199967
	From worker 2:	-5.949559940047471 -5.081633707378371 -3.973076944332061
	From worker 2:	-3.5309068905039345 -2.9536422682448684 -3.2389743301104907
	From worker 2:	-4.32900775224671 -3.0637817582286124 -3.5214557010749385
	From worker 2:	-4.439788047384575 -3.0228270198997853 -3.950817773839105
	From worker 2:	-5.296557815515432 -4.723780878787947 -3.876250528950184
	From worker 2:	-3.3785772009880155 -3.161852160261361 -2.940765868020417
	From worker 2:	-5.590114001383664 -4.838070201857967 -3.86853074433822
	From worker 2:	-3.9806553178718067 -3.104647981324049 -3.839326668564774
	From worker 2:	-4.644463823961805 -3.744341606879377 -3.665627698234502
	From worker 2:	-3.474542316656594 -2.608697059414426 -3.481782820552961
	From worker 2:	-4.6881456806916795 -3.5967311202082373 -3.79805718428765
	From worker 2:	-4.915307929279605 -4.111748816428345 -3.688363242004221
	From worker 2:	-4.319077231519795 -3.126883853216555 -3.6570928956083995
	From worker 2:	-5.080613491615706 -4.281709739283513 -3.938874925307087
	From worker 2:	-4.523864194088562 -3.5177089273866735 -3.7590739106214985
	From worker 2:	-4.244226864117303 -3.4515446925054194 -3.6911395121422528
	From worker 2:	-3.2117919934291543 -2.4969490264898275 -3.207609868038478
	From worker 2:	-3.9706903157615416 -3.737021785430632 -3.36616290846221
	From worker 2:	-4.103548138449571 -3.147559693436465 -3.6202406168420205
	From worker 2:	-5.845000000505277 -5.33461646943655 -3.8241182468141455
	From worker 2:	-3.8114167515249537 -3.9110086095672942 -3.1220689483324398
	From worker 2:	-4.999370240331476 -4.085946460800134 -3.858312988203008
	From worker 2:	-5.49308274638226 -4.8494820070289215 -3.8577492297770233
	From worker 2:	-4.213939678724658 -3.433512192980587 -3.1742132725936574
	From worker 2:	-3.770594632164477 -3.2648042074055343 -3.178711972702203
	From worker 2:	-3.996447226146726 -3.035804975231793 -3.3826455292734128
	From worker 2:	-3.7555911466504477 -2.7065150511750535 -3.7818448960533866
	From worker 2:	-3.7372893010164168 -2.9566389127645603 -3.2675338763442414
	From worker 2:	-3.5475197635311075 -2.757516490532628 -3.122611742595723
	From worker 2:	-4.15379717984735 -3.0574602824631403 -4.030996624926105
	From worker 2:	-4.4878005220452915 -3.947713695695736 -3.846295351568931
	From worker 2:	-4.69312484900159 -4.057341300862277 -3.775620965184928
	From worker 2:	-3.6470298414761433 -3.335810673453547 -3.075865095255703
	From worker 2:	-4.300148812975309 -3.3934221791925694 -2.9732851515694496
	From worker 2:	-5.154297624494037 -4.4646971123188965 -3.9457021977624156
	From worker 2:	-5.226536368110884 -4.151751178191045 -3.7019240530588564
	From worker 2:	-5.575440742624573 -4.666398106099826 -3.919444720228237
	From worker 2:	-3.3981461073246395 -3.495097252049562 -2.894760865523831
	From worker 2:	-3.618869294446501 -2.962255855483583 -3.355818908605166
	From worker 2:	-3.9935785711331144 -3.4494779716630264 -3.3497460560566155
	From worker 2:	-3.5363979594949235 -2.7004835715760347 -3.566908405731778
	From worker 2:	-5.611856464484737 -5.254244216473662 -3.712357362468923
	From worker 2:	-4.422976380866927 -3.789961964356165 -3.5770002059438712
	From worker 2:	-3.716938800785439 -3.488380679415814 -2.894866229639998
	From worker 2:	-4.702886210322921 -3.8573941050169402 -3.908091971570278
	From worker 2:	-5.45838760505715 -4.846718270852858 -3.810386371363391
	From worker 2:	-5.459695163475888 -4.44899183497078 -3.988999280513017
	From worker 2:	-3.7007705730976337 -3.3751950556914982 -3.188786108856765
	From worker 2:	-4.344128180838068 -3.1870563641162626 -3.720386037566699
	From worker 2:	-3.513899912310994 -2.5766168792581747 -3.608281158866014
	From worker 2:	-3.802294621526782 -3.3628701828647887 -3.452638884645781
	From worker 2:	-5.590913179798606 -3.9923370886713214 -3.8510449502429642
	From worker 2:	-5.583204802417373 -5.100934884177368 -3.8822956378618354
	From worker 2:	-4.753883973148321 -3.7811962282980067 -3.53240397063991
	From worker 2:	-3.7029625492282565 -3.143051719392703 -3.1259564409803535
	From worker 2:	-4.800729741497447 -3.9837432861267836 -3.2297232298526746
	From worker 2:	-3.5230903517398806 -2.9870705749095974 -3.3666884049270998
	From worker 2:	-4.9980046299373795 -4.341221408480818 -3.130604730774846
	From worker 2:	-4.558633170193343 -3.8123858829107604 -3.9063468283770026
	From worker 2:	-4.267019083184037 -3.6014733122277827 -2.9488580592053557
	From worker 2:	-4.915238672532349 -4.002844042223516 -3.9848611925634287
	From worker 2:	-4.207017477528094 -3.5351632215676494 -3.6017983377467533
	From worker 2:	-3.438817473152418 -3.4609171553863645 -3.234988295884341
	From worker 2:	-5.060445839169364 -4.38125438720558 -3.9189086009189524
	From worker 2:	-3.677746753591596 -3.322249998916199 -3.1958440047688823
	From worker 2:	-4.086543668912843 -2.750322541007064 -3.8677663920826353
	From worker 2:	-3.6113072573052474 -2.937210664680644 -3.4166758972304043
	From worker 2:	-4.427385095805407 -3.830815105068236 -3.8710989329753978
	From worker 2:	-2.979763865031693 -2.7761532970931477 -3.0645344462299615
	From worker 2:	-4.441222288073945 -3.491477122825358 -3.748839925864784
	From worker 2:	-4.090128217286993 -2.8385074626380646 -3.562025289942256
	From worker 2:	-4.2161114386579195 -3.422039828845322 -3.746793393244552
	From worker 2:	-4.1025767254417955 -3.5191455303399635 -3.563777692399772
	From worker 2:	-4.74866630197809 -3.4835266870235695 -3.187286186301783
	From worker 2:	-4.541942990524634 -3.976927877255976 -3.61187540882742
	From worker 2:	-4.738539118949251 -4.231102086916522 -3.8000828394505337
	From worker 2:	-5.122938378183054 -4.120782363679517 -4.009860009614625
	From worker 2:	-3.4206384095248787 -2.968744257895408 -3.480205888691261
	From worker 2:	-3.664872896026954 -2.8577202326733815 -3.327780537269211
	From worker 2:	-3.832699301342073 -3.1669168533239147 -3.170836117746927
	From worker 2:	-3.824171610568461 -3.129902534493131 -3.4928434564376785
	From worker 2:	-4.449561126394587 -3.468623370552101 -3.8349641546283926
	From worker 2:	-3.4846138690863926 -2.8203660017317804 -3.3337982018496928
	From worker 2:	-4.990538680516156 -3.9236419297065543 -4.02599176819654
	From worker 2:	-4.313100773199564 -3.4133039467238846 -3.742376453421299
	From worker 2:	-5.804722459388003 -4.8948742340247815 -3.975446242919212
	From worker 2:	-4.251530228584273 -3.890596344279886 -3.697572567445126
	From worker 2:	-4.324866989366426 -3.413470593879838 -3.241351429984108
	From worker 2:	-4.630991503117329 -3.848492968453786 -3.8921739181183015
	From worker 2:	-3.6945966508128105 -3.290423211757318 -3.3811173536721335
	From worker 2:	-3.679120952171315 -3.7481758301923156 -3.250989607214359
	From worker 2:	-4.479006949556379 -3.608326284306015 -3.846553020621246
	From worker 2:	-4.442983355968203 -3.344383799165223 -3.7640386725698933
	From worker 2:	0.132 0.188 0.184 0.132 0.18 0.192 0.184 0.184 0.17599999999999993 0.17599999999999993 0.192 0.18 0.15200000000000002 0.14 0.18 0.18 0.11199999999999999 0.19999999999999996 0.132 0.18 0.184 0.15200000000000002 0.14 0.15200000000000002 0.07999999999999999 0.16 0.124 0.11199999999999999 0.192 0.176 0.07599999999999998 0.15600000000000003 0.104 0.192 0.064 0.15600000000000003 0.188 0.132 0.18000000000000005 0.19199999999999995 0.16399999999999998 0.192 0.18 0.176 0.19199999999999995 0.128 0.18 0.16399999999999998 0.176 0.136 0.17999999999999994 0.132 0.18400000000000005 0.15200000000000002 0.136 0.124 0.196 0.10799999999999998 0.188 0.18 0.11600000000000005 0.15200000000000002 0.19999999999999996 0.10399999999999998 0.18799999999999994 0.172 0.1 0.188 0.184 0.18 0.18 0.12000000000000002 0.18 0.15200000000000002 0.152 0.184 0.112 0.144 0.12 0.124 0.176 0.16399999999999992 0.19999999999999996 0.18 0.168 0.16799999999999998 0.192 0.17200000000000004 0.18 0.17599999999999993 0.188 0.12400000000000005 0.188 0.16400000000000003 0.128 0.14799999999999996 0.184 0.18800000000000006 0.17199999999999993 0.14400000000000002
	From worker 2:	0.008891386369065394 0.009581896591247687 0.009160801732199256 0.009103942201332758 0.01121718428078061 0.010820604321482998 0.010772926923462711 0.017890153620619187 0.00931651407328293 0.008605241871530922 0.009197919129317295 0.012329423496103942 0.010733948080751416 0.013871022008409709 0.008844513195594891 0.008653597693846871 0.009594637640741348 0.008674750348494983 0.009443722512031811 0.008500102558705369 0.010309875353957923 0.00850561845973841 0.008385465833290074 0.010604238976299255 0.008934666958611647 0.008435569292100422 0.01959084081815274 0.010207654547005183 0.009599549203658287 0.01357540098049826 0.009189451928333564 0.009177090320652536 0.008685425207846747 0.0094769304088775 0.009068378556826798 0.009917088385214901 0.009454990684735695 0.009028052063329468 0.009170250073907768 0.009714725998108714 0.010349605771070889 0.011032901469309716 0.010090842139884182 0.012935184886058883 0.011306437321203473 0.008982731768353161 0.008656789349240543 0.009365140922682376 0.017284663527216977 0.008620603949971998 0.010828429205496247 0.009054579513638566 0.01339471425759725 0.011778169541110684 0.00924136232419954 0.008497812821225921 0.009709872755013112 0.008609010751812038 0.010992937756705415 0.015841605279261647 0.008893198417363897 0.009427808411388988 0.01011045925666311 0.009063731522180084 0.011936877860577592 0.008950228958107341 0.010561301938466681 0.009608805739961142 0.008391501404787987 0.009588923647136977 0.010542082500550373 0.009215077963873736 0.009428289843240727 0.008944540950183554 0.008904461657549077 0.01114111331376984 0.008458254567435703 0.008809176759206547 0.00844203424520227 0.008419679001670018 0.009856334607747812 0.0089158990493204 0.009626067844644086 0.010166494762721936 0.009174792922552875 0.0090992493790008 0.009183494195825382 0.008570708625592113 0.008575782148259041 0.009319548702148102 0.00969743787669523 0.008424224297189486 0.015458698809050864 0.008820278995158729 0.009003173819035802 0.008979561922463136 0.008774770175808418 0.009574458903074094 0.008642202660930699 0.008490324332265053
	From worker 2:	3
	From worker 2:	100 100 100
	From worker 2:	7683 11765 208846
	From worker 2:	0.4 0.2 0.1
	From worker 2:	-----
	From worker 2:	100
	From worker 2:	7683
	From worker 2:	0.4
	From worker 2:	-4.063044416638251 -4.180200779937133 -2.686194416293973
	From worker 2:	-2.6733590999125525 -1.906744946913764 -3.2645488512278305
	From worker 2:	-4.126400965674278 -4.585352025743015 -2.6698360908999397
	From worker 2:	-5.528514380029419 -5.936709248424406 -2.8653579379927483
	From worker 2:	-3.97211634684975 -3.2219867521687875 -3.3117420946430096
	From worker 2:	-4.357010084091028 -3.8817071474609333 -3.449268314919417
	From worker 2:	-4.7751245297881 -3.749553014555621 -3.3539426105237444
	From worker 2:	-5.257565323857055 -3.6096969480654018 -4.20315574468659
	From worker 2:	-4.628409988726498 -2.3497003322384797 -4.595252095613382
	From worker 2:	-3.019508572397649 -2.9520274664401795 -2.8312938774948244
	From worker 2:	-4.423930455400933 -3.73560240604116 -3.5125803329725396
	From worker 2:	-4.987962038134393 -4.334370699599824 -4.028722778222741
	From worker 2:	-5.514960459302416 -5.926598926286722 -2.6045487255665445
	From worker 2:	-3.491180262104484 -2.4413221338087854 -3.6281743843950975
	From worker 2:	-3.9810199419390306 -2.6990675526510635 -3.9283529724468433
	From worker 2:	-2.663768971394003 -2.691630666777117 -2.951717244915183
	From worker 2:	-4.8702948068572205 -4.046651025792199 -3.9658102727046165
	From worker 2:	-3.853470779079281 -2.643480871663592 -3.6797420761957933
	From worker 2:	-4.091349783051056 -2.8357088482960613 -3.859791561918749
	From worker 2:	-4.495265851787744 -3.1014491662710153 -3.9360380994908803
	From worker 2:	-4.454245478771838 -4.221348472307199 -3.663080197148758
	From worker 2:	-4.404024465452194 -3.666240128908969 -3.242282171716061
	From worker 2:	-3.813650600281927 -2.71107161375015 -3.7770777991140227
	From worker 2:	-5.88595467760468 -4.64816458219726 -3.9672800743015055
	From worker 2:	-3.7404260419306024 -3.1356052168099438 -3.1108217202930746
	From worker 2:	-4.331340727395894 -4.890528933035158 -2.79788484794293
	From worker 2:	-3.3552324298081997 -2.8862357027418555 -3.0912725093004725
	From worker 2:	-3.439120121580839 -2.577068317082904 -3.590248826948975
	From worker 2:	-4.966453027742702 -4.553291018245048 -2.623991592419687
	From worker 2:	-2.1317321243341865 -1.8177775809697447 -3.015304274180121
	From worker 2:	-3.7717024263564953 -2.7139282610216497 -3.8979301989267157
	From worker 2:	-2.9530096184416097 -2.7892077614564768 -3.0780947055245886
	From worker 2:	-4.2577658139152295 -4.001526299964295 -3.100538502410083
	From worker 2:	-3.971393523715395 -5.132574439539452 -2.7471035597495903
	From worker 2:	-3.9578925976807855 -3.463960623855982 -3.6367598871234974
	From worker 2:	-4.689508109346959 -3.6176671946088583 -3.7266410340942024
	From worker 2:	-4.357354130613226 -2.990114916693349 -4.047121133692408
	From worker 2:	-2.791374903088233 -2.8466153680929005 -3.0416458971332894
	From worker 2:	-2.5885192892100473 -2.5478621198686215 -2.960515972922483
	From worker 2:	-4.297833666994429 -3.5656862147332156 -3.8926813394616997
	From worker 2:	-2.3376295252656254 -2.7829695515110617 -2.6940444556676795
	From worker 2:	-4.939373657473465 -3.524910257965135 -4.2741818470498325
	From worker 2:	-4.765625985820593 -3.683549505532921 -3.1531986172112756
	From worker 2:	-1.7035017795139922 -1.1855598510175689 -3.176786987797581
	From worker 2:	-5.459519422835449 -4.1321593841180375 -4.089310888539762
	From worker 2:	-4.164276622380568 -3.8023952345773444 -2.748829928623815
	From worker 2:	-2.5665445571284127 -2.928718094685745 -2.651950722497521
	From worker 2:	-2.920102133784039 -2.8893659966987415 -3.1651165155586285
	From worker 2:	-5.865943003501389 -4.472119733560101 -4.270926341366986
	From worker 2:	-5.851105482508458 -4.761764478371339 -4.109451507012976
	From worker 2:	-2.945437489758156 -1.6619127416933086 -3.699069172970581
	From worker 2:	-4.053178445051093 -2.809969439852222 -3.7997846454359596
	From worker 2:	-5.916902872094502 -4.301918871795164 -4.250032542559918
	From worker 2:	-5.562898706541173 -4.601534380151205 -3.9527693687385543
	From worker 2:	-4.230985034736888 -3.360252203037224 -3.764527964657362
	From worker 2:	-3.3692179397493827 -3.559062720729619 -2.746445851589316
	From worker 2:	-2.5277020484282464 -2.0408856912601947 -3.100886366942127
	From worker 2:	-4.029257713271219 -3.4062125233196365 -3.60116669367968
	From worker 2:	-5.139406632611864 -4.2142620243134346 -3.845773121950369
	From worker 2:	-4.338798366092968 -4.1565267801553 -2.8506730865222254
	From worker 2:	-3.7393825564388443 -2.435322635631905 -3.6974487130883222
	From worker 2:	-4.508736320804513 -4.317332803404805 -3.678594171610357
	From worker 2:	-2.9908644018759745 -3.0245086981770233 -2.684705968242357
	From worker 2:	-4.592972136182111 -3.108008376790973 -4.208992448711729
	From worker 2:	-3.5611701436652123 -2.5615907605319403 -3.5807131673250137
	From worker 2:	-5.363173150348025 -3.763831033318211 -4.2967580642021455
	From worker 2:	-2.663435714306243 -2.1444569590507356 -3.1395116585686837
	From worker 2:	-4.620044036224485 -3.7224448171388977 -4.001537461286894
	From worker 2:	-4.328731719444415 -3.058152073498686 -3.597068110465122
	From worker 2:	-3.3051820263730676 -2.400146812873847 -3.2706474736343405
	From worker 2:	-1.6554319164085811 -1.592809052419291 -2.8299189844200154
	From worker 2:	-5.056876681840366 -4.070245869155777 -3.8637203825294377
	From worker 2:	-5.080505532564729 -5.048146360140798 -3.4535996051249986
	From worker 2:	-3.1833694884946375 -2.5705395096863266 -3.118008017440004
	From worker 2:	-4.068058854824487 -2.960292986485604 -3.4857646129476954
	From worker 2:	-4.10032763620972 -3.2325387226348297 -3.464240816502824
	From worker 2:	-3.746945788778342 -2.784271590092494 -3.746016369280998
	From worker 2:	-4.946069281707085 -2.611881149960566 -4.544367438078645
	From worker 2:	-5.91985843242669 -2.1663248098052774 -5.805785553953685
	From worker 2:	-4.373181859159729 -3.069326481181017 -3.6276619749567387
	From worker 2:	-2.254623553493082 -1.8197887908832175 -3.0134706326034872
	From worker 2:	-4.913381755952004 -3.74925384139334 -4.207335644368335
	From worker 2:	-3.7871074625803782 -2.538729409310328 -3.6934784762918498
	From worker 2:	-3.8875765768459765 -2.7101008660570027 -4.087113463986941
	From worker 2:	-3.3922096827616426 -2.4479455983459673 -3.5619988593249543
	From worker 2:	-3.067627128804025 -3.2361988228124012 -2.8236115137723217
	From worker 2:	-4.114682075580971 -4.118344328504525 -3.1028683619668294
	From worker 2:	-3.836315633742084 -3.2480720470194204 -3.4459039299196346
	From worker 2:	-2.955672766236625 -2.5876696785067113 -2.9967977338267766
	From worker 2:	-3.237610826808317 -2.602469397267711 -3.307803943241141
	From worker 2:	-3.684863288841231 -3.2827527118742177 -3.25315367469399
	From worker 2:	-4.184645934746816 -3.2739396488133217 -3.8406109958014727
	From worker 2:	-5.5736512419158615 -3.573310816154071 -4.640039185711106
	From worker 2:	-5.685179781802673 -3.6261962402333796 -4.663870511964296
	From worker 2:	-5.443242937461059 -4.110323111026748 -4.05440559525161
	From worker 2:	-5.335327828604999 -4.20173931876455 -4.026682635928742
	From worker 2:	-2.7011281392964146 -2.600467372826475 -2.827304164003386
	From worker 2:	-4.150978430444112 -2.797328101939869 -3.5236839971581206
	From worker 2:	-2.4459954997107305 -1.5697276206060469 -3.418506556492121
	From worker 2:	-3.176372842620823 -2.476777892317757 -3.360017412936718
	From worker 2:	0.32399999999999995 0.392 0.33599999999999997 0.344 0.21200000000000008 0.248 0.28800000000000003 0.244 0.352 0.23199999999999998 0.236 0.308 0.368 0.204 0.33199999999999996 0.38 0.33599999999999997 0.272 0.196 0.31599999999999995 0.272 0.28800000000000003 0.208 0.39599999999999996 0.22399999999999998 0.21599999999999997 0.136 0.38 0.368 0.396 0.248 0.15600000000000003 0.292 0.384 0.16400000000000003 0.21200000000000008 0.33999999999999997 0.26 0.376 0.3600000000000001 0.352 0.284 0.256 0.388 0.2919999999999999 0.31999999999999995 0.352 0.36 0.304 0.26 0.384 0.34800000000000003 0.372 0.248 0.23200000000000004 0.28 0.32799999999999996 0.196 0.296 0.35600000000000004 0.244 0.364 0.348 0.33199999999999996 0.26 0.344 0.296 0.188 0.176 0.33199999999999996 0.38 0.16000000000000003 0.368 0.392 0.3559999999999999 0.22000000000000003 0.38 0.356 0.372 0.348 0.396 0.332 0.372 0.32 0.24 0.21999999999999997 0.276 0.392 0.22000000000000008 0.256 0.264 0.264 0.372 0.392 0.33599999999999997 0.19999999999999996 0.2799999999999999 0.29200000000000004 0.344 0.268
	From worker 2:	0.010000000000000004 0.010000000000000004 0.010000000000000004 0.010000000000000004 0.010000000000000004 0.010000000000000004 0.010000000000000004 0.010000000000000004 0.010000000000000004 0.010000000000000004 0.010000000000000004 0.010000000000000004 0.010000000000000004 0.010000000000000004 0.010000000000000004 0.010000000000000004 0.010000000000000004 0.010000000000000004 0.010000000000000004 0.010000000000000004 0.010000000000000004 0.010000000000000004 0.010000000000000004 0.010000000000000004 0.010000000000000004 0.010000000000000004 0.010000000000000004 0.010000000000000004 0.010000000000000004 0.010000000000000004 0.010000000000000004 0.010000000000000004 0.010000000000000004 0.010000000000000004 0.010000000000000004 0.010000000000000004 0.010000000000000004 0.010000000000000004 0.010000000000000004 0.010000000000000004 0.010000000000000004 0.010000000000000004 0.010000000000000004 0.010000000000000004 0.010000000000000004 0.010000000000000004 0.010000000000000004 0.010000000000000004 0.010000000000000004 0.010000000000000004 0.010000000000000004 0.010000000000000004 0.010000000000000004 0.010000000000000004 0.010000000000000004 0.010000000000000004 0.010000000000000004 0.010000000000000004 0.010000000000000004 0.010000000000000004 0.010000000000000004 0.010000000000000004 0.010000000000000004 0.010000000000000004 0.010000000000000004 0.010000000000000004 0.010000000000000004 0.010000000000000004 0.010000000000000004 0.010000000000000004 0.010000000000000004 0.010000000000000004 0.010000000000000004 0.010000000000000004 0.010000000000000004 0.010000000000000004 0.010000000000000004 0.010000000000000004 0.010000000000000004 0.010000000000000004 0.010000000000000004 0.010000000000000004 0.010000000000000004 0.010000000000000004 0.010000000000000004 0.010000000000000004 0.010000000000000004 0.010000000000000004 0.010000000000000004 0.010000000000000004 0.010000000000000004 0.010000000000000004 0.010000000000000004 0.010000000000000004 0.010000000000000004 0.010000000000000004 0.010000000000000004 0.010000000000000004 0.010000000000000004 0.010000000000000004
	From worker 2:	-----
	From worker 2:	100
	From worker 2:	11765
	From worker 2:	0.2
	From worker 2:	-3.5940185124252766 -2.986777133416838 -3.516729198620735
	From worker 2:	-4.194712639442014 -2.7191104500463488 -3.8915280169147595
	From worker 2:	-4.67572984434353 -3.5558648820832413 -4.026357055839705
	From worker 2:	-4.8935956387713135 -3.9134641289443852 -3.7635279999115014
	From worker 2:	-5.471024490473657 -4.2495965015575665 -3.991355983850549
	From worker 2:	-5.225784034843786 -4.393401801313149 -3.899636049289303
	From worker 2:	-4.351869150210162 -3.8792365525843113 -2.9799937290199967
	From worker 2:	-5.949559940047471 -5.081633707378371 -3.973076944332061
	From worker 2:	-3.5309068905039345 -2.9536422682448684 -3.2389743301104907
	From worker 2:	-4.32900775224671 -3.0637817582286124 -3.5214557010749385
	From worker 2:	-4.439788047384575 -3.0228270198997853 -3.950817773839105
	From worker 2:	-5.296557815515432 -4.723780878787947 -3.876250528950184
	From worker 2:	-3.3785772009880155 -3.161852160261361 -2.940765868020417
	From worker 2:	-5.590114001383664 -4.838070201857967 -3.86853074433822
	From worker 2:	-3.9806553178718067 -3.104647981324049 -3.839326668564774
	From worker 2:	-4.644463823961805 -3.744341606879377 -3.665627698234502
	From worker 2:	-3.474542316656594 -2.608697059414426 -3.481782820552961
	From worker 2:	-4.6881456806916795 -3.5967311202082373 -3.79805718428765
	From worker 2:	-4.915307929279605 -4.111748816428345 -3.688363242004221
	From worker 2:	-4.319077231519795 -3.126883853216555 -3.6570928956083995
	From worker 2:	-5.080613491615706 -4.281709739283513 -3.938874925307087
	From worker 2:	-4.523864194088562 -3.5177089273866735 -3.7590739106214985
	From worker 2:	-4.244226864117303 -3.4515446925054194 -3.6911395121422528
	From worker 2:	-3.2117919934291543 -2.4969490264898275 -3.207609868038478
	From worker 2:	-3.9706903157615416 -3.737021785430632 -3.36616290846221
	From worker 2:	-4.103548138449571 -3.147559693436465 -3.6202406168420205
	From worker 2:	-5.845000000505277 -5.33461646943655 -3.8241182468141455
	From worker 2:	-3.8114167515249537 -3.9110086095672942 -3.1220689483324398
	From worker 2:	-4.999370240331476 -4.085946460800134 -3.858312988203008
	From worker 2:	-5.49308274638226 -4.8494820070289215 -3.8577492297770233
	From worker 2:	-4.213939678724658 -3.433512192980587 -3.1742132725936574
	From worker 2:	-3.770594632164477 -3.2648042074055343 -3.178711972702203
	From worker 2:	-3.996447226146726 -3.035804975231793 -3.3826455292734128
	From worker 2:	-3.7555911466504477 -2.7065150511750535 -3.7818448960533866
	From worker 2:	-3.7372893010164168 -2.9566389127645603 -3.2675338763442414
	From worker 2:	-3.5475197635311075 -2.757516490532628 -3.122611742595723
	From worker 2:	-4.15379717984735 -3.0574602824631403 -4.030996624926105
	From worker 2:	-4.4878005220452915 -3.947713695695736 -3.846295351568931
	From worker 2:	-4.69312484900159 -4.057341300862277 -3.775620965184928
	From worker 2:	-3.6470298414761433 -3.335810673453547 -3.075865095255703
	From worker 2:	-4.300148812975309 -3.3934221791925694 -2.9732851515694496
	From worker 2:	-5.154297624494037 -4.4646971123188965 -3.9457021977624156
	From worker 2:	-5.226536368110884 -4.151751178191045 -3.7019240530588564
	From worker 2:	-5.575440742624573 -4.666398106099826 -3.919444720228237
	From worker 2:	-3.3981461073246395 -3.495097252049562 -2.894760865523831
	From worker 2:	-3.618869294446501 -2.962255855483583 -3.355818908605166
	From worker 2:	-3.9935785711331144 -3.4494779716630264 -3.3497460560566155
	From worker 2:	-3.5363979594949235 -2.7004835715760347 -3.566908405731778
	From worker 2:	-5.611856464484737 -5.254244216473662 -3.712357362468923
	From worker 2:	-4.422976380866927 -3.789961964356165 -3.5770002059438712
	From worker 2:	-3.716938800785439 -3.488380679415814 -2.894866229639998
	From worker 2:	-4.702886210322921 -3.8573941050169402 -3.908091971570278
	From worker 2:	-5.45838760505715 -4.846718270852858 -3.810386371363391
	From worker 2:	-5.459695163475888 -4.44899183497078 -3.988999280513017
	From worker 2:	-3.7007705730976337 -3.3751950556914982 -3.188786108856765
	From worker 2:	-4.344128180838068 -3.1870563641162626 -3.720386037566699
	From worker 2:	-3.513899912310994 -2.5766168792581747 -3.608281158866014
	From worker 2:	-3.802294621526782 -3.3628701828647887 -3.452638884645781
	From worker 2:	-5.590913179798606 -3.9923370886713214 -3.8510449502429642
	From worker 2:	-5.583204802417373 -5.100934884177368 -3.8822956378618354
	From worker 2:	-4.753883973148321 -3.7811962282980067 -3.53240397063991
	From worker 2:	-3.7029625492282565 -3.143051719392703 -3.1259564409803535
	From worker 2:	-4.800729741497447 -3.9837432861267836 -3.2297232298526746
	From worker 2:	-3.5230903517398806 -2.9870705749095974 -3.3666884049270998
	From worker 2:	-4.9980046299373795 -4.341221408480818 -3.130604730774846
	From worker 2:	-4.558633170193343 -3.8123858829107604 -3.9063468283770026
	From worker 2:	-4.267019083184037 -3.6014733122277827 -2.9488580592053557
	From worker 2:	-4.915238672532349 -4.002844042223516 -3.9848611925634287
	From worker 2:	-4.207017477528094 -3.5351632215676494 -3.6017983377467533
	From worker 2:	-3.438817473152418 -3.4609171553863645 -3.234988295884341
	From worker 2:	-5.060445839169364 -4.38125438720558 -3.9189086009189524
	From worker 2:	-3.677746753591596 -3.322249998916199 -3.1958440047688823
	From worker 2:	-4.086543668912843 -2.750322541007064 -3.8677663920826353
	From worker 2:	-3.6113072573052474 -2.937210664680644 -3.4166758972304043
	From worker 2:	-4.427385095805407 -3.830815105068236 -3.8710989329753978
	From worker 2:	-2.979763865031693 -2.7761532970931477 -3.0645344462299615
	From worker 2:	-4.441222288073945 -3.491477122825358 -3.748839925864784
	From worker 2:	-4.090128217286993 -2.8385074626380646 -3.562025289942256
	From worker 2:	-4.2161114386579195 -3.422039828845322 -3.746793393244552
	From worker 2:	-4.1025767254417955 -3.5191455303399635 -3.563777692399772
	From worker 2:	-4.74866630197809 -3.4835266870235695 -3.187286186301783
	From worker 2:	-4.541942990524634 -3.976927877255976 -3.61187540882742
	From worker 2:	-4.738539118949251 -4.231102086916522 -3.8000828394505337
	From worker 2:	-5.122938378183054 -4.120782363679517 -4.009860009614625
	From worker 2:	-3.4206384095248787 -2.968744257895408 -3.480205888691261
	From worker 2:	-3.664872896026954 -2.8577202326733815 -3.327780537269211
	From worker 2:	-3.832699301342073 -3.1669168533239147 -3.170836117746927
	From worker 2:	-3.824171610568461 -3.129902534493131 -3.4928434564376785
	From worker 2:	-4.449561126394587 -3.468623370552101 -3.8349641546283926
	From worker 2:	-3.4846138690863926 -2.8203660017317804 -3.3337982018496928
	From worker 2:	-4.990538680516156 -3.9236419297065543 -4.02599176819654
	From worker 2:	-4.313100773199564 -3.4133039467238846 -3.742376453421299
	From worker 2:	-5.804722459388003 -4.8948742340247815 -3.975446242919212
	From worker 2:	-4.251530228584273 -3.890596344279886 -3.697572567445126
	From worker 2:	-4.324866989366426 -3.413470593879838 -3.241351429984108
	From worker 2:	-4.630991503117329 -3.848492968453786 -3.8921739181183015
	From worker 2:	-3.6945966508128105 -3.290423211757318 -3.3811173536721335
	From worker 2:	-3.679120952171315 -3.7481758301923156 -3.250989607214359
	From worker 2:	-4.479006949556379 -3.608326284306015 -3.846553020621246
	From worker 2:	-4.442983355968203 -3.344383799165223 -3.7640386725698933
	From worker 2:	0.132 0.188 0.184 0.132 0.18 0.192 0.184 0.184 0.17599999999999993 0.17599999999999993 0.192 0.18 0.15200000000000002 0.14 0.18 0.18 0.11199999999999999 0.19999999999999996 0.132 0.18 0.184 0.15200000000000002 0.14 0.15200000000000002 0.07999999999999999 0.16 0.124 0.11199999999999999 0.192 0.176 0.07599999999999998 0.15600000000000003 0.104 0.192 0.064 0.15600000000000003 0.188 0.132 0.18000000000000005 0.19199999999999995 0.16399999999999998 0.192 0.18 0.176 0.19199999999999995 0.128 0.18 0.16399999999999998 0.176 0.136 0.17999999999999994 0.132 0.18400000000000005 0.15200000000000002 0.136 0.124 0.196 0.10799999999999998 0.188 0.18 0.11600000000000005 0.15200000000000002 0.19999999999999996 0.10399999999999998 0.18799999999999994 0.172 0.1 0.188 0.184 0.18 0.18 0.12000000000000002 0.18 0.15200000000000002 0.152 0.184 0.112 0.144 0.12 0.124 0.176 0.16399999999999992 0.19999999999999996 0.18 0.168 0.16799999999999998 0.192 0.17200000000000004 0.18 0.17599999999999993 0.188 0.12400000000000005 0.188 0.16400000000000003 0.128 0.14799999999999996 0.184 0.18800000000000006 0.17199999999999993 0.14400000000000002
	From worker 2:	0.008891386369065394 0.009581896591247687 0.009160801732199256 0.009103942201332758 0.01121718428078061 0.010820604321482998 0.010772926923462711 0.017890153620619187 0.00931651407328293 0.008605241871530922 0.009197919129317295 0.012329423496103942 0.010733948080751416 0.013871022008409709 0.008844513195594891 0.008653597693846871 0.009594637640741348 0.008674750348494983 0.009443722512031811 0.008500102558705369 0.010309875353957923 0.00850561845973841 0.008385465833290074 0.010604238976299255 0.008934666958611647 0.008435569292100422 0.01959084081815274 0.010207654547005183 0.009599549203658287 0.01357540098049826 0.009189451928333564 0.009177090320652536 0.008685425207846747 0.0094769304088775 0.009068378556826798 0.009917088385214901 0.009454990684735695 0.009028052063329468 0.009170250073907768 0.009714725998108714 0.010349605771070889 0.011032901469309716 0.010090842139884182 0.012935184886058883 0.011306437321203473 0.008982731768353161 0.008656789349240543 0.009365140922682376 0.017284663527216977 0.008620603949971998 0.010828429205496247 0.009054579513638566 0.01339471425759725 0.011778169541110684 0.00924136232419954 0.008497812821225921 0.009709872755013112 0.008609010751812038 0.010992937756705415 0.015841605279261647 0.008893198417363897 0.009427808411388988 0.01011045925666311 0.009063731522180084 0.011936877860577592 0.008950228958107341 0.010561301938466681 0.009608805739961142 0.008391501404787987 0.009588923647136977 0.010542082500550373 0.009215077963873736 0.009428289843240727 0.008944540950183554 0.008904461657549077 0.01114111331376984 0.008458254567435703 0.008809176759206547 0.00844203424520227 0.008419679001670018 0.009856334607747812 0.0089158990493204 0.009626067844644086 0.010166494762721936 0.009174792922552875 0.0090992493790008 0.009183494195825382 0.008570708625592113 0.008575782148259041 0.009319548702148102 0.00969743787669523 0.008424224297189486 0.015458698809050864 0.008820278995158729 0.009003173819035802 0.008979561922463136 0.008774770175808418 0.009574458903074094 0.008642202660930699 0.008490324332265053
	From worker 2:	-----
	From worker 2:	100
	From worker 2:	208846
	From worker 2:	0.1
	From worker 2:	-3.9044057249547377 -2.985153060529141 -3.3651114098449004
	From worker 2:	-4.0670293076412545 -3.589127536184221 -3.350669841811276
	From worker 2:	-3.6428795494702184 -3.0557135076510136 -3.394331477843118
	From worker 2:	-3.9209590401949033 -3.2128359858517483 -3.431551760085517
	From worker 2:	-3.8405111095313456 -3.461569573302118 -3.2158167073860007
	From worker 2:	-4.552303985893741 -3.1499967798367443 -3.537041676558076
	From worker 2:	-3.429716609064475 -2.951542631803449 -3.3415318376786685
	From worker 2:	-3.984693243160895 -3.679887722049635 -3.618867397478509
	From worker 2:	-4.114778793081742 -3.3051874763095883 -3.42526140077917
	From worker 2:	-3.7915445162934907 -2.9856658812448553 -3.405421133102319
	From worker 2:	-3.6062954719036826 -3.8891436414773723 -3.104612524179626
	From worker 2:	-3.4623356560467062 -2.8887927131991975 -3.170972474237903
	From worker 2:	-4.129528087916107 -3.387515747926891 -3.175555329135212
	From worker 2:	-3.7958915057002334 -3.0799277783021384 -3.379272637006548
	From worker 2:	-3.4450498259788906 -2.934573494292257 -3.1769359836975806
	From worker 2:	-3.570392225050059 -3.127605819126037 -3.1749605871041515
	From worker 2:	-4.3088138461522565 -3.728987599955392 -3.478365586954002
	From worker 2:	-3.5670006196778465 -3.3217370196251403 -2.9870259575474347
	From worker 2:	-4.077009463092029 -3.0349284744143903 -3.4807005650207383
	From worker 2:	-4.364129616875929 -3.77704077738884 -3.3920554304622796
	From worker 2:	-3.8167567449644313 -3.646418797608517 -3.0672046276337404
	From worker 2:	-3.796827411173982 -3.5178801151951054 -2.970377473563392
	From worker 2:	-3.5850351437602455 -2.859715129630345 -3.414666105886772
	From worker 2:	-3.5698113955521227 -3.3743109726588516 -3.179988451306719
	From worker 2:	-3.788389973076428 -2.9373518612106255 -3.330982765667185
	From worker 2:	-4.025709646695781 -3.7467898429215554 -3.4289391832488345
	From worker 2:	-3.7332256847859497 -2.905550409615261 -3.274722330916404
	From worker 2:	-4.377498746972721 -3.826782323068124 -3.3849283104702588
	From worker 2:	-4.61143758947838 -3.798267360097698 -3.558114959522478
	From worker 2:	-4.4181732271256875 -3.643129328467789 -3.434104385879744
	From worker 2:	-3.700062742948313 -3.4820489537368435 -3.2431544376013997
	From worker 2:	-4.822024842508325 -3.6640887810713383 -3.4512772164830703
	From worker 2:	-3.964912806369558 -3.1958045798758996 -3.321559250486842
	From worker 2:	-3.9854241592825455 -3.356922824460206 -3.092182543807422
	From worker 2:	-4.147386327158096 -3.575745811038934 -3.309831808293019
	From worker 2:	-3.737775969568166 -3.5056960926717693 -3.205969131787367
	From worker 2:	-3.9202531135371457 -3.006732442557872 -3.614648497688655
	From worker 2:	-4.094822203711097 -3.3589024387274895 -3.2105728035106202
	From worker 2:	-4.645018423880669 -3.8892170914748903 -3.653032352549124
	From worker 2:	-3.550669066020221 -2.994974633773952 -3.2816349338445385
	From worker 2:	-3.4514934756526903 -3.0193653031143817 -3.1749982573881725
	From worker 2:	-3.8697511595033656 -3.9324398643308944 -3.407698530686149
	From worker 2:	-3.650401930329991 -2.834933878062124 -3.369947459526212
	From worker 2:	-4.25988805554357 -3.6662319152095044 -3.631557639612596
	From worker 2:	-4.442623165719969 -3.5347073004584995 -3.568646234484095
	From worker 2:	-3.8095742734604388 -3.030177817159204 -3.333363617239656
	From worker 2:	-3.683695051144032 -3.6146279115488738 -3.1828661590375757
	From worker 2:	-3.513407377908596 -3.016823844641135 -3.324206262239029
	From worker 2:	-4.138254703249196 -3.198386098367252 -3.4851361091984026
	From worker 2:	-3.327111754229519 -3.2057755226712024 -3.0611322127809473
	From worker 2:	-4.156176632400487 -3.2760353261029356 -3.5163424854181184
	From worker 2:	-3.4919023816021912 -3.5249459180353924 -3.054976335110417
	From worker 2:	-3.9481824496520015 -3.4872719017056064 -3.306204627471451
	From worker 2:	-4.345262576157746 -3.704258985540712 -3.51885673507802
	From worker 2:	-4.498191568642781 -3.8377390182297546 -3.3098816149884955
	From worker 2:	-4.96578483748837 -3.4002074953870127 -3.497524772485538
	From worker 2:	-4.032438833307049 -2.963448211860304 -3.5496488338334147
	From worker 2:	-4.053712960615916 -3.555191195922197 -3.302004727808788
	From worker 2:	-3.757997460145475 -3.461207845058247 -3.252983861476507
	From worker 2:	-3.7590974452342163 -3.0499251010854533 -3.3396340355811627
	From worker 2:	-3.499318956934623 -3.2376922370430936 -3.3534527405306167
	From worker 2:	-4.280952855629205 -3.716166319403455 -3.5641501588364104
	From worker 2:	-3.4057295702826806 -2.9442666760134895 -3.2551341488492187
	From worker 2:	-4.3642785539039215 -3.5709872282449995 -3.468043970770434
	From worker 2:	-3.525774422184857 -3.2886431284708713 -3.2430054199386382
	From worker 2:	-3.69489305266469 -3.0598731452926167 -3.2200784696665874
	From worker 2:	-3.805099898245833 -3.2719745731184084 -3.412484004211951
	From worker 2:	-5.58906405299418 -3.4113158774964987 -3.8400859867835138
	From worker 2:	-4.182969534487883 -3.5590801072833185 -3.424721202160266
	From worker 2:	-3.4811725598362235 -3.255880867511383 -2.9464134286515025
	From worker 2:	-3.8011080505830424 -3.2648468705075704 -3.288864669266782
	From worker 2:	-3.90036446305705 -3.4382354305856135 -3.3375755963267397
	From worker 2:	-4.188596974493756 -3.504536235461896 -3.512762901354337
	From worker 2:	-4.380562965545768 -3.946935388444679 -3.517125119110928
	From worker 2:	-3.889075801718783 -3.4247906607338634 -3.2214804022412915
	From worker 2:	-4.080341657303668 -3.484825032065009 -3.2369353864523513
	From worker 2:	-4.634373450776432 -3.6759992858548456 -3.4029360530584944
	From worker 2:	-3.756084694128451 -2.975406548954197 -3.524463332334475
	From worker 2:	-3.8667988623776166 -3.363066723325085 -3.0980490294653396
	From worker 2:	-3.932168509134171 -3.6082796269653405 -3.2902553964701386
	From worker 2:	-4.3544216410888685 -3.573417993438238 -3.5814564912777755
	From worker 2:	-3.586098531859091 -3.233520302903384 -3.229811634803607
	From worker 2:	-3.7806754116005075 -2.9146189670714 -3.3188172276023367
	From worker 2:	-4.035032383682378 -3.3941118067264164 -3.450519883612596
	From worker 2:	-4.490133358123711 -4.003722799068298 -3.4219104644273544
	From worker 2:	-4.650997511703886 -4.1183116835673195 -3.5540980524881385
	From worker 2:	-3.80156543626498 -3.174242932487803 -3.4858573836699422
	From worker 2:	-4.405172338208122 -3.419602035765057 -3.3509985598805794
	From worker 2:	-3.9830145188970074 -3.1993622285409256 -3.5123183926934125
	From worker 2:	-3.490290865952765 -2.9172255601882595 -3.325402752289875
	From worker 2:	-3.98250762681257 -3.0423782210989803 -3.542202331482518
	From worker 2:	-3.858543018480823 -3.374984530893556 -3.4901649919668283
	From worker 2:	-3.8863098537053697 -3.3349291263303984 -3.350447623870301
	From worker 2:	-4.34895147604456 -3.599776324511172 -3.6055910969668794
	From worker 2:	-3.9058647189121225 -3.3054605589367716 -3.3948302035455318
	From worker 2:	-4.197893102940098 -3.699747826923316 -3.4021930746101035
	From worker 2:	-4.1804928901175264 -3.1313620036495857 -3.4494364504459245
	From worker 2:	-4.0342974130076925 -3.459668136208654 -3.156059452299893
	From worker 2:	-4.300989620789725 -3.728743941691747 -3.641793512394797
	From worker 2:	-4.344109621998888 -3.638739008027086 -3.423121706157199
	From worker 2:	0.07999999999999996 0.096 0.07600000000000001 0.06400000000000006 0.088 0.092 0.09200000000000001 0.09999999999999998 0.09999999999999998 0.09999999999999998 0.08799999999999997 0.09999999999999998 0.07600000000000001 0.076 0.092 0.084 0.08800000000000002 0.09200000000000003 0.076 0.096 0.09599999999999997 0.09599999999999997 0.09199999999999997 0.088 0.088 0.096 0.09599999999999997 0.092 0.09600000000000003 0.092 0.09199999999999997 0.092 0.08399999999999996 0.08800000000000002 0.07599999999999996 0.09599999999999997 0.096 0.076 0.096 0.096 0.06799999999999999 0.08399999999999996 0.09199999999999997 0.09999999999999998 0.092 0.09599999999999997 0.09999999999999998 0.088 0.09599999999999997 0.09999999999999998 0.08800000000000008 0.09999999999999998 0.07999999999999999 0.08400000000000002 0.09599999999999997 0.09999999999999998 0.09999999999999998 0.09200000000000003 0.09999999999999998 0.07200000000000001 0.09999999999999998 0.088 0.07999999999999996 0.08399999999999999 0.096 0.09999999999999998 0.07599999999999996 0.08399999999999999 0.092 0.09599999999999997 0.09999999999999998 0.07200000000000006 0.076 0.09600000000000009 0.09999999999999998 0.08799999999999997 0.08000000000000002 0.09199999999999997 0.09999999999999998 0.096 0.088 0.08399999999999996 0.09999999999999998 0.08799999999999997 0.08399999999999996 0.076 0.096 0.076 0.076 0.072 0.09199999999999997 0.06800000000000006 0.07600000000000001 0.09199999999999997 0.088 0.096 0.06799999999999995 0.08000000000000002 0.088 0.09600000000000003
	From worker 2:	0.009777261184892022 0.009047688202592838 0.010049656940409058 0.008988224581063225 0.010169277096341306 0.009216098849378834 0.011436773076280313 0.008769972388010298 0.008698634319310864 0.00982986365723034 0.01400701724519529 0.012689024376356332 0.010335209043483255 0.009611798508705133 0.012510915759742693 0.011407515585917676 0.008464304607916903 0.014011532009077343 0.009205947239296217 0.008950573890790427 0.012424540343314052 0.0138941400223177 0.010929969162869892 0.011235278353985913 0.01026548368025167 0.009025191580028034 0.010814274435359735 0.00909035348051873 0.008265124231050311 0.008593035804916355 0.010338319563698383 0.009178719508712688 0.009371006535825592 0.011356911364854384 0.009231925886620721 0.010565583121464448 0.009605223163336748 0.009971012565191789 0.008097174894741826 0.010994863797655552 0.012195464603191352 0.010195963912692022 0.010915154557806613 0.008207365874295732 0.008187296382194575 0.009894796244829954 0.011222803557188493 0.010877498925355644 0.008729849897105606 0.014071142527114841 0.00853699898583921 0.013504397620873057 0.00934759272792937 0.008295394885469947 0.009816033379314925 0.009950204309273207 0.0094906353649525 0.009318043833889407 0.010066263343604324 0.009911924480976948 0.010457804882666026 0.008252732008722872 0.012026336042484341 0.00840643879610389 0.010873809540616477 0.01076240062204005 0.009184568920358913 0.013375556334145746 0.008585591228988125 0.015342638258539478 0.00970058425290467 0.009222237365272038 0.008325570983333551 0.008640277115368295 0.010007645101236154 0.00974339514190057 0.009063583313488867 0.009899462501926385 0.011362978100917551 0.00963853214934629 0.008145380005435628 0.01073974689323035 0.010430419605609306 0.008620011770552162 0.009255668076485734 0.008706955731782469 0.009227412804838953 0.009103267948053606 0.008825873429770724 0.01132138678592041 0.009239296508140357 0.008884037373275767 0.009185836757071176 0.008125347668162154 0.009003043998399967 0.008818650961441403 0.008968997416158643 0.010556352181577001 0.008195158620731028 0.00861476733039992
	From worker 2:	6180.993417 seconds (14.49 G allocations: 1.856 TiB, 11.25% gc time)
	From worker 2:	Writing ENSMUSG00000012396 to file
Run finished at  Mon Jul 30 17:45:38 BST 2018
