Run started at  Tue Aug 14 10:29:01 BST 2018

signal (15): Terminated
while loading /project/home17/er4517/project_3/gene_bursting/ABC_Bursting/Code/src/julia/plotting-tools.jl, in expression starting on line 1
jl_recache_type at /buildworker/worker/package_linux64/build/src/dump.c:3044
jl_recache_types at /buildworker/worker/package_linux64/build/src/dump.c:3092 [inlined]
_jl_restore_incremental at /buildworker/worker/package_linux64/build/src/dump.c:3294
jl_restore_incremental at /buildworker/worker/package_linux64/build/src/dump.c:3338
_include_from_serialized at ./loading.jl:157
_require_from_serialized at ./loading.jl:200
unknown function (ip: 0x7f071b191b08)
jl_call_fptr_internal at /buildworker/worker/package_linux64/build/src/julia_internal.h:339 [inlined]
jl_call_method_internal at /buildworker/worker/package_linux64/build/src/julia_internal.h:358 [inlined]
jl_apply_generic at /buildworker/worker/package_linux64/build/src/gf.c:1926
_require_search_from_serialized at ./loading.jl:236
unknown function (ip: 0x7f071b1938d8)
jl_call_fptr_internal at /buildworker/worker/package_linux64/build/src/julia_internal.h:339 [inlined]
jl_call_method_internal at /buildworker/worker/package_linux64/build/src/julia_internal.h:358 [inlined]
jl_apply_generic at /buildworker/worker/package_linux64/build/src/gf.c:1926
_require at ./loading.jl:441
require at ./loading.jl:405
unknown function (ip: 0x7f071b18e142)
jl_call_fptr_internal at /buildworker/worker/package_linux64/build/src/julia_internal.h:339 [inlined]
jl_call_method_internal at /buildworker/worker/package_linux64/build/src/julia_internal.h:358 [inlined]
jl_apply_generic at /buildworker/worker/package_linux64/build/src/gf.c:1926
jl_apply at /buildworker/worker/package_linux64/build/src/julia.h:1424 [inlined]
eval_import_path_ at /buildworker/worker/package_linux64/build/src/toplevel.c:403
eval_import_path at /buildworker/worker/package_linux64/build/src/toplevel.c:430 [inlined]
jl_toplevel_eval_flex at /buildworker/worker/package_linux64/build/src/toplevel.c:495
jl_toplevel_eval_flex at /buildworker/worker/package_linux64/build/src/toplevel.c:551
jl_toplevel_eval_flex at /buildworker/worker/package_linux64/build/src/toplevel.c:551
jl_parse_eval_all at /buildworker/worker/package_linux64/build/src/ast.c:873
jl_load at /buildworker/worker/package_linux64/build/src/toplevel.c:616
include_from_node1 at ./loading.jl:576
unknown function (ip: 0x7f071b15de62)
jl_call_fptr_internal at /buildworker/worker/package_linux64/build/src/julia_internal.h:339 [inlined]
jl_call_method_internal at /buildworker/worker/package_linux64/build/src/julia_internal.h:358 [inlined]
jl_apply_generic at /buildworker/worker/package_linux64/build/src/gf.c:1926
include at ./sysimg.jl:14
unknown function (ip: 0x7f074f7dd9eb)
jl_call_fptr_internal at /buildworker/worker/package_linux64/build/src/julia_internal.h:339 [inlined]
jl_call_method_internal at /buildworker/worker/package_linux64/build/src/julia_internal.h:358 [inlined]
jl_apply_generic at /buildworker/worker/package_linux64/build/src/gf.c:1926
do_call at /buildworker/worker/package_linux64/build/src/interpreter.c:75
eval at /buildworker/worker/package_linux64/build/src/interpreter.c:242
jl_interpret_toplevel_expr at /buildworker/worker/package_linux64/build/src/interpreter.c:34
jl_toplevel_eval_flex at /buildworker/worker/package_linux64/build/src/toplevel.c:577
jl_eval_module_expr at /buildworker/worker/package_linux64/build/src/toplevel.c:205
jl_toplevel_eval_flex at /buildworker/worker/package_linux64/build/src/toplevel.c:480
jl_parse_eval_all at /buildworker/worker/package_linux64/build/src/ast.c:873
jl_load at /buildworker/worker/package_linux64/build/src/toplevel.c:616
include_from_node1 at ./loading.jl:576
unknown function (ip: 0x7f074f94538b)
jl_call_fptr_internal at /buildworker/worker/package_linux64/build/src/julia_internal.h:339 [inlined]
jl_call_method_internal at /buildworker/worker/package_linux64/build/src/julia_internal.h:358 [inlined]
jl_apply_generic at /buildworker/worker/package_linux64/build/src/gf.c:1926
do_call at /buildworker/worker/package_linux64/build/src/interpreter.c:75
eval at /buildworker/worker/package_linux64/build/src/interpreter.c:242
jl_interpret_toplevel_expr at /buildworker/worker/package_linux64/build/src/interpreter.c:34
jl_toplevel_eval_flex at /buildworker/worker/package_linux64/build/src/toplevel.c:577
jl_toplevel_eval_in at /buildworker/worker/package_linux64/build/src/builtins.c:496
eval at ./boot.jl:235
unknown function (ip: 0x7f074f901d2f)
jl_call_fptr_internal at /buildworker/worker/package_linux64/build/src/julia_internal.h:339 [inlined]
jl_call_method_internal at /buildworker/worker/package_linux64/build/src/julia_internal.h:358 [inlined]
jl_apply_generic at /buildworker/worker/package_linux64/build/src/gf.c:1926
_require at ./loading.jl:479
require at ./loading.jl:405
unknown function (ip: 0x7f074fa2bd4b)
jl_call_fptr_internal at /buildworker/worker/package_linux64/build/src/julia_internal.h:339 [inlined]
jl_call_method_internal at /buildworker/worker/package_linux64/build/src/julia_internal.h:358 [inlined]
jl_apply_generic at /buildworker/worker/package_linux64/build/src/gf.c:1926
jl_apply at /buildworker/worker/package_linux64/build/src/julia.h:1424 [inlined]
eval_import_path_ at /buildworker/worker/package_linux64/build/src/toplevel.c:403
eval_import_path at /buildworker/worker/package_linux64/build/src/toplevel.c:430 [inlined]
jl_toplevel_eval_flex at /buildworker/worker/package_linux64/build/src/toplevel.c:510
jl_toplevel_eval_flex at /buildworker/worker/package_linux64/build/src/toplevel.c:551
macro expansion at ./distributed/macros.jl:99 [inlined]
anonymous at ./<missing> (unknown line)
jl_call_fptr_internal at /buildworker/worker/package_linux64/build/src/julia_internal.h:339 [inlined]
jl_call_method_internal at /buildworker/worker/package_linux64/build/src/julia_internal.h:358 [inlined]
jl_toplevel_eval_flex at /buildworker/worker/package_linux64/build/src/toplevel.c:589
jl_parse_eval_all at /buildworker/worker/package_linux64/build/src/ast.c:873
jl_load at /buildworker/worker/package_linux64/build/src/toplevel.c:616
include_from_node1 at ./loading.jl:576
unknown function (ip: 0x7f074f94538b)
jl_call_fptr_internal at /buildworker/worker/package_linux64/build/src/julia_internal.h:339 [inlined]
jl_call_method_internal at /buildworker/worker/package_linux64/build/src/julia_internal.h:358 [inlined]
jl_apply_generic at /buildworker/worker/package_linux64/build/src/gf.c:1926
include at ./sysimg.jl:14
unknown function (ip: 0x7f074f7dd9eb)
jl_call_fptr_internal at /buildworker/worker/package_linux64/build/src/julia_internal.h:339 [inlined]
jl_call_method_internal at /buildworker/worker/package_linux64/build/src/julia_internal.h:358 [inlined]
jl_apply_generic at /buildworker/worker/package_linux64/build/src/gf.c:1926
process_options at ./client.jl:305
_start at ./client.jl:371
unknown function (ip: 0x7f074f953d28)
jl_call_fptr_internal at /buildworker/worker/package_linux64/build/src/julia_internal.h:339 [inlined]
jl_call_method_internal at /buildworker/worker/package_linux64/build/src/julia_internal.h:358 [inlined]
jl_apply_generic at /buildworker/worker/package_linux64/build/src/gf.c:1926
unknown function (ip: 0x401bc8)
unknown function (ip: 0x401612)
__libc_start_main at /lib64/libc.so.6 (unknown line)
unknown function (ip: 0x4016bc)
unknown function (ip: 0xffffffffffffffff)
Allocations: 12613432 (Pool: 12610699; Big: 2733); GC: 23

signal (15): Terminated
while loading /project/home17/er4517/project_3/gene_bursting/ABC_Bursting/Code/src/julia/plotting-tools.jl, in expression starting on line 1
jl_recache_type at /buildworker/worker/package_linux64/build/src/dump.c:3046
jl_recache_types at /buildworker/worker/package_linux64/build/src/dump.c:3092 [inlined]
_jl_restore_incremental at /buildworker/worker/package_linux64/build/src/dump.c:3294
jl_restore_incremental at /buildworker/worker/package_linux64/build/src/dump.c:3338
_include_from_serialized at ./loading.jl:157
_require_from_serialized at ./loading.jl:200
unknown function (ip: 0x7f071b191b08)
jl_call_fptr_internal at /buildworker/worker/package_linux64/build/src/julia_internal.h:339 [inlined]
jl_call_method_internal at /buildworker/worker/package_linux64/build/src/julia_internal.h:358 [inlined]
jl_apply_generic at /buildworker/worker/package_linux64/build/src/gf.c:1926
_require_search_from_serialized at ./loading.jl:236
unknown function (ip: 0x7f071b1938d8)
jl_call_fptr_internal at /buildworker/worker/package_linux64/build/src/julia_internal.h:339 [inlined]
jl_call_method_internal at /buildworker/worker/package_linux64/build/src/julia_internal.h:358 [inlined]
jl_apply_generic at /buildworker/worker/package_linux64/build/src/gf.c:1926
_require at ./loading.jl:441
require at ./loading.jl:405
unknown function (ip: 0x7f071b18e142)
jl_call_fptr_internal at /buildworker/worker/package_linux64/build/src/julia_internal.h:339 [inlined]
jl_call_method_internal at /buildworker/worker/package_linux64/build/src/julia_internal.h:358 [inlined]
jl_apply_generic at /buildworker/worker/package_linux64/build/src/gf.c:1926
jl_apply at /buildworker/worker/package_linux64/build/src/julia.h:1424 [inlined]
eval_import_path_ at /buildworker/worker/package_linux64/build/src/toplevel.c:403
eval_import_path at /buildworker/worker/package_linux64/build/src/toplevel.c:430 [inlined]
jl_toplevel_eval_flex at /buildworker/worker/package_linux64/build/src/toplevel.c:495
jl_toplevel_eval_flex at /buildworker/worker/package_linux64/build/src/toplevel.c:551
jl_toplevel_eval_flex at /buildworker/worker/package_linux64/build/src/toplevel.c:551
jl_parse_eval_all at /buildworker/worker/package_linux64/build/src/ast.c:873
jl_load at /buildworker/worker/package_linux64/build/src/toplevel.c:616
include_from_node1 at ./loading.jl:576
unknown function (ip: 0x7f071b15de62)
jl_call_fptr_internal at /buildworker/worker/package_linux64/build/src/julia_internal.h:339 [inlined]
jl_call_method_internal at /buildworker/worker/package_linux64/build/src/julia_internal.h:358 [inlined]
jl_apply_generic at /buildworker/worker/package_linux64/build/src/gf.c:1926
include at ./sysimg.jl:14
unknown function (ip: 0x7f074f7dd9eb)
jl_call_fptr_internal at /buildworker/worker/package_linux64/build/src/julia_internal.h:339 [inlined]
jl_call_method_internal at /buildworker/worker/package_linux64/build/src/julia_internal.h:358 [inlined]
jl_apply_generic at /buildworker/worker/package_linux64/build/src/gf.c:1926
do_call at /buildworker/worker/package_linux64/build/src/interpreter.c:75
eval at /buildworker/worker/package_linux64/build/src/interpreter.c:242
jl_interpret_toplevel_expr at /buildworker/worker/package_linux64/build/src/interpreter.c:34
jl_toplevel_eval_flex at /buildworker/worker/package_linux64/build/src/toplevel.c:577
jl_eval_module_expr at /buildworker/worker/package_linux64/build/src/toplevel.c:205
jl_toplevel_eval_flex at /buildworker/worker/package_linux64/build/src/toplevel.c:480
jl_parse_eval_all at /buildworker/worker/package_linux64/build/src/ast.c:873
jl_load at /buildworker/worker/package_linux64/build/src/toplevel.c:616
include_from_node1 at ./loading.jl:576
unknown function (ip: 0x7f074f94538b)
jl_call_fptr_internal at /buildworker/worker/package_linux64/build/src/julia_internal.h:339 [inlined]
jl_call_method_internal at /buildworker/worker/package_linux64/build/src/julia_internal.h:358 [inlined]
jl_apply_generic at /buildworker/worker/package_linux64/build/src/gf.c:1926
do_call at /buildworker/worker/package_linux64/build/src/interpreter.c:75
eval at /buildworker/worker/package_linux64/build/src/interpreter.c:242
jl_interpret_toplevel_expr at /buildworker/worker/package_linux64/build/src/interpreter.c:34
jl_toplevel_eval_flex at /buildworker/worker/package_linux64/build/src/toplevel.c:577
jl_toplevel_eval_in at /buildworker/worker/package_linux64/build/src/builtins.c:496
eval at ./boot.jl:235
unknown function (ip: 0x7f074f901d2f)
jl_call_fptr_internal at /buildworker/worker/package_linux64/build/src/julia_internal.h:339 [inlined]
jl_call_method_internal at /buildworker/worker/package_linux64/build/src/julia_internal.h:358 [inlined]
jl_apply_generic at /buildworker/worker/package_linux64/build/src/gf.c:1926
_require at ./loading.jl:479
require at ./loading.jl:405
unknown function (ip: 0x7f074fa2bd4b)
jl_call_fptr_internal at /buildworker/worker/package_linux64/build/src/julia_internal.h:339 [inlined]
jl_call_method_internal at /buildworker/worker/package_linux64/build/src/julia_internal.h:358 [inlined]
jl_apply_generic at /buildworker/worker/package_linux64/build/src/gf.c:1926
jl_apply at /buildworker/worker/package_linux64/build/src/julia.h:1424 [inlined]
eval_import_path_ at /buildworker/worker/package_linux64/build/src/toplevel.c:403
eval_import_path at /buildworker/worker/package_linux64/build/src/toplevel.c:430 [inlined]
jl_toplevel_eval_flex at /buildworker/worker/package_linux64/build/src/toplevel.c:510
jl_toplevel_eval_flex at /buildworker/worker/package_linux64/build/src/toplevel.c:551
macro expansion at ./distributed/macros.jl:99 [inlined]
anonymous at ./<missing> (unknown line)
jl_call_fptr_internal at /buildworker/worker/package_linux64/build/src/julia_internal.h:339 [inlined]
jl_call_method_internal at /buildworker/worker/package_linux64/build/src/julia_internal.h:358 [inlined]
jl_toplevel_eval_flex at /buildworker/worker/package_linux64/build/src/toplevel.c:589
jl_parse_eval_all at /buildworker/worker/package_linux64/build/src/ast.c:873
jl_load at /buildworker/worker/package_linux64/build/src/toplevel.c:616
include_from_node1 at ./loading.jl:576
unknown function (ip: 0x7f074f94538b)
jl_call_fptr_internal at /buildworker/worker/package_linux64/build/src/julia_internal.h:339 [inlined]
jl_call_method_internal at /buildworker/worker/package_linux64/build/src/julia_internal.h:358 [inlined]
jl_apply_generic at /buildworker/worker/package_linux64/build/src/gf.c:1926
include at ./sysimg.jl:14
unknown function (ip: 0x7f074f7dd9eb)
jl_call_fptr_internal at /buildworker/worker/package_linux64/build/src/julia_internal.h:339 [inlined]
jl_call_method_internal at /buildworker/worker/package_linux64/build/src/julia_internal.h:358 [inlined]
jl_apply_generic at /buildworker/worker/package_linux64/build/src/gf.c:1926
process_options at ./client.jl:305
_start at ./client.jl:371
unknown function (ip: 0x7f074f953d28)
jl_call_fptr_internal at /buildworker/worker/package_linux64/build/src/julia_internal.h:339 [inlined]
jl_call_method_internal at /buildworker/worker/package_linux64/build/src/julia_internal.h:358 [inlined]
jl_apply_generic at /buildworker/worker/package_linux64/build/src/gf.c:1926
unknown function (ip: 0x401bc8)
unknown function (ip: 0x401612)
__libc_start_main at /lib64/libc.so.6 (unknown line)
unknown function (ip: 0x4016bc)
unknown function (ip: 0xffffffffffffffff)
Allocations: 12613432 (Pool: 12610699; Big: 2733); GC: 23
