Run started at  Fri Jul 27 19:23:02 BST 2018
WARNING: No working GUI backend found for matplotlib
WARNING: No working GUI backend found for matplotlib
Start include.
Starting
Ready
	From worker 2:	Parameters set for ENSMUSG00000012396
	From worker 2:	starting ABC for ENSMUSG00000012396
	From worker 2:	Number of trials = 1
	From worker 2:	Number accepted = 0
	From worker 2:	Number of trials = 1001
	From worker 2:	Number accepted = 19
	From worker 2:	Number of trials = 2001
	From worker 2:	Number accepted = 45
	From worker 2:	Number of trials = 3001
	From worker 2:	Number accepted = 61
	From worker 2:	Number of trials = 4001
	From worker 2:	Number accepted = 80
	From worker 2:	3
	From worker 2:	100
	From worker 2:	4753
	From worker 2:	0.4
	From worker 2:	-4.77061498423817 -3.397330958602561 -4.413202452309276
	From worker 2:	-3.156285923212332 -2.166439669758318 -3.424644195200214
	From worker 2:	-4.432923282264413 -4.33848041606402 -3.1313533064974717
	From worker 2:	-3.971195867065902 -4.951259854067391 -2.5568780609745385
	From worker 2:	-5.175933234961125 -2.863587963988802 -4.68568710725197
	From worker 2:	-3.9210701997223456 -2.5071678748211452 -4.07310965444497
	From worker 2:	-2.6912016975378763 -3.4410624790115505 -2.628784480888569
	From worker 2:	-5.853741638446653 -4.119943198023962 -3.9891500373102162
	From worker 2:	-5.640365384941232 -4.16311616752262 -4.402666993266975
	From worker 2:	-4.388439152927584 -3.1281397396881454 -3.6840284747568797
	From worker 2:	-3.8257988072735554 -3.7086768815003452 -2.834771523422349
	From worker 2:	-5.398262287682785 -3.196445463453399 -4.8673695157848265
	From worker 2:	-4.183283125177843 -2.8310642137222968 -3.3767981582166327
	From worker 2:	-4.94545112239012 -2.602258153045214 -4.562038796086603
	From worker 2:	-4.576510978952063 -3.127699395759626 -3.884390681352589
	From worker 2:	-3.0922679641370214 -3.042009040335574 -3.057556185184546
	From worker 2:	-2.2199214256809348 -1.928249272127994 -2.933861360040176
	From worker 2:	-4.799766290085175 -2.1562558355887282 -4.918884502978739
	From worker 2:	-4.737747183962728 -3.9244247958946437 -4.270556149294693
	From worker 2:	-4.1593203440220305 -2.8051304841258404 -3.77373508512238
	From worker 2:	-3.4701861729191426 -2.92606192310737 -3.1845331733032314
	From worker 2:	-4.75206258335012 -3.736196986363476 -3.93291162943928
	From worker 2:	-5.1630997434753 -2.370558905889544 -4.906953443126808
	From worker 2:	-4.497553237362824 -4.750203617423007 -2.74828300506397
	From worker 2:	-5.343022902867322 -3.0856834613730006 -4.928546119889484
	From worker 2:	-5.914544827318606 -4.040775035356782 -4.838095921629349
	From worker 2:	-4.2435969136368445 -2.5965213333250383 -4.122869941807295
	From worker 2:	-3.9158261960264005 -4.1778855204042165 -3.0506289290979223
	From worker 2:	-2.875170655848204 -3.820968593388486 -2.589939793392836
	From worker 2:	-4.381640138947488 -2.620837020572752 -4.511552791695449
	From worker 2:	-3.9789914757404006 -2.0925607789256158 -4.125947217524185
	From worker 2:	-5.495769657494222 -3.5579281054306406 -4.102484967215567
	From worker 2:	-3.8762692787965762 -2.2127975686052532 -4.323625536279382
	From worker 2:	-3.8043100680132445 -3.482003587017907 -2.863637399184471
	From worker 2:	-5.480263520814605 -4.4004609680137 -4.471627373753007
	From worker 2:	-4.325890112996978 -3.768216189505173 -3.286153084550936
	From worker 2:	-5.621804709357823 -3.11702085204578 -4.909004462478167
	From worker 2:	-5.252843625428893 -3.6321926298815095 -4.162322063689624
	From worker 2:	-5.47960183959947 -4.4343546271449235 -4.144054244100898
	From worker 2:	-5.510357632598499 -4.342391463876026 -4.338467826383489
	From worker 2:	-4.293046602043415 -3.579343695433074 -3.3345512923776783
	From worker 2:	-3.9615397671499397 -3.6514760735410134 -3.161207430901948
	From worker 2:	-4.589897222367675 -3.8781746524691543 -3.9874762554235135
	From worker 2:	-2.7156720746371485 -2.243756336256095 -3.0136161016940646
	From worker 2:	-5.902755432637549 -4.482898092013538 -4.451668062557886
	From worker 2:	-4.0718600609378015 -4.549018845282825 -2.6400089636673334
	From worker 2:	-4.318451650563738 -4.817376255617724 -2.6611232030882994
	From worker 2:	-3.3844604958872373 -2.683260558359085 -3.3833145143731898
	From worker 2:	-5.766952755501009 -4.278278974093237 -4.0017680131022075
	From worker 2:	-3.627582559098821 -2.5156257366682073 -3.596296368466621
	From worker 2:	-4.135847357093611 -5.732966772425563 -2.6673065829476497
	From worker 2:	-4.3643945200212695 -3.267732111705278 -3.7909239616930286
	From worker 2:	-3.039300226401591 -2.8417240797891368 -2.879096937946041
	From worker 2:	-2.352443689506677 -2.3309923927612455 -2.8202588551107968
	From worker 2:	-2.682709626709488 -2.385117038227697 -3.066753204273768
	From worker 2:	-4.3075496718808335 -3.522357284801692 -3.6258337186082445
	From worker 2:	-5.251723007532476 -4.414803504874902 -4.062073847894094
	From worker 2:	-3.1067740755269146 -2.949111444008431 -2.992473244749557
	From worker 2:	-2.80020248400122 -2.7282180795313846 -2.7378180164943426
	From worker 2:	-4.095706051040452 -4.461368506455337 -2.819854762757105
	From worker 2:	-4.217366434481838 -3.0104100369717792 -3.72280353039841
	From worker 2:	-4.4614484396831 -2.227431427580294 -4.693237623660336
	From worker 2:	-5.18273890110496 -3.1689823623040536 -4.678850957954015
	From worker 2:	-4.191165756853433 -3.3134504596002916 -3.3903571555527243
	From worker 2:	-5.178986677372322 -3.2274223298570943 -4.837054952728586
	From worker 2:	-5.80789019737254 -3.577359247552954 -4.853568521246737
	From worker 2:	-3.270036600041854 -2.72437198869848 -3.023544175514755
	From worker 2:	-1.699060890760805 -1.6391117977273284 -2.824580146013831
	From worker 2:	-3.8225125542528033 -2.771307105015423 -3.9109781232326046
	From worker 2:	-5.657805095974663 -4.846683806177474 -4.213638590889749
	From worker 2:	-4.656780576801243 -4.825947563302425 -2.755842576250123
	From worker 2:	-3.5754457949115688 -3.363472675427685 -3.2870286082413216
	From worker 2:	-2.179725876946217 -1.6421574998233268 -3.086157253131371
	From worker 2:	-4.4458651025057 -2.7959229972407442 -3.917143760863522
	From worker 2:	-5.76771142947384 -5.078761752537753 -4.418957810289191
	From worker 2:	-3.3797379984644564 -3.307066333974898 -3.0093450658668126
	From worker 2:	-2.488786290862214 -1.8964461809970494 -3.316660820309302
	From worker 2:	-3.324338672039618 -2.1052758474143585 -3.745319357538344
	From worker 2:	-2.631939503129554 -1.3694150329314798 -3.805661327864723
	From worker 2:	-4.749679548448252 -3.561893322718756 -4.361323954126455
	From worker 2:	-4.956989651178991 -4.1244005714164125 -3.853583165229411
	From worker 2:	-5.688573419399022 -3.5709320249119867 -4.9866773757308795
	From worker 2:	-5.853252520052388 -2.922279802314521 -5.399383787119898
	From worker 2:	-3.4673929735321356 -3.3887760870190577 -3.096035034621757
	From worker 2:	-4.461936061440088 -4.786877742914228 -2.5714895143627854
	From worker 2:	-3.88709257435642 -4.667220816093609 -2.7534351314993635
	From worker 2:	-4.880043260485107 -3.352706677205232 -4.715594053565386
	From worker 2:	-3.3544927741308452 -2.1919973108701596 -3.46018578308243
	From worker 2:	-3.4298602207489535 -3.0328674533756828 -3.3000214565077908
	From worker 2:	-2.7789339948243206 -3.6294664321730985 -2.6352629827095546
	From worker 2:	-3.4217986151032482 -2.6552555350766633 -3.308775563241123
	From worker 2:	-3.807515359992159 -3.2049206817041314 -2.911821109043603
	From worker 2:	-4.2358023954333754 -3.229031313644066 -3.6516079798881265
	From worker 2:	-3.507358740605089 -3.6918709400618592 -2.6660378956863577
	From worker 2:	-4.587600627082045 -2.57878477216536 -4.579829978430913
	From worker 2:	-5.849872587658896 -2.995644610609724 -4.659714188305524
	From worker 2:	-2.4490569643968416 -2.061073526806095 -3.009390552457287
	From worker 2:	-5.120802022468434 -4.429733464684569 -4.1281719158504835
	From worker 2:	-5.797555258376866 -4.751975880277494 -4.511728926955234
	From worker 2:	-3.9458189238704464 -2.3233576200398494 -4.277498547032868
	From worker 2:	0.268 0.31599999999999995 0.316 0.396 0.24 0.22000000000000003 0.352 0.268 0.32800000000000007 0.264 0.20799999999999996 0.352 0.396 0.36 0.236 0.33999999999999997 0.36 0.372 0.132 0.268 0.24 0.328 0.344 0.396 0.344 0.324 0.37999999999999995 0.17600000000000002 0.376 0.264 0.33599999999999997 0.256 0.232 0.32000000000000006 0.188 0.236 0.29200000000000004 0.244 0.26 0.356 0.16399999999999998 0.352 0.344 0.33999999999999997 0.21600000000000003 0.344 0.33599999999999997 0.18799999999999994 0.30399999999999994 0.124 0.33599999999999997 0.16799999999999998 0.26 0.31599999999999995 0.23600000000000002 0.18400000000000002 0.28400000000000003 0.136 0.32799999999999996 0.34400000000000003 0.11599999999999999 0.388 0.352 0.3320000000000001 0.292 0.372 0.30400000000000005 0.38 0.35600000000000004 0.14400000000000002 0.308 0.26 0.368 0.17600000000000005 0.3400000000000001 0.36 0.36 0.3440000000000001 0.372 0.204 0.284 0.396 0.384 0.376 0.384 0.396 0.396 0.384 0.368 0.352 0.248 0.36 0.088 0.344 0.3 0.344 0.344 0.336 0.256 0.324
	From worker 2:	0.010000000000000004 0.010000000000000004 0.010000000000000004 0.010000000000000004 0.010000000000000004 0.010000000000000004 0.010000000000000004 0.010000000000000004 0.010000000000000004 0.010000000000000004 0.010000000000000004 0.010000000000000004 0.010000000000000004 0.010000000000000004 0.010000000000000004 0.010000000000000004 0.010000000000000004 0.010000000000000004 0.010000000000000004 0.010000000000000004 0.010000000000000004 0.010000000000000004 0.010000000000000004 0.010000000000000004 0.010000000000000004 0.010000000000000004 0.010000000000000004 0.010000000000000004 0.010000000000000004 0.010000000000000004 0.010000000000000004 0.010000000000000004 0.010000000000000004 0.010000000000000004 0.010000000000000004 0.010000000000000004 0.010000000000000004 0.010000000000000004 0.010000000000000004 0.010000000000000004 0.010000000000000004 0.010000000000000004 0.010000000000000004 0.010000000000000004 0.010000000000000004 0.010000000000000004 0.010000000000000004 0.010000000000000004 0.010000000000000004 0.010000000000000004 0.010000000000000004 0.010000000000000004 0.010000000000000004 0.010000000000000004 0.010000000000000004 0.010000000000000004 0.010000000000000004 0.010000000000000004 0.010000000000000004 0.010000000000000004 0.010000000000000004 0.010000000000000004 0.010000000000000004 0.010000000000000004 0.010000000000000004 0.010000000000000004 0.010000000000000004 0.010000000000000004 0.010000000000000004 0.010000000000000004 0.010000000000000004 0.010000000000000004 0.010000000000000004 0.010000000000000004 0.010000000000000004 0.010000000000000004 0.010000000000000004 0.010000000000000004 0.010000000000000004 0.010000000000000004 0.010000000000000004 0.010000000000000004 0.010000000000000004 0.010000000000000004 0.010000000000000004 0.010000000000000004 0.010000000000000004 0.010000000000000004 0.010000000000000004 0.010000000000000004 0.010000000000000004 0.010000000000000004 0.010000000000000004 0.010000000000000004 0.010000000000000004 0.010000000000000004 0.010000000000000004 0.010000000000000004 0.010000000000000004 0.010000000000000004
	From worker 2:	3
	From worker 2:	100 100
	From worker 2:	4753 11590
	From worker 2:	0.4 0.2
	From worker 2:	-----
	From worker 2:	100
	From worker 2:	4753
	From worker 2:	0.4
	From worker 2:	-4.77061498423817 -3.397330958602561 -4.413202452309276
	From worker 2:	-3.156285923212332 -2.166439669758318 -3.424644195200214
	From worker 2:	-4.432923282264413 -4.33848041606402 -3.1313533064974717
	From worker 2:	-3.971195867065902 -4.951259854067391 -2.5568780609745385
	From worker 2:	-5.175933234961125 -2.863587963988802 -4.68568710725197
	From worker 2:	-3.9210701997223456 -2.5071678748211452 -4.07310965444497
	From worker 2:	-2.6912016975378763 -3.4410624790115505 -2.628784480888569
	From worker 2:	-5.853741638446653 -4.119943198023962 -3.9891500373102162
	From worker 2:	-5.640365384941232 -4.16311616752262 -4.402666993266975
	From worker 2:	-4.388439152927584 -3.1281397396881454 -3.6840284747568797
	From worker 2:	-3.8257988072735554 -3.7086768815003452 -2.834771523422349
	From worker 2:	-5.398262287682785 -3.196445463453399 -4.8673695157848265
	From worker 2:	-4.183283125177843 -2.8310642137222968 -3.3767981582166327
	From worker 2:	-4.94545112239012 -2.602258153045214 -4.562038796086603
	From worker 2:	-4.576510978952063 -3.127699395759626 -3.884390681352589
	From worker 2:	-3.0922679641370214 -3.042009040335574 -3.057556185184546
	From worker 2:	-2.2199214256809348 -1.928249272127994 -2.933861360040176
	From worker 2:	-4.799766290085175 -2.1562558355887282 -4.918884502978739
	From worker 2:	-4.737747183962728 -3.9244247958946437 -4.270556149294693
	From worker 2:	-4.1593203440220305 -2.8051304841258404 -3.77373508512238
	From worker 2:	-3.4701861729191426 -2.92606192310737 -3.1845331733032314
	From worker 2:	-4.75206258335012 -3.736196986363476 -3.93291162943928
	From worker 2:	-5.1630997434753 -2.370558905889544 -4.906953443126808
	From worker 2:	-4.497553237362824 -4.750203617423007 -2.74828300506397
	From worker 2:	-5.343022902867322 -3.0856834613730006 -4.928546119889484
	From worker 2:	-5.914544827318606 -4.040775035356782 -4.838095921629349
	From worker 2:	-4.2435969136368445 -2.5965213333250383 -4.122869941807295
	From worker 2:	-3.9158261960264005 -4.1778855204042165 -3.0506289290979223
	From worker 2:	-2.875170655848204 -3.820968593388486 -2.589939793392836
	From worker 2:	-4.381640138947488 -2.620837020572752 -4.511552791695449
	From worker 2:	-3.9789914757404006 -2.0925607789256158 -4.125947217524185
	From worker 2:	-5.495769657494222 -3.5579281054306406 -4.102484967215567
	From worker 2:	-3.8762692787965762 -2.2127975686052532 -4.323625536279382
	From worker 2:	-3.8043100680132445 -3.482003587017907 -2.863637399184471
	From worker 2:	-5.480263520814605 -4.4004609680137 -4.471627373753007
	From worker 2:	-4.325890112996978 -3.768216189505173 -3.286153084550936
	From worker 2:	-5.621804709357823 -3.11702085204578 -4.909004462478167
	From worker 2:	-5.252843625428893 -3.6321926298815095 -4.162322063689624
	From worker 2:	-5.47960183959947 -4.4343546271449235 -4.144054244100898
	From worker 2:	-5.510357632598499 -4.342391463876026 -4.338467826383489
	From worker 2:	-4.293046602043415 -3.579343695433074 -3.3345512923776783
	From worker 2:	-3.9615397671499397 -3.6514760735410134 -3.161207430901948
	From worker 2:	-4.589897222367675 -3.8781746524691543 -3.9874762554235135
	From worker 2:	-2.7156720746371485 -2.243756336256095 -3.0136161016940646
	From worker 2:	-5.902755432637549 -4.482898092013538 -4.451668062557886
	From worker 2:	-4.0718600609378015 -4.549018845282825 -2.6400089636673334
	From worker 2:	-4.318451650563738 -4.817376255617724 -2.6611232030882994
	From worker 2:	-3.3844604958872373 -2.683260558359085 -3.3833145143731898
	From worker 2:	-5.766952755501009 -4.278278974093237 -4.0017680131022075
	From worker 2:	-3.627582559098821 -2.5156257366682073 -3.596296368466621
	From worker 2:	-4.135847357093611 -5.732966772425563 -2.6673065829476497
	From worker 2:	-4.3643945200212695 -3.267732111705278 -3.7909239616930286
	From worker 2:	-3.039300226401591 -2.8417240797891368 -2.879096937946041
	From worker 2:	-2.352443689506677 -2.3309923927612455 -2.8202588551107968
	From worker 2:	-2.682709626709488 -2.385117038227697 -3.066753204273768
	From worker 2:	-4.3075496718808335 -3.522357284801692 -3.6258337186082445
	From worker 2:	-5.251723007532476 -4.414803504874902 -4.062073847894094
	From worker 2:	-3.1067740755269146 -2.949111444008431 -2.992473244749557
	From worker 2:	-2.80020248400122 -2.7282180795313846 -2.7378180164943426
	From worker 2:	-4.095706051040452 -4.461368506455337 -2.819854762757105
	From worker 2:	-4.217366434481838 -3.0104100369717792 -3.72280353039841
	From worker 2:	-4.4614484396831 -2.227431427580294 -4.693237623660336
	From worker 2:	-5.18273890110496 -3.1689823623040536 -4.678850957954015
	From worker 2:	-4.191165756853433 -3.3134504596002916 -3.3903571555527243
	From worker 2:	-5.178986677372322 -3.2274223298570943 -4.837054952728586
	From worker 2:	-5.80789019737254 -3.577359247552954 -4.853568521246737
	From worker 2:	-3.270036600041854 -2.72437198869848 -3.023544175514755
	From worker 2:	-1.699060890760805 -1.6391117977273284 -2.824580146013831
	From worker 2:	-3.8225125542528033 -2.771307105015423 -3.9109781232326046
	From worker 2:	-5.657805095974663 -4.846683806177474 -4.213638590889749
	From worker 2:	-4.656780576801243 -4.825947563302425 -2.755842576250123
	From worker 2:	-3.5754457949115688 -3.363472675427685 -3.2870286082413216
	From worker 2:	-2.179725876946217 -1.6421574998233268 -3.086157253131371
	From worker 2:	-4.4458651025057 -2.7959229972407442 -3.917143760863522
	From worker 2:	-5.76771142947384 -5.078761752537753 -4.418957810289191
	From worker 2:	-3.3797379984644564 -3.307066333974898 -3.0093450658668126
	From worker 2:	-2.488786290862214 -1.8964461809970494 -3.316660820309302
	From worker 2:	-3.324338672039618 -2.1052758474143585 -3.745319357538344
	From worker 2:	-2.631939503129554 -1.3694150329314798 -3.805661327864723
	From worker 2:	-4.749679548448252 -3.561893322718756 -4.361323954126455
	From worker 2:	-4.956989651178991 -4.1244005714164125 -3.853583165229411
	From worker 2:	-5.688573419399022 -3.5709320249119867 -4.9866773757308795
	From worker 2:	-5.853252520052388 -2.922279802314521 -5.399383787119898
	From worker 2:	-3.4673929735321356 -3.3887760870190577 -3.096035034621757
	From worker 2:	-4.461936061440088 -4.786877742914228 -2.5714895143627854
	From worker 2:	-3.88709257435642 -4.667220816093609 -2.7534351314993635
	From worker 2:	-4.880043260485107 -3.352706677205232 -4.715594053565386
	From worker 2:	-3.3544927741308452 -2.1919973108701596 -3.46018578308243
	From worker 2:	-3.4298602207489535 -3.0328674533756828 -3.3000214565077908
	From worker 2:	-2.7789339948243206 -3.6294664321730985 -2.6352629827095546
	From worker 2:	-3.4217986151032482 -2.6552555350766633 -3.308775563241123
	From worker 2:	-3.807515359992159 -3.2049206817041314 -2.911821109043603
	From worker 2:	-4.2358023954333754 -3.229031313644066 -3.6516079798881265
	From worker 2:	-3.507358740605089 -3.6918709400618592 -2.6660378956863577
	From worker 2:	-4.587600627082045 -2.57878477216536 -4.579829978430913
	From worker 2:	-5.849872587658896 -2.995644610609724 -4.659714188305524
	From worker 2:	-2.4490569643968416 -2.061073526806095 -3.009390552457287
	From worker 2:	-5.120802022468434 -4.429733464684569 -4.1281719158504835
	From worker 2:	-5.797555258376866 -4.751975880277494 -4.511728926955234
	From worker 2:	-3.9458189238704464 -2.3233576200398494 -4.277498547032868
	From worker 2:	0.268 0.31599999999999995 0.316 0.396 0.24 0.22000000000000003 0.352 0.268 0.32800000000000007 0.264 0.20799999999999996 0.352 0.396 0.36 0.236 0.33999999999999997 0.36 0.372 0.132 0.268 0.24 0.328 0.344 0.396 0.344 0.324 0.37999999999999995 0.17600000000000002 0.376 0.264 0.33599999999999997 0.256 0.232 0.32000000000000006 0.188 0.236 0.29200000000000004 0.244 0.26 0.356 0.16399999999999998 0.352 0.344 0.33999999999999997 0.21600000000000003 0.344 0.33599999999999997 0.18799999999999994 0.30399999999999994 0.124 0.33599999999999997 0.16799999999999998 0.26 0.31599999999999995 0.23600000000000002 0.18400000000000002 0.28400000000000003 0.136 0.32799999999999996 0.34400000000000003 0.11599999999999999 0.388 0.352 0.3320000000000001 0.292 0.372 0.30400000000000005 0.38 0.35600000000000004 0.14400000000000002 0.308 0.26 0.368 0.17600000000000005 0.3400000000000001 0.36 0.36 0.3440000000000001 0.372 0.204 0.284 0.396 0.384 0.376 0.384 0.396 0.396 0.384 0.368 0.352 0.248 0.36 0.088 0.344 0.3 0.344 0.344 0.336 0.256 0.324
	From worker 2:	0.010000000000000004 0.010000000000000004 0.010000000000000004 0.010000000000000004 0.010000000000000004 0.010000000000000004 0.010000000000000004 0.010000000000000004 0.010000000000000004 0.010000000000000004 0.010000000000000004 0.010000000000000004 0.010000000000000004 0.010000000000000004 0.010000000000000004 0.010000000000000004 0.010000000000000004 0.010000000000000004 0.010000000000000004 0.010000000000000004 0.010000000000000004 0.010000000000000004 0.010000000000000004 0.010000000000000004 0.010000000000000004 0.010000000000000004 0.010000000000000004 0.010000000000000004 0.010000000000000004 0.010000000000000004 0.010000000000000004 0.010000000000000004 0.010000000000000004 0.010000000000000004 0.010000000000000004 0.010000000000000004 0.010000000000000004 0.010000000000000004 0.010000000000000004 0.010000000000000004 0.010000000000000004 0.010000000000000004 0.010000000000000004 0.010000000000000004 0.010000000000000004 0.010000000000000004 0.010000000000000004 0.010000000000000004 0.010000000000000004 0.010000000000000004 0.010000000000000004 0.010000000000000004 0.010000000000000004 0.010000000000000004 0.010000000000000004 0.010000000000000004 0.010000000000000004 0.010000000000000004 0.010000000000000004 0.010000000000000004 0.010000000000000004 0.010000000000000004 0.010000000000000004 0.010000000000000004 0.010000000000000004 0.010000000000000004 0.010000000000000004 0.010000000000000004 0.010000000000000004 0.010000000000000004 0.010000000000000004 0.010000000000000004 0.010000000000000004 0.010000000000000004 0.010000000000000004 0.010000000000000004 0.010000000000000004 0.010000000000000004 0.010000000000000004 0.010000000000000004 0.010000000000000004 0.010000000000000004 0.010000000000000004 0.010000000000000004 0.010000000000000004 0.010000000000000004 0.010000000000000004 0.010000000000000004 0.010000000000000004 0.010000000000000004 0.010000000000000004 0.010000000000000004 0.010000000000000004 0.010000000000000004 0.010000000000000004 0.010000000000000004 0.010000000000000004 0.010000000000000004 0.010000000000000004 0.010000000000000004
	From worker 2:	-----
	From worker 2:	100
	From worker 2:	11590
	From worker 2:	0.2
	From worker 2:	-4.405374327709401 -2.889798296962235 -3.766050244436977
	From worker 2:	-4.919800735881532 -3.324340661261962 -4.494329679803284
	From worker 2:	-5.458552413094007 -4.426324038945486 -4.412782397653409
	From worker 2:	-3.8306246565863193 -3.5991730065769163 -3.0306455389275264
	From worker 2:	-5.801180886962857 -4.301474557374609 -4.216107626884389
	From worker 2:	-3.613393821978263 -2.936655223352448 -3.3156415676161703
	From worker 2:	-3.706704774919767 -2.8082848759384915 -3.4314719582927067
	From worker 2:	-5.082159541779474 -2.868898914237339 -4.50578489879644
	From worker 2:	-4.018689382524451 -3.124137113020325 -3.592235263555895
	From worker 2:	-3.397914490565131 -2.871754295429112 -3.4038492432217313
	From worker 2:	-4.564159539204342 -2.7061308833006725 -4.312571161176993
	From worker 2:	-4.0940597584222145 -2.9035891877783824 -3.8128812316123493
	From worker 2:	-3.346335572559254 -3.257949787856629 -2.9410305505487093
	From worker 2:	-4.106280440392528 -2.6657499850038215 -4.016378666538686
	From worker 2:	-3.4411332179323137 -2.712773288619907 -3.5550479848215253
	From worker 2:	-3.7111033778084446 -3.0892888616721654 -3.234827764196867
	From worker 2:	-3.3901121514315617 -2.6683158776836597 -3.3054217119512446
	From worker 2:	-3.922333342020849 -2.675209741386835 -3.9468336104020305
	From worker 2:	-5.177776425339348 -3.7021396391204426 -4.141471818717637
	From worker 2:	-4.3094533482172 -3.540800463259521 -3.3614128977558275
	From worker 2:	-3.769455661577677 -3.4331956257013614 -2.9329427951515856
	From worker 2:	-5.753093768892425 -5.030142274908606 -4.356566379083011
	From worker 2:	-3.899821616750161 -3.5030218973545515 -3.070838395094674
	From worker 2:	-3.567355848946498 -2.761350940589457 -3.3529203050987766
	From worker 2:	-4.967425488319394 -3.344057090300679 -4.35109360521367
	From worker 2:	-3.761365976140901 -3.637917307568824 -2.96656798721843
	From worker 2:	-3.8260583340279086 -2.7195522984709615 -3.763901891800749
	From worker 2:	-4.025611283334414 -3.349290594470171 -3.391092782092712
	From worker 2:	-5.729022501300086 -4.48430034173905 -4.471748618941287
	From worker 2:	-3.222836931856502 -3.115706376567312 -3.0187903582571383
	From worker 2:	-4.061388262466801 -3.8370817204713332 -3.292134930207075
	From worker 2:	-3.646799921056611 -2.8866577769164796 -3.3522013641537787
	From worker 2:	-4.253793163640283 -3.3191123921250436 -3.6702853731088063
	From worker 2:	-4.055437663211931 -2.9513374672055868 -3.5297043353816013
	From worker 2:	-4.906453932578907 -3.416998954705128 -4.135051266390218
	From worker 2:	-5.102580426067527 -3.463005457305977 -4.226284109922016
	From worker 2:	-5.798128829975837 -4.524151553237237 -4.433985207155767
	From worker 2:	-5.240423268724415 -3.955227131365894 -4.450797998542135
	From worker 2:	-4.079259396605685 -2.950350384010623 -3.901284686563307
	From worker 2:	-4.399411462070993 -3.2675678766486254 -3.89282903471973
	From worker 2:	-3.9080032299979113 -2.8902434165591204 -3.513764390750728
	From worker 2:	-3.478407458451107 -3.1711754811940973 -2.9454983560934034
	From worker 2:	-4.734671397368586 -3.0449681967079245 -4.175885986691323
	From worker 2:	-3.7810609320952997 -2.7055827212480517 -3.6176048634305107
	From worker 2:	-3.866352261336277 -3.5839966165465205 -2.984733849001703
	From worker 2:	-4.958680322911973 -2.8925727757240685 -4.595762043700805
	From worker 2:	-4.092945832192701 -2.5515759256558024 -4.169579402245864
	From worker 2:	-4.883104137078614 -3.406072168767891 -4.493862799634634
	From worker 2:	-4.299841398886527 -3.048235676068716 -3.9076306256421756
	From worker 2:	-3.8251461092582004 -2.9203098514493355 -3.3673698865242456
	From worker 2:	-5.848138779186662 -4.373351897016627 -4.524655358554843
	From worker 2:	-4.380105334959778 -3.882174169986518 -3.399657258025103
	From worker 2:	-4.251162382890626 -3.6521052527331084 -3.488331542865443
	From worker 2:	-3.8654659225534576 -3.8583327855471756 -2.9765581872106806
	From worker 2:	-4.099419833715467 -3.0888881135742263 -3.8230235191807527
	From worker 2:	-3.4808084369664822 -3.308318009324159 -3.006183036639897
	From worker 2:	-4.841354622181792 -3.345489488338293 -4.447516012212384
	From worker 2:	-5.308508348010587 -3.085703686543815 -4.353702167734222
	From worker 2:	-4.279027982386105 -2.8897011944312325 -3.6049521544984104
	From worker 2:	-3.934087378525847 -2.692717071001289 -3.7621857118194386
	From worker 2:	-4.823412464943884 -3.2774520410458914 -4.381932259902288
	From worker 2:	-3.6863103232177528 -3.320388524113918 -2.9486439881660003
	From worker 2:	-5.115884518962952 -3.530463106891862 -4.352652116506478
	From worker 2:	-3.4489279573265783 -2.5990885711524236 -3.525297085077743
	From worker 2:	-4.780148738972514 -2.8974775422631747 -4.185472063388329
	From worker 2:	-5.616575641589372 -3.9914888814575793 -4.4353333915349085
	From worker 2:	-4.047160124556747 -2.910076041951754 -3.912251401276727
	From worker 2:	-4.624268878138311 -2.939732233734228 -4.415062215242047
	From worker 2:	-5.177640134418289 -4.2962275365310685 -4.321360612039074
	From worker 2:	-5.0074550002097435 -3.6409997742949667 -4.157103358863996
	From worker 2:	-4.904228276216944 -3.8225995873761573 -4.106662073880049
	From worker 2:	-4.909887153704304 -3.7827934688816174 -3.9760208113957067
	From worker 2:	-4.870754411193205 -3.1100610339491994 -4.300127048732797
	From worker 2:	-5.848259059164056 -4.752340553401106 -4.365072679613349
	From worker 2:	-4.105498819773356 -3.1432268063502184 -3.5434401475086235
	From worker 2:	-4.225526962508609 -3.2778163028489042 -3.660449527875209
	From worker 2:	-3.790220536250491 -3.520401378515028 -2.8864123163733306
	From worker 2:	-3.9081814584299273 -3.4956738561683824 -3.2605079754577764
	From worker 2:	-5.67071553697028 -4.084555998801799 -4.585042885556053
	From worker 2:	-3.7343245262766662 -3.5501467276539884 -3.055216004566284
	From worker 2:	-4.227276464792253 -2.996352440516753 -3.9634034123408797
	From worker 2:	-4.041129409086198 -2.678068263375442 -3.7630978192226108
	From worker 2:	-5.889127191119082 -4.644228247517873 -4.505271288313102
	From worker 2:	-4.387271415230531 -3.4177157525946065 -3.589778798117123
	From worker 2:	-5.31387307364938 -3.682888731997729 -4.593876100726829
	From worker 2:	-5.628024373041678 -3.9954907332720664 -4.613356409455146
	From worker 2:	-3.215538741545594 -2.7011388346633365 -3.182459543258916
	From worker 2:	-4.690167980660888 -3.3603333237217976 -3.849502275474237
	From worker 2:	-5.143559939995887 -4.087464572197879 -4.083519688678909
	From worker 2:	-3.702767043838843 -3.0816044272383687 -3.202189241834026
	From worker 2:	-5.053416199213074 -3.7653201315205886 -4.356885571717917
	From worker 2:	-3.913646761873752 -2.5069781284352075 -3.99543207799094
	From worker 2:	-5.591385756635151 -4.238103513822315 -4.49766806519223
	From worker 2:	-3.9720355171595587 -3.4555014861725803 -3.3034463547221145
	From worker 2:	-5.644479064876734 -4.3124549868949735 -4.5067620543843585
	From worker 2:	-5.777903741867617 -4.650371869262943 -4.485825203012591
	From worker 2:	-4.559340599726786 -3.1257162813246953 -4.161398059544768
	From worker 2:	-5.417412679167691 -4.464383846644355 -4.393594887018448
	From worker 2:	-4.3736609489016285 -3.3726264578973257 -3.85938753528921
	From worker 2:	-3.0660044102181168 -2.6284013966279614 -3.2071484077182557
	From worker 2:	0.124 0.132 0.144 0.16 0.156 0.124 0.18799999999999994 0.18 0.16 0.14 0.192 0.188 0.17199999999999993 0.17199999999999993 0.144 0.128 0.14800000000000002 0.11199999999999999 0.176 0.16800000000000004 0.14 0.19200000000000006 0.128 0.19199999999999995 0.14 0.14799999999999996 0.16399999999999992 0.14 0.132 0.15200000000000002 0.17200000000000004 0.084 0.15200000000000002 0.07200000000000006 0.11600000000000005 0.14799999999999996 0.12 0.18 0.184 0.18799999999999997 0.1 0.15599999999999992 0.18799999999999994 0.08800000000000001 0.17999999999999994 0.192 0.188 0.14 0.15200000000000002 0.192 0.156 0.18800000000000006 0.18400000000000005 0.19999999999999996 0.12000000000000001 0.08799999999999997 0.176 0.16 0.18000000000000002 0.128 0.192 0.15999999999999992 0.196 0.132 0.112 0.19599999999999995 0.144 0.13599999999999998 0.16800000000000004 0.144 0.168 0.18800000000000006 0.15600000000000003 0.15200000000000002 0.128 0.15200000000000002 0.192 0.14 0.18 0.17199999999999993 0.18000000000000005 0.19599999999999995 0.184 0.136 0.168 0.18 0.17999999999999994 0.16800000000000004 0.15600000000000003 0.08799999999999997 0.14799999999999996 0.116 0.144 0.124 0.16 0.192 0.172 0.16800000000000004 0.15600000000000003 0.18399999999999994
	From worker 2:	0.009086622127466476 0.008965577563431613 0.01073229711789413 0.010648236355470714 0.010921024239943088 0.010269421030794281 0.01012601840026993 0.009761570286632347 0.009114604350461613 0.010672564525095558 0.009688573057333038 0.00918639783653968 0.011780453171371701 0.009759362202764467 0.01072092256836448 0.010134376424111123 0.011252214261292118 0.009923503660181542 0.008726376884930108 0.009258062417777956 0.011038194929258954 0.014915460825353631 0.010350039292068064 0.010582220911041043 0.008721502052684658 0.011046469979017669 0.009886142643061013 0.00930814374365711 0.011624763882021192 0.011853964168580262 0.00987644043317145 0.01021629113864687 0.008747650799220479 0.009365645072050833 0.008498281422186947 0.0086460499391019 0.011922025006044187 0.009329496604149768 0.009139073275985444 0.00856829615965936 0.009609206306757026 0.011472740881625202 0.008796379323457768 0.010032138887417049 0.010781836350357234 0.009834521237872621 0.010318910180785323 0.008933415136763798 0.00881089485881705 0.009894922775949765 0.011650487196764075 0.009478107960755837 0.009081621492429252 0.01120183985423161 0.008940338599814926 0.011188910012569187 0.008860751791137532 0.009366304306354366 0.00928035740936447 0.009801045610648304 0.008781776892361039 0.011061451527613038 0.00875591980633983 0.010998802736230485 0.009083201867370128 0.009899323509226007 0.00924352507816429 0.009310051674811432 0.009877340009347507 0.008568703629686527 0.008657038999958162 0.008621759642011576 0.008845533996520666 0.013184269958468284 0.009085500077767362 0.008788141099853857 0.01127903713272673 0.009750114118319749 0.010486105873046143 0.010647678950834332 0.008944572813628468 0.009727169409192953 0.012977385913194018 0.008775309922173732 0.009402086294399025 0.010291498108911157 0.01191836035483967 0.008511208176505563 0.009177544427233696 0.01024123376113962 0.008840649490212646 0.010486161752818296 0.010500495452752848 0.009560053689993044 0.010855591969802226 0.012596845079682803 0.008700547956436839 0.010790394597821502 0.008556009861105572 0.012522543454540049
	From worker 2:	3
	From worker 2:	100 100 100
	From worker 2:	4753 11590 92739
	From worker 2:	0.4 0.2 0.1
	From worker 2:	-----
	From worker 2:	100
	From worker 2:	4753
	From worker 2:	0.4
	From worker 2:	-4.77061498423817 -3.397330958602561 -4.413202452309276
	From worker 2:	-3.156285923212332 -2.166439669758318 -3.424644195200214
	From worker 2:	-4.432923282264413 -4.33848041606402 -3.1313533064974717
	From worker 2:	-3.971195867065902 -4.951259854067391 -2.5568780609745385
	From worker 2:	-5.175933234961125 -2.863587963988802 -4.68568710725197
	From worker 2:	-3.9210701997223456 -2.5071678748211452 -4.07310965444497
	From worker 2:	-2.6912016975378763 -3.4410624790115505 -2.628784480888569
	From worker 2:	-5.853741638446653 -4.119943198023962 -3.9891500373102162
	From worker 2:	-5.640365384941232 -4.16311616752262 -4.402666993266975
	From worker 2:	-4.388439152927584 -3.1281397396881454 -3.6840284747568797
	From worker 2:	-3.8257988072735554 -3.7086768815003452 -2.834771523422349
	From worker 2:	-5.398262287682785 -3.196445463453399 -4.8673695157848265
	From worker 2:	-4.183283125177843 -2.8310642137222968 -3.3767981582166327
	From worker 2:	-4.94545112239012 -2.602258153045214 -4.562038796086603
	From worker 2:	-4.576510978952063 -3.127699395759626 -3.884390681352589
	From worker 2:	-3.0922679641370214 -3.042009040335574 -3.057556185184546
	From worker 2:	-2.2199214256809348 -1.928249272127994 -2.933861360040176
	From worker 2:	-4.799766290085175 -2.1562558355887282 -4.918884502978739
	From worker 2:	-4.737747183962728 -3.9244247958946437 -4.270556149294693
	From worker 2:	-4.1593203440220305 -2.8051304841258404 -3.77373508512238
	From worker 2:	-3.4701861729191426 -2.92606192310737 -3.1845331733032314
	From worker 2:	-4.75206258335012 -3.736196986363476 -3.93291162943928
	From worker 2:	-5.1630997434753 -2.370558905889544 -4.906953443126808
	From worker 2:	-4.497553237362824 -4.750203617423007 -2.74828300506397
	From worker 2:	-5.343022902867322 -3.0856834613730006 -4.928546119889484
	From worker 2:	-5.914544827318606 -4.040775035356782 -4.838095921629349
	From worker 2:	-4.2435969136368445 -2.5965213333250383 -4.122869941807295
	From worker 2:	-3.9158261960264005 -4.1778855204042165 -3.0506289290979223
	From worker 2:	-2.875170655848204 -3.820968593388486 -2.589939793392836
	From worker 2:	-4.381640138947488 -2.620837020572752 -4.511552791695449
	From worker 2:	-3.9789914757404006 -2.0925607789256158 -4.125947217524185
	From worker 2:	-5.495769657494222 -3.5579281054306406 -4.102484967215567
	From worker 2:	-3.8762692787965762 -2.2127975686052532 -4.323625536279382
	From worker 2:	-3.8043100680132445 -3.482003587017907 -2.863637399184471
	From worker 2:	-5.480263520814605 -4.4004609680137 -4.471627373753007
	From worker 2:	-4.325890112996978 -3.768216189505173 -3.286153084550936
	From worker 2:	-5.621804709357823 -3.11702085204578 -4.909004462478167
	From worker 2:	-5.252843625428893 -3.6321926298815095 -4.162322063689624
	From worker 2:	-5.47960183959947 -4.4343546271449235 -4.144054244100898
	From worker 2:	-5.510357632598499 -4.342391463876026 -4.338467826383489
	From worker 2:	-4.293046602043415 -3.579343695433074 -3.3345512923776783
	From worker 2:	-3.9615397671499397 -3.6514760735410134 -3.161207430901948
	From worker 2:	-4.589897222367675 -3.8781746524691543 -3.9874762554235135
	From worker 2:	-2.7156720746371485 -2.243756336256095 -3.0136161016940646
	From worker 2:	-5.902755432637549 -4.482898092013538 -4.451668062557886
	From worker 2:	-4.0718600609378015 -4.549018845282825 -2.6400089636673334
	From worker 2:	-4.318451650563738 -4.817376255617724 -2.6611232030882994
	From worker 2:	-3.3844604958872373 -2.683260558359085 -3.3833145143731898
	From worker 2:	-5.766952755501009 -4.278278974093237 -4.0017680131022075
	From worker 2:	-3.627582559098821 -2.5156257366682073 -3.596296368466621
	From worker 2:	-4.135847357093611 -5.732966772425563 -2.6673065829476497
	From worker 2:	-4.3643945200212695 -3.267732111705278 -3.7909239616930286
	From worker 2:	-3.039300226401591 -2.8417240797891368 -2.879096937946041
	From worker 2:	-2.352443689506677 -2.3309923927612455 -2.8202588551107968
	From worker 2:	-2.682709626709488 -2.385117038227697 -3.066753204273768
	From worker 2:	-4.3075496718808335 -3.522357284801692 -3.6258337186082445
	From worker 2:	-5.251723007532476 -4.414803504874902 -4.062073847894094
	From worker 2:	-3.1067740755269146 -2.949111444008431 -2.992473244749557
	From worker 2:	-2.80020248400122 -2.7282180795313846 -2.7378180164943426
	From worker 2:	-4.095706051040452 -4.461368506455337 -2.819854762757105
	From worker 2:	-4.217366434481838 -3.0104100369717792 -3.72280353039841
	From worker 2:	-4.4614484396831 -2.227431427580294 -4.693237623660336
	From worker 2:	-5.18273890110496 -3.1689823623040536 -4.678850957954015
	From worker 2:	-4.191165756853433 -3.3134504596002916 -3.3903571555527243
	From worker 2:	-5.178986677372322 -3.2274223298570943 -4.837054952728586
	From worker 2:	-5.80789019737254 -3.577359247552954 -4.853568521246737
	From worker 2:	-3.270036600041854 -2.72437198869848 -3.023544175514755
	From worker 2:	-1.699060890760805 -1.6391117977273284 -2.824580146013831
	From worker 2:	-3.8225125542528033 -2.771307105015423 -3.9109781232326046
	From worker 2:	-5.657805095974663 -4.846683806177474 -4.213638590889749
	From worker 2:	-4.656780576801243 -4.825947563302425 -2.755842576250123
	From worker 2:	-3.5754457949115688 -3.363472675427685 -3.2870286082413216
	From worker 2:	-2.179725876946217 -1.6421574998233268 -3.086157253131371
	From worker 2:	-4.4458651025057 -2.7959229972407442 -3.917143760863522
	From worker 2:	-5.76771142947384 -5.078761752537753 -4.418957810289191
	From worker 2:	-3.3797379984644564 -3.307066333974898 -3.0093450658668126
	From worker 2:	-2.488786290862214 -1.8964461809970494 -3.316660820309302
	From worker 2:	-3.324338672039618 -2.1052758474143585 -3.745319357538344
	From worker 2:	-2.631939503129554 -1.3694150329314798 -3.805661327864723
	From worker 2:	-4.749679548448252 -3.561893322718756 -4.361323954126455
	From worker 2:	-4.956989651178991 -4.1244005714164125 -3.853583165229411
	From worker 2:	-5.688573419399022 -3.5709320249119867 -4.9866773757308795
	From worker 2:	-5.853252520052388 -2.922279802314521 -5.399383787119898
	From worker 2:	-3.4673929735321356 -3.3887760870190577 -3.096035034621757
	From worker 2:	-4.461936061440088 -4.786877742914228 -2.5714895143627854
	From worker 2:	-3.88709257435642 -4.667220816093609 -2.7534351314993635
	From worker 2:	-4.880043260485107 -3.352706677205232 -4.715594053565386
	From worker 2:	-3.3544927741308452 -2.1919973108701596 -3.46018578308243
	From worker 2:	-3.4298602207489535 -3.0328674533756828 -3.3000214565077908
	From worker 2:	-2.7789339948243206 -3.6294664321730985 -2.6352629827095546
	From worker 2:	-3.4217986151032482 -2.6552555350766633 -3.308775563241123
	From worker 2:	-3.807515359992159 -3.2049206817041314 -2.911821109043603
	From worker 2:	-4.2358023954333754 -3.229031313644066 -3.6516079798881265
	From worker 2:	-3.507358740605089 -3.6918709400618592 -2.6660378956863577
	From worker 2:	-4.587600627082045 -2.57878477216536 -4.579829978430913
	From worker 2:	-5.849872587658896 -2.995644610609724 -4.659714188305524
	From worker 2:	-2.4490569643968416 -2.061073526806095 -3.009390552457287
	From worker 2:	-5.120802022468434 -4.429733464684569 -4.1281719158504835
	From worker 2:	-5.797555258376866 -4.751975880277494 -4.511728926955234
	From worker 2:	-3.9458189238704464 -2.3233576200398494 -4.277498547032868
	From worker 2:	0.268 0.31599999999999995 0.316 0.396 0.24 0.22000000000000003 0.352 0.268 0.32800000000000007 0.264 0.20799999999999996 0.352 0.396 0.36 0.236 0.33999999999999997 0.36 0.372 0.132 0.268 0.24 0.328 0.344 0.396 0.344 0.324 0.37999999999999995 0.17600000000000002 0.376 0.264 0.33599999999999997 0.256 0.232 0.32000000000000006 0.188 0.236 0.29200000000000004 0.244 0.26 0.356 0.16399999999999998 0.352 0.344 0.33999999999999997 0.21600000000000003 0.344 0.33599999999999997 0.18799999999999994 0.30399999999999994 0.124 0.33599999999999997 0.16799999999999998 0.26 0.31599999999999995 0.23600000000000002 0.18400000000000002 0.28400000000000003 0.136 0.32799999999999996 0.34400000000000003 0.11599999999999999 0.388 0.352 0.3320000000000001 0.292 0.372 0.30400000000000005 0.38 0.35600000000000004 0.14400000000000002 0.308 0.26 0.368 0.17600000000000005 0.3400000000000001 0.36 0.36 0.3440000000000001 0.372 0.204 0.284 0.396 0.384 0.376 0.384 0.396 0.396 0.384 0.368 0.352 0.248 0.36 0.088 0.344 0.3 0.344 0.344 0.336 0.256 0.324
	From worker 2:	0.010000000000000004 0.010000000000000004 0.010000000000000004 0.010000000000000004 0.010000000000000004 0.010000000000000004 0.010000000000000004 0.010000000000000004 0.010000000000000004 0.010000000000000004 0.010000000000000004 0.010000000000000004 0.010000000000000004 0.010000000000000004 0.010000000000000004 0.010000000000000004 0.010000000000000004 0.010000000000000004 0.010000000000000004 0.010000000000000004 0.010000000000000004 0.010000000000000004 0.010000000000000004 0.010000000000000004 0.010000000000000004 0.010000000000000004 0.010000000000000004 0.010000000000000004 0.010000000000000004 0.010000000000000004 0.010000000000000004 0.010000000000000004 0.010000000000000004 0.010000000000000004 0.010000000000000004 0.010000000000000004 0.010000000000000004 0.010000000000000004 0.010000000000000004 0.010000000000000004 0.010000000000000004 0.010000000000000004 0.010000000000000004 0.010000000000000004 0.010000000000000004 0.010000000000000004 0.010000000000000004 0.010000000000000004 0.010000000000000004 0.010000000000000004 0.010000000000000004 0.010000000000000004 0.010000000000000004 0.010000000000000004 0.010000000000000004 0.010000000000000004 0.010000000000000004 0.010000000000000004 0.010000000000000004 0.010000000000000004 0.010000000000000004 0.010000000000000004 0.010000000000000004 0.010000000000000004 0.010000000000000004 0.010000000000000004 0.010000000000000004 0.010000000000000004 0.010000000000000004 0.010000000000000004 0.010000000000000004 0.010000000000000004 0.010000000000000004 0.010000000000000004 0.010000000000000004 0.010000000000000004 0.010000000000000004 0.010000000000000004 0.010000000000000004 0.010000000000000004 0.010000000000000004 0.010000000000000004 0.010000000000000004 0.010000000000000004 0.010000000000000004 0.010000000000000004 0.010000000000000004 0.010000000000000004 0.010000000000000004 0.010000000000000004 0.010000000000000004 0.010000000000000004 0.010000000000000004 0.010000000000000004 0.010000000000000004 0.010000000000000004 0.010000000000000004 0.010000000000000004 0.010000000000000004 0.010000000000000004
	From worker 2:	-----
	From worker 2:	100
	From worker 2:	11590
	From worker 2:	0.2
	From worker 2:	-4.405374327709401 -2.889798296962235 -3.766050244436977
	From worker 2:	-4.919800735881532 -3.324340661261962 -4.494329679803284
	From worker 2:	-5.458552413094007 -4.426324038945486 -4.412782397653409
	From worker 2:	-3.8306246565863193 -3.5991730065769163 -3.0306455389275264
	From worker 2:	-5.801180886962857 -4.301474557374609 -4.216107626884389
	From worker 2:	-3.613393821978263 -2.936655223352448 -3.3156415676161703
	From worker 2:	-3.706704774919767 -2.8082848759384915 -3.4314719582927067
	From worker 2:	-5.082159541779474 -2.868898914237339 -4.50578489879644
	From worker 2:	-4.018689382524451 -3.124137113020325 -3.592235263555895
	From worker 2:	-3.397914490565131 -2.871754295429112 -3.4038492432217313
	From worker 2:	-4.564159539204342 -2.7061308833006725 -4.312571161176993
	From worker 2:	-4.0940597584222145 -2.9035891877783824 -3.8128812316123493
	From worker 2:	-3.346335572559254 -3.257949787856629 -2.9410305505487093
	From worker 2:	-4.106280440392528 -2.6657499850038215 -4.016378666538686
	From worker 2:	-3.4411332179323137 -2.712773288619907 -3.5550479848215253
	From worker 2:	-3.7111033778084446 -3.0892888616721654 -3.234827764196867
	From worker 2:	-3.3901121514315617 -2.6683158776836597 -3.3054217119512446
	From worker 2:	-3.922333342020849 -2.675209741386835 -3.9468336104020305
	From worker 2:	-5.177776425339348 -3.7021396391204426 -4.141471818717637
	From worker 2:	-4.3094533482172 -3.540800463259521 -3.3614128977558275
	From worker 2:	-3.769455661577677 -3.4331956257013614 -2.9329427951515856
	From worker 2:	-5.753093768892425 -5.030142274908606 -4.356566379083011
	From worker 2:	-3.899821616750161 -3.5030218973545515 -3.070838395094674
	From worker 2:	-3.567355848946498 -2.761350940589457 -3.3529203050987766
	From worker 2:	-4.967425488319394 -3.344057090300679 -4.35109360521367
	From worker 2:	-3.761365976140901 -3.637917307568824 -2.96656798721843
	From worker 2:	-3.8260583340279086 -2.7195522984709615 -3.763901891800749
	From worker 2:	-4.025611283334414 -3.349290594470171 -3.391092782092712
	From worker 2:	-5.729022501300086 -4.48430034173905 -4.471748618941287
	From worker 2:	-3.222836931856502 -3.115706376567312 -3.0187903582571383
	From worker 2:	-4.061388262466801 -3.8370817204713332 -3.292134930207075
	From worker 2:	-3.646799921056611 -2.8866577769164796 -3.3522013641537787
	From worker 2:	-4.253793163640283 -3.3191123921250436 -3.6702853731088063
	From worker 2:	-4.055437663211931 -2.9513374672055868 -3.5297043353816013
	From worker 2:	-4.906453932578907 -3.416998954705128 -4.135051266390218
	From worker 2:	-5.102580426067527 -3.463005457305977 -4.226284109922016
	From worker 2:	-5.798128829975837 -4.524151553237237 -4.433985207155767
	From worker 2:	-5.240423268724415 -3.955227131365894 -4.450797998542135
	From worker 2:	-4.079259396605685 -2.950350384010623 -3.901284686563307
	From worker 2:	-4.399411462070993 -3.2675678766486254 -3.89282903471973
	From worker 2:	-3.9080032299979113 -2.8902434165591204 -3.513764390750728
	From worker 2:	-3.478407458451107 -3.1711754811940973 -2.9454983560934034
	From worker 2:	-4.734671397368586 -3.0449681967079245 -4.175885986691323
	From worker 2:	-3.7810609320952997 -2.7055827212480517 -3.6176048634305107
	From worker 2:	-3.866352261336277 -3.5839966165465205 -2.984733849001703
	From worker 2:	-4.958680322911973 -2.8925727757240685 -4.595762043700805
	From worker 2:	-4.092945832192701 -2.5515759256558024 -4.169579402245864
	From worker 2:	-4.883104137078614 -3.406072168767891 -4.493862799634634
	From worker 2:	-4.299841398886527 -3.048235676068716 -3.9076306256421756
	From worker 2:	-3.8251461092582004 -2.9203098514493355 -3.3673698865242456
	From worker 2:	-5.848138779186662 -4.373351897016627 -4.524655358554843
	From worker 2:	-4.380105334959778 -3.882174169986518 -3.399657258025103
	From worker 2:	-4.251162382890626 -3.6521052527331084 -3.488331542865443
	From worker 2:	-3.8654659225534576 -3.8583327855471756 -2.9765581872106806
	From worker 2:	-4.099419833715467 -3.0888881135742263 -3.8230235191807527
	From worker 2:	-3.4808084369664822 -3.308318009324159 -3.006183036639897
	From worker 2:	-4.841354622181792 -3.345489488338293 -4.447516012212384
	From worker 2:	-5.308508348010587 -3.085703686543815 -4.353702167734222
	From worker 2:	-4.279027982386105 -2.8897011944312325 -3.6049521544984104
	From worker 2:	-3.934087378525847 -2.692717071001289 -3.7621857118194386
	From worker 2:	-4.823412464943884 -3.2774520410458914 -4.381932259902288
	From worker 2:	-3.6863103232177528 -3.320388524113918 -2.9486439881660003
	From worker 2:	-5.115884518962952 -3.530463106891862 -4.352652116506478
	From worker 2:	-3.4489279573265783 -2.5990885711524236 -3.525297085077743
	From worker 2:	-4.780148738972514 -2.8974775422631747 -4.185472063388329
	From worker 2:	-5.616575641589372 -3.9914888814575793 -4.4353333915349085
	From worker 2:	-4.047160124556747 -2.910076041951754 -3.912251401276727
	From worker 2:	-4.624268878138311 -2.939732233734228 -4.415062215242047
	From worker 2:	-5.177640134418289 -4.2962275365310685 -4.321360612039074
	From worker 2:	-5.0074550002097435 -3.6409997742949667 -4.157103358863996
	From worker 2:	-4.904228276216944 -3.8225995873761573 -4.106662073880049
	From worker 2:	-4.909887153704304 -3.7827934688816174 -3.9760208113957067
	From worker 2:	-4.870754411193205 -3.1100610339491994 -4.300127048732797
	From worker 2:	-5.848259059164056 -4.752340553401106 -4.365072679613349
	From worker 2:	-4.105498819773356 -3.1432268063502184 -3.5434401475086235
	From worker 2:	-4.225526962508609 -3.2778163028489042 -3.660449527875209
	From worker 2:	-3.790220536250491 -3.520401378515028 -2.8864123163733306
	From worker 2:	-3.9081814584299273 -3.4956738561683824 -3.2605079754577764
	From worker 2:	-5.67071553697028 -4.084555998801799 -4.585042885556053
	From worker 2:	-3.7343245262766662 -3.5501467276539884 -3.055216004566284
	From worker 2:	-4.227276464792253 -2.996352440516753 -3.9634034123408797
	From worker 2:	-4.041129409086198 -2.678068263375442 -3.7630978192226108
	From worker 2:	-5.889127191119082 -4.644228247517873 -4.505271288313102
	From worker 2:	-4.387271415230531 -3.4177157525946065 -3.589778798117123
	From worker 2:	-5.31387307364938 -3.682888731997729 -4.593876100726829
	From worker 2:	-5.628024373041678 -3.9954907332720664 -4.613356409455146
	From worker 2:	-3.215538741545594 -2.7011388346633365 -3.182459543258916
	From worker 2:	-4.690167980660888 -3.3603333237217976 -3.849502275474237
	From worker 2:	-5.143559939995887 -4.087464572197879 -4.083519688678909
	From worker 2:	-3.702767043838843 -3.0816044272383687 -3.202189241834026
	From worker 2:	-5.053416199213074 -3.7653201315205886 -4.356885571717917
	From worker 2:	-3.913646761873752 -2.5069781284352075 -3.99543207799094
	From worker 2:	-5.591385756635151 -4.238103513822315 -4.49766806519223
	From worker 2:	-3.9720355171595587 -3.4555014861725803 -3.3034463547221145
	From worker 2:	-5.644479064876734 -4.3124549868949735 -4.5067620543843585
	From worker 2:	-5.777903741867617 -4.650371869262943 -4.485825203012591
	From worker 2:	-4.559340599726786 -3.1257162813246953 -4.161398059544768
	From worker 2:	-5.417412679167691 -4.464383846644355 -4.393594887018448
	From worker 2:	-4.3736609489016285 -3.3726264578973257 -3.85938753528921
	From worker 2:	-3.0660044102181168 -2.6284013966279614 -3.2071484077182557
	From worker 2:	0.124 0.132 0.144 0.16 0.156 0.124 0.18799999999999994 0.18 0.16 0.14 0.192 0.188 0.17199999999999993 0.17199999999999993 0.144 0.128 0.14800000000000002 0.11199999999999999 0.176 0.16800000000000004 0.14 0.19200000000000006 0.128 0.19199999999999995 0.14 0.14799999999999996 0.16399999999999992 0.14 0.132 0.15200000000000002 0.17200000000000004 0.084 0.15200000000000002 0.07200000000000006 0.11600000000000005 0.14799999999999996 0.12 0.18 0.184 0.18799999999999997 0.1 0.15599999999999992 0.18799999999999994 0.08800000000000001 0.17999999999999994 0.192 0.188 0.14 0.15200000000000002 0.192 0.156 0.18800000000000006 0.18400000000000005 0.19999999999999996 0.12000000000000001 0.08799999999999997 0.176 0.16 0.18000000000000002 0.128 0.192 0.15999999999999992 0.196 0.132 0.112 0.19599999999999995 0.144 0.13599999999999998 0.16800000000000004 0.144 0.168 0.18800000000000006 0.15600000000000003 0.15200000000000002 0.128 0.15200000000000002 0.192 0.14 0.18 0.17199999999999993 0.18000000000000005 0.19599999999999995 0.184 0.136 0.168 0.18 0.17999999999999994 0.16800000000000004 0.15600000000000003 0.08799999999999997 0.14799999999999996 0.116 0.144 0.124 0.16 0.192 0.172 0.16800000000000004 0.15600000000000003 0.18399999999999994
	From worker 2:	0.009086622127466476 0.008965577563431613 0.01073229711789413 0.010648236355470714 0.010921024239943088 0.010269421030794281 0.01012601840026993 0.009761570286632347 0.009114604350461613 0.010672564525095558 0.009688573057333038 0.00918639783653968 0.011780453171371701 0.009759362202764467 0.01072092256836448 0.010134376424111123 0.011252214261292118 0.009923503660181542 0.008726376884930108 0.009258062417777956 0.011038194929258954 0.014915460825353631 0.010350039292068064 0.010582220911041043 0.008721502052684658 0.011046469979017669 0.009886142643061013 0.00930814374365711 0.011624763882021192 0.011853964168580262 0.00987644043317145 0.01021629113864687 0.008747650799220479 0.009365645072050833 0.008498281422186947 0.0086460499391019 0.011922025006044187 0.009329496604149768 0.009139073275985444 0.00856829615965936 0.009609206306757026 0.011472740881625202 0.008796379323457768 0.010032138887417049 0.010781836350357234 0.009834521237872621 0.010318910180785323 0.008933415136763798 0.00881089485881705 0.009894922775949765 0.011650487196764075 0.009478107960755837 0.009081621492429252 0.01120183985423161 0.008940338599814926 0.011188910012569187 0.008860751791137532 0.009366304306354366 0.00928035740936447 0.009801045610648304 0.008781776892361039 0.011061451527613038 0.00875591980633983 0.010998802736230485 0.009083201867370128 0.009899323509226007 0.00924352507816429 0.009310051674811432 0.009877340009347507 0.008568703629686527 0.008657038999958162 0.008621759642011576 0.008845533996520666 0.013184269958468284 0.009085500077767362 0.008788141099853857 0.01127903713272673 0.009750114118319749 0.010486105873046143 0.010647678950834332 0.008944572813628468 0.009727169409192953 0.012977385913194018 0.008775309922173732 0.009402086294399025 0.010291498108911157 0.01191836035483967 0.008511208176505563 0.009177544427233696 0.01024123376113962 0.008840649490212646 0.010486161752818296 0.010500495452752848 0.009560053689993044 0.010855591969802226 0.012596845079682803 0.008700547956436839 0.010790394597821502 0.008556009861105572 0.012522543454540049
	From worker 2:	-----
	From worker 2:	100
	From worker 2:	92739
	From worker 2:	0.1
	From worker 2:	-3.948284477447997 -2.7828996910974246 -3.743388522793008
	From worker 2:	-4.106764326197904 -3.1838903072004707 -3.816509387952373
	From worker 2:	-3.5967968678582993 -3.088403984923648 -3.240536305127231
	From worker 2:	-3.783219495267454 -3.3653131169132378 -3.1067691311990555
	From worker 2:	-3.594848353499586 -3.34693940409668 -3.014160871770427
	From worker 2:	-3.8258394583869033 -3.3588474470572307 -3.235131742321349
	From worker 2:	-4.314814873429712 -3.4181380450029453 -3.446636592500353
	From worker 2:	-5.0298961477536706 -3.9931897028075616 -4.030037586721329
	From worker 2:	-3.7971212790362596 -3.228345573416369 -3.239215418991088
	From worker 2:	-3.9365869449219186 -3.4856302389318428 -3.29320310374719
	From worker 2:	-3.6383703756727 -3.6130951334182257 -2.9951153218171087
	From worker 2:	-3.334540747450947 -3.0237215719567163 -3.1191063473133385
	From worker 2:	-3.6915847796832053 -3.22903927208759 -3.2337977701152663
	From worker 2:	-3.9840274598379164 -2.8971243310806343 -3.5369831689764384
	From worker 2:	-3.9186650318435268 -3.5106201159332926 -3.044246942985898
	From worker 2:	-3.57000862537208 -3.045182828113957 -3.2423395827435955
	From worker 2:	-3.738141801379858 -2.9461607660090694 -3.354731219290989
	From worker 2:	-3.5807470923030014 -3.0814445393254815 -3.092078809254917
	From worker 2:	-3.964291503195385 -3.3729640978141298 -3.2906531316698637
	From worker 2:	-4.262607660936672 -3.337160613252607 -3.746218118680307
	From worker 2:	-4.859763300383459 -3.7070315777891127 -4.240575167459152
	From worker 2:	-5.013247453468165 -3.866702007856411 -4.197169057930434
	From worker 2:	-3.7345766377695186 -3.1103841285919644 -3.291079311577207
	From worker 2:	-3.9718108228522113 -2.915161196830705 -3.706423849380569
	From worker 2:	-3.8748909080766802 -2.9307859317211293 -3.6968488336785645
	From worker 2:	-3.705460009171599 -3.1135161383301715 -3.3455279715568915
	From worker 2:	-3.9093954005587936 -3.1438496516595507 -3.444573000992639
	From worker 2:	-4.389525924755558 -3.0310001249212544 -4.1267055205607885
	From worker 2:	-3.5608026325609217 -3.369287986644245 -3.0004684261495562
	From worker 2:	-3.508421925023767 -3.3470260320428142 -3.011907614348008
	From worker 2:	-3.814194909485419 -3.004662799617188 -3.4478452723470725
	From worker 2:	-4.902911789371151 -3.471401328918578 -4.049483847347979
	From worker 2:	-4.87258434540273 -3.3238724090514173 -4.273140144523833
	From worker 2:	-3.898825220264299 -2.9658336767368034 -3.4686606197085075
	From worker 2:	-3.8154076852304972 -3.075153671043865 -3.4386253327349543
	From worker 2:	-3.7464350428058273 -2.8898720106721765 -3.564440707799682
	From worker 2:	-3.7486574696275237 -3.2747909191898565 -3.2252191844448665
	From worker 2:	-3.8730071545654026 -3.343392308144521 -3.3499868440263953
	From worker 2:	-4.007025454986125 -3.260665426030567 -3.574565718686317
	From worker 2:	-5.2287249656882 -4.054513283303997 -4.1954154095574445
	From worker 2:	-3.4943773514510514 -2.9417414832229425 -3.3328342432484064
	From worker 2:	-4.230232588603208 -3.3584841147035314 -3.730253371783365
	From worker 2:	-4.001618814006623 -3.0369834553972677 -3.6151587159890597
	From worker 2:	-4.391143401467352 -3.172044209146918 -4.050178431063689
	From worker 2:	-3.6574321472024844 -3.070159914575998 -3.427686348430435
	From worker 2:	-3.305382385310821 -2.9763360913931853 -3.128624704472858
	From worker 2:	-3.939105569077825 -3.0184729360061686 -3.8441371109777176
	From worker 2:	-4.516910879352999 -3.6160439317143105 -3.857836692641035
	From worker 2:	-3.952319199538808 -3.096827019155264 -3.502053261344428
	From worker 2:	-3.88881139745321 -2.7905982390543427 -3.5441624467772064
	From worker 2:	-4.151168086290012 -3.097669145641293 -3.6117806679935143
	From worker 2:	-4.119392942029829 -2.947018514789251 -3.8244642372423834
	From worker 2:	-4.510168568768931 -3.1473496655423965 -3.666483561231991
	From worker 2:	-3.789598568360249 -3.0635678187578432 -3.573701652379381
	From worker 2:	-4.465538736754655 -3.0731483836941256 -3.891761942342873
	From worker 2:	-3.7496304418217146 -3.089844595665955 -3.454446039726454
	From worker 2:	-5.281962432661375 -4.261468994340626 -4.176752948651625
	From worker 2:	-3.7475555032450707 -3.292065012138188 -3.205605796844303
	From worker 2:	-3.5938788792402865 -3.4062043414847474 -3.1460467014264015
	From worker 2:	-4.892616973637023 -3.7975984050024487 -4.179557855782127
	From worker 2:	-4.15005010940447 -3.1763907768511777 -3.702362249597381
	From worker 2:	-4.026957000998999 -2.6822756480087935 -3.8678181294733878
	From worker 2:	-3.591240528939585 -3.1276847610801966 -3.130531125663743
	From worker 2:	-3.8659669718596206 -3.446023477613491 -3.060793200239936
	From worker 2:	-4.088017454945509 -3.1062649867225285 -3.5279582802192615
	From worker 2:	-4.219112155012175 -3.5029278895030824 -3.833485349603844
	From worker 2:	-4.913575458444045 -3.633644193204276 -3.94775864354679
	From worker 2:	-3.8118589947139396 -3.109251416038508 -3.3960790340608815
	From worker 2:	-4.050963362584113 -3.1867765382433078 -3.4791101787687424
	From worker 2:	-3.6343768193647215 -2.9275608819120102 -3.32485675940053
	From worker 2:	-3.9103581481037972 -3.330771675161146 -3.5364407556791866
	From worker 2:	-3.6102586646157735 -2.9190689008771704 -3.336765590852013
	From worker 2:	-4.355091747681395 -3.5361399269414395 -3.6969868189849984
	From worker 2:	-4.014365406575336 -3.114457900201031 -3.650943144054266
	From worker 2:	-4.546667279406146 -3.4717935427093427 -3.628595578320377
	From worker 2:	-3.7391214105978325 -3.4023544042814886 -3.1956367045386487
	From worker 2:	-4.507398952903663 -3.0662195695387866 -4.06955688043682
	From worker 2:	-4.25773145592962 -3.3624464776145873 -4.149277648560722
	From worker 2:	-3.4329622340719075 -3.0811942943439785 -3.3130793886057885
	From worker 2:	-3.876530407368633 -2.9988555988220793 -3.4921569325661923
	From worker 2:	-3.9433902331374875 -3.2478906296084484 -3.4054023649066645
	From worker 2:	-3.495756636860211 -3.112179492332221 -3.268790198704555
	From worker 2:	-3.743968065668937 -3.031467260767283 -3.3686798024780717
	From worker 2:	-4.155909745847614 -3.414525931955416 -3.5741892555347725
	From worker 2:	-3.5100407258860784 -3.1518671981514728 -3.091199880995234
	From worker 2:	-4.517688582964545 -3.34102475762164 -3.732917749669329
	From worker 2:	-4.049928454306442 -3.3225199527585434 -3.281641987210797
	From worker 2:	-3.760117868214241 -3.0070618860177136 -3.398977938389387
	From worker 2:	-4.339694343306907 -3.2708138019830364 -3.7312094824951476
	From worker 2:	-3.9800736056729678 -3.070844949341396 -3.4569579880506907
	From worker 2:	-4.100251170429236 -3.5124835590613093 -3.218958333509593
	From worker 2:	-3.6096257362079363 -3.1707534395501273 -3.121573774771517
	From worker 2:	-5.14314042535208 -4.264607871829127 -4.227666678429905
	From worker 2:	-4.423424634081405 -3.081526882668436 -3.846872772391437
	From worker 2:	-4.523925922002918 -3.115250885509762 -3.9887146989574966
	From worker 2:	-3.746439912802877 -3.0952272918000276 -3.365891079348884
	From worker 2:	-4.415378796381355 -3.5114769871451204 -3.746939611448115
	From worker 2:	-3.9238361576586858 -2.8764962761722397 -3.529302700732484
	From worker 2:	-3.6943150032764573 -3.28930891868724 -3.2791414880217973
	From worker 2:	-4.440245487334054 -3.303377379962518 -4.0879025758733265
	From worker 2:	0.08 0.08000000000000007 0.064 0.09199999999999997 0.09600000000000003 0.09599999999999997 0.08800000000000002 0.09999999999999998 0.07600000000000007 0.096 0.09200000000000001 0.08799999999999997 0.05199999999999999 0.064 0.096 0.08399999999999996 0.09200000000000003 0.07999999999999996 0.09600000000000003 0.08399999999999999 0.092 0.09200000000000008 0.06400000000000006 0.092 0.09999999999999998 0.07200000000000006 0.09200000000000003 0.076 0.096 0.09599999999999997 0.09199999999999997 0.092 0.096 0.08800000000000002 0.08800000000000008 0.05999999999999994 0.07999999999999996 0.09600000000000009 0.07600000000000001 0.09999999999999998 0.09999999999999998 0.06399999999999999 0.09199999999999997 0.07999999999999996 0.07200000000000001 0.06000000000000005 0.09199999999999997 0.09199999999999997 0.07199999999999995 0.07599999999999996 0.064 0.09999999999999999 0.09199999999999997 0.07200000000000006 0.09999999999999998 0.096 0.076 0.09199999999999997 0.09600000000000003 0.09999999999999998 0.08800000000000002 0.08800000000000002 0.07599999999999996 0.09999999999999998 0.068 0.07600000000000001 0.08799999999999997 0.09200000000000003 0.096 0.09199999999999997 0.08000000000000007 0.09999999999999998 0.09599999999999997 0.09200000000000008 0.09999999999999998 0.07599999999999996 0.08400000000000002 0.09999999999999998 0.08799999999999997 0.06799999999999995 0.09999999999999998 0.07999999999999999 0.084 0.08800000000000001 0.09600000000000003 0.092 0.09199999999999997 0.076 0.07200000000000001 0.08800000000000002 0.09999999999999998 0.064 0.092 0.092 0.09999999999999998 0.09999999999999998 0.07600000000000001 0.07599999999999996 0.06799999999999999 0.088
	From worker 2:	0.009862383966284026 0.008905527846424916 0.01057264615913496 0.011091204380036048 0.012169563076187625 0.010297054509212115 0.009493853499465455 0.010461203230306701 0.010125374945238706 0.010276708176855305 0.013447753844524731 0.012384824270937985 0.01035800683060678 0.009452037849191344 0.011900460983023541 0.010692185035995649 0.010036101326155334 0.011440051720883781 0.009932286191606465 0.008834355603832342 0.009733191619288584 0.009973887440875994 0.010013581455604645 0.009336450383208187 0.00943712789979027 0.009894542281340311 0.009286916383667134 0.009642378361319643 0.012461232236013314 0.012501009767383359 0.009546101910349004 0.00935363042077995 0.00981509156204394 0.009463650231422285 0.009471403026851268 0.009799793571159223 0.010323942967721676 0.009751928655782859 0.00901814348943046 0.010541810314473538 0.010827680336054097 0.008875011327054426 0.009055492253810945 0.0091483674085186 0.009849195391599024 0.012588688762722667 0.009342931184607762 0.00931693210616122 0.009157651268996394 0.00992009667801078 0.008911405167435943 0.009220598641034666 0.009073607790827479 0.009366792638468511 0.009041316562256855 0.009558071989655827 0.01135425538098931 0.010444229732507944 0.011443865117500798 0.009803327299670272 0.008814413502756446 0.010492898156023805 0.01113003616806005 0.011552239222317913 0.009026110786479871 0.00919511228898894 0.009544714547656931 0.00954891545789603 0.009099305684398307 0.010422906238119504 0.009278017418399804 0.010476229626417201 0.009233267597355741 0.008950002491800507 0.009330845605500578 0.010763643007014899 0.009386390726202105 0.009604360888679952 0.010930496606773274 0.009384289788699648 0.00937422901576535 0.01079776582952713 0.00982032689294656 0.009140019656327132 0.011647732521661916 0.008943932604562256 0.009843388008401406 0.0097467832751919 0.008792972665944344 0.009244925575869917 0.010670510440297622 0.011125950828435326 0.011342513219465732 0.008963938960605346 0.009126121691585212 0.00975735680062125 0.009118509821178759 0.009577600181940111 0.01024374912382269 0.009158562614015259
	From worker 2:	11914.304207 seconds (22.13 G allocations: 3.072 TiB, 38.92% gc time)
	From worker 2:	Writing ENSMUSG00000012396 to file
Run finished at  Fri Jul 27 22:43:18 BST 2018
