Run started at  Fri Aug 3 12:07:40 BST 2018

signal (15): Terminated
while loading /project/home17/er4517/project_3/gene_bursting/ABC_Bursting/Code/src-test/cell_cycle/ABC_SMC_fixedparams_model_1_cell_cycle_serum_genes_serum_data_25000_25000.jl, in expression starting on line 303
syscall at /lib64/libc.so.6 (unknown line)
uv__epoll_wait at /buildworker/worker/package_linux64/build/deps/srccache/libuv-d8ab1c6a33e77bf155facb54215dd8798e13825d/src/unix/linux-syscalls.c:321
uv__io_poll at /buildworker/worker/package_linux64/build/deps/srccache/libuv-d8ab1c6a33e77bf155facb54215dd8798e13825d/src/unix/linux-core.c:267
uv_run at /buildworker/worker/package_linux64/build/deps/srccache/libuv-d8ab1c6a33e77bf155facb54215dd8798e13825d/src/unix/core.c:354
process_events at ./libuv.jl:82 [inlined]
wait at ./event.jl:216
wait at ./event.jl:27
wait_readnb at ./stream.jl:296
eof at ./stream.jl:56
#25 at ./event.jl:73
unknown function (ip: 0x7f704829a9ff)
jl_call_fptr_internal at /buildworker/worker/package_linux64/build/src/julia_internal.h:339 [inlined]
jl_call_method_internal at /buildworker/worker/package_linux64/build/src/julia_internal.h:358 [inlined]
jl_apply_generic at /buildworker/worker/package_linux64/build/src/gf.c:1926
jl_apply at /buildworker/worker/package_linux64/build/src/julia.h:1424 [inlined]
start_task at /buildworker/worker/package_linux64/build/src/task.c:267
unknown function (ip: 0xffffffffffffffff)
unknown function (ip: 0xffffffffffffffff)
Allocations: 34972653 (Pool: 34968982; Big: 3671); GC: 43

signal (15): Terminated
while loading /project/home17/er4517/project_3/gene_bursting/ABC_Bursting/Code/src-test/cell_cycle/ABC_SMC_fixedparams_model_1_cell_cycle_serum_genes_serum_data_25000_25000.jl, in expression starting on line 303
unknown function (ip: 0x7f707e06cfff)
unknown function (ip: 0x7f707ee2cb32)
unknown function (ip: 0x7f707ee26853)
_ZN4llvm16computeKnownBitsEPNS_5ValueERNS_5APIntES3_RKNS_10DataLayoutEjPNS_15AssumptionCacheEPKNS_11InstructionEPKNS_13DominatorTreeE at /project/soft/linux64/src/julia-d386e40c17/bin/../lib/julia/libLLVM-3.9.so (unknown line)
_ZN4llvm26getOrEnforceKnownAlignmentEPNS_5ValueEjRKNS_10DataLayoutEPKNS_11InstructionEPNS_15AssumptionCacheEPKNS_13DominatorTreeE at /project/soft/linux64/src/julia-d386e40c17/bin/../lib/julia/libLLVM-3.9.so (unknown line)
unknown function (ip: 0x7f707e9504e3)
unknown function (ip: 0x7f707e955be2)
unknown function (ip: 0x7f707e933bbf)
unknown function (ip: 0x7f707e9347da)
_ZN4llvm24InstructionCombiningPass13runOnFunctionERNS_8FunctionE at /project/soft/linux64/src/julia-d386e40c17/bin/../lib/julia/libLLVM-3.9.so (unknown line)
_ZN4llvm13FPPassManager13runOnFunctionERNS_8FunctionE at /project/soft/linux64/src/julia-d386e40c17/bin/../lib/julia/libLLVM-3.9.so (unknown line)
_ZN4llvm13FPPassManager11runOnModuleERNS_6ModuleE at /project/soft/linux64/src/julia-d386e40c17/bin/../lib/julia/libLLVM-3.9.so (unknown line)
_ZN4llvm6legacy15PassManagerImpl3runERNS_6ModuleE at /project/soft/linux64/src/julia-d386e40c17/bin/../lib/julia/libLLVM-3.9.so (unknown line)
operator() at /buildworker/worker/package_linux64/build/src/jitlayers.cpp:460 [inlined]
_M_invoke at /usr/local/include/c++/7.2.0/bits/std_function.h:302
operator() at /usr/local/include/c++/7.2.0/bits/std_function.h:706 [inlined]
addModuleSet<llvm::SmallVector<std::unique_ptr<llvm::Module>, 1>, llvm::RTDyldMemoryManager*, std::unique_ptr<llvm::orc::LambdaResolver<JuliaOJIT::addModule(std::unique_ptr<llvm::Module>)::<lambda(const string&)>, JuliaOJIT::addModule(std::unique_ptr<llvm::Module>)::<lambda(const string&)> >, std::default_delete<llvm::orc::LambdaResolver<JuliaOJIT::addModule(std::unique_ptr<llvm::Module>)::<lambda(const string&)>, JuliaOJIT::addModule(std::unique_ptr<llvm::Module>)::<lambda(const string&)> > > > > at /buildworker/worker/package_linux64/build/usr/include/llvm/ExecutionEngine/Orc/IRCompileLayer.h:73 [inlined]
addModule at /buildworker/worker/package_linux64/build/src/jitlayers.cpp:587
jl_add_to_ee at /buildworker/worker/package_linux64/build/src/jitlayers.cpp:810 [inlined]
jl_finalize_function at /buildworker/worker/package_linux64/build/src/jitlayers.cpp:821
getAddressForFunction at /buildworker/worker/package_linux64/build/src/codegen.cpp:1411
jl_generate_fptr at /buildworker/worker/package_linux64/build/src/codegen.cpp:1508
jl_compile_method_internal at /buildworker/worker/package_linux64/build/src/julia_internal.h:326 [inlined]
jl_call_method_internal at /buildworker/worker/package_linux64/build/src/julia_internal.h:354 [inlined]
jl_apply_generic at /buildworker/worker/package_linux64/build/src/gf.c:1926
jl_apply at /buildworker/worker/package_linux64/build/src/julia.h:1424 [inlined]
jl_atexit_hook at /buildworker/worker/package_linux64/build/src/init.c:250
jl_exit at /buildworker/worker/package_linux64/build/src/jl_uv.c:551
jl_exit_thread0_cb at /buildworker/worker/package_linux64/build/src/signals-unix.c:333
unknown function (ip: 0xffffffffffffffff)
unknown function (ip: 0xffffffffffffffff)
Allocations: 35012348 (Pool: 35008676; Big: 3672); GC: 43
WARNING: No working GUI backend found for matplotlib
fatal error on 2: ERROR: ArgumentError: stream is closed or unusable
Stacktrace:
 [1] check_open(::TCPSocket) at ./stream.jl:251
 [2] uv_write(::TCPSocket, ::Ptr{UInt8}, ::UInt64) at ./stream.jl:795
 [3] flush(::TCPSocket) at ./stream.jl:857
 [4] send_msg_(::Base.Distributed.Worker, ::Base.Distributed.MsgHeader, ::Base.Distributed.ResultMsg, ::Bool) at ./distributed/messages.jl:187
 [5] send_msg_now(::Base.Distributed.Worker, ::Base.Distributed.MsgHeader, ::Base.Distributed.ResultMsg) at ./distributed/messages.jl:129
 [6] send_msg_now(::TCPSocket, ::Base.Distributed.MsgHeader, ::Base.Distributed.ResultMsg) at ./distributed/messages.jl:124
 [7] deliver_result(::TCPSocket, ::Symbol, ::Base.Distributed.RRID, ::RemoteException) at ./distributed/process_messages.jl:88
 [8] macro expansion at ./distributed/process_messages.jl:269 [inlined]
 [9] (::Base.Distributed.##105#107{Base.Distributed.CallMsg{:call_fetch},Base.Distributed.MsgHeader,TCPSocket})() at ./event.jl:73
