Run started at  Sat Aug 11 22:25:30 BST 2018

signal (15): Terminated
while loading /project/home17/er4517/project_3/gene_bursting/ABC_Bursting/Code/src-test/cell_cycle/ABC_SMC_fixedparams_model_1_cell_cycle_2i_genes_2i_data_16666_33332.jl, in expression starting on line 9
unknown function (ip: 0x3c7e2426b3)
unknown function (ip: 0x3c7e24211b)
unknown function (ip: 0x3c7e23acca)
jl_try_substrtod at /buildworker/worker/package_linux64/build/src/rtutils.c:355
colval at ./datafmt.jl:443
store_cell at ./datafmt.jl:268
unknown function (ip: 0x7f865dae1968)
jl_call_fptr_internal at /buildworker/worker/package_linux64/build/src/julia_internal.h:339 [inlined]
jl_call_method_internal at /buildworker/worker/package_linux64/build/src/julia_internal.h:358 [inlined]
jl_apply_generic at /buildworker/worker/package_linux64/build/src/gf.c:1926
dlm_fill at ./datafmt.jl:397
unknown function (ip: 0x7f865dadfc7d)
jl_call_fptr_internal at /buildworker/worker/package_linux64/build/src/julia_internal.h:339 [inlined]
jl_call_method_internal at /buildworker/worker/package_linux64/build/src/julia_internal.h:358 [inlined]
jl_apply_generic at /buildworker/worker/package_linux64/build/src/gf.c:1926
dlm_fill at ./datafmt.jl:401
unknown function (ip: 0x7f865dadfc7d)
jl_call_fptr_internal at /buildworker/worker/package_linux64/build/src/julia_internal.h:339 [inlined]
jl_call_method_internal at /buildworker/worker/package_linux64/build/src/julia_internal.h:358 [inlined]
jl_apply_generic at /buildworker/worker/package_linux64/build/src/gf.c:1926
readdlm_string at ./datafmt.jl:358
unknown function (ip: 0x7f865daddcf2)
jl_call_fptr_internal at /buildworker/worker/package_linux64/build/src/julia_internal.h:339 [inlined]
jl_call_method_internal at /buildworker/worker/package_linux64/build/src/julia_internal.h:358 [inlined]
jl_apply_generic at /buildworker/worker/package_linux64/build/src/gf.c:1926
#readdlm_auto#11 at ./datafmt.jl:132
unknown function (ip: 0x7f865dadb37c)
jl_call_fptr_internal at /buildworker/worker/package_linux64/build/src/julia_internal.h:339 [inlined]
jl_call_method_internal at /buildworker/worker/package_linux64/build/src/julia_internal.h:358 [inlined]
jl_invoke at /buildworker/worker/package_linux64/build/src/gf.c:41
#readdlm#7 at ./datafmt.jl:81 [inlined]
readdlm at ./datafmt.jl:81
#readdlm#5 at ./datafmt.jl:64
unknown function (ip: 0x7f865dae3c9d)
jl_call_fptr_internal at /buildworker/worker/package_linux64/build/src/julia_internal.h:339 [inlined]
jl_call_method_internal at /buildworker/worker/package_linux64/build/src/julia_internal.h:358 [inlined]
jl_apply_generic at /buildworker/worker/package_linux64/build/src/gf.c:1926
jl_apply at /buildworker/worker/package_linux64/build/src/julia.h:1424 [inlined]
jl_invoke at /buildworker/worker/package_linux64/build/src/gf.c:51
readdlm at ./datafmt.jl:64
unknown function (ip: 0x7f865dae3bc2)
jl_call_fptr_internal at /buildworker/worker/package_linux64/build/src/julia_internal.h:339 [inlined]
jl_call_method_internal at /buildworker/worker/package_linux64/build/src/julia_internal.h:358 [inlined]
jl_apply_generic at /buildworker/worker/package_linux64/build/src/gf.c:1926
do_call at /buildworker/worker/package_linux64/build/src/interpreter.c:75
eval at /buildworker/worker/package_linux64/build/src/interpreter.c:242
eval_body at /buildworker/worker/package_linux64/build/src/interpreter.c:543
jl_interpret_toplevel_thunk at /buildworker/worker/package_linux64/build/src/interpreter.c:692
jl_toplevel_eval_flex at /buildworker/worker/package_linux64/build/src/toplevel.c:592
jl_parse_eval_all at /buildworker/worker/package_linux64/build/src/ast.c:873
jl_load at /buildworker/worker/package_linux64/build/src/toplevel.c:616
include_from_node1 at ./loading.jl:576
unknown function (ip: 0x7f869227938b)
jl_call_fptr_internal at /buildworker/worker/package_linux64/build/src/julia_internal.h:339 [inlined]
jl_call_method_internal at /buildworker/worker/package_linux64/build/src/julia_internal.h:358 [inlined]
jl_apply_generic at /buildworker/worker/package_linux64/build/src/gf.c:1926
include at ./sysimg.jl:14
unknown function (ip: 0x7f86921119eb)
jl_call_fptr_internal at /buildworker/worker/package_linux64/build/src/julia_internal.h:339 [inlined]
jl_call_method_internal at /buildworker/worker/package_linux64/build/src/julia_internal.h:358 [inlined]
jl_apply_generic at /buildworker/worker/package_linux64/build/src/gf.c:1926
process_options at ./client.jl:305
_start at ./client.jl:371
unknown function (ip: 0x7f8692287d28)
jl_call_fptr_internal at /buildworker/worker/package_linux64/build/src/julia_internal.h:339 [inlined]
jl_call_method_internal at /buildworker/worker/package_linux64/build/src/julia_internal.h:358 [inlined]
jl_apply_generic at /buildworker/worker/package_linux64/build/src/gf.c:1926
unknown function (ip: 0x401bc8)
unknown function (ip: 0x401612)
__libc_start_main at /lib64/libc.so.6 (unknown line)
unknown function (ip: 0x4016bc)
unknown function (ip: 0xffffffffffffffff)
Allocations: 25735833 (Pool: 25732557; Big: 3276); GC: 42

signal (15): Terminated
while loading /project/home17/er4517/project_3/gene_bursting/ABC_Bursting/Code/src-test/cell_cycle/ABC_SMC_fixedparams_model_1_cell_cycle_2i_genes_2i_data_16666_33332.jl, in expression starting on line 9
dlm_fill at ./datafmt.jl:390
unknown function (ip: 0x7f865dadfc7d)
jl_call_fptr_internal at /buildworker/worker/package_linux64/build/src/julia_internal.h:339 [inlined]
jl_call_method_internal at /buildworker/worker/package_linux64/build/src/julia_internal.h:358 [inlined]
jl_apply_generic at /buildworker/worker/package_linux64/build/src/gf.c:1926
dlm_fill at ./datafmt.jl:401
unknown function (ip: 0x7f865dadfc7d)
jl_call_fptr_internal at /buildworker/worker/package_linux64/build/src/julia_internal.h:339 [inlined]
jl_call_method_internal at /buildworker/worker/package_linux64/build/src/julia_internal.h:358 [inlined]
jl_apply_generic at /buildworker/worker/package_linux64/build/src/gf.c:1926
readdlm_string at ./datafmt.jl:358
unknown function (ip: 0x7f865daddcf2)
jl_call_fptr_internal at /buildworker/worker/package_linux64/build/src/julia_internal.h:339 [inlined]
jl_call_method_internal at /buildworker/worker/package_linux64/build/src/julia_internal.h:358 [inlined]
jl_apply_generic at /buildworker/worker/package_linux64/build/src/gf.c:1926
#readdlm_auto#11 at ./datafmt.jl:132
unknown function (ip: 0x7f865dadb37c)
jl_call_fptr_internal at /buildworker/worker/package_linux64/build/src/julia_internal.h:339 [inlined]
jl_call_method_internal at /buildworker/worker/package_linux64/build/src/julia_internal.h:358 [inlined]
jl_invoke at /buildworker/worker/package_linux64/build/src/gf.c:41
#readdlm#7 at ./datafmt.jl:81 [inlined]
readdlm at ./datafmt.jl:81
#readdlm#5 at ./datafmt.jl:64
unknown function (ip: 0x7f865dae3c9d)
jl_call_fptr_internal at /buildworker/worker/package_linux64/build/src/julia_internal.h:339 [inlined]
jl_call_method_internal at /buildworker/worker/package_linux64/build/src/julia_internal.h:358 [inlined]
jl_apply_generic at /buildworker/worker/package_linux64/build/src/gf.c:1926
jl_apply at /buildworker/worker/package_linux64/build/src/julia.h:1424 [inlined]
jl_invoke at /buildworker/worker/package_linux64/build/src/gf.c:51
readdlm at ./datafmt.jl:64
unknown function (ip: 0x7f865dae3bc2)
jl_call_fptr_internal at /buildworker/worker/package_linux64/build/src/julia_internal.h:339 [inlined]
jl_call_method_internal at /buildworker/worker/package_linux64/build/src/julia_internal.h:358 [inlined]
jl_apply_generic at /buildworker/worker/package_linux64/build/src/gf.c:1926
do_call at /buildworker/worker/package_linux64/build/src/interpreter.c:75
eval at /buildworker/worker/package_linux64/build/src/interpreter.c:242
eval_body at /buildworker/worker/package_linux64/build/src/interpreter.c:543
jl_interpret_toplevel_thunk at /buildworker/worker/package_linux64/build/src/interpreter.c:692
jl_toplevel_eval_flex at /buildworker/worker/package_linux64/build/src/toplevel.c:592
jl_parse_eval_all at /buildworker/worker/package_linux64/build/src/ast.c:873
jl_load at /buildworker/worker/package_linux64/build/src/toplevel.c:616
include_from_node1 at ./loading.jl:576
unknown function (ip: 0x7f869227938b)
jl_call_fptr_internal at /buildworker/worker/package_linux64/build/src/julia_internal.h:339 [inlined]
jl_call_method_internal at /buildworker/worker/package_linux64/build/src/julia_internal.h:358 [inlined]
jl_apply_generic at /buildworker/worker/package_linux64/build/src/gf.c:1926
include at ./sysimg.jl:14
unknown function (ip: 0x7f86921119eb)
jl_call_fptr_internal at /buildworker/worker/package_linux64/build/src/julia_internal.h:339 [inlined]
jl_call_method_internal at /buildworker/worker/package_linux64/build/src/julia_internal.h:358 [inlined]
jl_apply_generic at /buildworker/worker/package_linux64/build/src/gf.c:1926
process_options at ./client.jl:305
_start at ./client.jl:371
unknown function (ip: 0x7f8692287d28)
jl_call_fptr_internal at /buildworker/worker/package_linux64/build/src/julia_internal.h:339 [inlined]
jl_call_method_internal at /buildworker/worker/package_linux64/build/src/julia_internal.h:358 [inlined]
jl_apply_generic at /buildworker/worker/package_linux64/build/src/gf.c:1926
unknown function (ip: 0x401bc8)
unknown function (ip: 0x401612)
__libc_start_main at /lib64/libc.so.6 (unknown line)
unknown function (ip: 0x4016bc)
unknown function (ip: 0xffffffffffffffff)
Allocations: 25746584 (Pool: 25743308; Big: 3276); GC: 42
WARNING: No working GUI backend found for matplotlib
