Run started at  Sat Aug 11 22:27:10 BST 2018

signal (15): Terminated
while loading /project/home17/er4517/project_3/gene_bursting/ABC_Bursting/Code/src/julia/ABC_Bursting.jl, in expression starting on line 2
inst_type_w_ at /buildworker/worker/package_linux64/build/src/jltypes.c:1343
jl_instantiate_unionall at /buildworker/worker/package_linux64/build/src/jltypes.c:865
jl_isa at /buildworker/worker/package_linux64/build/src/subtype.c:1146
jl_typemap_intersection_array_visitor at /buildworker/worker/package_linux64/build/src/typemap.c:449 [inlined]
jl_typemap_intersection_visitor at /buildworker/worker/package_linux64/build/src/typemap.c:528
check_ambiguous_matches at /buildworker/worker/package_linux64/build/src/gf.c:1209 [inlined]
jl_method_table_insert at /buildworker/worker/package_linux64/build/src/gf.c:1397
jl_insert_methods at /buildworker/worker/package_linux64/build/src/dump.c:2184 [inlined]
_jl_restore_incremental at /buildworker/worker/package_linux64/build/src/dump.c:3295
jl_restore_incremental at /buildworker/worker/package_linux64/build/src/dump.c:3338
_include_from_serialized at ./loading.jl:157
_require_from_serialized at ./loading.jl:200
unknown function (ip: 0x7f2449705ce0)
jl_call_fptr_internal at /buildworker/worker/package_linux64/build/src/julia_internal.h:339 [inlined]
jl_call_method_internal at /buildworker/worker/package_linux64/build/src/julia_internal.h:358 [inlined]
jl_apply_generic at /buildworker/worker/package_linux64/build/src/gf.c:1926
_require_search_from_serialized at ./loading.jl:236
unknown function (ip: 0x7f24497064d0)
jl_call_fptr_internal at /buildworker/worker/package_linux64/build/src/julia_internal.h:339 [inlined]
jl_call_method_internal at /buildworker/worker/package_linux64/build/src/julia_internal.h:358 [inlined]
jl_apply_generic at /buildworker/worker/package_linux64/build/src/gf.c:1926
_require at ./loading.jl:441
require at ./loading.jl:405
unknown function (ip: 0x7f2449707d4b)
jl_call_fptr_internal at /buildworker/worker/package_linux64/build/src/julia_internal.h:339 [inlined]
jl_call_method_internal at /buildworker/worker/package_linux64/build/src/julia_internal.h:358 [inlined]
jl_apply_generic at /buildworker/worker/package_linux64/build/src/gf.c:1926
jl_apply at /buildworker/worker/package_linux64/build/src/julia.h:1424 [inlined]
read_verify_mod_list at /buildworker/worker/package_linux64/build/src/dump.c:2292
_jl_restore_incremental at /buildworker/worker/package_linux64/build/src/dump.c:3257
jl_restore_incremental at /buildworker/worker/package_linux64/build/src/dump.c:3338
_include_from_serialized at ./loading.jl:157
_require_from_serialized at ./loading.jl:200
unknown function (ip: 0x7f2449705ce0)
jl_call_fptr_internal at /buildworker/worker/package_linux64/build/src/julia_internal.h:339 [inlined]
jl_call_method_internal at /buildworker/worker/package_linux64/build/src/julia_internal.h:358 [inlined]
jl_apply_generic at /buildworker/worker/package_linux64/build/src/gf.c:1926
_require_search_from_serialized at ./loading.jl:236
unknown function (ip: 0x7f24497064d0)
jl_call_fptr_internal at /buildworker/worker/package_linux64/build/src/julia_internal.h:339 [inlined]
jl_call_method_internal at /buildworker/worker/package_linux64/build/src/julia_internal.h:358 [inlined]
jl_apply_generic at /buildworker/worker/package_linux64/build/src/gf.c:1926
_require at ./loading.jl:441
require at ./loading.jl:405
unknown function (ip: 0x7f2449707d4b)
jl_call_fptr_internal at /buildworker/worker/package_linux64/build/src/julia_internal.h:339 [inlined]
jl_call_method_internal at /buildworker/worker/package_linux64/build/src/julia_internal.h:358 [inlined]
jl_apply_generic at /buildworker/worker/package_linux64/build/src/gf.c:1926
jl_apply at /buildworker/worker/package_linux64/build/src/julia.h:1424 [inlined]
read_verify_mod_list at /buildworker/worker/package_linux64/build/src/dump.c:2292
_jl_restore_incremental at /buildworker/worker/package_linux64/build/src/dump.c:3257
jl_restore_incremental at /buildworker/worker/package_linux64/build/src/dump.c:3338
_include_from_serialized at ./loading.jl:157
_require_from_serialized at ./loading.jl:200
unknown function (ip: 0x7f2449705ce0)
jl_call_fptr_internal at /buildworker/worker/package_linux64/build/src/julia_internal.h:339 [inlined]
jl_call_method_internal at /buildworker/worker/package_linux64/build/src/julia_internal.h:358 [inlined]
jl_apply_generic at /buildworker/worker/package_linux64/build/src/gf.c:1926
_require_search_from_serialized at ./loading.jl:236
unknown function (ip: 0x7f24497064d0)
jl_call_fptr_internal at /buildworker/worker/package_linux64/build/src/julia_internal.h:339 [inlined]
jl_call_method_internal at /buildworker/worker/package_linux64/build/src/julia_internal.h:358 [inlined]
jl_apply_generic at /buildworker/worker/package_linux64/build/src/gf.c:1926
_require at ./loading.jl:441
require at ./loading.jl:405
unknown function (ip: 0x7f2449707d4b)
jl_call_fptr_internal at /buildworker/worker/package_linux64/build/src/julia_internal.h:339 [inlined]
jl_call_method_internal at /buildworker/worker/package_linux64/build/src/julia_internal.h:358 [inlined]
jl_apply_generic at /buildworker/worker/package_linux64/build/src/gf.c:1926
jl_apply at /buildworker/worker/package_linux64/build/src/julia.h:1424 [inlined]
read_verify_mod_list at /buildworker/worker/package_linux64/build/src/dump.c:2292
_jl_restore_incremental at /buildworker/worker/package_linux64/build/src/dump.c:3257
jl_restore_incremental at /buildworker/worker/package_linux64/build/src/dump.c:3338
_include_from_serialized at ./loading.jl:157
_require_from_serialized at ./loading.jl:200
unknown function (ip: 0x7f2449705ce0)
jl_call_fptr_internal at /buildworker/worker/package_linux64/build/src/julia_internal.h:339 [inlined]
jl_call_method_internal at /buildworker/worker/package_linux64/build/src/julia_internal.h:358 [inlined]
jl_apply_generic at /buildworker/worker/package_linux64/build/src/gf.c:1926
_require_search_from_serialized at ./loading.jl:236
unknown function (ip: 0x7f24497064d0)
jl_call_fptr_internal at /buildworker/worker/package_linux64/build/src/julia_internal.h:339 [inlined]
jl_call_method_internal at /buildworker/worker/package_linux64/build/src/julia_internal.h:358 [inlined]
jl_apply_generic at /buildworker/worker/package_linux64/build/src/gf.c:1926
_require at ./loading.jl:441
require at ./loading.jl:405
unknown function (ip: 0x7f2449707d4b)
jl_call_fptr_internal at /buildworker/worker/package_linux64/build/src/julia_internal.h:339 [inlined]
jl_call_method_internal at /buildworker/worker/package_linux64/build/src/julia_internal.h:358 [inlined]
jl_apply_generic at /buildworker/worker/package_linux64/build/src/gf.c:1926
jl_apply at /buildworker/worker/package_linux64/build/src/julia.h:1424 [inlined]
read_verify_mod_list at /buildworker/worker/package_linux64/build/src/dump.c:2292
_jl_restore_incremental at /buildworker/worker/package_linux64/build/src/dump.c:3257
jl_restore_incremental at /buildworker/worker/package_linux64/build/src/dump.c:3338
_include_from_serialized at ./loading.jl:157
_require_from_serialized at ./loading.jl:200
unknown function (ip: 0x7f2449705ce0)
jl_call_fptr_internal at /buildworker/worker/package_linux64/build/src/julia_internal.h:339 [inlined]
jl_call_method_internal at /buildworker/worker/package_linux64/build/src/julia_internal.h:358 [inlined]
jl_apply_generic at /buildworker/worker/package_linux64/build/src/gf.c:1926
_require_search_from_serialized at ./loading.jl:236
unknown function (ip: 0x7f24497064d0)
jl_call_fptr_internal at /buildworker/worker/package_linux64/build/src/julia_internal.h:339 [inlined]
jl_call_method_internal at /buildworker/worker/package_linux64/build/src/julia_internal.h:358 [inlined]
jl_apply_generic at /buildworker/worker/package_linux64/build/src/gf.c:1926
_require at ./loading.jl:441
require at ./loading.jl:405
unknown function (ip: 0x7f2449707d4b)
jl_call_fptr_internal at /buildworker/worker/package_linux64/build/src/julia_internal.h:339 [inlined]
jl_call_method_internal at /buildworker/worker/package_linux64/build/src/julia_internal.h:358 [inlined]
jl_apply_generic at /buildworker/worker/package_linux64/build/src/gf.c:1926
jl_apply at /buildworker/worker/package_linux64/build/src/julia.h:1424 [inlined]
eval_import_path_ at /buildworker/worker/package_linux64/build/src/toplevel.c:403
eval_import_path at /buildworker/worker/package_linux64/build/src/toplevel.c:430 [inlined]
jl_toplevel_eval_flex at /buildworker/worker/package_linux64/build/src/toplevel.c:495
jl_toplevel_eval_flex at /buildworker/worker/package_linux64/build/src/toplevel.c:551
jl_eval_module_expr at /buildworker/worker/package_linux64/build/src/toplevel.c:205
jl_toplevel_eval_flex at /buildworker/worker/package_linux64/build/src/toplevel.c:480
jl_parse_eval_all at /buildworker/worker/package_linux64/build/src/ast.c:873
jl_load at /buildworker/worker/package_linux64/build/src/toplevel.c:616
include_from_node1 at ./loading.jl:576
unknown function (ip: 0x7f244962138b)
jl_call_fptr_internal at /buildworker/worker/package_linux64/build/src/julia_internal.h:339 [inlined]
jl_call_method_internal at /buildworker/worker/package_linux64/build/src/julia_internal.h:358 [inlined]
jl_apply_generic at /buildworker/worker/package_linux64/build/src/gf.c:1926
do_call at /buildworker/worker/package_linux64/build/src/interpreter.c:75
eval at /buildworker/worker/package_linux64/build/src/interpreter.c:242
jl_interpret_toplevel_expr at /buildworker/worker/package_linux64/build/src/interpreter.c:34
jl_toplevel_eval_flex at /buildworker/worker/package_linux64/build/src/toplevel.c:577
jl_toplevel_eval_in at /buildworker/worker/package_linux64/build/src/builtins.c:496
eval at ./boot.jl:235
unknown function (ip: 0x7f24495ddd2f)
jl_call_fptr_internal at /buildworker/worker/package_linux64/build/src/julia_internal.h:339 [inlined]
jl_call_method_internal at /buildworker/worker/package_linux64/build/src/julia_internal.h:358 [inlined]
jl_apply_generic at /buildworker/worker/package_linux64/build/src/gf.c:1926
_require at ./loading.jl:479
require at ./loading.jl:405
unknown function (ip: 0x7f2449707d4b)
jl_call_fptr_internal at /buildworker/worker/package_linux64/build/src/julia_internal.h:339 [inlined]
jl_call_method_internal at /buildworker/worker/package_linux64/build/src/julia_internal.h:358 [inlined]
jl_apply_generic at /buildworker/worker/package_linux64/build/src/gf.c:1926
jl_apply at /buildworker/worker/package_linux64/build/src/julia.h:1424 [inlined]
eval_import_path_ at /buildworker/worker/package_linux64/build/src/toplevel.c:403
eval_import_path at /buildworker/worker/package_linux64/build/src/toplevel.c:430 [inlined]
jl_toplevel_eval_flex at /buildworker/worker/package_linux64/build/src/toplevel.c:510
jl_toplevel_eval_flex at /buildworker/worker/package_linux64/build/src/toplevel.c:551
macro expansion at ./distributed/macros.jl:99 [inlined]
anonymous at ./<missing> (unknown line)
jl_call_fptr_internal at /buildworker/worker/package_linux64/build/src/julia_internal.h:339 [inlined]
jl_call_method_internal at /buildworker/worker/package_linux64/build/src/julia_internal.h:358 [inlined]
jl_toplevel_eval_flex at /buildworker/worker/package_linux64/build/src/toplevel.c:589
jl_parse_eval_all at /buildworker/worker/package_linux64/build/src/ast.c:873
jl_load at /buildworker/worker/package_linux64/build/src/toplevel.c:616
include_from_node1 at ./loading.jl:576
unknown function (ip: 0x7f244962138b)
jl_call_fptr_internal at /buildworker/worker/package_linux64/build/src/julia_internal.h:339 [inlined]
jl_call_method_internal at /buildworker/worker/package_linux64/build/src/julia_internal.h:358 [inlined]
jl_apply_generic at /buildworker/worker/package_linux64/build/src/gf.c:1926
include at ./sysimg.jl:14
unknown function (ip: 0x7f24494b99eb)
jl_call_fptr_internal at /buildworker/worker/package_linux64/build/src/julia_internal.h:339 [inlined]
jl_call_method_internal at /buildworker/worker/package_linux64/build/src/julia_internal.h:358 [inlined]
jl_apply_generic at /buildworker/worker/package_linux64/build/src/gf.c:1926
process_options at ./client.jl:305
_start at ./client.jl:371
unknown function (ip: 0x7f244962fd28)
jl_call_fptr_internal at /buildworker/worker/package_linux64/build/src/julia_internal.h:339 [inlined]
jl_call_method_internal at /buildworker/worker/package_linux64/build/src/julia_internal.h:358 [inlined]
jl_apply_generic at /buildworker/worker/package_linux64/build/src/gf.c:1926
unknown function (ip: 0x401bc8)
unknown function (ip: 0x401612)
__libc_start_main at /lib64/libc.so.6 (unknown line)
unknown function (ip: 0x4016bc)
unknown function (ip: 0xffffffffffffffff)
Allocations: 4489618 (Pool: 4488226; Big: 1392); GC: 6

signal (15): Terminated
while loading /project/home17/er4517/project_3/gene_bursting/ABC_Bursting/Code/src/julia/ABC_Bursting.jl, in expression starting on line 2
jl_gc_wb at /buildworker/worker/package_linux64/build/src/julia.h:657 [inlined]
jl_set_nth_field at /buildworker/worker/package_linux64/build/src/datatype.c:750
jl_new_struct at /buildworker/worker/package_linux64/build/src/datatype.c:667
eq_msp at /buildworker/worker/package_linux64/build/src/subtype.c:2218
type_morespecific_ at /buildworker/worker/package_linux64/build/src/subtype.c:2579
type_morespecific_ at /buildworker/worker/package_linux64/build/src/subtype.c:2518
tuple_morespecific at /buildworker/worker/package_linux64/build/src/subtype.c:2290 [inlined]
type_morespecific_ at /buildworker/worker/package_linux64/build/src/subtype.c:2445
type_morespecific_ at /buildworker/worker/package_linux64/build/src/subtype.c:2430
type_morespecific_ at /buildworker/worker/package_linux64/build/src/subtype.c:2430
type_morespecific_ at /buildworker/worker/package_linux64/build/src/subtype.c:2430
type_morespecific_ at /buildworker/worker/package_linux64/build/src/subtype.c:2424
jl_typemap_list_insert_sorted at /buildworker/worker/package_linux64/build/src/typemap.c:1123 [inlined]
jl_typemap_list_insert_ at /buildworker/worker/package_linux64/build/src/typemap.c:924
jl_typemap_insert_generic at /buildworker/worker/package_linux64/build/src/typemap.c:933
jl_typemap_insert at /buildworker/worker/package_linux64/build/src/typemap.c:1060
jl_method_table_insert at /buildworker/worker/package_linux64/build/src/gf.c:1389
jl_insert_methods at /buildworker/worker/package_linux64/build/src/dump.c:2184 [inlined]
_jl_restore_incremental at /buildworker/worker/package_linux64/build/src/dump.c:3295
jl_restore_incremental at /buildworker/worker/package_linux64/build/src/dump.c:3338
_include_from_serialized at ./loading.jl:157
_require_from_serialized at ./loading.jl:200
unknown function (ip: 0x7f2449705ce0)
jl_call_fptr_internal at /buildworker/worker/package_linux64/build/src/julia_internal.h:339 [inlined]
jl_call_method_internal at /buildworker/worker/package_linux64/build/src/julia_internal.h:358 [inlined]
jl_apply_generic at /buildworker/worker/package_linux64/build/src/gf.c:1926
_require_search_from_serialized at ./loading.jl:236
unknown function (ip: 0x7f24497064d0)
jl_call_fptr_internal at /buildworker/worker/package_linux64/build/src/julia_internal.h:339 [inlined]
jl_call_method_internal at /buildworker/worker/package_linux64/build/src/julia_internal.h:358 [inlined]
jl_apply_generic at /buildworker/worker/package_linux64/build/src/gf.c:1926
_require at ./loading.jl:441
require at ./loading.jl:405
unknown function (ip: 0x7f2449707d4b)
jl_call_fptr_internal at /buildworker/worker/package_linux64/build/src/julia_internal.h:339 [inlined]
jl_call_method_internal at /buildworker/worker/package_linux64/build/src/julia_internal.h:358 [inlined]
jl_apply_generic at /buildworker/worker/package_linux64/build/src/gf.c:1926
jl_apply at /buildworker/worker/package_linux64/build/src/julia.h:1424 [inlined]
read_verify_mod_list at /buildworker/worker/package_linux64/build/src/dump.c:2292
_jl_restore_incremental at /buildworker/worker/package_linux64/build/src/dump.c:3257
jl_restore_incremental at /buildworker/worker/package_linux64/build/src/dump.c:3338
_include_from_serialized at ./loading.jl:157
_require_from_serialized at ./loading.jl:200
unknown function (ip: 0x7f2449705ce0)
jl_call_fptr_internal at /buildworker/worker/package_linux64/build/src/julia_internal.h:339 [inlined]
jl_call_method_internal at /buildworker/worker/package_linux64/build/src/julia_internal.h:358 [inlined]
jl_apply_generic at /buildworker/worker/package_linux64/build/src/gf.c:1926
_require_search_from_serialized at ./loading.jl:236
unknown function (ip: 0x7f24497064d0)
jl_call_fptr_internal at /buildworker/worker/package_linux64/build/src/julia_internal.h:339 [inlined]
jl_call_method_internal at /buildworker/worker/package_linux64/build/src/julia_internal.h:358 [inlined]
jl_apply_generic at /buildworker/worker/package_linux64/build/src/gf.c:1926
_require at ./loading.jl:441
require at ./loading.jl:405
unknown function (ip: 0x7f2449707d4b)
jl_call_fptr_internal at /buildworker/worker/package_linux64/build/src/julia_internal.h:339 [inlined]
jl_call_method_internal at /buildworker/worker/package_linux64/build/src/julia_internal.h:358 [inlined]
jl_apply_generic at /buildworker/worker/package_linux64/build/src/gf.c:1926
jl_apply at /buildworker/worker/package_linux64/build/src/julia.h:1424 [inlined]
read_verify_mod_list at /buildworker/worker/package_linux64/build/src/dump.c:2292
_jl_restore_incremental at /buildworker/worker/package_linux64/build/src/dump.c:3257
jl_restore_incremental at /buildworker/worker/package_linux64/build/src/dump.c:3338
_include_from_serialized at ./loading.jl:157
_require_from_serialized at ./loading.jl:200
unknown function (ip: 0x7f2449705ce0)
jl_call_fptr_internal at /buildworker/worker/package_linux64/build/src/julia_internal.h:339 [inlined]
jl_call_method_internal at /buildworker/worker/package_linux64/build/src/julia_internal.h:358 [inlined]
jl_apply_generic at /buildworker/worker/package_linux64/build/src/gf.c:1926
_require_search_from_serialized at ./loading.jl:236
unknown function (ip: 0x7f24497064d0)
jl_call_fptr_internal at /buildworker/worker/package_linux64/build/src/julia_internal.h:339 [inlined]
jl_call_method_internal at /buildworker/worker/package_linux64/build/src/julia_internal.h:358 [inlined]
jl_apply_generic at /buildworker/worker/package_linux64/build/src/gf.c:1926
_require at ./loading.jl:441
require at ./loading.jl:405
unknown function (ip: 0x7f2449707d4b)
jl_call_fptr_internal at /buildworker/worker/package_linux64/build/src/julia_internal.h:339 [inlined]
jl_call_method_internal at /buildworker/worker/package_linux64/build/src/julia_internal.h:358 [inlined]
jl_apply_generic at /buildworker/worker/package_linux64/build/src/gf.c:1926
jl_apply at /buildworker/worker/package_linux64/build/src/julia.h:1424 [inlined]
read_verify_mod_list at /buildworker/worker/package_linux64/build/src/dump.c:2292
_jl_restore_incremental at /buildworker/worker/package_linux64/build/src/dump.c:3257
jl_restore_incremental at /buildworker/worker/package_linux64/build/src/dump.c:3338
_include_from_serialized at ./loading.jl:157
_require_from_serialized at ./loading.jl:200
unknown function (ip: 0x7f2449705ce0)
jl_call_fptr_internal at /buildworker/worker/package_linux64/build/src/julia_internal.h:339 [inlined]
jl_call_method_internal at /buildworker/worker/package_linux64/build/src/julia_internal.h:358 [inlined]
jl_apply_generic at /buildworker/worker/package_linux64/build/src/gf.c:1926
_require_search_from_serialized at ./loading.jl:236
unknown function (ip: 0x7f24497064d0)
jl_call_fptr_internal at /buildworker/worker/package_linux64/build/src/julia_internal.h:339 [inlined]
jl_call_method_internal at /buildworker/worker/package_linux64/build/src/julia_internal.h:358 [inlined]
jl_apply_generic at /buildworker/worker/package_linux64/build/src/gf.c:1926
_require at ./loading.jl:441
require at ./loading.jl:405
unknown function (ip: 0x7f2449707d4b)
jl_call_fptr_internal at /buildworker/worker/package_linux64/build/src/julia_internal.h:339 [inlined]
jl_call_method_internal at /buildworker/worker/package_linux64/build/src/julia_internal.h:358 [inlined]
jl_apply_generic at /buildworker/worker/package_linux64/build/src/gf.c:1926
jl_apply at /buildworker/worker/package_linux64/build/src/julia.h:1424 [inlined]
read_verify_mod_list at /buildworker/worker/package_linux64/build/src/dump.c:2292
_jl_restore_incremental at /buildworker/worker/package_linux64/build/src/dump.c:3257
jl_restore_incremental at /buildworker/worker/package_linux64/build/src/dump.c:3338
_include_from_serialized at ./loading.jl:157
_require_from_serialized at ./loading.jl:200
unknown function (ip: 0x7f2449705ce0)
jl_call_fptr_internal at /buildworker/worker/package_linux64/build/src/julia_internal.h:339 [inlined]
jl_call_method_internal at /buildworker/worker/package_linux64/build/src/julia_internal.h:358 [inlined]
jl_apply_generic at /buildworker/worker/package_linux64/build/src/gf.c:1926
_require_search_from_serialized at ./loading.jl:236
unknown function (ip: 0x7f24497064d0)
jl_call_fptr_internal at /buildworker/worker/package_linux64/build/src/julia_internal.h:339 [inlined]
jl_call_method_internal at /buildworker/worker/package_linux64/build/src/julia_internal.h:358 [inlined]
jl_apply_generic at /buildworker/worker/package_linux64/build/src/gf.c:1926
_require at ./loading.jl:441
require at ./loading.jl:405
unknown function (ip: 0x7f2449707d4b)
jl_call_fptr_internal at /buildworker/worker/package_linux64/build/src/julia_internal.h:339 [inlined]
jl_call_method_internal at /buildworker/worker/package_linux64/build/src/julia_internal.h:358 [inlined]
jl_apply_generic at /buildworker/worker/package_linux64/build/src/gf.c:1926
jl_apply at /buildworker/worker/package_linux64/build/src/julia.h:1424 [inlined]
eval_import_path_ at /buildworker/worker/package_linux64/build/src/toplevel.c:403
eval_import_path at /buildworker/worker/package_linux64/build/src/toplevel.c:430 [inlined]
jl_toplevel_eval_flex at /buildworker/worker/package_linux64/build/src/toplevel.c:495
jl_toplevel_eval_flex at /buildworker/worker/package_linux64/build/src/toplevel.c:551
jl_eval_module_expr at /buildworker/worker/package_linux64/build/src/toplevel.c:205
jl_toplevel_eval_flex at /buildworker/worker/package_linux64/build/src/toplevel.c:480
jl_parse_eval_all at /buildworker/worker/package_linux64/build/src/ast.c:873
jl_load at /buildworker/worker/package_linux64/build/src/toplevel.c:616
include_from_node1 at ./loading.jl:576
unknown function (ip: 0x7f244962138b)
jl_call_fptr_internal at /buildworker/worker/package_linux64/build/src/julia_internal.h:339 [inlined]
jl_call_method_internal at /buildworker/worker/package_linux64/build/src/julia_internal.h:358 [inlined]
jl_apply_generic at /buildworker/worker/package_linux64/build/src/gf.c:1926
do_call at /buildworker/worker/package_linux64/build/src/interpreter.c:75
eval at /buildworker/worker/package_linux64/build/src/interpreter.c:242
jl_interpret_toplevel_expr at /buildworker/worker/package_linux64/build/src/interpreter.c:34
jl_toplevel_eval_flex at /buildworker/worker/package_linux64/build/src/toplevel.c:577
jl_toplevel_eval_in at /buildworker/worker/package_linux64/build/src/builtins.c:496
eval at ./boot.jl:235
unknown function (ip: 0x7f24495ddd2f)
jl_call_fptr_internal at /buildworker/worker/package_linux64/build/src/julia_internal.h:339 [inlined]
jl_call_method_internal at /buildworker/worker/package_linux64/build/src/julia_internal.h:358 [inlined]
jl_apply_generic at /buildworker/worker/package_linux64/build/src/gf.c:1926
_require at ./loading.jl:479
require at ./loading.jl:405
unknown function (ip: 0x7f2449707d4b)
jl_call_fptr_internal at /buildworker/worker/package_linux64/build/src/julia_internal.h:339 [inlined]
jl_call_method_internal at /buildworker/worker/package_linux64/build/src/julia_internal.h:358 [inlined]
jl_apply_generic at /buildworker/worker/package_linux64/build/src/gf.c:1926
jl_apply at /buildworker/worker/package_linux64/build/src/julia.h:1424 [inlined]
eval_import_path_ at /buildworker/worker/package_linux64/build/src/toplevel.c:403
eval_import_path at /buildworker/worker/package_linux64/build/src/toplevel.c:430 [inlined]
jl_toplevel_eval_flex at /buildworker/worker/package_linux64/build/src/toplevel.c:510
jl_toplevel_eval_flex at /buildworker/worker/package_linux64/build/src/toplevel.c:551
macro expansion at ./distributed/macros.jl:99 [inlined]
anonymous at ./<missing> (unknown line)
jl_call_fptr_internal at /buildworker/worker/package_linux64/build/src/julia_internal.h:339 [inlined]
jl_call_method_internal at /buildworker/worker/package_linux64/build/src/julia_internal.h:358 [inlined]
jl_toplevel_eval_flex at /buildworker/worker/package_linux64/build/src/toplevel.c:589
jl_parse_eval_all at /buildworker/worker/package_linux64/build/src/ast.c:873
jl_load at /buildworker/worker/package_linux64/build/src/toplevel.c:616
include_from_node1 at ./loading.jl:576
unknown function (ip: 0x7f244962138b)
jl_call_fptr_internal at /buildworker/worker/package_linux64/build/src/julia_internal.h:339 [inlined]
jl_call_method_internal at /buildworker/worker/package_linux64/build/src/julia_internal.h:358 [inlined]
jl_apply_generic at /buildworker/worker/package_linux64/build/src/gf.c:1926
include at ./sysimg.jl:14
unknown function (ip: 0x7f24494b99eb)
jl_call_fptr_internal at /buildworker/worker/package_linux64/build/src/julia_internal.h:339 [inlined]
jl_call_method_internal at /buildworker/worker/package_linux64/build/src/julia_internal.h:358 [inlined]
jl_apply_generic at /buildworker/worker/package_linux64/build/src/gf.c:1926
process_options at ./client.jl:305
_start at ./client.jl:371
unknown function (ip: 0x7f244962fd28)
jl_call_fptr_internal at /buildworker/worker/package_linux64/build/src/julia_internal.h:339 [inlined]
jl_call_method_internal at /buildworker/worker/package_linux64/build/src/julia_internal.h:358 [inlined]
jl_apply_generic at /buildworker/worker/package_linux64/build/src/gf.c:1926
unknown function (ip: 0x401bc8)
unknown function (ip: 0x401612)
__libc_start_main at /lib64/libc.so.6 (unknown line)
unknown function (ip: 0x4016bc)
unknown function (ip: 0xffffffffffffffff)
Allocations: 4496437 (Pool: 4495045; Big: 1392); GC: 6
