Run started at  Mon Jul 30 16:00:53 BST 2018
WARNING: No working GUI backend found for matplotlib
WARNING: No working GUI backend found for matplotlib
Start include.
Starting
Ready
	From worker 2:	Parameters set for ENSMUSG00000012396
	From worker 2:	starting ABC for ENSMUSG00000012396
	From worker 2:	Number of trials = 1
	From worker 2:	Number accepted = 0
	From worker 2:	Number of trials = 1001
	From worker 2:	Number accepted = 9
	From worker 2:	Number of trials = 2001
	From worker 2:	Number accepted = 14
	From worker 2:	Number of trials = 3001
	From worker 2:	Number accepted = 19
	From worker 2:	Number of trials = 4001
	From worker 2:	Number accepted = 25
	From worker 2:	Number of trials = 5001
	From worker 2:	Number accepted = 31
	From worker 2:	Number of trials = 6001
	From worker 2:	Number accepted = 37
	From worker 2:	Number of trials = 7001
	From worker 2:	Number accepted = 46
	From worker 2:	Number of trials = 8001
	From worker 2:	Number accepted = 50
	From worker 2:	Number of trials = 9001
	From worker 2:	Number accepted = 54
	From worker 2:	Number of trials = 10001
	From worker 2:	Number accepted = 63
	From worker 2:	Number of trials = 11001
	From worker 2:	Number accepted = 71
	From worker 2:	Number of trials = 12001
	From worker 2:	Number accepted = 77
	From worker 2:	Number of trials = 13001
	From worker 2:	Number accepted = 81
	From worker 2:	Number of trials = 14001
	From worker 2:	Number accepted = 86
	From worker 2:	Number of trials = 15001
	From worker 2:	Number accepted = 89
	From worker 2:	Number of trials = 16001
	From worker 2:	Number accepted = 92
	From worker 2:	Number of trials = 17001
	From worker 2:	Number accepted = 97
	From worker 2:	3
	From worker 2:	100
	From worker 2:	17919
	From worker 2:	0.4
	From worker 2:	-5.589692367003848 -5.0302334855779876 -4.056861712095944
	From worker 2:	-4.251757589767871 -3.4817272414144425 -4.119060099101494
	From worker 2:	-3.4252781250841724 -3.5016856649900276 -3.542057181999429
	From worker 2:	-5.025436074552686 -4.580514539452766 -4.1484842852484825
	From worker 2:	-4.294720873572663 -4.324016045072005 -3.4202081072738206
	From worker 2:	-3.7251104684616263 -3.7087546192794925 -3.450950822933466
	From worker 2:	-4.3466552841010095 -3.415597529113022 -3.8335734534395955
	From worker 2:	-3.854010664304047 -3.2474657888743836 -3.84549658071473
	From worker 2:	-5.0533616531138845 -4.459117713331672 -4.084241756169822
	From worker 2:	-5.579969007206965 -5.026225400484611 -4.241103232974453
	From worker 2:	-3.7056580550842875 -4.163014411531165 -3.3584707425689513
	From worker 2:	-3.06730987435963 -2.9369297653326822 -3.6245512956534314
	From worker 2:	-3.707949216229028 -4.149227521966846 -3.4261649736795117
	From worker 2:	-5.027016515936008 -4.422925139633442 -4.28989850336701
	From worker 2:	-4.312112060301397 -5.57234264951445 -3.3203666594938115
	From worker 2:	-5.527546565876799 -4.176283977209028 -4.712171423731962
	From worker 2:	-3.5944526897324556 -3.7739020791829105 -3.33120536939506
	From worker 2:	-3.603364940122447 -2.8955097258443288 -4.127099830289646
	From worker 2:	-4.299334389592319 -3.905434809994118 -4.080624938456548
	From worker 2:	-3.33779340236574 -2.0170798271772994 -4.547927806554879
	From worker 2:	-3.337350051232822 -2.951275636611831 -4.019159437335879
	From worker 2:	-4.427407277505959 -3.7481848413399543 -3.9424344064012735
	From worker 2:	-4.637534414213972 -4.0518384697647845 -3.666590151325761
	From worker 2:	-4.41839095199646 -3.414663462506696 -4.263274369219952
	From worker 2:	-2.9298165778126903 -3.825819741095005 -3.394513317443344
	From worker 2:	-3.179866884944371 -2.6710944348579577 -4.031530211769223
	From worker 2:	-3.773029276206157 -3.0794924495699174 -3.885667877689481
	From worker 2:	-5.204964643580388 -3.7446411699812034 -4.491183726399179
	From worker 2:	-5.646091322873813 -4.797137112683526 -4.2931340258567
	From worker 2:	-3.5033745470884834 -2.9069633500540535 -4.025022802915543
	From worker 2:	-3.6202404082275663 -4.999492431924665 -3.3744938938521
	From worker 2:	-3.6711501265315496 -2.9262476725655593 -3.9346448514718935
	From worker 2:	-2.8955413351342103 -2.2327460900355613 -4.1582442803413
	From worker 2:	-3.4670699805955443 -4.184490392365621 -3.336925577209185
	From worker 2:	-3.7371120385203733 -4.302955772212831 -3.392103431367169
	From worker 2:	-5.963837284202768 -5.1811187356114825 -4.27451082901719
	From worker 2:	-5.902203178411531 -5.242649828679456 -4.379614632917937
	From worker 2:	-4.5921578193258625 -3.6726146543460105 -4.346271921017886
	From worker 2:	-5.239656762558657 -4.768375887143215 -3.764846629863101
	From worker 2:	-3.316304537923828 -3.7575226347601474 -3.4267161553525907
	From worker 2:	-5.060151343956132 -3.613559193188637 -4.48047928872839
	From worker 2:	-5.687453220233278 -4.035717755596858 -4.634725342201087
	From worker 2:	-3.642722681646275 -3.083914710112871 -3.955962083363042
	From worker 2:	-4.624727835528566 -4.36015381279882 -3.4337589399884028
	From worker 2:	-4.937749592501719 -4.1599153313313995 -4.343426200533367
	From worker 2:	-3.001575692529846 -2.9400690032688708 -3.6255562919137234
	From worker 2:	-2.954853019866935 -3.4864649219398385 -3.3310407703161506
	From worker 2:	-5.083268661074978 -5.680551096808053 -3.342923141834545
	From worker 2:	-3.934458624865034 -3.309975050147851 -4.01968287136145
	From worker 2:	-3.6983788645431863 -3.1374434297229814 -3.8925534306175154
	From worker 2:	-4.350715243473819 -3.1088147319268318 -4.541382912295049
	From worker 2:	-3.2908162772379534 -3.1960607720525926 -3.433321616027898
	From worker 2:	-4.620225081967845 -4.0607940313845745 -3.8704522341370917
	From worker 2:	-4.955778828150681 -4.89978118459651 -4.009046201572067
	From worker 2:	-3.4022175123276117 -3.352947500638728 -3.814566290732666
	From worker 2:	-3.385057309053696 -3.3173486816406896 -3.509990387559968
	From worker 2:	-4.372372570398047 -3.5421846115204922 -4.198599932775022
	From worker 2:	-2.3726018753395595 -2.5664373077596854 -3.431505982148315
	From worker 2:	-5.165247483947111 -4.3847708429627 -3.8442164320882743
	From worker 2:	-5.211255899786735 -4.7742135274559585 -3.9597661806901563
	From worker 2:	-4.7099906363701365 -4.244171648791446 -3.9363623091490285
	From worker 2:	-3.2391552141911415 -3.1555432468721656 -3.679808080951397
	From worker 2:	-4.340147716281354 -3.604462276110527 -4.1579881914862655
	From worker 2:	-3.388539471409383 -2.4660339891828578 -4.199106617063426
	From worker 2:	-3.9812170729910834 -3.966627175115694 -3.419561997475573
	From worker 2:	-3.3882425477461915 -3.2535025018299772 -3.858467216349365
	From worker 2:	-3.2909407093533636 -3.977429385225264 -3.40431267016166
	From worker 2:	-4.554805929176789 -4.518708706244039 -3.781443701022528
	From worker 2:	-4.004103207180583 -3.4598740743330607 -4.144016932877314
	From worker 2:	-5.489612128306245 -4.815394310530573 -4.303479593358212
	From worker 2:	-3.621866670669282 -3.3690111222732577 -3.595752243469467
	From worker 2:	-5.1094398431684365 -3.7600900649044973 -4.710026068706583
	From worker 2:	-2.348957295383846 -3.3061039751763284 -3.3564709747583192
	From worker 2:	-4.097723465132761 -3.053908127022382 -3.949653739155618
	From worker 2:	-5.297582605111734 -4.636952509537344 -4.3219810023430725
	From worker 2:	-4.845469934657511 -5.094637233009446 -3.543331927574713
	From worker 2:	-5.9146123377659645 -5.012028979873455 -4.410850917286504
	From worker 2:	-3.7156719190485643 -3.556955764595326 -3.8892822761584642
	From worker 2:	-5.220477928714153 -4.705138416098102 -4.280497319410117
	From worker 2:	-3.8158445258279654 -4.018154888445605 -3.3753156942861193
	From worker 2:	-4.446805482159298 -4.030191202759063 -3.420394093372075
	From worker 2:	-5.581122566315829 -4.353007507683943 -4.641245584897611
	From worker 2:	-3.535130250098489 -3.9259517348372395 -3.399404495215488
	From worker 2:	-3.1192071253799516 -3.5756404153592 -3.479950570474027
	From worker 2:	-3.4685786485268775 -4.738691419799174 -3.3533805870841396
	From worker 2:	-4.027165929895315 -3.659910207401263 -4.057614277005198
	From worker 2:	-4.861861821313617 -3.406338499786937 -4.652157083073985
	From worker 2:	-3.416719068703183 -3.615007148449987 -3.3748495982646194
	From worker 2:	-5.605018808407017 -4.589313895188438 -4.404043973055984
	From worker 2:	-4.447123580564252 -3.4972801595287692 -4.092498193254702
	From worker 2:	-4.784605971670043 -3.933766013074515 -3.6186180913985524
	From worker 2:	-4.007645011545582 -3.007964492659891 -4.338489695280541
	From worker 2:	-4.665698844269271 -2.4835236324143377 -5.42276034686037
	From worker 2:	-4.260623996032047 -4.826938276467411 -3.451727408026618
	From worker 2:	-4.47954560154707 -5.092869605763926 -3.3341795349588135
	From worker 2:	-4.725278776728068 -3.5203028504000113 -4.190055733497044
	From worker 2:	-5.619063740369494 -4.744798791183184 -3.978724660231146
	From worker 2:	-4.522220377443459 -4.1197753805139286 -3.806987925842729
	From worker 2:	-3.7922022070714863 -3.521977141210035 -3.7516288076681055
	From worker 2:	-4.5524085760991 -3.153242545498766 -4.705260380375995
	From worker 2:	0.1084745762711864 0.1423728813559322 0.25762711864406784 0.3627118644067796 0.23728813559322037 0.2169491525423729 0.3423728813559322 0.288135593220339 0.39322033898305087 0.14576271186440679 0.3355932203389831 0.3254237288135594 0.3288135593220339 0.19322033898305085 0.3627118644067797 0.35593220338983056 0.3694915254237289 0.2745762711864407 0.3050847457627119 0.3830508474576271 0.16271186440677968 0.21016949152542375 0.3627118644067797 0.22372881355932206 0.2915254237288135 0.36610169491525424 0.30847457627118646 0.26440677966101694 0.288135593220339 0.3423728813559322 0.3491525423728813 0.2677966101694915 0.39322033898305087 0.38305084745762713 0.29491525423728815 0.27118644067796616 0.3593220338983051 0.3525423728813559 0.2305084745762711 0.3084745762711864 0.3830508474576271 0.30847457627118646 0.3288135593220339 0.3864406779661017 0.17627118644067796 0.3220338983050847 0.37966101694915255 0.35593220338983056 0.3593220338983051 0.3084745762711864 0.31864406779661014 0.3864406779661017 0.3491525423728813 0.23050847457627122 0.3728813559322034 0.33898305084745767 0.24406779661016953 0.38983050847457623 0.3355932203389831 0.3220338983050848 0.1457627118644068 0.23389830508474574 0.3525423728813559 0.39322033898305087 0.2711864406779661 0.17288135593220344 0.3186440677966102 0.3457627118644068 0.2983050847457628 0.17966101694915254 0.2508474576271187 0.35593220338983056 0.36610169491525424 0.3728813559322034 0.2305084745762712 0.35593220338983056 0.21016949152542375 0.3830508474576272 0.2440677966101695 0.34237288135593225 0.27796610169491526 0.31864406779661014 0.29830508474576267 0.3728813559322034 0.3220338983050848 0.3288135593220339 0.34237288135593225 0.3016949152542373 0.3457627118644069 0.16610169491525423 0.2949152542372881 0.3728813559322034 0.39322033898305087 0.3288135593220339 0.35593220338983056 0.3830508474576272 0.37288135593220345 0.15254237288135597 0.3152542372881356 0.3694915254237288
	From worker 2:	0.010000000000000004 0.010000000000000004 0.010000000000000004 0.010000000000000004 0.010000000000000004 0.010000000000000004 0.010000000000000004 0.010000000000000004 0.010000000000000004 0.010000000000000004 0.010000000000000004 0.010000000000000004 0.010000000000000004 0.010000000000000004 0.010000000000000004 0.010000000000000004 0.010000000000000004 0.010000000000000004 0.010000000000000004 0.010000000000000004 0.010000000000000004 0.010000000000000004 0.010000000000000004 0.010000000000000004 0.010000000000000004 0.010000000000000004 0.010000000000000004 0.010000000000000004 0.010000000000000004 0.010000000000000004 0.010000000000000004 0.010000000000000004 0.010000000000000004 0.010000000000000004 0.010000000000000004 0.010000000000000004 0.010000000000000004 0.010000000000000004 0.010000000000000004 0.010000000000000004 0.010000000000000004 0.010000000000000004 0.010000000000000004 0.010000000000000004 0.010000000000000004 0.010000000000000004 0.010000000000000004 0.010000000000000004 0.010000000000000004 0.010000000000000004 0.010000000000000004 0.010000000000000004 0.010000000000000004 0.010000000000000004 0.010000000000000004 0.010000000000000004 0.010000000000000004 0.010000000000000004 0.010000000000000004 0.010000000000000004 0.010000000000000004 0.010000000000000004 0.010000000000000004 0.010000000000000004 0.010000000000000004 0.010000000000000004 0.010000000000000004 0.010000000000000004 0.010000000000000004 0.010000000000000004 0.010000000000000004 0.010000000000000004 0.010000000000000004 0.010000000000000004 0.010000000000000004 0.010000000000000004 0.010000000000000004 0.010000000000000004 0.010000000000000004 0.010000000000000004 0.010000000000000004 0.010000000000000004 0.010000000000000004 0.010000000000000004 0.010000000000000004 0.010000000000000004 0.010000000000000004 0.010000000000000004 0.010000000000000004 0.010000000000000004 0.010000000000000004 0.010000000000000004 0.010000000000000004 0.010000000000000004 0.010000000000000004 0.010000000000000004 0.010000000000000004 0.010000000000000004 0.010000000000000004 0.010000000000000004
	From worker 2:	3
	From worker 2:	100 100
	From worker 2:	17919 19320
	From worker 2:	0.4 0.2
	From worker 2:	-----
	From worker 2:	100
	From worker 2:	17919
	From worker 2:	0.4
	From worker 2:	-5.589692367003848 -5.0302334855779876 -4.056861712095944
	From worker 2:	-4.251757589767871 -3.4817272414144425 -4.119060099101494
	From worker 2:	-3.4252781250841724 -3.5016856649900276 -3.542057181999429
	From worker 2:	-5.025436074552686 -4.580514539452766 -4.1484842852484825
	From worker 2:	-4.294720873572663 -4.324016045072005 -3.4202081072738206
	From worker 2:	-3.7251104684616263 -3.7087546192794925 -3.450950822933466
	From worker 2:	-4.3466552841010095 -3.415597529113022 -3.8335734534395955
	From worker 2:	-3.854010664304047 -3.2474657888743836 -3.84549658071473
	From worker 2:	-5.0533616531138845 -4.459117713331672 -4.084241756169822
	From worker 2:	-5.579969007206965 -5.026225400484611 -4.241103232974453
	From worker 2:	-3.7056580550842875 -4.163014411531165 -3.3584707425689513
	From worker 2:	-3.06730987435963 -2.9369297653326822 -3.6245512956534314
	From worker 2:	-3.707949216229028 -4.149227521966846 -3.4261649736795117
	From worker 2:	-5.027016515936008 -4.422925139633442 -4.28989850336701
	From worker 2:	-4.312112060301397 -5.57234264951445 -3.3203666594938115
	From worker 2:	-5.527546565876799 -4.176283977209028 -4.712171423731962
	From worker 2:	-3.5944526897324556 -3.7739020791829105 -3.33120536939506
	From worker 2:	-3.603364940122447 -2.8955097258443288 -4.127099830289646
	From worker 2:	-4.299334389592319 -3.905434809994118 -4.080624938456548
	From worker 2:	-3.33779340236574 -2.0170798271772994 -4.547927806554879
	From worker 2:	-3.337350051232822 -2.951275636611831 -4.019159437335879
	From worker 2:	-4.427407277505959 -3.7481848413399543 -3.9424344064012735
	From worker 2:	-4.637534414213972 -4.0518384697647845 -3.666590151325761
	From worker 2:	-4.41839095199646 -3.414663462506696 -4.263274369219952
	From worker 2:	-2.9298165778126903 -3.825819741095005 -3.394513317443344
	From worker 2:	-3.179866884944371 -2.6710944348579577 -4.031530211769223
	From worker 2:	-3.773029276206157 -3.0794924495699174 -3.885667877689481
	From worker 2:	-5.204964643580388 -3.7446411699812034 -4.491183726399179
	From worker 2:	-5.646091322873813 -4.797137112683526 -4.2931340258567
	From worker 2:	-3.5033745470884834 -2.9069633500540535 -4.025022802915543
	From worker 2:	-3.6202404082275663 -4.999492431924665 -3.3744938938521
	From worker 2:	-3.6711501265315496 -2.9262476725655593 -3.9346448514718935
	From worker 2:	-2.8955413351342103 -2.2327460900355613 -4.1582442803413
	From worker 2:	-3.4670699805955443 -4.184490392365621 -3.336925577209185
	From worker 2:	-3.7371120385203733 -4.302955772212831 -3.392103431367169
	From worker 2:	-5.963837284202768 -5.1811187356114825 -4.27451082901719
	From worker 2:	-5.902203178411531 -5.242649828679456 -4.379614632917937
	From worker 2:	-4.5921578193258625 -3.6726146543460105 -4.346271921017886
	From worker 2:	-5.239656762558657 -4.768375887143215 -3.764846629863101
	From worker 2:	-3.316304537923828 -3.7575226347601474 -3.4267161553525907
	From worker 2:	-5.060151343956132 -3.613559193188637 -4.48047928872839
	From worker 2:	-5.687453220233278 -4.035717755596858 -4.634725342201087
	From worker 2:	-3.642722681646275 -3.083914710112871 -3.955962083363042
	From worker 2:	-4.624727835528566 -4.36015381279882 -3.4337589399884028
	From worker 2:	-4.937749592501719 -4.1599153313313995 -4.343426200533367
	From worker 2:	-3.001575692529846 -2.9400690032688708 -3.6255562919137234
	From worker 2:	-2.954853019866935 -3.4864649219398385 -3.3310407703161506
	From worker 2:	-5.083268661074978 -5.680551096808053 -3.342923141834545
	From worker 2:	-3.934458624865034 -3.309975050147851 -4.01968287136145
	From worker 2:	-3.6983788645431863 -3.1374434297229814 -3.8925534306175154
	From worker 2:	-4.350715243473819 -3.1088147319268318 -4.541382912295049
	From worker 2:	-3.2908162772379534 -3.1960607720525926 -3.433321616027898
	From worker 2:	-4.620225081967845 -4.0607940313845745 -3.8704522341370917
	From worker 2:	-4.955778828150681 -4.89978118459651 -4.009046201572067
	From worker 2:	-3.4022175123276117 -3.352947500638728 -3.814566290732666
	From worker 2:	-3.385057309053696 -3.3173486816406896 -3.509990387559968
	From worker 2:	-4.372372570398047 -3.5421846115204922 -4.198599932775022
	From worker 2:	-2.3726018753395595 -2.5664373077596854 -3.431505982148315
	From worker 2:	-5.165247483947111 -4.3847708429627 -3.8442164320882743
	From worker 2:	-5.211255899786735 -4.7742135274559585 -3.9597661806901563
	From worker 2:	-4.7099906363701365 -4.244171648791446 -3.9363623091490285
	From worker 2:	-3.2391552141911415 -3.1555432468721656 -3.679808080951397
	From worker 2:	-4.340147716281354 -3.604462276110527 -4.1579881914862655
	From worker 2:	-3.388539471409383 -2.4660339891828578 -4.199106617063426
	From worker 2:	-3.9812170729910834 -3.966627175115694 -3.419561997475573
	From worker 2:	-3.3882425477461915 -3.2535025018299772 -3.858467216349365
	From worker 2:	-3.2909407093533636 -3.977429385225264 -3.40431267016166
	From worker 2:	-4.554805929176789 -4.518708706244039 -3.781443701022528
	From worker 2:	-4.004103207180583 -3.4598740743330607 -4.144016932877314
	From worker 2:	-5.489612128306245 -4.815394310530573 -4.303479593358212
	From worker 2:	-3.621866670669282 -3.3690111222732577 -3.595752243469467
	From worker 2:	-5.1094398431684365 -3.7600900649044973 -4.710026068706583
	From worker 2:	-2.348957295383846 -3.3061039751763284 -3.3564709747583192
	From worker 2:	-4.097723465132761 -3.053908127022382 -3.949653739155618
	From worker 2:	-5.297582605111734 -4.636952509537344 -4.3219810023430725
	From worker 2:	-4.845469934657511 -5.094637233009446 -3.543331927574713
	From worker 2:	-5.9146123377659645 -5.012028979873455 -4.410850917286504
	From worker 2:	-3.7156719190485643 -3.556955764595326 -3.8892822761584642
	From worker 2:	-5.220477928714153 -4.705138416098102 -4.280497319410117
	From worker 2:	-3.8158445258279654 -4.018154888445605 -3.3753156942861193
	From worker 2:	-4.446805482159298 -4.030191202759063 -3.420394093372075
	From worker 2:	-5.581122566315829 -4.353007507683943 -4.641245584897611
	From worker 2:	-3.535130250098489 -3.9259517348372395 -3.399404495215488
	From worker 2:	-3.1192071253799516 -3.5756404153592 -3.479950570474027
	From worker 2:	-3.4685786485268775 -4.738691419799174 -3.3533805870841396
	From worker 2:	-4.027165929895315 -3.659910207401263 -4.057614277005198
	From worker 2:	-4.861861821313617 -3.406338499786937 -4.652157083073985
	From worker 2:	-3.416719068703183 -3.615007148449987 -3.3748495982646194
	From worker 2:	-5.605018808407017 -4.589313895188438 -4.404043973055984
	From worker 2:	-4.447123580564252 -3.4972801595287692 -4.092498193254702
	From worker 2:	-4.784605971670043 -3.933766013074515 -3.6186180913985524
	From worker 2:	-4.007645011545582 -3.007964492659891 -4.338489695280541
	From worker 2:	-4.665698844269271 -2.4835236324143377 -5.42276034686037
	From worker 2:	-4.260623996032047 -4.826938276467411 -3.451727408026618
	From worker 2:	-4.47954560154707 -5.092869605763926 -3.3341795349588135
	From worker 2:	-4.725278776728068 -3.5203028504000113 -4.190055733497044
	From worker 2:	-5.619063740369494 -4.744798791183184 -3.978724660231146
	From worker 2:	-4.522220377443459 -4.1197753805139286 -3.806987925842729
	From worker 2:	-3.7922022070714863 -3.521977141210035 -3.7516288076681055
	From worker 2:	-4.5524085760991 -3.153242545498766 -4.705260380375995
	From worker 2:	0.1084745762711864 0.1423728813559322 0.25762711864406784 0.3627118644067796 0.23728813559322037 0.2169491525423729 0.3423728813559322 0.288135593220339 0.39322033898305087 0.14576271186440679 0.3355932203389831 0.3254237288135594 0.3288135593220339 0.19322033898305085 0.3627118644067797 0.35593220338983056 0.3694915254237289 0.2745762711864407 0.3050847457627119 0.3830508474576271 0.16271186440677968 0.21016949152542375 0.3627118644067797 0.22372881355932206 0.2915254237288135 0.36610169491525424 0.30847457627118646 0.26440677966101694 0.288135593220339 0.3423728813559322 0.3491525423728813 0.2677966101694915 0.39322033898305087 0.38305084745762713 0.29491525423728815 0.27118644067796616 0.3593220338983051 0.3525423728813559 0.2305084745762711 0.3084745762711864 0.3830508474576271 0.30847457627118646 0.3288135593220339 0.3864406779661017 0.17627118644067796 0.3220338983050847 0.37966101694915255 0.35593220338983056 0.3593220338983051 0.3084745762711864 0.31864406779661014 0.3864406779661017 0.3491525423728813 0.23050847457627122 0.3728813559322034 0.33898305084745767 0.24406779661016953 0.38983050847457623 0.3355932203389831 0.3220338983050848 0.1457627118644068 0.23389830508474574 0.3525423728813559 0.39322033898305087 0.2711864406779661 0.17288135593220344 0.3186440677966102 0.3457627118644068 0.2983050847457628 0.17966101694915254 0.2508474576271187 0.35593220338983056 0.36610169491525424 0.3728813559322034 0.2305084745762712 0.35593220338983056 0.21016949152542375 0.3830508474576272 0.2440677966101695 0.34237288135593225 0.27796610169491526 0.31864406779661014 0.29830508474576267 0.3728813559322034 0.3220338983050848 0.3288135593220339 0.34237288135593225 0.3016949152542373 0.3457627118644069 0.16610169491525423 0.2949152542372881 0.3728813559322034 0.39322033898305087 0.3288135593220339 0.35593220338983056 0.3830508474576272 0.37288135593220345 0.15254237288135597 0.3152542372881356 0.3694915254237288
	From worker 2:	0.010000000000000004 0.010000000000000004 0.010000000000000004 0.010000000000000004 0.010000000000000004 0.010000000000000004 0.010000000000000004 0.010000000000000004 0.010000000000000004 0.010000000000000004 0.010000000000000004 0.010000000000000004 0.010000000000000004 0.010000000000000004 0.010000000000000004 0.010000000000000004 0.010000000000000004 0.010000000000000004 0.010000000000000004 0.010000000000000004 0.010000000000000004 0.010000000000000004 0.010000000000000004 0.010000000000000004 0.010000000000000004 0.010000000000000004 0.010000000000000004 0.010000000000000004 0.010000000000000004 0.010000000000000004 0.010000000000000004 0.010000000000000004 0.010000000000000004 0.010000000000000004 0.010000000000000004 0.010000000000000004 0.010000000000000004 0.010000000000000004 0.010000000000000004 0.010000000000000004 0.010000000000000004 0.010000000000000004 0.010000000000000004 0.010000000000000004 0.010000000000000004 0.010000000000000004 0.010000000000000004 0.010000000000000004 0.010000000000000004 0.010000000000000004 0.010000000000000004 0.010000000000000004 0.010000000000000004 0.010000000000000004 0.010000000000000004 0.010000000000000004 0.010000000000000004 0.010000000000000004 0.010000000000000004 0.010000000000000004 0.010000000000000004 0.010000000000000004 0.010000000000000004 0.010000000000000004 0.010000000000000004 0.010000000000000004 0.010000000000000004 0.010000000000000004 0.010000000000000004 0.010000000000000004 0.010000000000000004 0.010000000000000004 0.010000000000000004 0.010000000000000004 0.010000000000000004 0.010000000000000004 0.010000000000000004 0.010000000000000004 0.010000000000000004 0.010000000000000004 0.010000000000000004 0.010000000000000004 0.010000000000000004 0.010000000000000004 0.010000000000000004 0.010000000000000004 0.010000000000000004 0.010000000000000004 0.010000000000000004 0.010000000000000004 0.010000000000000004 0.010000000000000004 0.010000000000000004 0.010000000000000004 0.010000000000000004 0.010000000000000004 0.010000000000000004 0.010000000000000004 0.010000000000000004 0.010000000000000004
	From worker 2:	-----
	From worker 2:	100
	From worker 2:	19320
	From worker 2:	0.2
	From worker 2:	-5.483252677572205 -4.977703739206173 -4.189508671722819
	From worker 2:	-4.4434233387318525 -3.6463163997424144 -4.214518490960872
	From worker 2:	-5.026561926228689 -4.283403866512465 -4.304669575974289
	From worker 2:	-4.657248058072165 -3.3899513622467756 -4.160140419057085
	From worker 2:	-3.986047940333835 -2.9343521666490733 -4.010165464673501
	From worker 2:	-4.505611965008621 -4.907789120132657 -3.5919514887479367
	From worker 2:	-3.440775980080952 -3.272930971954917 -3.72900858300417
	From worker 2:	-3.765766835337355 -3.24882103309812 -4.1696087444005
	From worker 2:	-3.1269689954415183 -3.0372729962964673 -3.6954095297505534
	From worker 2:	-5.836241706319457 -5.246679162232665 -4.202833252990802
	From worker 2:	-5.195302814364925 -4.786711999666643 -3.9992700216813875
	From worker 2:	-4.426459497361793 -3.6622379289091613 -4.102506047961704
	From worker 2:	-5.070620348241382 -4.404527843982196 -4.255264372580513
	From worker 2:	-3.8876496487816405 -3.8116012062593256 -3.5048041140515753
	From worker 2:	-4.171105573003285 -3.8412555783805553 -3.849240788889584
	From worker 2:	-4.329048708322662 -4.746426879643378 -3.7648705847785484
	From worker 2:	-4.4353610594574935 -3.8555345174255264 -3.8951136016534886
	From worker 2:	-4.0837633500202895 -4.386326367331279 -3.8196818579378737
	From worker 2:	-5.340792807154659 -4.648835224984885 -4.320230074365961
	From worker 2:	-5.8827616768485615 -5.385182569808146 -4.229299784785773
	From worker 2:	-4.528932405072926 -3.821581765761003 -4.036204632992577
	From worker 2:	-4.6663276686242305 -3.9215699189631366 -4.333575147850245
	From worker 2:	-5.058195357313197 -4.425725516293458 -4.2327546194388965
	From worker 2:	-4.443873469620454 -4.096999720478481 -4.082360906689036
	From worker 2:	-4.031441259679764 -3.284562591527355 -4.117821472092381
	From worker 2:	-5.9678802128904795 -5.353740707929043 -4.286631698977015
	From worker 2:	-5.013198514744135 -3.647252342367492 -4.2538659816245925
	From worker 2:	-4.320647335339237 -4.093431617811204 -4.078121715938464
	From worker 2:	-3.969266963298734 -3.801677986232488 -3.6750380760462247
	From worker 2:	-4.273259713007529 -3.8465128981949817 -4.070279862220717
	From worker 2:	-5.293910171223141 -4.073800626473213 -3.865791854234776
	From worker 2:	-4.19180826686686 -3.761001191970358 -3.858176551513834
	From worker 2:	-5.200091692944571 -4.596851800312026 -4.266552589044337
	From worker 2:	-5.12309244040781 -3.488397005393593 -4.138408709112315
	From worker 2:	-4.580210947176649 -4.427626195186611 -3.8276828102478984
	From worker 2:	-4.239007954216364 -3.444112468153117 -4.3311456128881005
	From worker 2:	-4.409157184017744 -3.55444321766368 -4.142920193621196
	From worker 2:	-4.79838511165719 -3.568052906887044 -4.328520426156042
	From worker 2:	-3.8549444986992523 -3.0885522476663025 -4.289894967295782
	From worker 2:	-4.571373487166026 -4.4565004142547435 -4.015531628062202
	From worker 2:	-3.922321619098513 -3.3058499383192608 -3.9170677196514565
	From worker 2:	-5.355910804681636 -4.4855020831797185 -4.199604283469026
	From worker 2:	-5.489976888842609 -4.902820364095367 -4.271331039781431
	From worker 2:	-4.210114899748326 -3.7015267175654003 -3.7848490282820864
	From worker 2:	-5.15983806968781 -4.476597514157245 -4.064950922529959
	From worker 2:	-4.026415719652967 -3.8428625866814 -3.9440249747569416
	From worker 2:	-3.8895995393176364 -3.90443287594479 -3.579722440388345
	From worker 2:	-3.689472662983749 -3.1072471688165875 -3.955757779259887
	From worker 2:	-5.073563614528977 -4.623417993565768 -4.045261068542844
	From worker 2:	-4.595117975954431 -4.975535429112653 -3.8936959432171
	From worker 2:	-5.254187942371096 -4.024730173006036 -3.9424249745442794
	From worker 2:	-3.5032639498876352 -3.1676119809042182 -3.9176484855825087
	From worker 2:	-4.509268177978602 -3.6209950792648793 -3.885050770180732
	From worker 2:	-4.401482601058487 -3.6619106958497833 -3.9998743890195696
	From worker 2:	-3.9140303925219175 -3.951084186456068 -3.7458142896991515
	From worker 2:	-3.6666277426718206 -3.0557116976095027 -3.8734124630248816
	From worker 2:	-5.273998016290065 -4.5768068232352235 -4.121713167927403
	From worker 2:	-5.5631897680194875 -5.018373640843921 -4.2340513222765646
	From worker 2:	-3.923493139928577 -3.5956122095776966 -4.025429924518122
	From worker 2:	-3.3642249120722725 -3.988859362209744 -3.5032150877610415
	From worker 2:	-3.604790228098373 -3.0413140040868423 -4.0347013188240215
	From worker 2:	-4.241617707579644 -3.3764051462444025 -4.142627069272596
	From worker 2:	-5.525104013281157 -5.029965981109562 -4.15584419976773
	From worker 2:	-5.125532068883742 -3.8046348348698724 -3.989205715890301
	From worker 2:	-4.202091526608518 -3.7977837709532185 -3.627809176284996
	From worker 2:	-5.447633022038402 -4.875225591291049 -4.262718162050857
	From worker 2:	-5.746735283971146 -4.876278605522026 -4.290187270905473
	From worker 2:	-3.994796503081892 -3.392628063474855 -3.6578826506434052
	From worker 2:	-4.58930855202374 -4.791114476992884 -3.8364583821648126
	From worker 2:	-4.42017103392975 -4.404913331446356 -3.8392790463755615
	From worker 2:	-4.435191469644187 -4.086105490744355 -3.64395152021349
	From worker 2:	-5.195887546859144 -4.52315665159751 -4.287203649044059
	From worker 2:	-4.5844747434584425 -4.09828828733268 -4.094918404923348
	From worker 2:	-5.698744581580209 -5.0582009165640835 -4.22519837556666
	From worker 2:	-4.085358425364061 -3.5356656279342094 -4.055623311895877
	From worker 2:	-3.806935475806756 -3.6111433342388946 -3.814336252276818
	From worker 2:	-4.847482468661234 -4.463713628586821 -3.901051156875225
	From worker 2:	-3.561436405575565 -3.775370459876416 -3.6154391409378905
	From worker 2:	-4.864243925092419 -3.4334249916838133 -4.307486167607229
	From worker 2:	-4.166358271434858 -3.609570862553925 -4.21372252805248
	From worker 2:	-4.7974382471796195 -3.9398513763736314 -4.158459611793877
	From worker 2:	-4.295549933981716 -3.874471476790616 -3.549145471321167
	From worker 2:	-4.03213958796273 -3.9059248331798537 -3.8790659417784976
	From worker 2:	-4.082572895725297 -3.4654888823715195 -3.5680260202786664
	From worker 2:	-5.790599493600486 -5.015483950484273 -4.31642516518346
	From worker 2:	-5.319775598257685 -4.781662563422776 -4.19488224864339
	From worker 2:	-4.232498024254904 -3.2390508624915935 -4.080538708521552
	From worker 2:	-3.9221602045101185 -3.433491757838903 -4.025704739257773
	From worker 2:	-4.6837076564799265 -3.8901694464076644 -4.063339892719029
	From worker 2:	-3.3242823518772973 -3.3991460658636523 -3.505651767091647
	From worker 2:	-4.0961212682442785 -3.557037596484541 -3.830005088505234
	From worker 2:	-3.6047202566182035 -3.858955841574531 -3.5216801808983176
	From worker 2:	-4.030608895988323 -3.558746805144078 -3.9732715163278676
	From worker 2:	-4.1326573624549665 -4.122208512324251 -3.843021928852709
	From worker 2:	-4.442056220428395 -3.25563285908775 -4.467467746661046
	From worker 2:	-5.027497217832185 -3.7435565216642224 -4.4630372386513
	From worker 2:	-4.707742004006037 -3.716059914925214 -3.9347641377349003
	From worker 2:	-4.666334656607463 -4.898740279629058 -3.777358707844656
	From worker 2:	-4.114651582562452 -3.4618530853891167 -3.9049836736305044
	From worker 2:	-5.110367636165236 -5.032337395850792 -4.0055657712534165
	From worker 2:	0.14915254237288134 0.19999999999999996 0.18305084745762712 0.1694915254237288 0.1457627118644068 0.11525423728813555 0.13898305084745755 0.15932203389830507 0.18983050847457628 0.15932203389830513 0.15932203389830507 0.16610169491525428 0.16949152542372892 0.1694915254237288 0.1932203389830508 0.09830508474576272 0.16610169491525428 0.14915254237288145 0.19322033898305085 0.17288135593220344 0.19999999999999998 0.17627118644067796 0.16271186440677976 0.1559322033898306 0.19661016949152543 0.1864406779661017 0.16271186440677965 0.18305084745762712 0.111864406779661 0.16610169491525423 0.1932203389830508 0.19999999999999996 0.14915254237288136 0.1288135593220339 0.1694915254237288 0.19999999999999996 0.12542372881355934 0.19661016949152538 0.18305084745762712 0.18983050847457628 0.19999999999999996 0.11864406779661019 0.17627118644067796 0.11525423728813555 0.15593220338983055 0.10508474576271187 0.1423728813559323 0.13898305084745766 0.18644067796610175 0.09830508474576272 0.17627118644067796 0.18983050847457628 0.19999999999999996 0.14915254237288134 0.17966101694915254 0.19661016949152543 0.1864406779661017 0.12542372881355932 0.15932203389830513 0.19999999999999996 0.1796610169491526 0.15932203389830507 0.13559322033898302 0.1457627118644068 0.16610169491525423 0.17627118644067796 0.17288135593220333 0.19661016949152543 0.16271186440677965 0.1457627118644067 0.09830508474576272 0.15254237288135594 0.15932203389830507 0.17627118644067796 0.17288135593220336 0.1932203389830508 0.18305084745762712 0.17288135593220344 0.16271186440677965 0.12881355932203398 0.1322033898305085 0.17627118644067807 0.1457627118644068 0.19999999999999996 0.19999999999999996 0.1864406779661017 0.15932203389830513 0.15254237288135597 0.1559322033898306 0.19999999999999996 0.19999999999999996 0.1796610169491526 0.17627118644067807 0.15932203389830513 0.19661016949152543 0.17627118644067807 0.14915254237288134 0.14576271186440676 0.17288135593220344 0.15932203389830502
	From worker 2:	0.011485499191972226 0.009205070517813291 0.009529676215867028 0.00978655342497643 0.01094400347755811 0.01143868442886321 0.010403320025215872 0.010563070132561725 0.012533147860774661 0.014464986295091107 0.010058677623781839 0.008795954875501062 0.009471463162002546 0.009681715849996789 0.008452906493914588 0.010105890367980796 0.008404871880320639 0.009174733810448036 0.010534529536082363 0.015978946686347105 0.008519006356958868 0.00951604917890395 0.009405048588639154 0.008572923293280866 0.009786555469688001 0.016457792659106036 0.009978580218689944 0.008646050403316577 0.008882111900533575 0.00860079239163021 0.009907265505669565 0.008474848492903657 0.009968748176026308 0.010523868963865863 0.008881047854472768 0.010380662649575153 0.009092264443942528 0.01017149029858801 0.011808702613177513 0.008880151851390723 0.009363186098927188 0.009883565945913624 0.011431448042307153 0.008600078163034717 0.009305723536709234 0.008607565314758581 0.009302042004555372 0.010370533757061396 0.009432594514924886 0.010729959746277192 0.009617420079875944 0.010534259771342898 0.008736617046535106 0.008608169591161308 0.00881877804040536 0.010527244898682706 0.009709878843320753 0.012017067020518708 0.009018754718622683 0.011034252672999475 0.011042715101673485 0.009507617472513804 0.01178911469204822 0.009511212803930021 0.008971762703702318 0.011189096571134453 0.012298416750233798 0.009480882460570595 0.009928767306480124 0.008845738852980218 0.008969651667453607 0.009909834201952464 0.008566888774623945 0.012679889285828406 0.008980780127356721 0.008953918283746294 0.008968894910248864 0.00974139012610849 0.010616668974951669 0.0094101601192827 0.008836224232295324 0.009355995235972 0.008564980172146673 0.009721549596787893 0.013203516457265483 0.010404429530365961 0.00973300163802589 0.009253868408909221 0.008592358459638617 0.011316338862486253 0.008743193992549348 0.010050933169786325 0.0088258987645236 0.008611140382312709 0.012178812574137367 0.01100556751477838 0.008783939772116445 0.01051674082592724 0.008881538202769672 0.010939768045022353
	From worker 2:	3
	From worker 2:	100 100 100
	From worker 2:	17919 19320 587366
	From worker 2:	0.4 0.2 0.1
	From worker 2:	-----
	From worker 2:	100
	From worker 2:	17919
	From worker 2:	0.4
	From worker 2:	-5.589692367003848 -5.0302334855779876 -4.056861712095944
	From worker 2:	-4.251757589767871 -3.4817272414144425 -4.119060099101494
	From worker 2:	-3.4252781250841724 -3.5016856649900276 -3.542057181999429
	From worker 2:	-5.025436074552686 -4.580514539452766 -4.1484842852484825
	From worker 2:	-4.294720873572663 -4.324016045072005 -3.4202081072738206
	From worker 2:	-3.7251104684616263 -3.7087546192794925 -3.450950822933466
	From worker 2:	-4.3466552841010095 -3.415597529113022 -3.8335734534395955
	From worker 2:	-3.854010664304047 -3.2474657888743836 -3.84549658071473
	From worker 2:	-5.0533616531138845 -4.459117713331672 -4.084241756169822
	From worker 2:	-5.579969007206965 -5.026225400484611 -4.241103232974453
	From worker 2:	-3.7056580550842875 -4.163014411531165 -3.3584707425689513
	From worker 2:	-3.06730987435963 -2.9369297653326822 -3.6245512956534314
	From worker 2:	-3.707949216229028 -4.149227521966846 -3.4261649736795117
	From worker 2:	-5.027016515936008 -4.422925139633442 -4.28989850336701
	From worker 2:	-4.312112060301397 -5.57234264951445 -3.3203666594938115
	From worker 2:	-5.527546565876799 -4.176283977209028 -4.712171423731962
	From worker 2:	-3.5944526897324556 -3.7739020791829105 -3.33120536939506
	From worker 2:	-3.603364940122447 -2.8955097258443288 -4.127099830289646
	From worker 2:	-4.299334389592319 -3.905434809994118 -4.080624938456548
	From worker 2:	-3.33779340236574 -2.0170798271772994 -4.547927806554879
	From worker 2:	-3.337350051232822 -2.951275636611831 -4.019159437335879
	From worker 2:	-4.427407277505959 -3.7481848413399543 -3.9424344064012735
	From worker 2:	-4.637534414213972 -4.0518384697647845 -3.666590151325761
	From worker 2:	-4.41839095199646 -3.414663462506696 -4.263274369219952
	From worker 2:	-2.9298165778126903 -3.825819741095005 -3.394513317443344
	From worker 2:	-3.179866884944371 -2.6710944348579577 -4.031530211769223
	From worker 2:	-3.773029276206157 -3.0794924495699174 -3.885667877689481
	From worker 2:	-5.204964643580388 -3.7446411699812034 -4.491183726399179
	From worker 2:	-5.646091322873813 -4.797137112683526 -4.2931340258567
	From worker 2:	-3.5033745470884834 -2.9069633500540535 -4.025022802915543
	From worker 2:	-3.6202404082275663 -4.999492431924665 -3.3744938938521
	From worker 2:	-3.6711501265315496 -2.9262476725655593 -3.9346448514718935
	From worker 2:	-2.8955413351342103 -2.2327460900355613 -4.1582442803413
	From worker 2:	-3.4670699805955443 -4.184490392365621 -3.336925577209185
	From worker 2:	-3.7371120385203733 -4.302955772212831 -3.392103431367169
	From worker 2:	-5.963837284202768 -5.1811187356114825 -4.27451082901719
	From worker 2:	-5.902203178411531 -5.242649828679456 -4.379614632917937
	From worker 2:	-4.5921578193258625 -3.6726146543460105 -4.346271921017886
	From worker 2:	-5.239656762558657 -4.768375887143215 -3.764846629863101
	From worker 2:	-3.316304537923828 -3.7575226347601474 -3.4267161553525907
	From worker 2:	-5.060151343956132 -3.613559193188637 -4.48047928872839
	From worker 2:	-5.687453220233278 -4.035717755596858 -4.634725342201087
	From worker 2:	-3.642722681646275 -3.083914710112871 -3.955962083363042
	From worker 2:	-4.624727835528566 -4.36015381279882 -3.4337589399884028
	From worker 2:	-4.937749592501719 -4.1599153313313995 -4.343426200533367
	From worker 2:	-3.001575692529846 -2.9400690032688708 -3.6255562919137234
	From worker 2:	-2.954853019866935 -3.4864649219398385 -3.3310407703161506
	From worker 2:	-5.083268661074978 -5.680551096808053 -3.342923141834545
	From worker 2:	-3.934458624865034 -3.309975050147851 -4.01968287136145
	From worker 2:	-3.6983788645431863 -3.1374434297229814 -3.8925534306175154
	From worker 2:	-4.350715243473819 -3.1088147319268318 -4.541382912295049
	From worker 2:	-3.2908162772379534 -3.1960607720525926 -3.433321616027898
	From worker 2:	-4.620225081967845 -4.0607940313845745 -3.8704522341370917
	From worker 2:	-4.955778828150681 -4.89978118459651 -4.009046201572067
	From worker 2:	-3.4022175123276117 -3.352947500638728 -3.814566290732666
	From worker 2:	-3.385057309053696 -3.3173486816406896 -3.509990387559968
	From worker 2:	-4.372372570398047 -3.5421846115204922 -4.198599932775022
	From worker 2:	-2.3726018753395595 -2.5664373077596854 -3.431505982148315
	From worker 2:	-5.165247483947111 -4.3847708429627 -3.8442164320882743
	From worker 2:	-5.211255899786735 -4.7742135274559585 -3.9597661806901563
	From worker 2:	-4.7099906363701365 -4.244171648791446 -3.9363623091490285
	From worker 2:	-3.2391552141911415 -3.1555432468721656 -3.679808080951397
	From worker 2:	-4.340147716281354 -3.604462276110527 -4.1579881914862655
	From worker 2:	-3.388539471409383 -2.4660339891828578 -4.199106617063426
	From worker 2:	-3.9812170729910834 -3.966627175115694 -3.419561997475573
	From worker 2:	-3.3882425477461915 -3.2535025018299772 -3.858467216349365
	From worker 2:	-3.2909407093533636 -3.977429385225264 -3.40431267016166
	From worker 2:	-4.554805929176789 -4.518708706244039 -3.781443701022528
	From worker 2:	-4.004103207180583 -3.4598740743330607 -4.144016932877314
	From worker 2:	-5.489612128306245 -4.815394310530573 -4.303479593358212
	From worker 2:	-3.621866670669282 -3.3690111222732577 -3.595752243469467
	From worker 2:	-5.1094398431684365 -3.7600900649044973 -4.710026068706583
	From worker 2:	-2.348957295383846 -3.3061039751763284 -3.3564709747583192
	From worker 2:	-4.097723465132761 -3.053908127022382 -3.949653739155618
	From worker 2:	-5.297582605111734 -4.636952509537344 -4.3219810023430725
	From worker 2:	-4.845469934657511 -5.094637233009446 -3.543331927574713
	From worker 2:	-5.9146123377659645 -5.012028979873455 -4.410850917286504
	From worker 2:	-3.7156719190485643 -3.556955764595326 -3.8892822761584642
	From worker 2:	-5.220477928714153 -4.705138416098102 -4.280497319410117
	From worker 2:	-3.8158445258279654 -4.018154888445605 -3.3753156942861193
	From worker 2:	-4.446805482159298 -4.030191202759063 -3.420394093372075
	From worker 2:	-5.581122566315829 -4.353007507683943 -4.641245584897611
	From worker 2:	-3.535130250098489 -3.9259517348372395 -3.399404495215488
	From worker 2:	-3.1192071253799516 -3.5756404153592 -3.479950570474027
	From worker 2:	-3.4685786485268775 -4.738691419799174 -3.3533805870841396
	From worker 2:	-4.027165929895315 -3.659910207401263 -4.057614277005198
	From worker 2:	-4.861861821313617 -3.406338499786937 -4.652157083073985
	From worker 2:	-3.416719068703183 -3.615007148449987 -3.3748495982646194
	From worker 2:	-5.605018808407017 -4.589313895188438 -4.404043973055984
	From worker 2:	-4.447123580564252 -3.4972801595287692 -4.092498193254702
	From worker 2:	-4.784605971670043 -3.933766013074515 -3.6186180913985524
	From worker 2:	-4.007645011545582 -3.007964492659891 -4.338489695280541
	From worker 2:	-4.665698844269271 -2.4835236324143377 -5.42276034686037
	From worker 2:	-4.260623996032047 -4.826938276467411 -3.451727408026618
	From worker 2:	-4.47954560154707 -5.092869605763926 -3.3341795349588135
	From worker 2:	-4.725278776728068 -3.5203028504000113 -4.190055733497044
	From worker 2:	-5.619063740369494 -4.744798791183184 -3.978724660231146
	From worker 2:	-4.522220377443459 -4.1197753805139286 -3.806987925842729
	From worker 2:	-3.7922022070714863 -3.521977141210035 -3.7516288076681055
	From worker 2:	-4.5524085760991 -3.153242545498766 -4.705260380375995
	From worker 2:	0.1084745762711864 0.1423728813559322 0.25762711864406784 0.3627118644067796 0.23728813559322037 0.2169491525423729 0.3423728813559322 0.288135593220339 0.39322033898305087 0.14576271186440679 0.3355932203389831 0.3254237288135594 0.3288135593220339 0.19322033898305085 0.3627118644067797 0.35593220338983056 0.3694915254237289 0.2745762711864407 0.3050847457627119 0.3830508474576271 0.16271186440677968 0.21016949152542375 0.3627118644067797 0.22372881355932206 0.2915254237288135 0.36610169491525424 0.30847457627118646 0.26440677966101694 0.288135593220339 0.3423728813559322 0.3491525423728813 0.2677966101694915 0.39322033898305087 0.38305084745762713 0.29491525423728815 0.27118644067796616 0.3593220338983051 0.3525423728813559 0.2305084745762711 0.3084745762711864 0.3830508474576271 0.30847457627118646 0.3288135593220339 0.3864406779661017 0.17627118644067796 0.3220338983050847 0.37966101694915255 0.35593220338983056 0.3593220338983051 0.3084745762711864 0.31864406779661014 0.3864406779661017 0.3491525423728813 0.23050847457627122 0.3728813559322034 0.33898305084745767 0.24406779661016953 0.38983050847457623 0.3355932203389831 0.3220338983050848 0.1457627118644068 0.23389830508474574 0.3525423728813559 0.39322033898305087 0.2711864406779661 0.17288135593220344 0.3186440677966102 0.3457627118644068 0.2983050847457628 0.17966101694915254 0.2508474576271187 0.35593220338983056 0.36610169491525424 0.3728813559322034 0.2305084745762712 0.35593220338983056 0.21016949152542375 0.3830508474576272 0.2440677966101695 0.34237288135593225 0.27796610169491526 0.31864406779661014 0.29830508474576267 0.3728813559322034 0.3220338983050848 0.3288135593220339 0.34237288135593225 0.3016949152542373 0.3457627118644069 0.16610169491525423 0.2949152542372881 0.3728813559322034 0.39322033898305087 0.3288135593220339 0.35593220338983056 0.3830508474576272 0.37288135593220345 0.15254237288135597 0.3152542372881356 0.3694915254237288
	From worker 2:	0.010000000000000004 0.010000000000000004 0.010000000000000004 0.010000000000000004 0.010000000000000004 0.010000000000000004 0.010000000000000004 0.010000000000000004 0.010000000000000004 0.010000000000000004 0.010000000000000004 0.010000000000000004 0.010000000000000004 0.010000000000000004 0.010000000000000004 0.010000000000000004 0.010000000000000004 0.010000000000000004 0.010000000000000004 0.010000000000000004 0.010000000000000004 0.010000000000000004 0.010000000000000004 0.010000000000000004 0.010000000000000004 0.010000000000000004 0.010000000000000004 0.010000000000000004 0.010000000000000004 0.010000000000000004 0.010000000000000004 0.010000000000000004 0.010000000000000004 0.010000000000000004 0.010000000000000004 0.010000000000000004 0.010000000000000004 0.010000000000000004 0.010000000000000004 0.010000000000000004 0.010000000000000004 0.010000000000000004 0.010000000000000004 0.010000000000000004 0.010000000000000004 0.010000000000000004 0.010000000000000004 0.010000000000000004 0.010000000000000004 0.010000000000000004 0.010000000000000004 0.010000000000000004 0.010000000000000004 0.010000000000000004 0.010000000000000004 0.010000000000000004 0.010000000000000004 0.010000000000000004 0.010000000000000004 0.010000000000000004 0.010000000000000004 0.010000000000000004 0.010000000000000004 0.010000000000000004 0.010000000000000004 0.010000000000000004 0.010000000000000004 0.010000000000000004 0.010000000000000004 0.010000000000000004 0.010000000000000004 0.010000000000000004 0.010000000000000004 0.010000000000000004 0.010000000000000004 0.010000000000000004 0.010000000000000004 0.010000000000000004 0.010000000000000004 0.010000000000000004 0.010000000000000004 0.010000000000000004 0.010000000000000004 0.010000000000000004 0.010000000000000004 0.010000000000000004 0.010000000000000004 0.010000000000000004 0.010000000000000004 0.010000000000000004 0.010000000000000004 0.010000000000000004 0.010000000000000004 0.010000000000000004 0.010000000000000004 0.010000000000000004 0.010000000000000004 0.010000000000000004 0.010000000000000004 0.010000000000000004
	From worker 2:	-----
	From worker 2:	100
	From worker 2:	19320
	From worker 2:	0.2
	From worker 2:	-5.483252677572205 -4.977703739206173 -4.189508671722819
	From worker 2:	-4.4434233387318525 -3.6463163997424144 -4.214518490960872
	From worker 2:	-5.026561926228689 -4.283403866512465 -4.304669575974289
	From worker 2:	-4.657248058072165 -3.3899513622467756 -4.160140419057085
	From worker 2:	-3.986047940333835 -2.9343521666490733 -4.010165464673501
	From worker 2:	-4.505611965008621 -4.907789120132657 -3.5919514887479367
	From worker 2:	-3.440775980080952 -3.272930971954917 -3.72900858300417
	From worker 2:	-3.765766835337355 -3.24882103309812 -4.1696087444005
	From worker 2:	-3.1269689954415183 -3.0372729962964673 -3.6954095297505534
	From worker 2:	-5.836241706319457 -5.246679162232665 -4.202833252990802
	From worker 2:	-5.195302814364925 -4.786711999666643 -3.9992700216813875
	From worker 2:	-4.426459497361793 -3.6622379289091613 -4.102506047961704
	From worker 2:	-5.070620348241382 -4.404527843982196 -4.255264372580513
	From worker 2:	-3.8876496487816405 -3.8116012062593256 -3.5048041140515753
	From worker 2:	-4.171105573003285 -3.8412555783805553 -3.849240788889584
	From worker 2:	-4.329048708322662 -4.746426879643378 -3.7648705847785484
	From worker 2:	-4.4353610594574935 -3.8555345174255264 -3.8951136016534886
	From worker 2:	-4.0837633500202895 -4.386326367331279 -3.8196818579378737
	From worker 2:	-5.340792807154659 -4.648835224984885 -4.320230074365961
	From worker 2:	-5.8827616768485615 -5.385182569808146 -4.229299784785773
	From worker 2:	-4.528932405072926 -3.821581765761003 -4.036204632992577
	From worker 2:	-4.6663276686242305 -3.9215699189631366 -4.333575147850245
	From worker 2:	-5.058195357313197 -4.425725516293458 -4.2327546194388965
	From worker 2:	-4.443873469620454 -4.096999720478481 -4.082360906689036
	From worker 2:	-4.031441259679764 -3.284562591527355 -4.117821472092381
	From worker 2:	-5.9678802128904795 -5.353740707929043 -4.286631698977015
	From worker 2:	-5.013198514744135 -3.647252342367492 -4.2538659816245925
	From worker 2:	-4.320647335339237 -4.093431617811204 -4.078121715938464
	From worker 2:	-3.969266963298734 -3.801677986232488 -3.6750380760462247
	From worker 2:	-4.273259713007529 -3.8465128981949817 -4.070279862220717
	From worker 2:	-5.293910171223141 -4.073800626473213 -3.865791854234776
	From worker 2:	-4.19180826686686 -3.761001191970358 -3.858176551513834
	From worker 2:	-5.200091692944571 -4.596851800312026 -4.266552589044337
	From worker 2:	-5.12309244040781 -3.488397005393593 -4.138408709112315
	From worker 2:	-4.580210947176649 -4.427626195186611 -3.8276828102478984
	From worker 2:	-4.239007954216364 -3.444112468153117 -4.3311456128881005
	From worker 2:	-4.409157184017744 -3.55444321766368 -4.142920193621196
	From worker 2:	-4.79838511165719 -3.568052906887044 -4.328520426156042
	From worker 2:	-3.8549444986992523 -3.0885522476663025 -4.289894967295782
	From worker 2:	-4.571373487166026 -4.4565004142547435 -4.015531628062202
	From worker 2:	-3.922321619098513 -3.3058499383192608 -3.9170677196514565
	From worker 2:	-5.355910804681636 -4.4855020831797185 -4.199604283469026
	From worker 2:	-5.489976888842609 -4.902820364095367 -4.271331039781431
	From worker 2:	-4.210114899748326 -3.7015267175654003 -3.7848490282820864
	From worker 2:	-5.15983806968781 -4.476597514157245 -4.064950922529959
	From worker 2:	-4.026415719652967 -3.8428625866814 -3.9440249747569416
	From worker 2:	-3.8895995393176364 -3.90443287594479 -3.579722440388345
	From worker 2:	-3.689472662983749 -3.1072471688165875 -3.955757779259887
	From worker 2:	-5.073563614528977 -4.623417993565768 -4.045261068542844
	From worker 2:	-4.595117975954431 -4.975535429112653 -3.8936959432171
	From worker 2:	-5.254187942371096 -4.024730173006036 -3.9424249745442794
	From worker 2:	-3.5032639498876352 -3.1676119809042182 -3.9176484855825087
	From worker 2:	-4.509268177978602 -3.6209950792648793 -3.885050770180732
	From worker 2:	-4.401482601058487 -3.6619106958497833 -3.9998743890195696
	From worker 2:	-3.9140303925219175 -3.951084186456068 -3.7458142896991515
	From worker 2:	-3.6666277426718206 -3.0557116976095027 -3.8734124630248816
	From worker 2:	-5.273998016290065 -4.5768068232352235 -4.121713167927403
	From worker 2:	-5.5631897680194875 -5.018373640843921 -4.2340513222765646
	From worker 2:	-3.923493139928577 -3.5956122095776966 -4.025429924518122
	From worker 2:	-3.3642249120722725 -3.988859362209744 -3.5032150877610415
	From worker 2:	-3.604790228098373 -3.0413140040868423 -4.0347013188240215
	From worker 2:	-4.241617707579644 -3.3764051462444025 -4.142627069272596
	From worker 2:	-5.525104013281157 -5.029965981109562 -4.15584419976773
	From worker 2:	-5.125532068883742 -3.8046348348698724 -3.989205715890301
	From worker 2:	-4.202091526608518 -3.7977837709532185 -3.627809176284996
	From worker 2:	-5.447633022038402 -4.875225591291049 -4.262718162050857
	From worker 2:	-5.746735283971146 -4.876278605522026 -4.290187270905473
	From worker 2:	-3.994796503081892 -3.392628063474855 -3.6578826506434052
	From worker 2:	-4.58930855202374 -4.791114476992884 -3.8364583821648126
	From worker 2:	-4.42017103392975 -4.404913331446356 -3.8392790463755615
	From worker 2:	-4.435191469644187 -4.086105490744355 -3.64395152021349
	From worker 2:	-5.195887546859144 -4.52315665159751 -4.287203649044059
	From worker 2:	-4.5844747434584425 -4.09828828733268 -4.094918404923348
	From worker 2:	-5.698744581580209 -5.0582009165640835 -4.22519837556666
	From worker 2:	-4.085358425364061 -3.5356656279342094 -4.055623311895877
	From worker 2:	-3.806935475806756 -3.6111433342388946 -3.814336252276818
	From worker 2:	-4.847482468661234 -4.463713628586821 -3.901051156875225
	From worker 2:	-3.561436405575565 -3.775370459876416 -3.6154391409378905
	From worker 2:	-4.864243925092419 -3.4334249916838133 -4.307486167607229
	From worker 2:	-4.166358271434858 -3.609570862553925 -4.21372252805248
	From worker 2:	-4.7974382471796195 -3.9398513763736314 -4.158459611793877
	From worker 2:	-4.295549933981716 -3.874471476790616 -3.549145471321167
	From worker 2:	-4.03213958796273 -3.9059248331798537 -3.8790659417784976
	From worker 2:	-4.082572895725297 -3.4654888823715195 -3.5680260202786664
	From worker 2:	-5.790599493600486 -5.015483950484273 -4.31642516518346
	From worker 2:	-5.319775598257685 -4.781662563422776 -4.19488224864339
	From worker 2:	-4.232498024254904 -3.2390508624915935 -4.080538708521552
	From worker 2:	-3.9221602045101185 -3.433491757838903 -4.025704739257773
	From worker 2:	-4.6837076564799265 -3.8901694464076644 -4.063339892719029
	From worker 2:	-3.3242823518772973 -3.3991460658636523 -3.505651767091647
	From worker 2:	-4.0961212682442785 -3.557037596484541 -3.830005088505234
	From worker 2:	-3.6047202566182035 -3.858955841574531 -3.5216801808983176
	From worker 2:	-4.030608895988323 -3.558746805144078 -3.9732715163278676
	From worker 2:	-4.1326573624549665 -4.122208512324251 -3.843021928852709
	From worker 2:	-4.442056220428395 -3.25563285908775 -4.467467746661046
	From worker 2:	-5.027497217832185 -3.7435565216642224 -4.4630372386513
	From worker 2:	-4.707742004006037 -3.716059914925214 -3.9347641377349003
	From worker 2:	-4.666334656607463 -4.898740279629058 -3.777358707844656
	From worker 2:	-4.114651582562452 -3.4618530853891167 -3.9049836736305044
	From worker 2:	-5.110367636165236 -5.032337395850792 -4.0055657712534165
	From worker 2:	0.14915254237288134 0.19999999999999996 0.18305084745762712 0.1694915254237288 0.1457627118644068 0.11525423728813555 0.13898305084745755 0.15932203389830507 0.18983050847457628 0.15932203389830513 0.15932203389830507 0.16610169491525428 0.16949152542372892 0.1694915254237288 0.1932203389830508 0.09830508474576272 0.16610169491525428 0.14915254237288145 0.19322033898305085 0.17288135593220344 0.19999999999999998 0.17627118644067796 0.16271186440677976 0.1559322033898306 0.19661016949152543 0.1864406779661017 0.16271186440677965 0.18305084745762712 0.111864406779661 0.16610169491525423 0.1932203389830508 0.19999999999999996 0.14915254237288136 0.1288135593220339 0.1694915254237288 0.19999999999999996 0.12542372881355934 0.19661016949152538 0.18305084745762712 0.18983050847457628 0.19999999999999996 0.11864406779661019 0.17627118644067796 0.11525423728813555 0.15593220338983055 0.10508474576271187 0.1423728813559323 0.13898305084745766 0.18644067796610175 0.09830508474576272 0.17627118644067796 0.18983050847457628 0.19999999999999996 0.14915254237288134 0.17966101694915254 0.19661016949152543 0.1864406779661017 0.12542372881355932 0.15932203389830513 0.19999999999999996 0.1796610169491526 0.15932203389830507 0.13559322033898302 0.1457627118644068 0.16610169491525423 0.17627118644067796 0.17288135593220333 0.19661016949152543 0.16271186440677965 0.1457627118644067 0.09830508474576272 0.15254237288135594 0.15932203389830507 0.17627118644067796 0.17288135593220336 0.1932203389830508 0.18305084745762712 0.17288135593220344 0.16271186440677965 0.12881355932203398 0.1322033898305085 0.17627118644067807 0.1457627118644068 0.19999999999999996 0.19999999999999996 0.1864406779661017 0.15932203389830513 0.15254237288135597 0.1559322033898306 0.19999999999999996 0.19999999999999996 0.1796610169491526 0.17627118644067807 0.15932203389830513 0.19661016949152543 0.17627118644067807 0.14915254237288134 0.14576271186440676 0.17288135593220344 0.15932203389830502
	From worker 2:	0.011485499191972226 0.009205070517813291 0.009529676215867028 0.00978655342497643 0.01094400347755811 0.01143868442886321 0.010403320025215872 0.010563070132561725 0.012533147860774661 0.014464986295091107 0.010058677623781839 0.008795954875501062 0.009471463162002546 0.009681715849996789 0.008452906493914588 0.010105890367980796 0.008404871880320639 0.009174733810448036 0.010534529536082363 0.015978946686347105 0.008519006356958868 0.00951604917890395 0.009405048588639154 0.008572923293280866 0.009786555469688001 0.016457792659106036 0.009978580218689944 0.008646050403316577 0.008882111900533575 0.00860079239163021 0.009907265505669565 0.008474848492903657 0.009968748176026308 0.010523868963865863 0.008881047854472768 0.010380662649575153 0.009092264443942528 0.01017149029858801 0.011808702613177513 0.008880151851390723 0.009363186098927188 0.009883565945913624 0.011431448042307153 0.008600078163034717 0.009305723536709234 0.008607565314758581 0.009302042004555372 0.010370533757061396 0.009432594514924886 0.010729959746277192 0.009617420079875944 0.010534259771342898 0.008736617046535106 0.008608169591161308 0.00881877804040536 0.010527244898682706 0.009709878843320753 0.012017067020518708 0.009018754718622683 0.011034252672999475 0.011042715101673485 0.009507617472513804 0.01178911469204822 0.009511212803930021 0.008971762703702318 0.011189096571134453 0.012298416750233798 0.009480882460570595 0.009928767306480124 0.008845738852980218 0.008969651667453607 0.009909834201952464 0.008566888774623945 0.012679889285828406 0.008980780127356721 0.008953918283746294 0.008968894910248864 0.00974139012610849 0.010616668974951669 0.0094101601192827 0.008836224232295324 0.009355995235972 0.008564980172146673 0.009721549596787893 0.013203516457265483 0.010404429530365961 0.00973300163802589 0.009253868408909221 0.008592358459638617 0.011316338862486253 0.008743193992549348 0.010050933169786325 0.0088258987645236 0.008611140382312709 0.012178812574137367 0.01100556751477838 0.008783939772116445 0.01051674082592724 0.008881538202769672 0.010939768045022353
	From worker 2:	-----
	From worker 2:	100
	From worker 2:	587366
	From worker 2:	0.1
	From worker 2:	-3.9254524539101063 -3.7914576784732814 -3.6349883533115936
	From worker 2:	-4.388082254556828 -3.7257435613411873 -4.0436006611980675
	From worker 2:	-3.5774698367392457 -3.886390546170949 -3.710783548435682
	From worker 2:	-4.157014524533118 -4.039251092464744 -3.996023976366508
	From worker 2:	-5.421644905639355 -4.8591827132233245 -4.046362985554001
	From worker 2:	-4.35547264888054 -4.047736697916761 -4.123753343224054
	From worker 2:	-4.606361064536255 -4.883333421312337 -3.886688787936535
	From worker 2:	-5.218607326956435 -4.7919823983282175 -4.111200042626325
	From worker 2:	-4.354521475485827 -4.288074610413416 -3.9967020570096743
	From worker 2:	-4.600221159364432 -3.976991790299783 -4.0769915484857595
	From worker 2:	-4.068621974277761 -3.424205467341869 -3.777534899054815
	From worker 2:	-4.56347741640708 -4.25716806257199 -3.8466707131934776
	From worker 2:	-4.491346879416162 -3.8713850579244533 -3.843621170417695
	From worker 2:	-3.824156304783574 -3.3547248805056786 -3.9697531774810604
	From worker 2:	-5.506106715204183 -5.158929562844439 -4.105234498095528
	From worker 2:	-3.8406564678569355 -3.3257980131876272 -3.899810248500564
	From worker 2:	-5.119820394602417 -4.820183281752893 -4.052047324673857
	From worker 2:	-4.233024403463597 -3.6527962770938633 -4.005154750916763
	From worker 2:	-4.05490051959207 -3.991761226778842 -3.945489666087103
	From worker 2:	-4.545350053711121 -4.420233955079747 -4.080344647457038
	From worker 2:	-4.307441306072592 -4.3030140695379355 -3.7207812739074235
	From worker 2:	-5.597586520999984 -5.423313533103148 -4.07361721774747
	From worker 2:	-4.450377371059003 -3.582419711128705 -3.898252756657779
	From worker 2:	-4.992149118838486 -4.614594607728705 -4.0598589612284
	From worker 2:	-4.183429184441487 -3.736869736003013 -3.7065432802491394
	From worker 2:	-4.640509424377954 -4.247264121213495 -4.083319800604228
	From worker 2:	-3.5621868745242584 -3.569009623917514 -3.8031674718133024
	From worker 2:	-4.4503073754258935 -4.046733446113628 -4.104562335949489
	From worker 2:	-4.335229666482153 -3.9841581425330865 -4.051270038125889
	From worker 2:	-4.001840923013044 -3.394752778380695 -3.787857882309601
	From worker 2:	-4.194493640746789 -4.24686792872552 -3.9513201561815445
	From worker 2:	-3.8625006357927623 -4.0908611206292 -3.8575452766172726
	From worker 2:	-4.609150052504999 -4.428304676300785 -3.9938025570698352
	From worker 2:	-5.0289353308197455 -4.711591898220481 -4.071588238124173
	From worker 2:	-4.410720317463863 -4.021738539923257 -4.089619964178353
	From worker 2:	-4.515105411184483 -4.0747726394364285 -4.164443755641735
	From worker 2:	-5.393525484075876 -5.108675390028762 -3.994992678199977
	From worker 2:	-3.7522626854178753 -3.1141422807937786 -3.981042055381908
	From worker 2:	-4.3505183048324625 -3.738762488192404 -3.9914923971631406
	From worker 2:	-4.326879735134138 -4.2283152895760665 -3.990876937074783
	From worker 2:	-4.291811403880952 -4.963562608595746 -3.693312545285035
	From worker 2:	-4.363553284851625 -4.020733822238938 -4.088147878082405
	From worker 2:	-4.4939138378549295 -4.2162914690703825 -4.030348585722004
	From worker 2:	-4.672536174471844 -4.398952715359701 -4.119441337153096
	From worker 2:	-4.4526362558842 -4.220913998113657 -3.701301235856542
	From worker 2:	-4.159651824544074 -3.306450845154549 -3.8870920443121917
	From worker 2:	-4.9941855535052735 -4.556964580298039 -4.109717594367775
	From worker 2:	-3.709631291772341 -3.5175265806771594 -3.713844613665095
	From worker 2:	-4.150247249182792 -4.109118537833156 -3.98337327678601
	From worker 2:	-3.8107748128907777 -3.3733853062392023 -3.811284176300097
	From worker 2:	-4.4755314469564755 -4.407452871670762 -3.731076632394363
	From worker 2:	-4.862372871285361 -4.602374720453063 -4.078224806122046
	From worker 2:	-4.989051160866611 -4.563495854706915 -4.126922720371561
	From worker 2:	-4.9985026613621155 -4.826177648547967 -3.9593757521522113
	From worker 2:	-4.341727193783015 -4.186209364338172 -3.9744089512651515
	From worker 2:	-3.9379281241503814 -3.7838540383343466 -3.8138585759083647
	From worker 2:	-3.8625926916001982 -4.084589407770896 -3.8259574109693957
	From worker 2:	-5.291013279287193 -4.523658923772101 -4.113581323141323
	From worker 2:	-5.917822660367193 -5.204557097883392 -4.120964497854271
	From worker 2:	-3.632046852902037 -3.510618101200485 -3.7577821249657584
	From worker 2:	-5.122020864180675 -4.532679818757253 -4.036919416364221
	From worker 2:	-4.1108344258912854 -4.507510944865482 -3.85163250661641
	From worker 2:	-4.036994387655136 -3.8615100437277974 -3.741295752473123
	From worker 2:	-4.462492311231023 -4.541968159224838 -3.8946320339794536
	From worker 2:	-4.102042690603744 -3.548472260730926 -4.021026801087626
	From worker 2:	-4.731723521245062 -4.399417365897463 -4.131618674812862
	From worker 2:	-4.409359349984754 -4.040355006358808 -4.091094425518839
	From worker 2:	-4.267636547269162 -4.140435085188155 -3.687773910729053
	From worker 2:	-3.9634304092327595 -3.8198637294776305 -3.6829006665321726
	From worker 2:	-4.596471134930317 -4.39238552579581 -4.018151785019356
	From worker 2:	-4.784882242320106 -4.426529045913265 -4.053546506121046
	From worker 2:	-5.259061328342136 -4.574056167880168 -4.070354740420334
	From worker 2:	-4.1942454993792015 -3.9931054792184417 -3.813050784810338
	From worker 2:	-4.133178076091252 -4.063134849546239 -3.906664828636501
	From worker 2:	-5.703287227006002 -5.022238501701381 -4.046011360264484
	From worker 2:	-4.525576103450301 -4.0531011269321695 -4.127619737478786
	From worker 2:	-4.358489704896563 -4.287421007007189 -3.985545778289314
	From worker 2:	-4.7555261952442205 -4.096597339939844 -4.038988987807491
	From worker 2:	-4.002167147521131 -3.670678624382462 -3.9649539833242406
	From worker 2:	-5.582547989809495 -4.968928453233875 -3.976539940909099
	From worker 2:	-4.320499647221274 -4.412363444867935 -3.856898446704491
	From worker 2:	-5.560777511410472 -5.400587691319948 -4.077728700673533
	From worker 2:	-4.140510082391348 -3.9232436885267314 -4.0632687332128095
	From worker 2:	-4.898360174846411 -4.658662877988334 -4.085817946536657
	From worker 2:	-4.6849523512096285 -4.840551993814064 -3.868352168545642
	From worker 2:	-5.224233921996557 -5.52823629203458 -3.9079083947038846
	From worker 2:	-4.371303214397734 -3.86709181401629 -4.012164839637966
	From worker 2:	-4.9025341435532335 -4.718343478545594 -3.730406452658307
	From worker 2:	-4.58599748363545 -4.69859825548728 -3.8698709960466244
	From worker 2:	-4.110176047829128 -4.256942155773162 -3.901194995537095
	From worker 2:	-4.825627728080361 -3.911674072589262 -4.084252771369761
	From worker 2:	-4.635938846099883 -4.245282885098295 -3.8384059064008396
	From worker 2:	-5.361486224917242 -4.754596531046558 -4.158479205439931
	From worker 2:	-4.428722712752861 -3.7394496236348225 -4.112600610595834
	From worker 2:	-4.562310839120232 -4.292823130121465 -4.083145501439962
	From worker 2:	-4.389862398096608 -4.028280916086942 -4.096974419541108
	From worker 2:	-3.6477502670216073 -4.017753861254898 -3.700434055575081
	From worker 2:	-4.992688328327205 -4.429501301666486 -4.052514099220018
	From worker 2:	-4.676827844097855 -4.91846465944551 -3.9328733998149947
	From worker 2:	-4.557478859283319 -4.394550534163511 -3.98618380588123
	From worker 2:	0.09830508474576272 0.0949152542372882 0.09830508474576272 0.0847457627118644 0.09830508474576272 0.07457627118644072 0.08813559322033898 0.0949152542372882 0.08135593220338982 0.09830508474576272 0.08474576271186442 0.08135593220338982 0.08135593220338988 0.07796610169491526 0.09491525423728814 0.0847457627118644 0.08813559322033904 0.0949152542372882 0.08135593220338988 0.0949152542372882 0.07796610169491536 0.0847457627118644 0.09152542372881356 0.0949152542372882 0.09830508474576272 0.09491525423728814 0.08813559322033904 0.09830508474576272 0.09152542372881356 0.09830508474576272 0.09830508474576272 0.09491525423728814 0.09830508474576272 0.09830508474576272 0.0983050847457626 0.09830508474576272 0.09830508474576272 0.0949152542372882 0.09830508474576272 0.08135593220338982 0.0847457627118644 0.09152542372881356 0.09830508474576272 0.09152542372881356 0.09491525423728814 0.09830508474576272 0.09491525423728814 0.0949152542372882 0.07118644067796615 0.09830508474576272 0.07457627118644072 0.0949152542372882 0.09830508474576272 0.09152542372881356 0.08813559322033904 0.09152542372881356 0.08135593220338988 0.09830508474576272 0.09152542372881356 0.09491525423728814 0.09830508474576272 0.08813559322033898 0.09830508474576272 0.08135593220338988 0.09491525423728814 0.09152542372881356 0.09152542372881356 0.09152542372881356 0.07457627118644072 0.08813559322033901 0.09152542372881356 0.09830508474576272 0.09491525423728814 0.09830508474576272 0.0949152542372882 0.09830508474576272 0.06779661016949157 0.09830508474576272 0.09830508474576272 0.09830508474576272 0.09830508474576272 0.09152542372881356 0.09830508474576272 0.09830508474576272 0.0813559322033898 0.08813559322033893 0.09830508474576272 0.09830508474576273 0.09830508474576272 0.08135593220338988 0.08135593220338982 0.08135593220338988 0.0949152542372882 0.09830508474576272 0.08135593220338988 0.09152542372881356 0.09152542372881356 0.09830508474576272 0.09830508474576272 0.08135593220338988
	From worker 2:	0.012882736954305947 0.008567982495535432 0.013528928044813317 0.008884262982490544 0.009750696197866586 0.008718468858699332 0.011456599608586988 0.008996071334733667 0.008771750478906841 0.008221009448849194 0.010995654226125568 0.009241240579489909 0.009073307006544813 0.010960538060485251 0.0107367586795844 0.011136537500430995 0.009213307574361175 0.008851726495926497 0.00920179673304089 0.00866825391449517 0.01125461631014818 0.013124862050763676 0.009203319170078442 0.008628870158671908 0.010982975663998354 0.008248099443696644 0.012557393296915043 0.008436114575239916 0.008466859577665414 0.011136251171776789 0.00920335646416016 0.010558966551809986 0.008631039383586695 0.008825021172319479 0.008441856912489885 0.008653266549299895 0.011237514691177413 0.012812393453111318 0.008559882503549145 0.008718450592125478 0.017565306750868984 0.008525522408525315 0.008353476988503026 0.008484400796440621 0.011275485172101094 0.010462878875539433 0.008470989216560419 0.012807150758636492 0.009006319120997005 0.011624025677274967 0.011313454039843695 0.008623246651347302 0.008494861437835127 0.009868030066193845 0.008633541815491393 0.010163000996641643 0.010754346493186158 0.008717693570251565 0.012595793499085966 0.012678845235502554 0.008657113573484717 0.011139584598127323 0.010638658006130798 0.009771725402015366 0.009374543147979433 0.008442509093509349 0.008454604993948081 0.011425592726722868 0.011769107215094951 0.008513001806427202 0.00835106946644785 0.008784442561190747 0.00954844956336859 0.00915432086426208 0.011259098688424183 0.008425942301401123 0.008775329735776152 0.008154978103846777 0.009385885932822524 0.011417221499544172 0.009882525449499755 0.012773247327957149 0.008985930613891604 0.008728662299550098 0.011228166114712761 0.01719947530005682 0.008395068557772842 0.01327737033002369 0.010522759941358342 0.00970265786335081 0.008400686435151645 0.009320816999818389 0.00905271903286667 0.008726510828056384 0.008401299529225876 0.008509095439999694 0.013456931410046148 0.008372177942321207 0.011019396393163546 0.008644216471969281
	From worker 2:	12961.251264 seconds (42.11 G allocations: 5.358 TiB, 13.93% gc time)
	From worker 2:	Writing ENSMUSG00000012396 to file
Run finished at  Mon Jul 30 19:38:30 BST 2018
