Run started at  Wed Jul 25 16:05:22 BST 2018
WARNING: No working GUI backend found for matplotlib
WARNING: No working GUI backend found for matplotlib
Start include.
Starting
Ready
	From worker 2:	Parameters set for ENSMUSG00000006398
	From worker 2:	starting ABC for ENSMUSG00000006398
	From worker 2:	Number of trials = 1
	From worker 2:	Number accepted = 0
	From worker 2:	Number of trials = 1001
	From worker 2:	Number accepted = 20
	From worker 2:	Number of trials = 2001
	From worker 2:	Number accepted = 35
	From worker 2:	Number of trials = 3001
	From worker 2:	Number accepted = 57
	From worker 2:	Number of trials = 4001
	From worker 2:	Number accepted = 78
	From worker 2:	3
	From worker 2:	100
	From worker 2:	4982
	From worker 2:	0.4
	From worker 2:	-1.7682122741752933 -2.0882139945046863 -2.5432515363327637
	From worker 2:	-5.9497225257170605 -5.240978585086954 -4.18498737417381
	From worker 2:	-4.730740042550047 -4.435615145243233 -2.4800167870214915
	From worker 2:	-4.879377326733696 -3.4216723659524173 -4.1098998507295015
	From worker 2:	-4.646712908820435 -4.4060553796245285 -3.233296772249873
	From worker 2:	-4.060173101830019 -2.7269267243016238 -4.015358024441447
	From worker 2:	-3.512706494553823 -3.240541936377418 -3.031271998763621
	From worker 2:	-2.5847512597241544 -1.4980742590477298 -3.5246369202380183
	From worker 2:	-5.900634284490819 -4.230338794165931 -4.417340606181086
	From worker 2:	-2.3547571272832237 -1.5041056469970258 -3.1763019440020406
	From worker 2:	-4.453559591827885 -3.6656273153886243 -3.7617235764202674
	From worker 2:	-3.835147992517554 -2.0419494091532964 -4.273800530576963
	From worker 2:	-2.5840610043776073 -2.479811166369164 -2.544636946776106
	From worker 2:	-4.4711322592535 -3.4875497787386114 -3.584062584988289
	From worker 2:	-4.022424568897097 -4.21514609862421 -2.43118788471867
	From worker 2:	-2.4044801793105113 -3.414212202012267 -2.4077579691884994
	From worker 2:	-4.397379472628434 -3.6745819577218968 -3.1081830989747474
	From worker 2:	-3.4025837236192005 -2.676295201744333 -3.206423187774988
	From worker 2:	-3.470264937460573 -2.9282529113235345 -2.7081490098261263
	From worker 2:	-3.3405945714506244 -2.3714809485690984 -3.399802608714799
	From worker 2:	-4.317999507455298 -3.711425062737331 -3.2257836452276014
	From worker 2:	-5.64661662348704 -4.5271594690570565 -3.856854963674488
	From worker 2:	-4.419010826200134 -3.5580923913672793 -3.8083416660908624
	From worker 2:	-2.411595256121949 -1.8801595322425815 -2.884994337560686
	From worker 2:	-3.6423747059638343 -3.4780929094742468 -2.4688155424440184
	From worker 2:	-4.745689993822946 -4.470309451663359 -2.458669895004068
	From worker 2:	-3.5909582448869344 -3.7589533034077953 -2.57667855058981
	From worker 2:	-5.641273643244842 -3.7797915065436 -4.619027806654354
	From worker 2:	-3.80228785741658 -3.9060294911048716 -2.564041498034285
	From worker 2:	-4.717851782335673 -3.9977182877500517 -3.6570569452397446
	From worker 2:	-4.542362780787114 -3.25172506825011 -3.335329488961002
	From worker 2:	-2.374307912550848 -3.0057450618917554 -2.4269898412524373
	From worker 2:	-3.2186267476575168 -3.265317974694972 -2.854829018207798
	From worker 2:	-5.4016166374742625 -3.0697295219521266 -4.9079945901573705
	From worker 2:	-2.9896439533927306 -1.803564465564527 -3.4715496649573367
	From worker 2:	-5.096830621871962 -5.064762362122848 -2.7550947686931613
	From worker 2:	-3.4016222106641316 -3.539775623512757 -2.5690011329611897
	From worker 2:	-5.734424588529226 -2.6787168739124847 -5.103043057595235
	From worker 2:	-5.693013309440216 -4.396750106782154 -4.4601478673043395
	From worker 2:	-4.3570954020638535 -3.8165306442478073 -2.9825099883053268
	From worker 2:	-3.1856586758142362 -2.413527793001656 -3.004450652170227
	From worker 2:	-3.7984886444013273 -4.036714612482232 -2.650598985604519
	From worker 2:	-4.295689568372415 -3.589972120494536 -3.625447338132453
	From worker 2:	-2.5039497712226226 -2.708586228608493 -2.505893074926968
	From worker 2:	-4.125400711460072 -3.2198795804629126 -3.5056102316989803
	From worker 2:	-3.869889448265187 -2.170865302624979 -4.292971415449455
	From worker 2:	-4.752490308546459 -2.3299418940474537 -4.694915452580034
	From worker 2:	-1.637064978218481 -1.0810683977369813 -2.9779039299984977
	From worker 2:	-4.124073486605985 -3.528558628288264 -3.8147693419773017
	From worker 2:	-2.617538228384522 -1.1816586885907405 -3.7165173428195515
	From worker 2:	-2.7320958980601264 -2.516303117553307 -2.742830690253479
	From worker 2:	-2.238961804504845 -1.7635776370593934 -2.9246277653654698
	From worker 2:	-4.901453877217263 -4.034570614416078 -3.7988156010927923
	From worker 2:	-4.664718766259158 -3.260209934209826 -3.2952808512743443
	From worker 2:	-3.156029311776674 -1.8458427398321877 -3.6252354015968837
	From worker 2:	-3.209477042571734 -2.667031315865007 -3.0290729738225015
	From worker 2:	-5.915746624065501 -3.5602046505438483 -4.7728088927219074
	From worker 2:	-3.4446233760039715 -2.9377299071063736 -2.654103357585671
	From worker 2:	-4.1262833316587795 -2.1923679436505727 -4.399292041614503
	From worker 2:	-5.2750404938736635 -4.159528685815461 -3.858507122537531
	From worker 2:	-3.547765437183131 -2.8869669149135686 -3.380175332546602
	From worker 2:	-4.236751720887709 -3.259438518709865 -3.705085675918514
	From worker 2:	-3.2215766384548052 -2.265949013438063 -3.2566030948294324
	From worker 2:	-3.68009634391443 -2.285510539384507 -3.437010056114778
	From worker 2:	-4.801442145620115 -2.9139016138638008 -4.666649340044506
	From worker 2:	-2.0510574584163375 -1.5498899268413826 -2.9548803653255913
	From worker 2:	-5.315426733364392 -4.750430711404627 -4.256791723658284
	From worker 2:	-5.371388438096846 -3.5189373568756563 -4.683984707317581
	From worker 2:	-4.579098700390821 -3.1563298957835055 -3.606193085271189
	From worker 2:	-2.3972871884554525 -2.54538334702825 -2.679592782896483
	From worker 2:	-4.715331129282781 -4.449820779145918 -2.4673986721985606
	From worker 2:	-4.099296561974666 -4.020624574111389 -2.6431578395553585
	From worker 2:	-2.8975526007019528 -2.3649023333889074 -3.076146819687257
	From worker 2:	-5.637661253938722 -5.705658120142969 -2.932277850126117
	From worker 2:	-2.3754610965106155 -2.8401013773508996 -2.574767167038937
	From worker 2:	-5.042333654895007 -4.399926418383579 -4.279364168685692
	From worker 2:	-4.9613389990926855 -3.8718393702338543 -4.238700277391631
	From worker 2:	-3.4867247293739556 -2.9380456982024836 -2.6214497566861663
	From worker 2:	-4.624935252795748 -4.058074888575032 -3.6394897339138956
	From worker 2:	-4.00708966586853 -3.002286008535664 -3.501593865749793
	From worker 2:	-4.208818520680456 -2.2694924016585305 -4.1824773830507675
	From worker 2:	-3.5813771348521515 -3.9268795668761616 -2.5880629862383357
	From worker 2:	-3.7685867383159137 -2.7720187285720344 -3.2314847947092074
	From worker 2:	-4.02011657438929 -2.3130512224151905 -3.9484041518651245
	From worker 2:	-5.39725137663595 -5.130569629910334 -3.3968801456756417
	From worker 2:	-4.258482677915552 -2.331976601321046 -4.236835511469514
	From worker 2:	-4.581071574380796 -2.9629496633838115 -3.687947026868608
	From worker 2:	-3.484034016336963 -1.506224767320755 -4.1772226519326185
	From worker 2:	-4.207346373208869 -3.9854776045427687 -2.543395681265475
	From worker 2:	-3.2143653317624117 -3.152464000671399 -2.8375736871046713
	From worker 2:	-2.8776174876022065 -2.8481963065131977 -2.515092035236119
	From worker 2:	-4.7075892375934885 -3.2198397312316804 -4.3925815765121
	From worker 2:	-5.309587529962351 -4.282206753041258 -3.938979219988264
	From worker 2:	-2.987574294853498 -3.1676691546953637 -2.4838352394088465
	From worker 2:	-4.079684949374746 -1.9493405310398 -4.602006700157383
	From worker 2:	-4.331001223888666 -3.3323332655003277 -3.4280511567382224
	From worker 2:	-4.734402384805716 -2.6890669912278087 -4.617426739958134
	From worker 2:	-4.87098121145929 -3.4123486119914994 -3.8265064951426746
	From worker 2:	-3.590532634655231 -2.49163019350838 -3.5470037322698356
	From worker 2:	-4.091716661664407 -3.1443984588113927 -3.33124139866173
	From worker 2:	0.3966101694915254 0.24406779661016953 0.2949152542372882 0.24745762711864405 0.39661016949152544 0.264406779661017 0.29491525423728815 0.36271186440677966 0.28135593220338984 0.3762711864406779 0.21355932203389832 0.3491525423728814 0.3389830508474577 0.24406779661016953 0.3389830508474576 0.38983050847457623 0.3389830508474577 0.11864406779661017 0.30508474576271194 0.21355932203389838 0.2677966101694915 0.37627118644067803 0.3389830508474576 0.29491525423728815 0.38644067796610165 0.33220338983050846 0.22033898305084748 0.21694915254237288 0.2745762711864407 0.3186440677966102 0.3389830508474576 0.3355932203389831 0.21355932203389838 0.2983050847457627 0.35254237288135604 0.38644067796610165 0.18644067796610175 0.30508474576271183 0.17627118644067796 0.2745762711864407 0.18983050847457633 0.24406779661016953 0.3728813559322034 0.3016949152542373 0.12881355932203398 0.3694915254237288 0.26101694915254237 0.3898305084745763 0.3559322033898305 0.33220338983050846 0.22033898305084748 0.29491525423728815 0.3864406779661017 0.19322033898305085 0.3118644067796611 0.14915254237288134 0.3966101694915254 0.30847457627118646 0.29152542372881357 0.3016949152542373 0.20677966101694917 0.22711864406779658 0.22711864406779658 0.2949152542372882 0.25084745762711863 0.3389830508474576 0.3254237288135594 0.2677966101694915 0.27457627118644073 0.3728813559322034 0.31525423728813556 0.20677966101694917 0.2305084745762712 0.3389830508474576 0.32881355932203393 0.34576271186440677 0.26779661016949147 0.36610169491525424 0.36610169491525424 0.23050847457627122 0.24745762711864405 0.16949152542372892 0.3525423728813559 0.2033898305084746 0.3864406779661017 0.3389830508474577 0.35932203389830514 0.3864406779661017 0.21016949152542375 0.20677966101694917 0.28135593220338984 0.26101694915254237 0.27118644067796616 0.3016949152542373 0.3694915254237288 0.376271186440678 0.2711864406779661 0.3050847457627119 0.26101694915254237 0.17966101694915254
	From worker 2:	0.010000000000000004 0.010000000000000004 0.010000000000000004 0.010000000000000004 0.010000000000000004 0.010000000000000004 0.010000000000000004 0.010000000000000004 0.010000000000000004 0.010000000000000004 0.010000000000000004 0.010000000000000004 0.010000000000000004 0.010000000000000004 0.010000000000000004 0.010000000000000004 0.010000000000000004 0.010000000000000004 0.010000000000000004 0.010000000000000004 0.010000000000000004 0.010000000000000004 0.010000000000000004 0.010000000000000004 0.010000000000000004 0.010000000000000004 0.010000000000000004 0.010000000000000004 0.010000000000000004 0.010000000000000004 0.010000000000000004 0.010000000000000004 0.010000000000000004 0.010000000000000004 0.010000000000000004 0.010000000000000004 0.010000000000000004 0.010000000000000004 0.010000000000000004 0.010000000000000004 0.010000000000000004 0.010000000000000004 0.010000000000000004 0.010000000000000004 0.010000000000000004 0.010000000000000004 0.010000000000000004 0.010000000000000004 0.010000000000000004 0.010000000000000004 0.010000000000000004 0.010000000000000004 0.010000000000000004 0.010000000000000004 0.010000000000000004 0.010000000000000004 0.010000000000000004 0.010000000000000004 0.010000000000000004 0.010000000000000004 0.010000000000000004 0.010000000000000004 0.010000000000000004 0.010000000000000004 0.010000000000000004 0.010000000000000004 0.010000000000000004 0.010000000000000004 0.010000000000000004 0.010000000000000004 0.010000000000000004 0.010000000000000004 0.010000000000000004 0.010000000000000004 0.010000000000000004 0.010000000000000004 0.010000000000000004 0.010000000000000004 0.010000000000000004 0.010000000000000004 0.010000000000000004 0.010000000000000004 0.010000000000000004 0.010000000000000004 0.010000000000000004 0.010000000000000004 0.010000000000000004 0.010000000000000004 0.010000000000000004 0.010000000000000004 0.010000000000000004 0.010000000000000004 0.010000000000000004 0.010000000000000004 0.010000000000000004 0.010000000000000004 0.010000000000000004 0.010000000000000004 0.010000000000000004 0.010000000000000004
	From worker 2:	3
	From worker 2:	100 100
	From worker 2:	4982 8272
	From worker 2:	0.4 0.2
	From worker 2:	-----
	From worker 2:	100
	From worker 2:	4982
	From worker 2:	0.4
	From worker 2:	-1.7682122741752933 -2.0882139945046863 -2.5432515363327637
	From worker 2:	-5.9497225257170605 -5.240978585086954 -4.18498737417381
	From worker 2:	-4.730740042550047 -4.435615145243233 -2.4800167870214915
	From worker 2:	-4.879377326733696 -3.4216723659524173 -4.1098998507295015
	From worker 2:	-4.646712908820435 -4.4060553796245285 -3.233296772249873
	From worker 2:	-4.060173101830019 -2.7269267243016238 -4.015358024441447
	From worker 2:	-3.512706494553823 -3.240541936377418 -3.031271998763621
	From worker 2:	-2.5847512597241544 -1.4980742590477298 -3.5246369202380183
	From worker 2:	-5.900634284490819 -4.230338794165931 -4.417340606181086
	From worker 2:	-2.3547571272832237 -1.5041056469970258 -3.1763019440020406
	From worker 2:	-4.453559591827885 -3.6656273153886243 -3.7617235764202674
	From worker 2:	-3.835147992517554 -2.0419494091532964 -4.273800530576963
	From worker 2:	-2.5840610043776073 -2.479811166369164 -2.544636946776106
	From worker 2:	-4.4711322592535 -3.4875497787386114 -3.584062584988289
	From worker 2:	-4.022424568897097 -4.21514609862421 -2.43118788471867
	From worker 2:	-2.4044801793105113 -3.414212202012267 -2.4077579691884994
	From worker 2:	-4.397379472628434 -3.6745819577218968 -3.1081830989747474
	From worker 2:	-3.4025837236192005 -2.676295201744333 -3.206423187774988
	From worker 2:	-3.470264937460573 -2.9282529113235345 -2.7081490098261263
	From worker 2:	-3.3405945714506244 -2.3714809485690984 -3.399802608714799
	From worker 2:	-4.317999507455298 -3.711425062737331 -3.2257836452276014
	From worker 2:	-5.64661662348704 -4.5271594690570565 -3.856854963674488
	From worker 2:	-4.419010826200134 -3.5580923913672793 -3.8083416660908624
	From worker 2:	-2.411595256121949 -1.8801595322425815 -2.884994337560686
	From worker 2:	-3.6423747059638343 -3.4780929094742468 -2.4688155424440184
	From worker 2:	-4.745689993822946 -4.470309451663359 -2.458669895004068
	From worker 2:	-3.5909582448869344 -3.7589533034077953 -2.57667855058981
	From worker 2:	-5.641273643244842 -3.7797915065436 -4.619027806654354
	From worker 2:	-3.80228785741658 -3.9060294911048716 -2.564041498034285
	From worker 2:	-4.717851782335673 -3.9977182877500517 -3.6570569452397446
	From worker 2:	-4.542362780787114 -3.25172506825011 -3.335329488961002
	From worker 2:	-2.374307912550848 -3.0057450618917554 -2.4269898412524373
	From worker 2:	-3.2186267476575168 -3.265317974694972 -2.854829018207798
	From worker 2:	-5.4016166374742625 -3.0697295219521266 -4.9079945901573705
	From worker 2:	-2.9896439533927306 -1.803564465564527 -3.4715496649573367
	From worker 2:	-5.096830621871962 -5.064762362122848 -2.7550947686931613
	From worker 2:	-3.4016222106641316 -3.539775623512757 -2.5690011329611897
	From worker 2:	-5.734424588529226 -2.6787168739124847 -5.103043057595235
	From worker 2:	-5.693013309440216 -4.396750106782154 -4.4601478673043395
	From worker 2:	-4.3570954020638535 -3.8165306442478073 -2.9825099883053268
	From worker 2:	-3.1856586758142362 -2.413527793001656 -3.004450652170227
	From worker 2:	-3.7984886444013273 -4.036714612482232 -2.650598985604519
	From worker 2:	-4.295689568372415 -3.589972120494536 -3.625447338132453
	From worker 2:	-2.5039497712226226 -2.708586228608493 -2.505893074926968
	From worker 2:	-4.125400711460072 -3.2198795804629126 -3.5056102316989803
	From worker 2:	-3.869889448265187 -2.170865302624979 -4.292971415449455
	From worker 2:	-4.752490308546459 -2.3299418940474537 -4.694915452580034
	From worker 2:	-1.637064978218481 -1.0810683977369813 -2.9779039299984977
	From worker 2:	-4.124073486605985 -3.528558628288264 -3.8147693419773017
	From worker 2:	-2.617538228384522 -1.1816586885907405 -3.7165173428195515
	From worker 2:	-2.7320958980601264 -2.516303117553307 -2.742830690253479
	From worker 2:	-2.238961804504845 -1.7635776370593934 -2.9246277653654698
	From worker 2:	-4.901453877217263 -4.034570614416078 -3.7988156010927923
	From worker 2:	-4.664718766259158 -3.260209934209826 -3.2952808512743443
	From worker 2:	-3.156029311776674 -1.8458427398321877 -3.6252354015968837
	From worker 2:	-3.209477042571734 -2.667031315865007 -3.0290729738225015
	From worker 2:	-5.915746624065501 -3.5602046505438483 -4.7728088927219074
	From worker 2:	-3.4446233760039715 -2.9377299071063736 -2.654103357585671
	From worker 2:	-4.1262833316587795 -2.1923679436505727 -4.399292041614503
	From worker 2:	-5.2750404938736635 -4.159528685815461 -3.858507122537531
	From worker 2:	-3.547765437183131 -2.8869669149135686 -3.380175332546602
	From worker 2:	-4.236751720887709 -3.259438518709865 -3.705085675918514
	From worker 2:	-3.2215766384548052 -2.265949013438063 -3.2566030948294324
	From worker 2:	-3.68009634391443 -2.285510539384507 -3.437010056114778
	From worker 2:	-4.801442145620115 -2.9139016138638008 -4.666649340044506
	From worker 2:	-2.0510574584163375 -1.5498899268413826 -2.9548803653255913
	From worker 2:	-5.315426733364392 -4.750430711404627 -4.256791723658284
	From worker 2:	-5.371388438096846 -3.5189373568756563 -4.683984707317581
	From worker 2:	-4.579098700390821 -3.1563298957835055 -3.606193085271189
	From worker 2:	-2.3972871884554525 -2.54538334702825 -2.679592782896483
	From worker 2:	-4.715331129282781 -4.449820779145918 -2.4673986721985606
	From worker 2:	-4.099296561974666 -4.020624574111389 -2.6431578395553585
	From worker 2:	-2.8975526007019528 -2.3649023333889074 -3.076146819687257
	From worker 2:	-5.637661253938722 -5.705658120142969 -2.932277850126117
	From worker 2:	-2.3754610965106155 -2.8401013773508996 -2.574767167038937
	From worker 2:	-5.042333654895007 -4.399926418383579 -4.279364168685692
	From worker 2:	-4.9613389990926855 -3.8718393702338543 -4.238700277391631
	From worker 2:	-3.4867247293739556 -2.9380456982024836 -2.6214497566861663
	From worker 2:	-4.624935252795748 -4.058074888575032 -3.6394897339138956
	From worker 2:	-4.00708966586853 -3.002286008535664 -3.501593865749793
	From worker 2:	-4.208818520680456 -2.2694924016585305 -4.1824773830507675
	From worker 2:	-3.5813771348521515 -3.9268795668761616 -2.5880629862383357
	From worker 2:	-3.7685867383159137 -2.7720187285720344 -3.2314847947092074
	From worker 2:	-4.02011657438929 -2.3130512224151905 -3.9484041518651245
	From worker 2:	-5.39725137663595 -5.130569629910334 -3.3968801456756417
	From worker 2:	-4.258482677915552 -2.331976601321046 -4.236835511469514
	From worker 2:	-4.581071574380796 -2.9629496633838115 -3.687947026868608
	From worker 2:	-3.484034016336963 -1.506224767320755 -4.1772226519326185
	From worker 2:	-4.207346373208869 -3.9854776045427687 -2.543395681265475
	From worker 2:	-3.2143653317624117 -3.152464000671399 -2.8375736871046713
	From worker 2:	-2.8776174876022065 -2.8481963065131977 -2.515092035236119
	From worker 2:	-4.7075892375934885 -3.2198397312316804 -4.3925815765121
	From worker 2:	-5.309587529962351 -4.282206753041258 -3.938979219988264
	From worker 2:	-2.987574294853498 -3.1676691546953637 -2.4838352394088465
	From worker 2:	-4.079684949374746 -1.9493405310398 -4.602006700157383
	From worker 2:	-4.331001223888666 -3.3323332655003277 -3.4280511567382224
	From worker 2:	-4.734402384805716 -2.6890669912278087 -4.617426739958134
	From worker 2:	-4.87098121145929 -3.4123486119914994 -3.8265064951426746
	From worker 2:	-3.590532634655231 -2.49163019350838 -3.5470037322698356
	From worker 2:	-4.091716661664407 -3.1443984588113927 -3.33124139866173
	From worker 2:	0.3966101694915254 0.24406779661016953 0.2949152542372882 0.24745762711864405 0.39661016949152544 0.264406779661017 0.29491525423728815 0.36271186440677966 0.28135593220338984 0.3762711864406779 0.21355932203389832 0.3491525423728814 0.3389830508474577 0.24406779661016953 0.3389830508474576 0.38983050847457623 0.3389830508474577 0.11864406779661017 0.30508474576271194 0.21355932203389838 0.2677966101694915 0.37627118644067803 0.3389830508474576 0.29491525423728815 0.38644067796610165 0.33220338983050846 0.22033898305084748 0.21694915254237288 0.2745762711864407 0.3186440677966102 0.3389830508474576 0.3355932203389831 0.21355932203389838 0.2983050847457627 0.35254237288135604 0.38644067796610165 0.18644067796610175 0.30508474576271183 0.17627118644067796 0.2745762711864407 0.18983050847457633 0.24406779661016953 0.3728813559322034 0.3016949152542373 0.12881355932203398 0.3694915254237288 0.26101694915254237 0.3898305084745763 0.3559322033898305 0.33220338983050846 0.22033898305084748 0.29491525423728815 0.3864406779661017 0.19322033898305085 0.3118644067796611 0.14915254237288134 0.3966101694915254 0.30847457627118646 0.29152542372881357 0.3016949152542373 0.20677966101694917 0.22711864406779658 0.22711864406779658 0.2949152542372882 0.25084745762711863 0.3389830508474576 0.3254237288135594 0.2677966101694915 0.27457627118644073 0.3728813559322034 0.31525423728813556 0.20677966101694917 0.2305084745762712 0.3389830508474576 0.32881355932203393 0.34576271186440677 0.26779661016949147 0.36610169491525424 0.36610169491525424 0.23050847457627122 0.24745762711864405 0.16949152542372892 0.3525423728813559 0.2033898305084746 0.3864406779661017 0.3389830508474577 0.35932203389830514 0.3864406779661017 0.21016949152542375 0.20677966101694917 0.28135593220338984 0.26101694915254237 0.27118644067796616 0.3016949152542373 0.3694915254237288 0.376271186440678 0.2711864406779661 0.3050847457627119 0.26101694915254237 0.17966101694915254
	From worker 2:	0.010000000000000004 0.010000000000000004 0.010000000000000004 0.010000000000000004 0.010000000000000004 0.010000000000000004 0.010000000000000004 0.010000000000000004 0.010000000000000004 0.010000000000000004 0.010000000000000004 0.010000000000000004 0.010000000000000004 0.010000000000000004 0.010000000000000004 0.010000000000000004 0.010000000000000004 0.010000000000000004 0.010000000000000004 0.010000000000000004 0.010000000000000004 0.010000000000000004 0.010000000000000004 0.010000000000000004 0.010000000000000004 0.010000000000000004 0.010000000000000004 0.010000000000000004 0.010000000000000004 0.010000000000000004 0.010000000000000004 0.010000000000000004 0.010000000000000004 0.010000000000000004 0.010000000000000004 0.010000000000000004 0.010000000000000004 0.010000000000000004 0.010000000000000004 0.010000000000000004 0.010000000000000004 0.010000000000000004 0.010000000000000004 0.010000000000000004 0.010000000000000004 0.010000000000000004 0.010000000000000004 0.010000000000000004 0.010000000000000004 0.010000000000000004 0.010000000000000004 0.010000000000000004 0.010000000000000004 0.010000000000000004 0.010000000000000004 0.010000000000000004 0.010000000000000004 0.010000000000000004 0.010000000000000004 0.010000000000000004 0.010000000000000004 0.010000000000000004 0.010000000000000004 0.010000000000000004 0.010000000000000004 0.010000000000000004 0.010000000000000004 0.010000000000000004 0.010000000000000004 0.010000000000000004 0.010000000000000004 0.010000000000000004 0.010000000000000004 0.010000000000000004 0.010000000000000004 0.010000000000000004 0.010000000000000004 0.010000000000000004 0.010000000000000004 0.010000000000000004 0.010000000000000004 0.010000000000000004 0.010000000000000004 0.010000000000000004 0.010000000000000004 0.010000000000000004 0.010000000000000004 0.010000000000000004 0.010000000000000004 0.010000000000000004 0.010000000000000004 0.010000000000000004 0.010000000000000004 0.010000000000000004 0.010000000000000004 0.010000000000000004 0.010000000000000004 0.010000000000000004 0.010000000000000004 0.010000000000000004
	From worker 2:	-----
	From worker 2:	100
	From worker 2:	8272
	From worker 2:	0.2
	From worker 2:	-2.6796952147871362 -2.6041321490014644 -2.666348099815605
	From worker 2:	-4.425032769160011 -2.7409173943766048 -4.354563586694055
	From worker 2:	-3.700130123051114 -2.761037852343094 -3.4099360418356013
	From worker 2:	-4.652519556400488 -3.2673229220951217 -3.840547257601231
	From worker 2:	-3.8115054726801993 -2.768084374915742 -3.3852540624382494
	From worker 2:	-4.028396750469554 -2.7794882029323906 -3.669984434355738
	From worker 2:	-2.790249266907435 -2.3274930568756944 -2.8881639418567593
	From worker 2:	-3.2135825684919688 -3.0341908357272933 -2.8162575523559457
	From worker 2:	-4.5654604307022195 -2.7650836246192703 -4.2338133566724325
	From worker 2:	-3.37429850619891 -3.3945712368900387 -2.670769113033291
	From worker 2:	-2.958954032338532 -2.9524342383016546 -2.6070544214990443
	From worker 2:	-3.6214407062410183 -2.495950210714198 -3.6327288650462313
	From worker 2:	-3.3616744679668944 -2.3586003141419 -3.349631960600523
	From worker 2:	-5.324876536017205 -3.307721736482601 -4.66942882410371
	From worker 2:	-3.9859648388109843 -3.735707053620093 -2.852498171922809
	From worker 2:	-4.02308286832788 -3.377398786457572 -3.1789888981863808
	From worker 2:	-4.03588672611209 -3.1363340164732536 -3.4653268792797505
	From worker 2:	-5.692841099177257 -4.046377032885987 -4.334958316361336
	From worker 2:	-4.930104633541742 -3.6671700307131734 -4.279938507039479
	From worker 2:	-3.6584806149480054 -2.713794128733114 -3.660132268050719
	From worker 2:	-4.8392942215857 -3.304173859134374 -4.070079378066223
	From worker 2:	-3.5788848040758223 -2.626444982808277 -3.35406805957886
	From worker 2:	-5.368160977688081 -4.031975052551171 -4.389246050189696
	From worker 2:	-3.389938640858726 -2.351082942769496 -3.432693070341476
	From worker 2:	-3.648639074098107 -2.722333754389472 -3.3201216173516013
	From worker 2:	-5.30074010010466 -3.5301080864396726 -4.21654559057164
	From worker 2:	-5.5973522162225935 -3.8461399617162813 -4.537619125771743
	From worker 2:	-3.465866533981603 -2.418763446498763 -3.255723830914323
	From worker 2:	-3.9172518442533835 -2.6173012677052037 -3.7051120779345794
	From worker 2:	-5.17544444722285 -3.5125262243848074 -4.25256851344739
	From worker 2:	-4.14117311207148 -3.6222096773152863 -3.2369321058984326
	From worker 2:	-5.030929888590676 -3.1384408571234856 -4.512517587624503
	From worker 2:	-3.3946383348196716 -3.195583975561156 -2.7386073479920108
	From worker 2:	-3.435529707695209 -2.6393348512209753 -3.2195748613977093
	From worker 2:	-5.336723454174873 -3.878610419213631 -4.467351442900172
	From worker 2:	-4.953886112539773 -3.5226149395808375 -4.055292572048365
	From worker 2:	-4.513771629136243 -3.1128595320914676 -4.013284584328171
	From worker 2:	-3.6492257170901334 -2.7330149372022494 -3.432100518272867
	From worker 2:	-5.515650992724842 -3.199818975085095 -4.298639315124989
	From worker 2:	-5.629703255207701 -3.8186214239151557 -4.578451064584002
	From worker 2:	-5.8826415703683415 -4.61725979730225 -4.345714788227109
	From worker 2:	-4.969003785912492 -3.182347089880385 -4.05814435280628
	From worker 2:	-3.3451723489372 -2.94998875080861 -2.806797095270863
	From worker 2:	-3.7345449976934546 -3.01658127920318 -3.276309368135268
	From worker 2:	-3.9547752393743902 -2.809276499098277 -3.7279651575776134
	From worker 2:	-3.3457744249474226 -2.7952352971002723 -2.968155258265573
	From worker 2:	-4.118713510400802 -2.809454800592024 -3.639002216910241
	From worker 2:	-3.786838913552172 -3.399448936528265 -2.955380407970392
	From worker 2:	-3.554369741032693 -2.760932291167546 -3.3435977191894795
	From worker 2:	-3.0765897469145744 -2.693799801638799 -2.8023481624316333
	From worker 2:	-3.8943069819659217 -3.4102931078405216 -3.1049964347021066
	From worker 2:	-3.898810496846545 -3.8609039494409743 -2.8017701527041123
	From worker 2:	-3.5914655623354066 -3.4286199415343157 -2.8290220892795777
	From worker 2:	-3.483612240896181 -2.75650935623936 -3.202148075594148
	From worker 2:	-5.066267584754491 -3.8760290075474826 -4.420967045485167
	From worker 2:	-5.019709492603411 -3.276030287340566 -4.599254226593602
	From worker 2:	-4.797054657580853 -3.1946787228396536 -4.158242570799317
	From worker 2:	-3.379515617495284 -2.6231534756666908 -3.150004272616425
	From worker 2:	-4.71152736744264 -3.0828691970438813 -4.188930967927472
	From worker 2:	-3.524839333810294 -2.702529159748792 -3.3843467349715866
	From worker 2:	-4.052325485385451 -3.243213933751446 -3.5395827992960256
	From worker 2:	-3.5157181545812897 -2.716184096438006 -2.9828163861066495
	From worker 2:	-4.0408123336712185 -3.2739558394316286 -3.3787000667614824
	From worker 2:	-3.51837988506226 -2.8741146579474623 -3.1682542511773493
	From worker 2:	-3.5304210689131166 -2.9722592432610333 -2.9925759335681184
	From worker 2:	-3.407082065802334 -3.3522568941401945 -2.6385771936302946
	From worker 2:	-4.114614311833092 -3.3160545308167637 -3.1994419206802265
	From worker 2:	-5.216465546649391 -3.462332918944191 -4.418613783229571
	From worker 2:	-3.67961124219539 -3.409326062797443 -2.7860083924978083
	From worker 2:	-3.3616014172889965 -2.474365500457435 -3.241881347817979
	From worker 2:	-4.0925958433351255 -2.706015353490735 -3.9626585287368528
	From worker 2:	-4.8711250595906055 -3.7037737132657442 -3.6585604433330556
	From worker 2:	-3.643577333840976 -1.9993471334590405 -3.8937803583096637
	From worker 2:	-5.6311281226000025 -4.263646981102818 -4.161146710490015
	From worker 2:	-3.156939273775855 -2.5434906401321156 -3.0146564015384927
	From worker 2:	-3.597276125639901 -3.5119242815557907 -2.8385836481322024
	From worker 2:	-3.301120238571605 -2.8177857415600194 -3.0502908728926177
	From worker 2:	-3.9254686968716697 -3.109221779041866 -3.4187728259233157
	From worker 2:	-4.112414599300919 -3.613936765421525 -2.786238572930965
	From worker 2:	-4.357295214113342 -2.4600957322558705 -4.170323066745797
	From worker 2:	-4.869195678830602 -3.1428494174267203 -4.233556699357732
	From worker 2:	-3.886689808853557 -2.7898488643000143 -3.365880577015813
	From worker 2:	-4.408019806946223 -2.712300310870785 -3.997417036859274
	From worker 2:	-4.327291677899036 -2.6718084902724555 -3.98713890340418
	From worker 2:	-4.99158372111607 -3.579116129645225 -3.647162025964037
	From worker 2:	-3.858205894278277 -3.015897171799796 -3.5031316155760575
	From worker 2:	-3.814900319960211 -2.79318546019945 -3.5421581596500706
	From worker 2:	-3.6327493519802485 -3.3131743079846068 -2.8592671661872764
	From worker 2:	-4.335478331999336 -3.2112107653767707 -3.5727015841841863
	From worker 2:	-4.245292767816253 -2.3676227771210963 -4.325411737883769
	From worker 2:	-3.7612140296948597 -2.561771768228823 -3.5094871465344255
	From worker 2:	-4.481340001963998 -2.843054242832964 -4.0110014148489155
	From worker 2:	-5.559050514904446 -2.5986425278345937 -4.607889997749914
	From worker 2:	-3.0637291581416286 -2.3112111131050113 -3.1424795727514443
	From worker 2:	-3.464738004576797 -2.484759096243764 -3.381481859861325
	From worker 2:	-4.1855170664067325 -2.881426548315264 -3.48413807654687
	From worker 2:	-4.201369074531968 -2.9988928673322475 -3.6199244907023598
	From worker 2:	-5.123023493580565 -3.390285597164319 -4.563206593727336
	From worker 2:	-4.00791611639084 -2.1657263615103046 -4.269821122944707
	From worker 2:	-3.0507168935880804 -3.02941990134304 -2.6210801262809347
	From worker 2:	0.17966101694915254 0.13898305084745763 0.1152542372881356 0.1932203389830509 0.08813559322033904 0.11525423728813566 0.16271186440677968 0.1084745762711864 0.16610169491525428 0.15932203389830513 0.18644067796610164 0.08813559322033898 0.15254237288135591 0.18983050847457628 0.19322033898305085 0.19661016949152543 0.14237288135593223 0.15932203389830507 0.17288135593220344 0.19661016949152543 0.19661016949152543 0.12542372881355932 0.1423728813559323 0.14915254237288136 0.09830508474576272 0.18983050847457628 0.15932203389830507 0.18644067796610164 0.11525423728813555 0.12881355932203392 0.18983050847457628 0.15593220338983052 0.09491525423728814 0.12542372881355934 0.15593220338983052 0.12881355932203387 0.19661016949152543 0.14915254237288136 0.1694915254237288 0.18983050847457628 0.1627118644067797 0.17627118644067796 0.12881355932203398 0.09152542372881356 0.08474576271186442 0.1389830508474576 0.17288135593220344 0.19322033898305083 0.1864406779661017 0.15932203389830513 0.1728813559322034 0.18983050847457628 0.1423728813559323 0.15593220338983052 0.17627118644067796 0.19661016949152543 0.15254237288135586 0.14576271186440679 0.1084745762711865 0.11186440677966103 0.15593220338983055 0.16610169491525423 0.16949152542372883 0.07796610169491525 0.16271186440677965 0.16610169491525428 0.1864406779661017 0.1423728813559322 0.15254237288135594 0.12203389830508482 0.16610169491525423 0.19661016949152543 0.19661016949152543 0.12203389830508474 0.1796610169491526 0.1559322033898305 0.0711864406779661 0.10508474576271187 0.19661016949152543 0.17288135593220344 0.1457627118644068 0.19322033898305085 0.13220338983050847 0.11525423728813566 0.12203389830508471 0.17627118644067796 0.19661016949152543 0.1084745762711865 0.13559322033898302 0.18983050847457628 0.09491525423728808 0.1796610169491526 0.18983050847457628 0.13559322033898313 0.12542372881355934 0.17288135593220344 0.18983050847457628 0.15932203389830507 0.1864406779661017 0.1457627118644068
	From worker 2:	0.012544482691912391 0.010724551704121716 0.008859974297454358 0.008703266829280904 0.008781353136834985 0.00880384593020786 0.011966418186207995 0.010099496509009794 0.010209623442520764 0.010461594103132472 0.011551681566758384 0.00956588369173751 0.010037759827691095 0.012746654755998973 0.009590906381588458 0.008527845844509191 0.008355729234391871 0.012524008645571974 0.010023835882174002 0.009157713796021797 0.009270709859941202 0.009180578906184058 0.011677555557790438 0.010038626610956017 0.008971037648485227 0.010423450730310469 0.01283951393143765 0.00978012531689255 0.00917065745394599 0.01024411118242209 0.008587279557826026 0.011328339597319428 0.010041467957562875 0.009377816627671842 0.011717675829613389 0.00934513478421668 0.009009269416805505 0.008947025435155543 0.011671574507686501 0.013178726989347743 0.015454861774530123 0.009534137396971006 0.009934538810007519 0.008624156250311165 0.00885878417077042 0.009640149440717895 0.008723107384726723 0.00905100841469947 0.009004790470326133 0.010697404720282137 0.008695540387003988 0.010043654681417019 0.009596289999870429 0.009160981948942666 0.011010835570181178 0.011672104865641221 0.009520164368247905 0.009542653122154002 0.00963847869461169 0.009118857926515261 0.008339847420136536 0.009521757390191458 0.008339837359599719 0.009024273417626178 0.009204568366186274 0.010508005033867084 0.008486345447574938 0.010972783184866147 0.009631763944644526 0.009782786688728652 0.009425103944332784 0.008873000945142406 0.011856879381115284 0.012191436922038406 0.010247412451041264 0.009644283483420115 0.009534347287862328 0.008409944121188555 0.00967303403243916 0.010704215654931576 0.009886516938457296 0.008729154198233459 0.009521231170903397 0.00955141502885074 0.009019697283157093 0.008511907559587764 0.00877685665475348 0.009388928749059883 0.00834929278961619 0.011711205573861315 0.009189655968852984 0.009336562341581573 0.015483697322237039 0.010810911066302324 0.009590088029719725 0.00858638245789985 0.00848299576691769 0.011554343114183392 0.01237102070609848 0.01121670604616734
	From worker 2:	3
	From worker 2:	100 100 100
	From worker 2:	4982 8272 55703
	From worker 2:	0.4 0.2 0.1
	From worker 2:	-----
	From worker 2:	100
	From worker 2:	4982
	From worker 2:	0.4
	From worker 2:	-1.7682122741752933 -2.0882139945046863 -2.5432515363327637
	From worker 2:	-5.9497225257170605 -5.240978585086954 -4.18498737417381
	From worker 2:	-4.730740042550047 -4.435615145243233 -2.4800167870214915
	From worker 2:	-4.879377326733696 -3.4216723659524173 -4.1098998507295015
	From worker 2:	-4.646712908820435 -4.4060553796245285 -3.233296772249873
	From worker 2:	-4.060173101830019 -2.7269267243016238 -4.015358024441447
	From worker 2:	-3.512706494553823 -3.240541936377418 -3.031271998763621
	From worker 2:	-2.5847512597241544 -1.4980742590477298 -3.5246369202380183
	From worker 2:	-5.900634284490819 -4.230338794165931 -4.417340606181086
	From worker 2:	-2.3547571272832237 -1.5041056469970258 -3.1763019440020406
	From worker 2:	-4.453559591827885 -3.6656273153886243 -3.7617235764202674
	From worker 2:	-3.835147992517554 -2.0419494091532964 -4.273800530576963
	From worker 2:	-2.5840610043776073 -2.479811166369164 -2.544636946776106
	From worker 2:	-4.4711322592535 -3.4875497787386114 -3.584062584988289
	From worker 2:	-4.022424568897097 -4.21514609862421 -2.43118788471867
	From worker 2:	-2.4044801793105113 -3.414212202012267 -2.4077579691884994
	From worker 2:	-4.397379472628434 -3.6745819577218968 -3.1081830989747474
	From worker 2:	-3.4025837236192005 -2.676295201744333 -3.206423187774988
	From worker 2:	-3.470264937460573 -2.9282529113235345 -2.7081490098261263
	From worker 2:	-3.3405945714506244 -2.3714809485690984 -3.399802608714799
	From worker 2:	-4.317999507455298 -3.711425062737331 -3.2257836452276014
	From worker 2:	-5.64661662348704 -4.5271594690570565 -3.856854963674488
	From worker 2:	-4.419010826200134 -3.5580923913672793 -3.8083416660908624
	From worker 2:	-2.411595256121949 -1.8801595322425815 -2.884994337560686
	From worker 2:	-3.6423747059638343 -3.4780929094742468 -2.4688155424440184
	From worker 2:	-4.745689993822946 -4.470309451663359 -2.458669895004068
	From worker 2:	-3.5909582448869344 -3.7589533034077953 -2.57667855058981
	From worker 2:	-5.641273643244842 -3.7797915065436 -4.619027806654354
	From worker 2:	-3.80228785741658 -3.9060294911048716 -2.564041498034285
	From worker 2:	-4.717851782335673 -3.9977182877500517 -3.6570569452397446
	From worker 2:	-4.542362780787114 -3.25172506825011 -3.335329488961002
	From worker 2:	-2.374307912550848 -3.0057450618917554 -2.4269898412524373
	From worker 2:	-3.2186267476575168 -3.265317974694972 -2.854829018207798
	From worker 2:	-5.4016166374742625 -3.0697295219521266 -4.9079945901573705
	From worker 2:	-2.9896439533927306 -1.803564465564527 -3.4715496649573367
	From worker 2:	-5.096830621871962 -5.064762362122848 -2.7550947686931613
	From worker 2:	-3.4016222106641316 -3.539775623512757 -2.5690011329611897
	From worker 2:	-5.734424588529226 -2.6787168739124847 -5.103043057595235
	From worker 2:	-5.693013309440216 -4.396750106782154 -4.4601478673043395
	From worker 2:	-4.3570954020638535 -3.8165306442478073 -2.9825099883053268
	From worker 2:	-3.1856586758142362 -2.413527793001656 -3.004450652170227
	From worker 2:	-3.7984886444013273 -4.036714612482232 -2.650598985604519
	From worker 2:	-4.295689568372415 -3.589972120494536 -3.625447338132453
	From worker 2:	-2.5039497712226226 -2.708586228608493 -2.505893074926968
	From worker 2:	-4.125400711460072 -3.2198795804629126 -3.5056102316989803
	From worker 2:	-3.869889448265187 -2.170865302624979 -4.292971415449455
	From worker 2:	-4.752490308546459 -2.3299418940474537 -4.694915452580034
	From worker 2:	-1.637064978218481 -1.0810683977369813 -2.9779039299984977
	From worker 2:	-4.124073486605985 -3.528558628288264 -3.8147693419773017
	From worker 2:	-2.617538228384522 -1.1816586885907405 -3.7165173428195515
	From worker 2:	-2.7320958980601264 -2.516303117553307 -2.742830690253479
	From worker 2:	-2.238961804504845 -1.7635776370593934 -2.9246277653654698
	From worker 2:	-4.901453877217263 -4.034570614416078 -3.7988156010927923
	From worker 2:	-4.664718766259158 -3.260209934209826 -3.2952808512743443
	From worker 2:	-3.156029311776674 -1.8458427398321877 -3.6252354015968837
	From worker 2:	-3.209477042571734 -2.667031315865007 -3.0290729738225015
	From worker 2:	-5.915746624065501 -3.5602046505438483 -4.7728088927219074
	From worker 2:	-3.4446233760039715 -2.9377299071063736 -2.654103357585671
	From worker 2:	-4.1262833316587795 -2.1923679436505727 -4.399292041614503
	From worker 2:	-5.2750404938736635 -4.159528685815461 -3.858507122537531
	From worker 2:	-3.547765437183131 -2.8869669149135686 -3.380175332546602
	From worker 2:	-4.236751720887709 -3.259438518709865 -3.705085675918514
	From worker 2:	-3.2215766384548052 -2.265949013438063 -3.2566030948294324
	From worker 2:	-3.68009634391443 -2.285510539384507 -3.437010056114778
	From worker 2:	-4.801442145620115 -2.9139016138638008 -4.666649340044506
	From worker 2:	-2.0510574584163375 -1.5498899268413826 -2.9548803653255913
	From worker 2:	-5.315426733364392 -4.750430711404627 -4.256791723658284
	From worker 2:	-5.371388438096846 -3.5189373568756563 -4.683984707317581
	From worker 2:	-4.579098700390821 -3.1563298957835055 -3.606193085271189
	From worker 2:	-2.3972871884554525 -2.54538334702825 -2.679592782896483
	From worker 2:	-4.715331129282781 -4.449820779145918 -2.4673986721985606
	From worker 2:	-4.099296561974666 -4.020624574111389 -2.6431578395553585
	From worker 2:	-2.8975526007019528 -2.3649023333889074 -3.076146819687257
	From worker 2:	-5.637661253938722 -5.705658120142969 -2.932277850126117
	From worker 2:	-2.3754610965106155 -2.8401013773508996 -2.574767167038937
	From worker 2:	-5.042333654895007 -4.399926418383579 -4.279364168685692
	From worker 2:	-4.9613389990926855 -3.8718393702338543 -4.238700277391631
	From worker 2:	-3.4867247293739556 -2.9380456982024836 -2.6214497566861663
	From worker 2:	-4.624935252795748 -4.058074888575032 -3.6394897339138956
	From worker 2:	-4.00708966586853 -3.002286008535664 -3.501593865749793
	From worker 2:	-4.208818520680456 -2.2694924016585305 -4.1824773830507675
	From worker 2:	-3.5813771348521515 -3.9268795668761616 -2.5880629862383357
	From worker 2:	-3.7685867383159137 -2.7720187285720344 -3.2314847947092074
	From worker 2:	-4.02011657438929 -2.3130512224151905 -3.9484041518651245
	From worker 2:	-5.39725137663595 -5.130569629910334 -3.3968801456756417
	From worker 2:	-4.258482677915552 -2.331976601321046 -4.236835511469514
	From worker 2:	-4.581071574380796 -2.9629496633838115 -3.687947026868608
	From worker 2:	-3.484034016336963 -1.506224767320755 -4.1772226519326185
	From worker 2:	-4.207346373208869 -3.9854776045427687 -2.543395681265475
	From worker 2:	-3.2143653317624117 -3.152464000671399 -2.8375736871046713
	From worker 2:	-2.8776174876022065 -2.8481963065131977 -2.515092035236119
	From worker 2:	-4.7075892375934885 -3.2198397312316804 -4.3925815765121
	From worker 2:	-5.309587529962351 -4.282206753041258 -3.938979219988264
	From worker 2:	-2.987574294853498 -3.1676691546953637 -2.4838352394088465
	From worker 2:	-4.079684949374746 -1.9493405310398 -4.602006700157383
	From worker 2:	-4.331001223888666 -3.3323332655003277 -3.4280511567382224
	From worker 2:	-4.734402384805716 -2.6890669912278087 -4.617426739958134
	From worker 2:	-4.87098121145929 -3.4123486119914994 -3.8265064951426746
	From worker 2:	-3.590532634655231 -2.49163019350838 -3.5470037322698356
	From worker 2:	-4.091716661664407 -3.1443984588113927 -3.33124139866173
	From worker 2:	0.3966101694915254 0.24406779661016953 0.2949152542372882 0.24745762711864405 0.39661016949152544 0.264406779661017 0.29491525423728815 0.36271186440677966 0.28135593220338984 0.3762711864406779 0.21355932203389832 0.3491525423728814 0.3389830508474577 0.24406779661016953 0.3389830508474576 0.38983050847457623 0.3389830508474577 0.11864406779661017 0.30508474576271194 0.21355932203389838 0.2677966101694915 0.37627118644067803 0.3389830508474576 0.29491525423728815 0.38644067796610165 0.33220338983050846 0.22033898305084748 0.21694915254237288 0.2745762711864407 0.3186440677966102 0.3389830508474576 0.3355932203389831 0.21355932203389838 0.2983050847457627 0.35254237288135604 0.38644067796610165 0.18644067796610175 0.30508474576271183 0.17627118644067796 0.2745762711864407 0.18983050847457633 0.24406779661016953 0.3728813559322034 0.3016949152542373 0.12881355932203398 0.3694915254237288 0.26101694915254237 0.3898305084745763 0.3559322033898305 0.33220338983050846 0.22033898305084748 0.29491525423728815 0.3864406779661017 0.19322033898305085 0.3118644067796611 0.14915254237288134 0.3966101694915254 0.30847457627118646 0.29152542372881357 0.3016949152542373 0.20677966101694917 0.22711864406779658 0.22711864406779658 0.2949152542372882 0.25084745762711863 0.3389830508474576 0.3254237288135594 0.2677966101694915 0.27457627118644073 0.3728813559322034 0.31525423728813556 0.20677966101694917 0.2305084745762712 0.3389830508474576 0.32881355932203393 0.34576271186440677 0.26779661016949147 0.36610169491525424 0.36610169491525424 0.23050847457627122 0.24745762711864405 0.16949152542372892 0.3525423728813559 0.2033898305084746 0.3864406779661017 0.3389830508474577 0.35932203389830514 0.3864406779661017 0.21016949152542375 0.20677966101694917 0.28135593220338984 0.26101694915254237 0.27118644067796616 0.3016949152542373 0.3694915254237288 0.376271186440678 0.2711864406779661 0.3050847457627119 0.26101694915254237 0.17966101694915254
	From worker 2:	0.010000000000000004 0.010000000000000004 0.010000000000000004 0.010000000000000004 0.010000000000000004 0.010000000000000004 0.010000000000000004 0.010000000000000004 0.010000000000000004 0.010000000000000004 0.010000000000000004 0.010000000000000004 0.010000000000000004 0.010000000000000004 0.010000000000000004 0.010000000000000004 0.010000000000000004 0.010000000000000004 0.010000000000000004 0.010000000000000004 0.010000000000000004 0.010000000000000004 0.010000000000000004 0.010000000000000004 0.010000000000000004 0.010000000000000004 0.010000000000000004 0.010000000000000004 0.010000000000000004 0.010000000000000004 0.010000000000000004 0.010000000000000004 0.010000000000000004 0.010000000000000004 0.010000000000000004 0.010000000000000004 0.010000000000000004 0.010000000000000004 0.010000000000000004 0.010000000000000004 0.010000000000000004 0.010000000000000004 0.010000000000000004 0.010000000000000004 0.010000000000000004 0.010000000000000004 0.010000000000000004 0.010000000000000004 0.010000000000000004 0.010000000000000004 0.010000000000000004 0.010000000000000004 0.010000000000000004 0.010000000000000004 0.010000000000000004 0.010000000000000004 0.010000000000000004 0.010000000000000004 0.010000000000000004 0.010000000000000004 0.010000000000000004 0.010000000000000004 0.010000000000000004 0.010000000000000004 0.010000000000000004 0.010000000000000004 0.010000000000000004 0.010000000000000004 0.010000000000000004 0.010000000000000004 0.010000000000000004 0.010000000000000004 0.010000000000000004 0.010000000000000004 0.010000000000000004 0.010000000000000004 0.010000000000000004 0.010000000000000004 0.010000000000000004 0.010000000000000004 0.010000000000000004 0.010000000000000004 0.010000000000000004 0.010000000000000004 0.010000000000000004 0.010000000000000004 0.010000000000000004 0.010000000000000004 0.010000000000000004 0.010000000000000004 0.010000000000000004 0.010000000000000004 0.010000000000000004 0.010000000000000004 0.010000000000000004 0.010000000000000004 0.010000000000000004 0.010000000000000004 0.010000000000000004 0.010000000000000004
	From worker 2:	-----
	From worker 2:	100
	From worker 2:	8272
	From worker 2:	0.2
	From worker 2:	-2.6796952147871362 -2.6041321490014644 -2.666348099815605
	From worker 2:	-4.425032769160011 -2.7409173943766048 -4.354563586694055
	From worker 2:	-3.700130123051114 -2.761037852343094 -3.4099360418356013
	From worker 2:	-4.652519556400488 -3.2673229220951217 -3.840547257601231
	From worker 2:	-3.8115054726801993 -2.768084374915742 -3.3852540624382494
	From worker 2:	-4.028396750469554 -2.7794882029323906 -3.669984434355738
	From worker 2:	-2.790249266907435 -2.3274930568756944 -2.8881639418567593
	From worker 2:	-3.2135825684919688 -3.0341908357272933 -2.8162575523559457
	From worker 2:	-4.5654604307022195 -2.7650836246192703 -4.2338133566724325
	From worker 2:	-3.37429850619891 -3.3945712368900387 -2.670769113033291
	From worker 2:	-2.958954032338532 -2.9524342383016546 -2.6070544214990443
	From worker 2:	-3.6214407062410183 -2.495950210714198 -3.6327288650462313
	From worker 2:	-3.3616744679668944 -2.3586003141419 -3.349631960600523
	From worker 2:	-5.324876536017205 -3.307721736482601 -4.66942882410371
	From worker 2:	-3.9859648388109843 -3.735707053620093 -2.852498171922809
	From worker 2:	-4.02308286832788 -3.377398786457572 -3.1789888981863808
	From worker 2:	-4.03588672611209 -3.1363340164732536 -3.4653268792797505
	From worker 2:	-5.692841099177257 -4.046377032885987 -4.334958316361336
	From worker 2:	-4.930104633541742 -3.6671700307131734 -4.279938507039479
	From worker 2:	-3.6584806149480054 -2.713794128733114 -3.660132268050719
	From worker 2:	-4.8392942215857 -3.304173859134374 -4.070079378066223
	From worker 2:	-3.5788848040758223 -2.626444982808277 -3.35406805957886
	From worker 2:	-5.368160977688081 -4.031975052551171 -4.389246050189696
	From worker 2:	-3.389938640858726 -2.351082942769496 -3.432693070341476
	From worker 2:	-3.648639074098107 -2.722333754389472 -3.3201216173516013
	From worker 2:	-5.30074010010466 -3.5301080864396726 -4.21654559057164
	From worker 2:	-5.5973522162225935 -3.8461399617162813 -4.537619125771743
	From worker 2:	-3.465866533981603 -2.418763446498763 -3.255723830914323
	From worker 2:	-3.9172518442533835 -2.6173012677052037 -3.7051120779345794
	From worker 2:	-5.17544444722285 -3.5125262243848074 -4.25256851344739
	From worker 2:	-4.14117311207148 -3.6222096773152863 -3.2369321058984326
	From worker 2:	-5.030929888590676 -3.1384408571234856 -4.512517587624503
	From worker 2:	-3.3946383348196716 -3.195583975561156 -2.7386073479920108
	From worker 2:	-3.435529707695209 -2.6393348512209753 -3.2195748613977093
	From worker 2:	-5.336723454174873 -3.878610419213631 -4.467351442900172
	From worker 2:	-4.953886112539773 -3.5226149395808375 -4.055292572048365
	From worker 2:	-4.513771629136243 -3.1128595320914676 -4.013284584328171
	From worker 2:	-3.6492257170901334 -2.7330149372022494 -3.432100518272867
	From worker 2:	-5.515650992724842 -3.199818975085095 -4.298639315124989
	From worker 2:	-5.629703255207701 -3.8186214239151557 -4.578451064584002
	From worker 2:	-5.8826415703683415 -4.61725979730225 -4.345714788227109
	From worker 2:	-4.969003785912492 -3.182347089880385 -4.05814435280628
	From worker 2:	-3.3451723489372 -2.94998875080861 -2.806797095270863
	From worker 2:	-3.7345449976934546 -3.01658127920318 -3.276309368135268
	From worker 2:	-3.9547752393743902 -2.809276499098277 -3.7279651575776134
	From worker 2:	-3.3457744249474226 -2.7952352971002723 -2.968155258265573
	From worker 2:	-4.118713510400802 -2.809454800592024 -3.639002216910241
	From worker 2:	-3.786838913552172 -3.399448936528265 -2.955380407970392
	From worker 2:	-3.554369741032693 -2.760932291167546 -3.3435977191894795
	From worker 2:	-3.0765897469145744 -2.693799801638799 -2.8023481624316333
	From worker 2:	-3.8943069819659217 -3.4102931078405216 -3.1049964347021066
	From worker 2:	-3.898810496846545 -3.8609039494409743 -2.8017701527041123
	From worker 2:	-3.5914655623354066 -3.4286199415343157 -2.8290220892795777
	From worker 2:	-3.483612240896181 -2.75650935623936 -3.202148075594148
	From worker 2:	-5.066267584754491 -3.8760290075474826 -4.420967045485167
	From worker 2:	-5.019709492603411 -3.276030287340566 -4.599254226593602
	From worker 2:	-4.797054657580853 -3.1946787228396536 -4.158242570799317
	From worker 2:	-3.379515617495284 -2.6231534756666908 -3.150004272616425
	From worker 2:	-4.71152736744264 -3.0828691970438813 -4.188930967927472
	From worker 2:	-3.524839333810294 -2.702529159748792 -3.3843467349715866
	From worker 2:	-4.052325485385451 -3.243213933751446 -3.5395827992960256
	From worker 2:	-3.5157181545812897 -2.716184096438006 -2.9828163861066495
	From worker 2:	-4.0408123336712185 -3.2739558394316286 -3.3787000667614824
	From worker 2:	-3.51837988506226 -2.8741146579474623 -3.1682542511773493
	From worker 2:	-3.5304210689131166 -2.9722592432610333 -2.9925759335681184
	From worker 2:	-3.407082065802334 -3.3522568941401945 -2.6385771936302946
	From worker 2:	-4.114614311833092 -3.3160545308167637 -3.1994419206802265
	From worker 2:	-5.216465546649391 -3.462332918944191 -4.418613783229571
	From worker 2:	-3.67961124219539 -3.409326062797443 -2.7860083924978083
	From worker 2:	-3.3616014172889965 -2.474365500457435 -3.241881347817979
	From worker 2:	-4.0925958433351255 -2.706015353490735 -3.9626585287368528
	From worker 2:	-4.8711250595906055 -3.7037737132657442 -3.6585604433330556
	From worker 2:	-3.643577333840976 -1.9993471334590405 -3.8937803583096637
	From worker 2:	-5.6311281226000025 -4.263646981102818 -4.161146710490015
	From worker 2:	-3.156939273775855 -2.5434906401321156 -3.0146564015384927
	From worker 2:	-3.597276125639901 -3.5119242815557907 -2.8385836481322024
	From worker 2:	-3.301120238571605 -2.8177857415600194 -3.0502908728926177
	From worker 2:	-3.9254686968716697 -3.109221779041866 -3.4187728259233157
	From worker 2:	-4.112414599300919 -3.613936765421525 -2.786238572930965
	From worker 2:	-4.357295214113342 -2.4600957322558705 -4.170323066745797
	From worker 2:	-4.869195678830602 -3.1428494174267203 -4.233556699357732
	From worker 2:	-3.886689808853557 -2.7898488643000143 -3.365880577015813
	From worker 2:	-4.408019806946223 -2.712300310870785 -3.997417036859274
	From worker 2:	-4.327291677899036 -2.6718084902724555 -3.98713890340418
	From worker 2:	-4.99158372111607 -3.579116129645225 -3.647162025964037
	From worker 2:	-3.858205894278277 -3.015897171799796 -3.5031316155760575
	From worker 2:	-3.814900319960211 -2.79318546019945 -3.5421581596500706
	From worker 2:	-3.6327493519802485 -3.3131743079846068 -2.8592671661872764
	From worker 2:	-4.335478331999336 -3.2112107653767707 -3.5727015841841863
	From worker 2:	-4.245292767816253 -2.3676227771210963 -4.325411737883769
	From worker 2:	-3.7612140296948597 -2.561771768228823 -3.5094871465344255
	From worker 2:	-4.481340001963998 -2.843054242832964 -4.0110014148489155
	From worker 2:	-5.559050514904446 -2.5986425278345937 -4.607889997749914
	From worker 2:	-3.0637291581416286 -2.3112111131050113 -3.1424795727514443
	From worker 2:	-3.464738004576797 -2.484759096243764 -3.381481859861325
	From worker 2:	-4.1855170664067325 -2.881426548315264 -3.48413807654687
	From worker 2:	-4.201369074531968 -2.9988928673322475 -3.6199244907023598
	From worker 2:	-5.123023493580565 -3.390285597164319 -4.563206593727336
	From worker 2:	-4.00791611639084 -2.1657263615103046 -4.269821122944707
	From worker 2:	-3.0507168935880804 -3.02941990134304 -2.6210801262809347
	From worker 2:	0.17966101694915254 0.13898305084745763 0.1152542372881356 0.1932203389830509 0.08813559322033904 0.11525423728813566 0.16271186440677968 0.1084745762711864 0.16610169491525428 0.15932203389830513 0.18644067796610164 0.08813559322033898 0.15254237288135591 0.18983050847457628 0.19322033898305085 0.19661016949152543 0.14237288135593223 0.15932203389830507 0.17288135593220344 0.19661016949152543 0.19661016949152543 0.12542372881355932 0.1423728813559323 0.14915254237288136 0.09830508474576272 0.18983050847457628 0.15932203389830507 0.18644067796610164 0.11525423728813555 0.12881355932203392 0.18983050847457628 0.15593220338983052 0.09491525423728814 0.12542372881355934 0.15593220338983052 0.12881355932203387 0.19661016949152543 0.14915254237288136 0.1694915254237288 0.18983050847457628 0.1627118644067797 0.17627118644067796 0.12881355932203398 0.09152542372881356 0.08474576271186442 0.1389830508474576 0.17288135593220344 0.19322033898305083 0.1864406779661017 0.15932203389830513 0.1728813559322034 0.18983050847457628 0.1423728813559323 0.15593220338983052 0.17627118644067796 0.19661016949152543 0.15254237288135586 0.14576271186440679 0.1084745762711865 0.11186440677966103 0.15593220338983055 0.16610169491525423 0.16949152542372883 0.07796610169491525 0.16271186440677965 0.16610169491525428 0.1864406779661017 0.1423728813559322 0.15254237288135594 0.12203389830508482 0.16610169491525423 0.19661016949152543 0.19661016949152543 0.12203389830508474 0.1796610169491526 0.1559322033898305 0.0711864406779661 0.10508474576271187 0.19661016949152543 0.17288135593220344 0.1457627118644068 0.19322033898305085 0.13220338983050847 0.11525423728813566 0.12203389830508471 0.17627118644067796 0.19661016949152543 0.1084745762711865 0.13559322033898302 0.18983050847457628 0.09491525423728808 0.1796610169491526 0.18983050847457628 0.13559322033898313 0.12542372881355934 0.17288135593220344 0.18983050847457628 0.15932203389830507 0.1864406779661017 0.1457627118644068
	From worker 2:	0.012544482691912391 0.010724551704121716 0.008859974297454358 0.008703266829280904 0.008781353136834985 0.00880384593020786 0.011966418186207995 0.010099496509009794 0.010209623442520764 0.010461594103132472 0.011551681566758384 0.00956588369173751 0.010037759827691095 0.012746654755998973 0.009590906381588458 0.008527845844509191 0.008355729234391871 0.012524008645571974 0.010023835882174002 0.009157713796021797 0.009270709859941202 0.009180578906184058 0.011677555557790438 0.010038626610956017 0.008971037648485227 0.010423450730310469 0.01283951393143765 0.00978012531689255 0.00917065745394599 0.01024411118242209 0.008587279557826026 0.011328339597319428 0.010041467957562875 0.009377816627671842 0.011717675829613389 0.00934513478421668 0.009009269416805505 0.008947025435155543 0.011671574507686501 0.013178726989347743 0.015454861774530123 0.009534137396971006 0.009934538810007519 0.008624156250311165 0.00885878417077042 0.009640149440717895 0.008723107384726723 0.00905100841469947 0.009004790470326133 0.010697404720282137 0.008695540387003988 0.010043654681417019 0.009596289999870429 0.009160981948942666 0.011010835570181178 0.011672104865641221 0.009520164368247905 0.009542653122154002 0.00963847869461169 0.009118857926515261 0.008339847420136536 0.009521757390191458 0.008339837359599719 0.009024273417626178 0.009204568366186274 0.010508005033867084 0.008486345447574938 0.010972783184866147 0.009631763944644526 0.009782786688728652 0.009425103944332784 0.008873000945142406 0.011856879381115284 0.012191436922038406 0.010247412451041264 0.009644283483420115 0.009534347287862328 0.008409944121188555 0.00967303403243916 0.010704215654931576 0.009886516938457296 0.008729154198233459 0.009521231170903397 0.00955141502885074 0.009019697283157093 0.008511907559587764 0.00877685665475348 0.009388928749059883 0.00834929278961619 0.011711205573861315 0.009189655968852984 0.009336562341581573 0.015483697322237039 0.010810911066302324 0.009590088029719725 0.00858638245789985 0.00848299576691769 0.011554343114183392 0.01237102070609848 0.01121670604616734
	From worker 2:	-----
	From worker 2:	100
	From worker 2:	55703
	From worker 2:	0.1
	From worker 2:	-3.5688747980407562 -2.6019758539255946 -3.395746021904525
	From worker 2:	-3.6349781474523066 -2.6387712534662686 -3.4910727119249754
	From worker 2:	-3.6670838547903224 -3.095049421430242 -3.1599751327077827
	From worker 2:	-4.080930505296708 -2.8171928936916215 -3.8810557601541094
	From worker 2:	-3.799467981564654 -2.7261298200334907 -3.6507561317034964
	From worker 2:	-3.549222704366486 -3.1403730719390954 -3.1194571100489976
	From worker 2:	-4.363117902857312 -3.1427548577050293 -3.6980788285949684
	From worker 2:	-3.4742590655216845 -2.9758309897476267 -3.0659746096609397
	From worker 2:	-3.4930258939290235 -2.980531806202271 -2.9064699831479395
	From worker 2:	-3.508508106068996 -2.959453117133603 -3.0384067938999637
	From worker 2:	-3.464290494690924 -3.0100019308567476 -3.0705724859744814
	From worker 2:	-3.8602037263811653 -2.7087894266162564 -3.3860162015840145
	From worker 2:	-3.3877817582307057 -3.105451546703426 -2.861245688773394
	From worker 2:	-3.254693875885908 -2.841075207856828 -2.892124793289142
	From worker 2:	-3.509290433606171 -2.739013027923819 -3.2471625492789693
	From worker 2:	-3.9256492460886916 -2.857617016301686 -3.3632567796588786
	From worker 2:	-3.5416644632761245 -3.1919391275845843 -2.8389911896605793
	From worker 2:	-3.963024738410875 -2.7446757888571036 -3.462162027853482
	From worker 2:	-3.561664486923595 -2.877201370861334 -3.352541070994916
	From worker 2:	-3.604037660114062 -2.717162018574761 -3.305540662020118
	From worker 2:	-3.7899185905906463 -3.1551367255199807 -2.946842447404166
	From worker 2:	-4.414849723027923 -3.0406014084796698 -3.997702458279572
	From worker 2:	-3.4684211173333392 -2.685587820104918 -3.178067269476905
	From worker 2:	-3.433038738571823 -3.200656755482296 -2.7377171533302596
	From worker 2:	-3.6982916066706824 -3.0213346134122427 -2.998249746379247
	From worker 2:	-3.4381387394123193 -2.846111514504254 -3.1622468654411193
	From worker 2:	-4.268384372780987 -3.111492709555564 -3.6017912236376737
	From worker 2:	-3.2703613286866875 -2.8830434400243687 -2.880303450517455
	From worker 2:	-4.000160988100042 -2.7408046861088335 -3.6909673727054497
	From worker 2:	-3.847297548747238 -2.742604021990394 -3.6849642615062863
	From worker 2:	-3.5017512007125613 -2.907651776177642 -3.0520921455390106
	From worker 2:	-3.161283716517591 -2.9912567397365852 -2.769416953988149
	From worker 2:	-3.398556733153001 -2.715342705374639 -3.1622083424987424
	From worker 2:	-4.344862386143642 -2.785739879216702 -3.808253755891909
	From worker 2:	-3.636716710091615 -2.8140887664146876 -3.1428053059583227
	From worker 2:	-4.826361932564291 -3.1574271290675897 -3.8799918941631866
	From worker 2:	-3.827619867965433 -2.629571086902037 -3.5020771965247133
	From worker 2:	-3.2350135733247765 -2.9084631478116507 -2.8848330342028445
	From worker 2:	-3.6546678618988055 -2.930499614984144 -3.2249623437914785
	From worker 2:	-3.8572494370524417 -2.878079700319401 -3.328473861846504
	From worker 2:	-3.7181109791205778 -3.358963598744125 -2.7641233443469826
	From worker 2:	-3.2119211582664877 -2.9268397729477083 -2.80053993262229
	From worker 2:	-3.5063635653738396 -2.9530712973488176 -2.939231086861743
	From worker 2:	-3.4071911628953666 -2.8486653249268454 -3.1307554925475505
	From worker 2:	-3.226919423450178 -2.9575261936309425 -2.78588692848924
	From worker 2:	-3.7803288821070393 -2.916852990218905 -3.2128810947985444
	From worker 2:	-3.2728655929838633 -2.7823390107910306 -3.0741163109971517
	From worker 2:	-3.8890103833848544 -2.7092835278373313 -3.5884711036037684
	From worker 2:	-4.087064240090529 -2.7643542277693163 -3.7723432503226624
	From worker 2:	-3.5670614921480297 -2.7840601193083336 -3.3050550345622707
	From worker 2:	-3.3145091973752963 -2.92935066580264 -2.920744603878857
	From worker 2:	-3.8251615198519153 -2.7049571303148428 -3.5507757471080597
	From worker 2:	-3.4964570831351507 -2.82409901145255 -3.1291058444635134
	From worker 2:	-3.490090039786292 -3.070105529644801 -3.0904735222279713
	From worker 2:	-4.164325402260719 -2.959157226815543 -3.8301741810516625
	From worker 2:	-4.36548160270338 -3.2342679089648625 -3.893780652281201
	From worker 2:	-4.225477360928661 -2.793117529976756 -3.8405706643553494
	From worker 2:	-3.5391312332770775 -3.037260225013873 -3.1037042421391767
	From worker 2:	-3.3467666642606964 -3.062130070733934 -2.774090237357037
	From worker 2:	-3.5350320590475617 -2.500629371594407 -3.5309954452338297
	From worker 2:	-3.4386573374733342 -3.0134111067966303 -2.9699509634968027
	From worker 2:	-3.5935666494614598 -3.077151132695379 -3.0065306575451745
	From worker 2:	-3.464489920155848 -3.1306770513397857 -2.8855561351702987
	From worker 2:	-3.4332413807960833 -2.8103087421533357 -3.089245662248325
	From worker 2:	-3.3265750817188002 -2.751998070160557 -2.9312698379242668
	From worker 2:	-3.39298192254474 -2.867119444701941 -2.9273085009740165
	From worker 2:	-3.9788907395992648 -2.6457868261947857 -3.6213626240446652
	From worker 2:	-3.543753215683742 -2.688732085081641 -3.2912371753142775
	From worker 2:	-4.759919192993388 -3.476426369511598 -3.996264016486105
	From worker 2:	-3.677120787676517 -3.0070183792732377 -2.9772065517380666
	From worker 2:	-3.8346702477680217 -2.7378309248190305 -3.552912006428233
	From worker 2:	-3.7628338561195367 -2.8929976405814504 -3.41558510934068
	From worker 2:	-3.708945018288494 -2.8850379766424594 -3.2883749186787585
	From worker 2:	-3.8017970699879275 -2.959054050474011 -3.404024727693939
	From worker 2:	-3.167023914473236 -3.1243427904907324 -2.737332757097553
	From worker 2:	-3.1565219705077983 -2.235578035488677 -3.3623692089873662
	From worker 2:	-4.521433867595005 -3.114846942697339 -3.8457890318968753
	From worker 2:	-3.6189295194882565 -3.154066674927539 -2.947270684490813
	From worker 2:	-4.441148070621885 -2.9425147465448362 -3.661135536897613
	From worker 2:	-4.114129487429856 -2.589524772778763 -3.992860927781184
	From worker 2:	-3.4760399217020006 -3.073069535476697 -2.9399713917175254
	From worker 2:	-3.393509648741714 -2.986261235781984 -2.9169665787762966
	From worker 2:	-3.6559110282896663 -2.8245598973614725 -3.151040871054694
	From worker 2:	-3.5030325883673523 -3.0957049245715202 -2.824615837525638
	From worker 2:	-3.3558956454462776 -3.225117775756199 -2.7911558004292205
	From worker 2:	-4.672254269603254 -3.3542870399383924 -3.8315819963509035
	From worker 2:	-3.7579096543161494 -2.87415259830593 -3.5253187955240906
	From worker 2:	-3.5280470813430758 -2.982892601898976 -2.9498614183768117
	From worker 2:	-3.6369807313786486 -2.7099315189407487 -3.319293647946528
	From worker 2:	-3.4425264265842515 -3.146255086241831 -2.7443812059966692
	From worker 2:	-4.084101286992832 -3.018209842997314 -3.6596307467870837
	From worker 2:	-3.6257094427997156 -2.5372188085290897 -3.4752037981599075
	From worker 2:	-3.582720085044403 -2.889281289126486 -3.0185874869569953
	From worker 2:	-3.32188857505162 -2.5292891119849648 -3.2356823041053464
	From worker 2:	-3.4532817526762134 -2.832040483465391 -3.0322963934150695
	From worker 2:	-3.8874966313493813 -3.004516572843606 -3.251927425411869
	From worker 2:	-3.677087910712383 -2.6476404733885675 -3.3525614676889326
	From worker 2:	-3.3491548158260467 -3.053253701599512 -2.8720473084814624
	From worker 2:	-3.73230593068578 -2.6398057977581777 -3.6155258908722345
	From worker 2:	-3.342845656083367 -3.1451585897162118 -2.778798228007522
	From worker 2:	0.0847457627118644 0.09830508474576272 0.08135593220338977 0.08813559322033898 0.08474576271186446 0.09491525423728808 0.08135593220338988 0.0711864406779661 0.07457627118644072 0.09152542372881362 0.09152542372881356 0.09491525423728814 0.044067796610169574 0.07796610169491525 0.07796610169491526 0.0847457627118644 0.07118644067796609 0.09491525423728812 0.08813559322033904 0.09830508474576272 0.0847457627118644 0.09830508474576272 0.09152542372881356 0.07796610169491536 0.08135593220338977 0.06779661016949153 0.09152542372881356 0.08813559322033898 0.09830508474576277 0.09152542372881356 0.07457627118644067 0.09830508474576272 0.06779661016949153 0.09152542372881356 0.08813559322033898 0.07796610169491525 0.0847457627118644 0.08474576271186446 0.0847457627118644 0.07118644067796609 0.08135593220338977 0.0949152542372882 0.08135593220338984 0.0711864406779661 0.09152542372881356 0.06440677966101695 0.09491525423728814 0.08813559322033904 0.09491525423728808 0.09830508474576272 0.07796610169491526 0.0847457627118644 0.07118644067796612 0.09152542372881356 0.09830508474576272 0.07796610169491525 0.07796610169491526 0.06779661016949153 0.09830508474576272 0.09152542372881356 0.0847457627118644 0.0949152542372882 0.0542372881355932 0.0949152542372882 0.0847457627118644 0.09830508474576272 0.09152542372881362 0.09830508474576272 0.07796610169491526 0.08135593220338988 0.09152542372881356 0.0779661016949153 0.08813559322033904 0.09830508474576272 0.09830508474576272 0.09491525423728814 0.07796610169491525 0.05762711864406789 0.09830508474576266 0.09830508474576272 0.08474576271186443 0.08135593220338988 0.07796610169491536 0.09830508474576272 0.06779661016949157 0.08135593220338988 0.09152542372881356 0.09152542372881356 0.09491525423728814 0.09491525423728808 0.09491525423728814 0.0949152542372882 0.06779661016949157 0.09830508474576272 0.06440677966101699 0.08813559322033893 0.09491525423728814 0.08135593220338977 0.08135593220338984 0.09152542372881362
	From worker 2:	0.009715499365548743 0.009486274229766653 0.009411457412456303 0.009342817800531691 0.009194773147147398 0.009817231880212484 0.00908482694066691 0.009757467179723598 0.01035534286309084 0.009766322474297082 0.009807515177116123 0.009102106276308764 0.011075513178947371 0.011038557779255068 0.009464614117364628 0.008824278241031554 0.011191492520405235 0.008979091824278602 0.009094358421025763 0.009303336757093886 0.010270161406295884 0.009460931683709185 0.009810124881867298 0.0121425336116454 0.009763928451437176 0.009584036923759335 0.00894912886112036 0.011017364196575659 0.009124853543658613 0.009169623244474805 0.009717378396622236 0.012182803124456356 0.009907849672982312 0.009420786265960214 0.009352801984026429 0.00996134266897768 0.009362972753245592 0.011115815697609607 0.009085158826054101 0.008837806573124432 0.012500808063282748 0.011695283939152049 0.010157479936824844 0.009722880481799982 0.011751844545844119 0.009022518548792349 0.010338879211897401 0.009108126360891509 0.009209008087951788 0.009209818240569953 0.010677110844440308 0.00911541283635546 0.009561307437909866 0.009812330012768137 0.009031030288692565 0.00944875065219626 0.009330661935605214 0.009613042295245367 0.011602187122565642 0.010401073428767484 0.010218724092145321 0.009924259524912169 0.010840478195576278 0.009809990607974987 0.010779589910268304 0.010444022804649353 0.009370727387919048 0.00948962159973333 0.010596752914287732 0.009847015848736559 0.009019317393171217 0.008805580080770606 0.00894741040224442 0.00878064402038143 0.012770291520310562 0.014260672175652904 0.009314668459488392 0.010362347030612852 0.009161493283264011 0.010648446644286443 0.010385162693091473 0.010520467070488338 0.009300825600591799 0.011000921443304102 0.012113099970039893 0.009981029607713628 0.008843944888163655 0.01009734790492176 0.009270346319999194 0.011830465634354595 0.008790592470891987 0.009970530009123462 0.009723467377878514 0.010793769055809265 0.009919888875405385 0.008962678719997006 0.009410059010409788 0.010983305535799862 0.009495777843043032 0.01185443144716304
	From worker 2:	5122.273384 seconds (13.79 G allocations: 1.909 TiB, 41.50% gc time)
	From worker 2:	Writing ENSMUSG00000006398 to file
Run finished at  Wed Jul 25 17:31:55 BST 2018
