Run started at  Mon Jul 30 15:44:41 BST 2018
WARNING: No working GUI backend found for matplotlib
WARNING: No working GUI backend found for matplotlib
Start include.
Starting
Ready
	From worker 2:	Parameters set for ENSMUSG00000012396
	From worker 2:	starting ABC for ENSMUSG00000012396
	From worker 2:	Number of trials = 1
	From worker 2:	Number accepted = 0
	From worker 2:	Number of trials = 1001
	From worker 2:	Number accepted = 10
	From worker 2:	Number of trials = 2001
	From worker 2:	Number accepted = 20
	From worker 2:	Number of trials = 3001
	From worker 2:	Number accepted = 29
	From worker 2:	Number of trials = 4001
	From worker 2:	Number accepted = 43
	From worker 2:	Number of trials = 5001
	From worker 2:	Number accepted = 51
	From worker 2:	Number of trials = 6001
	From worker 2:	Number accepted = 57
	From worker 2:	Number of trials = 7001
	From worker 2:	Number accepted = 67
	From worker 2:	Number of trials = 8001
	From worker 2:	Number accepted = 79
	From worker 2:	Number of trials = 9001
	From worker 2:	Number accepted = 89
	From worker 2:	Number of trials = 10001
	From worker 2:	Number accepted = 92
	From worker 2:	3
	From worker 2:	100
	From worker 2:	10644
	From worker 2:	0.4
	From worker 2:	-3.7628541798792243 -2.63227773462174 -4.540036419142439
	From worker 2:	-3.227206036639005 -3.8078362453709076 -3.454801485991276
	From worker 2:	-2.705109356734198 -3.574763184440429 -3.356326976891839
	From worker 2:	-5.443982636694271 -4.033541449891943 -4.759510119967544
	From worker 2:	-4.4259227905435905 -3.3933669485551516 -4.102438876143876
	From worker 2:	-5.796273492071403 -4.572167627499782 -4.78029492652229
	From worker 2:	-5.23774176231529 -3.5924066213389865 -4.75737185814903
	From worker 2:	-4.212735325638732 -4.317028673248567 -3.3431842391903768
	From worker 2:	-4.700436447132411 -3.7573922929947 -4.260842576959895
	From worker 2:	-5.76249560353852 -4.708197081871306 -4.806659868057476
	From worker 2:	-4.654427517862969 -4.778211491699899 -3.456352886085203
	From worker 2:	-4.265187340291875 -3.3065754434014996 -4.290628273579387
	From worker 2:	-4.070223038201009 -4.042098798198333 -3.4414357002483422
	From worker 2:	-5.106723637448715 -4.7244378094870445 -3.861302650794539
	From worker 2:	-3.287367249263311 -2.741475386864746 -4.008235568716404
	From worker 2:	-5.2764334066453795 -4.6004469400038195 -3.347179488118339
	From worker 2:	-3.355278552754583 -3.7387507417130212 -3.544437911209288
	From worker 2:	-4.508593329238401 -3.426216564555692 -4.550160078290123
	From worker 2:	-4.725143753288916 -4.097966388317749 -4.357895930467283
	From worker 2:	-5.749620939288846 -4.31991311668517 -4.830853724196906
	From worker 2:	-5.519826596867686 -5.59845308705919 -3.3993374500832325
	From worker 2:	-5.725681533461367 -4.850714702350309 -4.606455574632166
	From worker 2:	-4.435428461627578 -4.110239555662643 -3.811328362279135
	From worker 2:	-4.049084436401598 -5.421584795998475 -3.4041367649493597
	From worker 2:	-4.151159073852922 -3.0873583485324754 -4.259722680695898
	From worker 2:	-3.9533693176443174 -2.6816367793956055 -4.531722318583942
	From worker 2:	-4.850025164863263 -3.117970434438724 -4.886684024181483
	From worker 2:	-4.251250352799124 -4.260616727576472 -3.633647061658519
	From worker 2:	-2.9950354804653423 -3.8840127377298495 -3.322536354887247
	From worker 2:	-4.290454313340411 -3.988426480873874 -3.517766158349902
	From worker 2:	-4.024826327554386 -3.2004942040816866 -3.989532582402682
	From worker 2:	-3.6583743246571223 -2.215010024659016 -4.718684908819826
	From worker 2:	-4.924677546377433 -4.435013442929465 -4.505951720136404
	From worker 2:	-5.492112519166236 -3.741095422269523 -4.948416395652029
	From worker 2:	-3.0240500979279608 -3.156954579988436 -3.429763386208719
	From worker 2:	-4.474495628588866 -4.307224723285853 -3.7264856419029333
	From worker 2:	-4.2592174339458015 -5.126758590819644 -3.3568740851058854
	From worker 2:	-3.8007809597274744 -3.9532585858815503 -3.361680055567037
	From worker 2:	-3.4653276578134955 -3.7745235337466974 -3.5657239934600398
	From worker 2:	-3.7890568737678456 -3.471111233570092 -3.8916272685576723
	From worker 2:	-4.305440224772975 -4.4068446515585995 -3.6909253838577922
	From worker 2:	-3.8472185376711354 -4.4104467789851665 -3.446243061805118
	From worker 2:	-4.050824878706217 -4.319144334659008 -3.635293285808187
	From worker 2:	-3.3033480346355564 -3.0831979931271762 -3.737315087250227
	From worker 2:	-4.205775558682872 -3.0603747566036827 -4.441363121398261
	From worker 2:	-5.16964866076961 -3.997208468119405 -4.657972065719724
	From worker 2:	-4.188459430633457 -5.455638073562019 -3.4232481847438017
	From worker 2:	-4.2889907053944825 -5.341311783179708 -3.467999122214263
	From worker 2:	-3.9698268680210718 -3.2534857796888614 -3.979029312954412
	From worker 2:	-4.994800236370933 -5.0620774630753385 -3.7363039468032797
	From worker 2:	-3.8696743013662718 -4.703100783512486 -3.3369147899699123
	From worker 2:	-4.3462177530477915 -3.913677420067836 -4.160915772864586
	From worker 2:	-5.4273070931313985 -5.575264331786001 -3.601096175306358
	From worker 2:	-4.90292405227866 -4.251502529433193 -4.444633709595298
	From worker 2:	-5.631172908108303 -4.880724768803555 -4.57600340204638
	From worker 2:	-3.743513325717126 -2.005959741870409 -4.994359855728373
	From worker 2:	-2.6911467803035976 -1.9806042086081597 -3.9878464773157565
	From worker 2:	-3.7477275304255815 -3.1396154969347014 -3.721757260702434
	From worker 2:	-3.6302279803475934 -3.5716449161650137 -3.8019516692489796
	From worker 2:	-3.8802453029164985 -3.2457165236591106 -4.1711393235480205
	From worker 2:	-4.143561423324756 -5.903564709598099 -3.4207162043140262
	From worker 2:	-5.431236774191062 -3.876124513276161 -4.124964661945844
	From worker 2:	-4.941509322393101 -3.4877172639268736 -4.834328479056444
	From worker 2:	-3.300553856549614 -4.502400868665585 -3.309191514450996
	From worker 2:	-5.279077040983934 -4.123283334305409 -4.844222441204503
	From worker 2:	-4.391834889079538 -4.179983807689405 -3.889009692547436
	From worker 2:	-3.7952333758872583 -3.3055134473662275 -3.616056553758768
	From worker 2:	-3.9912662598085213 -4.887211573423558 -3.569407008769073
	From worker 2:	-2.655217677545684 -1.9496623611139539 -4.127481044430441
	From worker 2:	-4.9023982346755925 -4.84054649616451 -3.6492372052958166
	From worker 2:	-3.9716713604844145 -3.960760506712442 -3.6610217226815913
	From worker 2:	-4.613678017621579 -4.0419982565319765 -4.450779815416689
	From worker 2:	-5.274402829193567 -3.830396707754255 -4.525166640817382
	From worker 2:	-5.564208202237953 -4.578429436409997 -4.611234720002733
	From worker 2:	-2.4563533753743756 -2.6307011933211712 -3.453536663895144
	From worker 2:	-3.7276031227532225 -2.411430446477327 -4.5539808509546
	From worker 2:	-4.253656000790834 -4.398700995747071 -3.48528981831982
	From worker 2:	-4.112538539394684 -4.8608636812995565 -3.438231283725884
	From worker 2:	-4.08431887939159 -4.214469451347098 -3.6278108068129167
	From worker 2:	-2.4993557040388628 -2.322367262371208 -3.623450322738008
	From worker 2:	-3.275502766991301 -3.4348017111416618 -3.4191891478886323
	From worker 2:	-3.910379766084578 -4.018668392691712 -3.3223519566181596
	From worker 2:	-2.4327738189704156 -2.9691141863418906 -3.365745745448431
	From worker 2:	-4.706431490492955 -3.8042374175796954 -4.302198800862465
	From worker 2:	-2.758074838569447 -2.9118864365938095 -3.491107393541988
	From worker 2:	-4.0425570783612095 -3.226634332285652 -4.140562673432573
	From worker 2:	-3.1719450078551605 -2.10302642448277 -4.407796493358655
	From worker 2:	-5.975887783248261 -4.743851706165973 -4.778653490758256
	From worker 2:	-4.902750921415699 -4.299466401714502 -4.134695381796416
	From worker 2:	-3.481275354084566 -3.2122472867705225 -3.704272406452367
	From worker 2:	-3.913318454523492 -3.8421968029525404 -3.622349234896849
	From worker 2:	-4.363364403952499 -4.614778050308269 -3.3336061533551433
	From worker 2:	-3.9601138983965645 -2.7364048686773397 -4.439600202791411
	From worker 2:	-5.366731891831778 -5.082046126792472 -3.657061088680278
	From worker 2:	-4.939836497502565 -5.032102890100277 -3.5012994394678074
	From worker 2:	-4.787563918718107 -4.404884153507091 -3.486422163618206
	From worker 2:	-3.28659772735052 -2.8662084716103147 -3.934855476128853
	From worker 2:	-2.3728592753977513 -2.873515949497303 -3.3686311500717694
	From worker 2:	-5.7655050688738 -4.350184053573422 -4.9594838405579935
	From worker 2:	-4.56620877396584 -4.0049181053726155 -3.5374826761991156
	From worker 2:	0.3694915254237288 0.3728813559322034 0.3728813559322034 0.26101694915254237 0.3898305084745763 0.22711864406779658 0.3864406779661017 0.3389830508474577 0.3254237288135593 0.20677966101694914 0.3050847457627119 0.223728813559322 0.34237288135593225 0.3491525423728814 0.2169491525423729 0.3220338983050848 0.2271186440677966 0.16610169491525428 0.1694915254237288 0.3084745762711864 0.23728813559322037 0.21694915254237288 0.3288135593220339 0.2508474576271186 0.28474576271186436 0.35593220338983045 0.22033898305084745 0.3593220338983051 0.35593220338983056 0.3762711864406779 0.38983050847457623 0.3966101694915254 0.1694915254237288 0.22372881355932203 0.33220338983050857 0.223728813559322 0.3016949152542373 0.33220338983050857 0.3898305084745763 0.16271186440677965 0.3898305084745763 0.21016949152542375 0.3728813559322034 0.27118644067796605 0.3627118644067797 0.30847457627118646 0.3220338983050848 0.3288135593220339 0.1593220338983051 0.33898305084745767 0.3457627118644068 0.16610169491525428 0.36271186440677966 0.35593220338983056 0.17966101694915254 0.3355932203389831 0.39322033898305087 0.39322033898305087 0.22033898305084743 0.15254237288135594 0.2745762711864407 0.3728813559322034 0.29830508474576267 0.37966101694915255 0.2033898305084746 0.3152542372881356 0.39322033898305087 0.288135593220339 0.39322033898305087 0.3559322033898305 0.18644067796610164 0.2406779661016949 0.3491525423728814 0.2033898305084746 0.36610169491525424 0.3491525423728813 0.17288135593220344 0.29491525423728815 0.15254237288135597 0.30847457627118646 0.311864406779661 0.3627118644067797 0.36271186440677966 0.09830508474576272 0.2745762711864407 0.28135593220338984 0.3525423728813559 0.1559322033898305 0.09152542372881356 0.16271186440677965 0.22033898305084748 0.39661016949152544 0.34237288135593225 0.311864406779661 0.3694915254237288 0.33220338983050846 0.36610169491525424 0.3830508474576271 0.21694915254237288 0.32881355932203393
	From worker 2:	0.010000000000000004 0.010000000000000004 0.010000000000000004 0.010000000000000004 0.010000000000000004 0.010000000000000004 0.010000000000000004 0.010000000000000004 0.010000000000000004 0.010000000000000004 0.010000000000000004 0.010000000000000004 0.010000000000000004 0.010000000000000004 0.010000000000000004 0.010000000000000004 0.010000000000000004 0.010000000000000004 0.010000000000000004 0.010000000000000004 0.010000000000000004 0.010000000000000004 0.010000000000000004 0.010000000000000004 0.010000000000000004 0.010000000000000004 0.010000000000000004 0.010000000000000004 0.010000000000000004 0.010000000000000004 0.010000000000000004 0.010000000000000004 0.010000000000000004 0.010000000000000004 0.010000000000000004 0.010000000000000004 0.010000000000000004 0.010000000000000004 0.010000000000000004 0.010000000000000004 0.010000000000000004 0.010000000000000004 0.010000000000000004 0.010000000000000004 0.010000000000000004 0.010000000000000004 0.010000000000000004 0.010000000000000004 0.010000000000000004 0.010000000000000004 0.010000000000000004 0.010000000000000004 0.010000000000000004 0.010000000000000004 0.010000000000000004 0.010000000000000004 0.010000000000000004 0.010000000000000004 0.010000000000000004 0.010000000000000004 0.010000000000000004 0.010000000000000004 0.010000000000000004 0.010000000000000004 0.010000000000000004 0.010000000000000004 0.010000000000000004 0.010000000000000004 0.010000000000000004 0.010000000000000004 0.010000000000000004 0.010000000000000004 0.010000000000000004 0.010000000000000004 0.010000000000000004 0.010000000000000004 0.010000000000000004 0.010000000000000004 0.010000000000000004 0.010000000000000004 0.010000000000000004 0.010000000000000004 0.010000000000000004 0.010000000000000004 0.010000000000000004 0.010000000000000004 0.010000000000000004 0.010000000000000004 0.010000000000000004 0.010000000000000004 0.010000000000000004 0.010000000000000004 0.010000000000000004 0.010000000000000004 0.010000000000000004 0.010000000000000004 0.010000000000000004 0.010000000000000004 0.010000000000000004 0.010000000000000004
	From worker 2:	3
	From worker 2:	100 100
	From worker 2:	10644 10405
	From worker 2:	0.4 0.2
	From worker 2:	-----
	From worker 2:	100
	From worker 2:	10644
	From worker 2:	0.4
	From worker 2:	-3.7628541798792243 -2.63227773462174 -4.540036419142439
	From worker 2:	-3.227206036639005 -3.8078362453709076 -3.454801485991276
	From worker 2:	-2.705109356734198 -3.574763184440429 -3.356326976891839
	From worker 2:	-5.443982636694271 -4.033541449891943 -4.759510119967544
	From worker 2:	-4.4259227905435905 -3.3933669485551516 -4.102438876143876
	From worker 2:	-5.796273492071403 -4.572167627499782 -4.78029492652229
	From worker 2:	-5.23774176231529 -3.5924066213389865 -4.75737185814903
	From worker 2:	-4.212735325638732 -4.317028673248567 -3.3431842391903768
	From worker 2:	-4.700436447132411 -3.7573922929947 -4.260842576959895
	From worker 2:	-5.76249560353852 -4.708197081871306 -4.806659868057476
	From worker 2:	-4.654427517862969 -4.778211491699899 -3.456352886085203
	From worker 2:	-4.265187340291875 -3.3065754434014996 -4.290628273579387
	From worker 2:	-4.070223038201009 -4.042098798198333 -3.4414357002483422
	From worker 2:	-5.106723637448715 -4.7244378094870445 -3.861302650794539
	From worker 2:	-3.287367249263311 -2.741475386864746 -4.008235568716404
	From worker 2:	-5.2764334066453795 -4.6004469400038195 -3.347179488118339
	From worker 2:	-3.355278552754583 -3.7387507417130212 -3.544437911209288
	From worker 2:	-4.508593329238401 -3.426216564555692 -4.550160078290123
	From worker 2:	-4.725143753288916 -4.097966388317749 -4.357895930467283
	From worker 2:	-5.749620939288846 -4.31991311668517 -4.830853724196906
	From worker 2:	-5.519826596867686 -5.59845308705919 -3.3993374500832325
	From worker 2:	-5.725681533461367 -4.850714702350309 -4.606455574632166
	From worker 2:	-4.435428461627578 -4.110239555662643 -3.811328362279135
	From worker 2:	-4.049084436401598 -5.421584795998475 -3.4041367649493597
	From worker 2:	-4.151159073852922 -3.0873583485324754 -4.259722680695898
	From worker 2:	-3.9533693176443174 -2.6816367793956055 -4.531722318583942
	From worker 2:	-4.850025164863263 -3.117970434438724 -4.886684024181483
	From worker 2:	-4.251250352799124 -4.260616727576472 -3.633647061658519
	From worker 2:	-2.9950354804653423 -3.8840127377298495 -3.322536354887247
	From worker 2:	-4.290454313340411 -3.988426480873874 -3.517766158349902
	From worker 2:	-4.024826327554386 -3.2004942040816866 -3.989532582402682
	From worker 2:	-3.6583743246571223 -2.215010024659016 -4.718684908819826
	From worker 2:	-4.924677546377433 -4.435013442929465 -4.505951720136404
	From worker 2:	-5.492112519166236 -3.741095422269523 -4.948416395652029
	From worker 2:	-3.0240500979279608 -3.156954579988436 -3.429763386208719
	From worker 2:	-4.474495628588866 -4.307224723285853 -3.7264856419029333
	From worker 2:	-4.2592174339458015 -5.126758590819644 -3.3568740851058854
	From worker 2:	-3.8007809597274744 -3.9532585858815503 -3.361680055567037
	From worker 2:	-3.4653276578134955 -3.7745235337466974 -3.5657239934600398
	From worker 2:	-3.7890568737678456 -3.471111233570092 -3.8916272685576723
	From worker 2:	-4.305440224772975 -4.4068446515585995 -3.6909253838577922
	From worker 2:	-3.8472185376711354 -4.4104467789851665 -3.446243061805118
	From worker 2:	-4.050824878706217 -4.319144334659008 -3.635293285808187
	From worker 2:	-3.3033480346355564 -3.0831979931271762 -3.737315087250227
	From worker 2:	-4.205775558682872 -3.0603747566036827 -4.441363121398261
	From worker 2:	-5.16964866076961 -3.997208468119405 -4.657972065719724
	From worker 2:	-4.188459430633457 -5.455638073562019 -3.4232481847438017
	From worker 2:	-4.2889907053944825 -5.341311783179708 -3.467999122214263
	From worker 2:	-3.9698268680210718 -3.2534857796888614 -3.979029312954412
	From worker 2:	-4.994800236370933 -5.0620774630753385 -3.7363039468032797
	From worker 2:	-3.8696743013662718 -4.703100783512486 -3.3369147899699123
	From worker 2:	-4.3462177530477915 -3.913677420067836 -4.160915772864586
	From worker 2:	-5.4273070931313985 -5.575264331786001 -3.601096175306358
	From worker 2:	-4.90292405227866 -4.251502529433193 -4.444633709595298
	From worker 2:	-5.631172908108303 -4.880724768803555 -4.57600340204638
	From worker 2:	-3.743513325717126 -2.005959741870409 -4.994359855728373
	From worker 2:	-2.6911467803035976 -1.9806042086081597 -3.9878464773157565
	From worker 2:	-3.7477275304255815 -3.1396154969347014 -3.721757260702434
	From worker 2:	-3.6302279803475934 -3.5716449161650137 -3.8019516692489796
	From worker 2:	-3.8802453029164985 -3.2457165236591106 -4.1711393235480205
	From worker 2:	-4.143561423324756 -5.903564709598099 -3.4207162043140262
	From worker 2:	-5.431236774191062 -3.876124513276161 -4.124964661945844
	From worker 2:	-4.941509322393101 -3.4877172639268736 -4.834328479056444
	From worker 2:	-3.300553856549614 -4.502400868665585 -3.309191514450996
	From worker 2:	-5.279077040983934 -4.123283334305409 -4.844222441204503
	From worker 2:	-4.391834889079538 -4.179983807689405 -3.889009692547436
	From worker 2:	-3.7952333758872583 -3.3055134473662275 -3.616056553758768
	From worker 2:	-3.9912662598085213 -4.887211573423558 -3.569407008769073
	From worker 2:	-2.655217677545684 -1.9496623611139539 -4.127481044430441
	From worker 2:	-4.9023982346755925 -4.84054649616451 -3.6492372052958166
	From worker 2:	-3.9716713604844145 -3.960760506712442 -3.6610217226815913
	From worker 2:	-4.613678017621579 -4.0419982565319765 -4.450779815416689
	From worker 2:	-5.274402829193567 -3.830396707754255 -4.525166640817382
	From worker 2:	-5.564208202237953 -4.578429436409997 -4.611234720002733
	From worker 2:	-2.4563533753743756 -2.6307011933211712 -3.453536663895144
	From worker 2:	-3.7276031227532225 -2.411430446477327 -4.5539808509546
	From worker 2:	-4.253656000790834 -4.398700995747071 -3.48528981831982
	From worker 2:	-4.112538539394684 -4.8608636812995565 -3.438231283725884
	From worker 2:	-4.08431887939159 -4.214469451347098 -3.6278108068129167
	From worker 2:	-2.4993557040388628 -2.322367262371208 -3.623450322738008
	From worker 2:	-3.275502766991301 -3.4348017111416618 -3.4191891478886323
	From worker 2:	-3.910379766084578 -4.018668392691712 -3.3223519566181596
	From worker 2:	-2.4327738189704156 -2.9691141863418906 -3.365745745448431
	From worker 2:	-4.706431490492955 -3.8042374175796954 -4.302198800862465
	From worker 2:	-2.758074838569447 -2.9118864365938095 -3.491107393541988
	From worker 2:	-4.0425570783612095 -3.226634332285652 -4.140562673432573
	From worker 2:	-3.1719450078551605 -2.10302642448277 -4.407796493358655
	From worker 2:	-5.975887783248261 -4.743851706165973 -4.778653490758256
	From worker 2:	-4.902750921415699 -4.299466401714502 -4.134695381796416
	From worker 2:	-3.481275354084566 -3.2122472867705225 -3.704272406452367
	From worker 2:	-3.913318454523492 -3.8421968029525404 -3.622349234896849
	From worker 2:	-4.363364403952499 -4.614778050308269 -3.3336061533551433
	From worker 2:	-3.9601138983965645 -2.7364048686773397 -4.439600202791411
	From worker 2:	-5.366731891831778 -5.082046126792472 -3.657061088680278
	From worker 2:	-4.939836497502565 -5.032102890100277 -3.5012994394678074
	From worker 2:	-4.787563918718107 -4.404884153507091 -3.486422163618206
	From worker 2:	-3.28659772735052 -2.8662084716103147 -3.934855476128853
	From worker 2:	-2.3728592753977513 -2.873515949497303 -3.3686311500717694
	From worker 2:	-5.7655050688738 -4.350184053573422 -4.9594838405579935
	From worker 2:	-4.56620877396584 -4.0049181053726155 -3.5374826761991156
	From worker 2:	0.3694915254237288 0.3728813559322034 0.3728813559322034 0.26101694915254237 0.3898305084745763 0.22711864406779658 0.3864406779661017 0.3389830508474577 0.3254237288135593 0.20677966101694914 0.3050847457627119 0.223728813559322 0.34237288135593225 0.3491525423728814 0.2169491525423729 0.3220338983050848 0.2271186440677966 0.16610169491525428 0.1694915254237288 0.3084745762711864 0.23728813559322037 0.21694915254237288 0.3288135593220339 0.2508474576271186 0.28474576271186436 0.35593220338983045 0.22033898305084745 0.3593220338983051 0.35593220338983056 0.3762711864406779 0.38983050847457623 0.3966101694915254 0.1694915254237288 0.22372881355932203 0.33220338983050857 0.223728813559322 0.3016949152542373 0.33220338983050857 0.3898305084745763 0.16271186440677965 0.3898305084745763 0.21016949152542375 0.3728813559322034 0.27118644067796605 0.3627118644067797 0.30847457627118646 0.3220338983050848 0.3288135593220339 0.1593220338983051 0.33898305084745767 0.3457627118644068 0.16610169491525428 0.36271186440677966 0.35593220338983056 0.17966101694915254 0.3355932203389831 0.39322033898305087 0.39322033898305087 0.22033898305084743 0.15254237288135594 0.2745762711864407 0.3728813559322034 0.29830508474576267 0.37966101694915255 0.2033898305084746 0.3152542372881356 0.39322033898305087 0.288135593220339 0.39322033898305087 0.3559322033898305 0.18644067796610164 0.2406779661016949 0.3491525423728814 0.2033898305084746 0.36610169491525424 0.3491525423728813 0.17288135593220344 0.29491525423728815 0.15254237288135597 0.30847457627118646 0.311864406779661 0.3627118644067797 0.36271186440677966 0.09830508474576272 0.2745762711864407 0.28135593220338984 0.3525423728813559 0.1559322033898305 0.09152542372881356 0.16271186440677965 0.22033898305084748 0.39661016949152544 0.34237288135593225 0.311864406779661 0.3694915254237288 0.33220338983050846 0.36610169491525424 0.3830508474576271 0.21694915254237288 0.32881355932203393
	From worker 2:	0.010000000000000004 0.010000000000000004 0.010000000000000004 0.010000000000000004 0.010000000000000004 0.010000000000000004 0.010000000000000004 0.010000000000000004 0.010000000000000004 0.010000000000000004 0.010000000000000004 0.010000000000000004 0.010000000000000004 0.010000000000000004 0.010000000000000004 0.010000000000000004 0.010000000000000004 0.010000000000000004 0.010000000000000004 0.010000000000000004 0.010000000000000004 0.010000000000000004 0.010000000000000004 0.010000000000000004 0.010000000000000004 0.010000000000000004 0.010000000000000004 0.010000000000000004 0.010000000000000004 0.010000000000000004 0.010000000000000004 0.010000000000000004 0.010000000000000004 0.010000000000000004 0.010000000000000004 0.010000000000000004 0.010000000000000004 0.010000000000000004 0.010000000000000004 0.010000000000000004 0.010000000000000004 0.010000000000000004 0.010000000000000004 0.010000000000000004 0.010000000000000004 0.010000000000000004 0.010000000000000004 0.010000000000000004 0.010000000000000004 0.010000000000000004 0.010000000000000004 0.010000000000000004 0.010000000000000004 0.010000000000000004 0.010000000000000004 0.010000000000000004 0.010000000000000004 0.010000000000000004 0.010000000000000004 0.010000000000000004 0.010000000000000004 0.010000000000000004 0.010000000000000004 0.010000000000000004 0.010000000000000004 0.010000000000000004 0.010000000000000004 0.010000000000000004 0.010000000000000004 0.010000000000000004 0.010000000000000004 0.010000000000000004 0.010000000000000004 0.010000000000000004 0.010000000000000004 0.010000000000000004 0.010000000000000004 0.010000000000000004 0.010000000000000004 0.010000000000000004 0.010000000000000004 0.010000000000000004 0.010000000000000004 0.010000000000000004 0.010000000000000004 0.010000000000000004 0.010000000000000004 0.010000000000000004 0.010000000000000004 0.010000000000000004 0.010000000000000004 0.010000000000000004 0.010000000000000004 0.010000000000000004 0.010000000000000004 0.010000000000000004 0.010000000000000004 0.010000000000000004 0.010000000000000004 0.010000000000000004
	From worker 2:	-----
	From worker 2:	100
	From worker 2:	10405
	From worker 2:	0.2
	From worker 2:	-5.28851919508759 -4.060259909354294 -4.836165377609644
	From worker 2:	-4.702866972467714 -3.668250138083211 -4.327696602865499
	From worker 2:	-3.9857078063399736 -3.806748062687703 -3.6215927033816966
	From worker 2:	-5.631901460470802 -4.251851168946214 -4.737003601493873
	From worker 2:	-4.1977829688753685 -3.5411264488807612 -4.180179528572181
	From worker 2:	-5.458593071282624 -4.345566802923848 -4.652960043333402
	From worker 2:	-3.809351841866042 -3.8828081881439855 -3.6090447868591755
	From worker 2:	-3.5890863958661345 -3.324675173484081 -3.7154992536555866
	From worker 2:	-3.9583669086874265 -3.56000118534487 -3.802606053700264
	From worker 2:	-4.2007867606413765 -3.6516547441184337 -3.9679258501789643
	From worker 2:	-5.527333722380754 -4.535033799562519 -4.743043930352556
	From worker 2:	-4.332129463516928 -3.6944898792012166 -3.9448342605641313
	From worker 2:	-3.9513625076725387 -4.2965494279239405 -3.4842839707215933
	From worker 2:	-3.906414206892047 -3.894475379169038 -3.5587756175012593
	From worker 2:	-4.671164521746265 -3.7736666319201886 -4.5328438766299906
	From worker 2:	-4.5738463495753825 -4.31662832313339 -3.480628375108031
	From worker 2:	-3.8178556710435547 -2.7844035533442946 -4.196982957186358
	From worker 2:	-4.949194001443318 -3.942654062857736 -4.635652059576457
	From worker 2:	-3.842206069605762 -3.3306497564608244 -3.780199525124334
	From worker 2:	-4.295802109920474 -4.266606644430237 -3.5821074840904092
	From worker 2:	-3.9680133637475485 -3.8791843002120907 -3.644037110925869
	From worker 2:	-4.638673233112216 -4.0258727813694675 -4.092715997244726
	From worker 2:	-4.263572582845819 -4.489867705516223 -3.567226666924875
	From worker 2:	-3.7934228432125052 -3.32455477520855 -3.867167099707097
	From worker 2:	-3.877201977767026 -4.10202095648776 -3.60929506613886
	From worker 2:	-5.279566366693536 -4.264797313976394 -4.7509155903926406
	From worker 2:	-3.8390484831262808 -3.9407000079549723 -3.522184554385668
	From worker 2:	-5.146252944396765 -4.413564717075294 -4.068746333051549
	From worker 2:	-5.506401402209879 -4.590025555896003 -4.672037757613604
	From worker 2:	-3.4965400987469017 -3.3399897673907244 -3.7004652662651814
	From worker 2:	-4.242258735727103 -4.035181884387195 -3.869404280061864
	From worker 2:	-4.075624891898105 -3.2359913711552784 -4.360843637892243
	From worker 2:	-4.7167130660889125 -3.6423354148789926 -4.553507028117986
	From worker 2:	-4.260657475388873 -4.635660053222164 -3.6573089214906473
	From worker 2:	-5.762707244280202 -4.854931422532481 -4.323626439611604
	From worker 2:	-5.515298889306608 -3.7091014960944007 -4.744390297673059
	From worker 2:	-5.520316066733944 -4.742235179457476 -4.613984290820047
	From worker 2:	-4.729155730135893 -4.087445542823094 -4.2995818052576285
	From worker 2:	-4.114101005891125 -3.298121969275683 -4.255907640885527
	From worker 2:	-4.127038567804975 -4.047505521352276 -3.7723942601523897
	From worker 2:	-4.117675516845984 -2.905393972296536 -4.242669367338651
	From worker 2:	-5.597336444487582 -4.687990298889221 -4.596455405747332
	From worker 2:	-4.651669193838596 -3.574402861739092 -4.4682413331256425
	From worker 2:	-4.054418240718403 -3.412025496295371 -3.8993088091978003
	From worker 2:	-4.111766129041165 -3.897640037550576 -3.6807741739029525
	From worker 2:	-5.179812023468409 -3.623833072534834 -4.794689802036645
	From worker 2:	-4.59929298346444 -3.732265915499846 -4.514819730574341
	From worker 2:	-4.133482287611709 -4.079802247790346 -3.6902173058921957
	From worker 2:	-4.525960059134312 -3.619053286358862 -4.182815285266661
	From worker 2:	-3.8570175783218286 -3.8624946292698876 -3.613788716169051
	From worker 2:	-5.079525752321432 -4.431240570394445 -4.165956377480795
	From worker 2:	-4.174008633953499 -4.599174096228359 -4.001163476103436
	From worker 2:	-4.114236257681447 -3.3363489509105597 -4.149816185243113
	From worker 2:	-5.104405584706424 -3.216089559918822 -4.822016776802098
	From worker 2:	-4.3810052305702465 -4.128178816817028 -3.6374890984437713
	From worker 2:	-4.398452883297155 -3.6583530013011814 -4.16978684293151
	From worker 2:	-4.121415148543097 -4.040112523614543 -3.715138049733188
	From worker 2:	-4.251118565385001 -2.930289344433213 -4.500746745333858
	From worker 2:	-3.9060024115072562 -3.917072278526436 -3.493834292385298
	From worker 2:	-4.037623308055522 -4.458658559513432 -3.659226815766733
	From worker 2:	-4.885211868688874 -3.753997093667883 -4.296676423261449
	From worker 2:	-4.460946520290836 -3.028014381071682 -4.639349852877855
	From worker 2:	-5.124824337725909 -4.262387766698258 -4.219506855715025
	From worker 2:	-4.306133397049239 -3.46019070412781 -4.1573307264235675
	From worker 2:	-4.404529953647342 -4.167765116406123 -3.7789788432643885
	From worker 2:	-4.470371054270569 -3.501732376936549 -4.640304348767272
	From worker 2:	-3.9880465577646946 -3.3996098640776 -4.047861409466067
	From worker 2:	-4.100116042715805 -3.0413740655657966 -4.03456699938991
	From worker 2:	-5.09907018655411 -3.5359095945840515 -4.537118661759483
	From worker 2:	-3.9179550378273884 -4.264483837452603 -3.5024225187382134
	From worker 2:	-3.8508792936320857 -3.744364963564818 -3.5513102285399007
	From worker 2:	-3.7790198620427793 -2.486107216493481 -4.478919410523074
	From worker 2:	-3.912998937813292 -3.018482137577779 -4.105565556993116
	From worker 2:	-4.523678345695581 -3.42093448626393 -4.537932399905894
	From worker 2:	-3.907953660891807 -2.96714951058504 -4.086489221728267
	From worker 2:	-4.033618820087129 -2.9776416207125376 -4.290809044732102
	From worker 2:	-5.329345500922448 -4.416081362097858 -4.6379266479951955
	From worker 2:	-3.5825121560875455 -3.4403423845380217 -3.722091952271953
	From worker 2:	-5.642312249138994 -4.438261597205866 -4.774831360075523
	From worker 2:	-4.644349879342381 -3.881723150651314 -4.134824099878447
	From worker 2:	-4.3130859647411715 -3.6932953672719293 -4.029360087655096
	From worker 2:	-3.933243419232277 -3.3604812030147553 -3.8020001004328012
	From worker 2:	-5.248398811112683 -4.100250839814291 -4.731012768961793
	From worker 2:	-4.65373572096382 -3.6361835206239035 -4.095279609564513
	From worker 2:	-4.916269483360825 -4.2397614304122335 -4.024492817375556
	From worker 2:	-4.2693805520974255 -3.309854292641748 -4.2471328583487535
	From worker 2:	-3.9051174364115844 -3.696617470858263 -3.9723592702675696
	From worker 2:	-3.7508839113385495 -3.5649519193200705 -3.6604798787448254
	From worker 2:	-3.8704029798235404 -3.277007160683803 -4.177542719744043
	From worker 2:	-3.67753048180907 -3.8433491822886463 -3.5567853961872458
	From worker 2:	-3.648526242016921 -3.5066984867270294 -3.69094105372032
	From worker 2:	-4.065526417937982 -3.4523644552246147 -3.973418276907767
	From worker 2:	-5.89121005187406 -4.948719150801735 -4.709777513744728
	From worker 2:	-3.6804008464421973 -3.3279869867653216 -3.7421745503605064
	From worker 2:	-3.9909785930442934 -3.863771237891423 -3.6009635462989373
	From worker 2:	-3.990657344308614 -3.2661606415475952 -4.060229409647698
	From worker 2:	-3.8696855088888804 -3.8879775701811834 -3.6722198981837297
	From worker 2:	-4.1453565008656055 -3.5034525653146105 -4.281133693342743
	From worker 2:	-4.190330980665358 -2.799474072933524 -4.657621274854734
	From worker 2:	-4.617425490515544 -3.8062594946625854 -4.317837527595949
	From worker 2:	0.1423728813559322 0.1322033898305085 0.1322033898305085 0.17288135593220338 0.14237288135593218 0.16610169491525428 0.17288135593220344 0.1932203389830508 0.11525423728813555 0.1322033898305085 0.17627118644067796 0.13559322033898308 0.19322033898305085 0.12881355932203392 0.16271186440677965 0.19322033898305085 0.19661016949152543 0.1559322033898305 0.13559322033898302 0.18305084745762712 0.1457627118644068 0.18305084745762712 0.13898305084745766 0.1559322033898305 0.17627118644067796 0.10508474576271186 0.16271186440677965 0.17288135593220333 0.09152542372881356 0.18305084745762712 0.11186440677966103 0.19661016949152538 0.18305084745762712 0.1694915254237288 0.1864406779661017 0.1084745762711865 0.13559322033898308 0.12542372881355934 0.13559322033898313 0.15932203389830513 0.11186440677966103 0.1322033898305085 0.13220338983050847 0.09830508474576272 0.13220338983050847 0.19661016949152543 0.11525423728813566 0.13559322033898302 0.18305084745762715 0.15932203389830513 0.1559322033898305 0.18983050847457628 0.09830508474576272 0.19661016949152543 0.14237288135593223 0.11186440677966103 0.17966101694915254 0.18983050847457628 0.17627118644067807 0.18983050847457628 0.1864406779661017 0.1864406779661017 0.1864406779661017 0.13898305084745755 0.1796610169491526 0.1457627118644067 0.16610169491525428 0.18644067796610175 0.1457627118644068 0.1796610169491526 0.19661016949152543 0.16271186440677965 0.10508474576271187 0.18305084745762712 0.19661016949152543 0.1966101694915255 0.15593220338983052 0.13898305084745763 0.14237288135593218 0.07796610169491526 0.18644067796610175 0.1694915254237288 0.17627118644067796 0.10847457627118645 0.16271186440677965 0.17966101694915257 0.1559322033898305 0.18644067796610175 0.15254237288135597 0.19322033898305085 0.15932203389830513 0.1457627118644068 0.11864406779661019 0.11186440677966103 0.11864406779661019 0.17966101694915254 0.14576271186440676 0.16271186440677965 0.19999999999999998 0.16610169491525423
	From worker 2:	0.012172322605250687 0.009139540759485663 0.008838345355926995 0.01240060427005615 0.009016303342442494 0.01133774875145129 0.009056691284317787 0.010217020271658049 0.008912165625741911 0.008532147511549858 0.012422134717248689 0.008424568270655039 0.009189524924099263 0.009032977148366593 0.009817360038281871 0.009063328447094655 0.01215315821176096 0.010331306666259558 0.009603611084235662 0.008566640400243504 0.008735781780465718 0.008290922392787323 0.008775391204106413 0.00962818938088214 0.008869780518701288 0.011496602721992348 0.009229417924899735 0.0090230584479891 0.01199687113511451 0.010461337497472441 0.008176043630043732 0.01050596384131998 0.010122873353369522 0.008792157453944408 0.012436908005184724 0.012689169246876707 0.012122281268311295 0.008728431829463748 0.009852647990696737 0.008300374487650098 0.011288225217989334 0.012124331836812025 0.009809212251161476 0.00907598522854082 0.008510167317531535 0.012307469355103212 0.009783698461195202 0.008391763139321726 0.008797413742033139 0.008976763147633014 0.00898399757670979 0.008888485796568008 0.009457828711496736 0.014114374406053912 0.008419937200704039 0.00870253239276534 0.008371040769432245 0.01231740710388448 0.009249206922437907 0.008762992919279192 0.009101288907965077 0.012746105194749072 0.009036684709834705 0.009061104680242855 0.00817366907985366 0.01104928995674779 0.0092624819074307 0.010280107577315034 0.01074049790789435 0.009158948910495478 0.009297321812151609 0.015952593684382246 0.010642104770718277 0.010528072738973427 0.010831269269909446 0.011203588089353974 0.011010850666513578 0.00994348628742657 0.012888376718425782 0.00843341825291262 0.008470758864405343 0.00938278552048534 0.011251570221320185 0.008730620630048317 0.008495607603683867 0.009666758256827392 0.008815475455090604 0.009435591215163068 0.010039187371963614 0.009511832767564746 0.009697199644888492 0.008988738832380123 0.015372024589468052 0.009950566723012146 0.00883033726680142 0.009614643324398832 0.008812971103278944 0.009444157017132294 0.014460538216450748 0.008892836958288403
	From worker 2:	3
	From worker 2:	100 100 100
	From worker 2:	10644 10405 55475
	From worker 2:	0.4 0.2 0.1
	From worker 2:	-----
	From worker 2:	100
	From worker 2:	10644
	From worker 2:	0.4
	From worker 2:	-3.7628541798792243 -2.63227773462174 -4.540036419142439
	From worker 2:	-3.227206036639005 -3.8078362453709076 -3.454801485991276
	From worker 2:	-2.705109356734198 -3.574763184440429 -3.356326976891839
	From worker 2:	-5.443982636694271 -4.033541449891943 -4.759510119967544
	From worker 2:	-4.4259227905435905 -3.3933669485551516 -4.102438876143876
	From worker 2:	-5.796273492071403 -4.572167627499782 -4.78029492652229
	From worker 2:	-5.23774176231529 -3.5924066213389865 -4.75737185814903
	From worker 2:	-4.212735325638732 -4.317028673248567 -3.3431842391903768
	From worker 2:	-4.700436447132411 -3.7573922929947 -4.260842576959895
	From worker 2:	-5.76249560353852 -4.708197081871306 -4.806659868057476
	From worker 2:	-4.654427517862969 -4.778211491699899 -3.456352886085203
	From worker 2:	-4.265187340291875 -3.3065754434014996 -4.290628273579387
	From worker 2:	-4.070223038201009 -4.042098798198333 -3.4414357002483422
	From worker 2:	-5.106723637448715 -4.7244378094870445 -3.861302650794539
	From worker 2:	-3.287367249263311 -2.741475386864746 -4.008235568716404
	From worker 2:	-5.2764334066453795 -4.6004469400038195 -3.347179488118339
	From worker 2:	-3.355278552754583 -3.7387507417130212 -3.544437911209288
	From worker 2:	-4.508593329238401 -3.426216564555692 -4.550160078290123
	From worker 2:	-4.725143753288916 -4.097966388317749 -4.357895930467283
	From worker 2:	-5.749620939288846 -4.31991311668517 -4.830853724196906
	From worker 2:	-5.519826596867686 -5.59845308705919 -3.3993374500832325
	From worker 2:	-5.725681533461367 -4.850714702350309 -4.606455574632166
	From worker 2:	-4.435428461627578 -4.110239555662643 -3.811328362279135
	From worker 2:	-4.049084436401598 -5.421584795998475 -3.4041367649493597
	From worker 2:	-4.151159073852922 -3.0873583485324754 -4.259722680695898
	From worker 2:	-3.9533693176443174 -2.6816367793956055 -4.531722318583942
	From worker 2:	-4.850025164863263 -3.117970434438724 -4.886684024181483
	From worker 2:	-4.251250352799124 -4.260616727576472 -3.633647061658519
	From worker 2:	-2.9950354804653423 -3.8840127377298495 -3.322536354887247
	From worker 2:	-4.290454313340411 -3.988426480873874 -3.517766158349902
	From worker 2:	-4.024826327554386 -3.2004942040816866 -3.989532582402682
	From worker 2:	-3.6583743246571223 -2.215010024659016 -4.718684908819826
	From worker 2:	-4.924677546377433 -4.435013442929465 -4.505951720136404
	From worker 2:	-5.492112519166236 -3.741095422269523 -4.948416395652029
	From worker 2:	-3.0240500979279608 -3.156954579988436 -3.429763386208719
	From worker 2:	-4.474495628588866 -4.307224723285853 -3.7264856419029333
	From worker 2:	-4.2592174339458015 -5.126758590819644 -3.3568740851058854
	From worker 2:	-3.8007809597274744 -3.9532585858815503 -3.361680055567037
	From worker 2:	-3.4653276578134955 -3.7745235337466974 -3.5657239934600398
	From worker 2:	-3.7890568737678456 -3.471111233570092 -3.8916272685576723
	From worker 2:	-4.305440224772975 -4.4068446515585995 -3.6909253838577922
	From worker 2:	-3.8472185376711354 -4.4104467789851665 -3.446243061805118
	From worker 2:	-4.050824878706217 -4.319144334659008 -3.635293285808187
	From worker 2:	-3.3033480346355564 -3.0831979931271762 -3.737315087250227
	From worker 2:	-4.205775558682872 -3.0603747566036827 -4.441363121398261
	From worker 2:	-5.16964866076961 -3.997208468119405 -4.657972065719724
	From worker 2:	-4.188459430633457 -5.455638073562019 -3.4232481847438017
	From worker 2:	-4.2889907053944825 -5.341311783179708 -3.467999122214263
	From worker 2:	-3.9698268680210718 -3.2534857796888614 -3.979029312954412
	From worker 2:	-4.994800236370933 -5.0620774630753385 -3.7363039468032797
	From worker 2:	-3.8696743013662718 -4.703100783512486 -3.3369147899699123
	From worker 2:	-4.3462177530477915 -3.913677420067836 -4.160915772864586
	From worker 2:	-5.4273070931313985 -5.575264331786001 -3.601096175306358
	From worker 2:	-4.90292405227866 -4.251502529433193 -4.444633709595298
	From worker 2:	-5.631172908108303 -4.880724768803555 -4.57600340204638
	From worker 2:	-3.743513325717126 -2.005959741870409 -4.994359855728373
	From worker 2:	-2.6911467803035976 -1.9806042086081597 -3.9878464773157565
	From worker 2:	-3.7477275304255815 -3.1396154969347014 -3.721757260702434
	From worker 2:	-3.6302279803475934 -3.5716449161650137 -3.8019516692489796
	From worker 2:	-3.8802453029164985 -3.2457165236591106 -4.1711393235480205
	From worker 2:	-4.143561423324756 -5.903564709598099 -3.4207162043140262
	From worker 2:	-5.431236774191062 -3.876124513276161 -4.124964661945844
	From worker 2:	-4.941509322393101 -3.4877172639268736 -4.834328479056444
	From worker 2:	-3.300553856549614 -4.502400868665585 -3.309191514450996
	From worker 2:	-5.279077040983934 -4.123283334305409 -4.844222441204503
	From worker 2:	-4.391834889079538 -4.179983807689405 -3.889009692547436
	From worker 2:	-3.7952333758872583 -3.3055134473662275 -3.616056553758768
	From worker 2:	-3.9912662598085213 -4.887211573423558 -3.569407008769073
	From worker 2:	-2.655217677545684 -1.9496623611139539 -4.127481044430441
	From worker 2:	-4.9023982346755925 -4.84054649616451 -3.6492372052958166
	From worker 2:	-3.9716713604844145 -3.960760506712442 -3.6610217226815913
	From worker 2:	-4.613678017621579 -4.0419982565319765 -4.450779815416689
	From worker 2:	-5.274402829193567 -3.830396707754255 -4.525166640817382
	From worker 2:	-5.564208202237953 -4.578429436409997 -4.611234720002733
	From worker 2:	-2.4563533753743756 -2.6307011933211712 -3.453536663895144
	From worker 2:	-3.7276031227532225 -2.411430446477327 -4.5539808509546
	From worker 2:	-4.253656000790834 -4.398700995747071 -3.48528981831982
	From worker 2:	-4.112538539394684 -4.8608636812995565 -3.438231283725884
	From worker 2:	-4.08431887939159 -4.214469451347098 -3.6278108068129167
	From worker 2:	-2.4993557040388628 -2.322367262371208 -3.623450322738008
	From worker 2:	-3.275502766991301 -3.4348017111416618 -3.4191891478886323
	From worker 2:	-3.910379766084578 -4.018668392691712 -3.3223519566181596
	From worker 2:	-2.4327738189704156 -2.9691141863418906 -3.365745745448431
	From worker 2:	-4.706431490492955 -3.8042374175796954 -4.302198800862465
	From worker 2:	-2.758074838569447 -2.9118864365938095 -3.491107393541988
	From worker 2:	-4.0425570783612095 -3.226634332285652 -4.140562673432573
	From worker 2:	-3.1719450078551605 -2.10302642448277 -4.407796493358655
	From worker 2:	-5.975887783248261 -4.743851706165973 -4.778653490758256
	From worker 2:	-4.902750921415699 -4.299466401714502 -4.134695381796416
	From worker 2:	-3.481275354084566 -3.2122472867705225 -3.704272406452367
	From worker 2:	-3.913318454523492 -3.8421968029525404 -3.622349234896849
	From worker 2:	-4.363364403952499 -4.614778050308269 -3.3336061533551433
	From worker 2:	-3.9601138983965645 -2.7364048686773397 -4.439600202791411
	From worker 2:	-5.366731891831778 -5.082046126792472 -3.657061088680278
	From worker 2:	-4.939836497502565 -5.032102890100277 -3.5012994394678074
	From worker 2:	-4.787563918718107 -4.404884153507091 -3.486422163618206
	From worker 2:	-3.28659772735052 -2.8662084716103147 -3.934855476128853
	From worker 2:	-2.3728592753977513 -2.873515949497303 -3.3686311500717694
	From worker 2:	-5.7655050688738 -4.350184053573422 -4.9594838405579935
	From worker 2:	-4.56620877396584 -4.0049181053726155 -3.5374826761991156
	From worker 2:	0.3694915254237288 0.3728813559322034 0.3728813559322034 0.26101694915254237 0.3898305084745763 0.22711864406779658 0.3864406779661017 0.3389830508474577 0.3254237288135593 0.20677966101694914 0.3050847457627119 0.223728813559322 0.34237288135593225 0.3491525423728814 0.2169491525423729 0.3220338983050848 0.2271186440677966 0.16610169491525428 0.1694915254237288 0.3084745762711864 0.23728813559322037 0.21694915254237288 0.3288135593220339 0.2508474576271186 0.28474576271186436 0.35593220338983045 0.22033898305084745 0.3593220338983051 0.35593220338983056 0.3762711864406779 0.38983050847457623 0.3966101694915254 0.1694915254237288 0.22372881355932203 0.33220338983050857 0.223728813559322 0.3016949152542373 0.33220338983050857 0.3898305084745763 0.16271186440677965 0.3898305084745763 0.21016949152542375 0.3728813559322034 0.27118644067796605 0.3627118644067797 0.30847457627118646 0.3220338983050848 0.3288135593220339 0.1593220338983051 0.33898305084745767 0.3457627118644068 0.16610169491525428 0.36271186440677966 0.35593220338983056 0.17966101694915254 0.3355932203389831 0.39322033898305087 0.39322033898305087 0.22033898305084743 0.15254237288135594 0.2745762711864407 0.3728813559322034 0.29830508474576267 0.37966101694915255 0.2033898305084746 0.3152542372881356 0.39322033898305087 0.288135593220339 0.39322033898305087 0.3559322033898305 0.18644067796610164 0.2406779661016949 0.3491525423728814 0.2033898305084746 0.36610169491525424 0.3491525423728813 0.17288135593220344 0.29491525423728815 0.15254237288135597 0.30847457627118646 0.311864406779661 0.3627118644067797 0.36271186440677966 0.09830508474576272 0.2745762711864407 0.28135593220338984 0.3525423728813559 0.1559322033898305 0.09152542372881356 0.16271186440677965 0.22033898305084748 0.39661016949152544 0.34237288135593225 0.311864406779661 0.3694915254237288 0.33220338983050846 0.36610169491525424 0.3830508474576271 0.21694915254237288 0.32881355932203393
	From worker 2:	0.010000000000000004 0.010000000000000004 0.010000000000000004 0.010000000000000004 0.010000000000000004 0.010000000000000004 0.010000000000000004 0.010000000000000004 0.010000000000000004 0.010000000000000004 0.010000000000000004 0.010000000000000004 0.010000000000000004 0.010000000000000004 0.010000000000000004 0.010000000000000004 0.010000000000000004 0.010000000000000004 0.010000000000000004 0.010000000000000004 0.010000000000000004 0.010000000000000004 0.010000000000000004 0.010000000000000004 0.010000000000000004 0.010000000000000004 0.010000000000000004 0.010000000000000004 0.010000000000000004 0.010000000000000004 0.010000000000000004 0.010000000000000004 0.010000000000000004 0.010000000000000004 0.010000000000000004 0.010000000000000004 0.010000000000000004 0.010000000000000004 0.010000000000000004 0.010000000000000004 0.010000000000000004 0.010000000000000004 0.010000000000000004 0.010000000000000004 0.010000000000000004 0.010000000000000004 0.010000000000000004 0.010000000000000004 0.010000000000000004 0.010000000000000004 0.010000000000000004 0.010000000000000004 0.010000000000000004 0.010000000000000004 0.010000000000000004 0.010000000000000004 0.010000000000000004 0.010000000000000004 0.010000000000000004 0.010000000000000004 0.010000000000000004 0.010000000000000004 0.010000000000000004 0.010000000000000004 0.010000000000000004 0.010000000000000004 0.010000000000000004 0.010000000000000004 0.010000000000000004 0.010000000000000004 0.010000000000000004 0.010000000000000004 0.010000000000000004 0.010000000000000004 0.010000000000000004 0.010000000000000004 0.010000000000000004 0.010000000000000004 0.010000000000000004 0.010000000000000004 0.010000000000000004 0.010000000000000004 0.010000000000000004 0.010000000000000004 0.010000000000000004 0.010000000000000004 0.010000000000000004 0.010000000000000004 0.010000000000000004 0.010000000000000004 0.010000000000000004 0.010000000000000004 0.010000000000000004 0.010000000000000004 0.010000000000000004 0.010000000000000004 0.010000000000000004 0.010000000000000004 0.010000000000000004 0.010000000000000004
	From worker 2:	-----
	From worker 2:	100
	From worker 2:	10405
	From worker 2:	0.2
	From worker 2:	-5.28851919508759 -4.060259909354294 -4.836165377609644
	From worker 2:	-4.702866972467714 -3.668250138083211 -4.327696602865499
	From worker 2:	-3.9857078063399736 -3.806748062687703 -3.6215927033816966
	From worker 2:	-5.631901460470802 -4.251851168946214 -4.737003601493873
	From worker 2:	-4.1977829688753685 -3.5411264488807612 -4.180179528572181
	From worker 2:	-5.458593071282624 -4.345566802923848 -4.652960043333402
	From worker 2:	-3.809351841866042 -3.8828081881439855 -3.6090447868591755
	From worker 2:	-3.5890863958661345 -3.324675173484081 -3.7154992536555866
	From worker 2:	-3.9583669086874265 -3.56000118534487 -3.802606053700264
	From worker 2:	-4.2007867606413765 -3.6516547441184337 -3.9679258501789643
	From worker 2:	-5.527333722380754 -4.535033799562519 -4.743043930352556
	From worker 2:	-4.332129463516928 -3.6944898792012166 -3.9448342605641313
	From worker 2:	-3.9513625076725387 -4.2965494279239405 -3.4842839707215933
	From worker 2:	-3.906414206892047 -3.894475379169038 -3.5587756175012593
	From worker 2:	-4.671164521746265 -3.7736666319201886 -4.5328438766299906
	From worker 2:	-4.5738463495753825 -4.31662832313339 -3.480628375108031
	From worker 2:	-3.8178556710435547 -2.7844035533442946 -4.196982957186358
	From worker 2:	-4.949194001443318 -3.942654062857736 -4.635652059576457
	From worker 2:	-3.842206069605762 -3.3306497564608244 -3.780199525124334
	From worker 2:	-4.295802109920474 -4.266606644430237 -3.5821074840904092
	From worker 2:	-3.9680133637475485 -3.8791843002120907 -3.644037110925869
	From worker 2:	-4.638673233112216 -4.0258727813694675 -4.092715997244726
	From worker 2:	-4.263572582845819 -4.489867705516223 -3.567226666924875
	From worker 2:	-3.7934228432125052 -3.32455477520855 -3.867167099707097
	From worker 2:	-3.877201977767026 -4.10202095648776 -3.60929506613886
	From worker 2:	-5.279566366693536 -4.264797313976394 -4.7509155903926406
	From worker 2:	-3.8390484831262808 -3.9407000079549723 -3.522184554385668
	From worker 2:	-5.146252944396765 -4.413564717075294 -4.068746333051549
	From worker 2:	-5.506401402209879 -4.590025555896003 -4.672037757613604
	From worker 2:	-3.4965400987469017 -3.3399897673907244 -3.7004652662651814
	From worker 2:	-4.242258735727103 -4.035181884387195 -3.869404280061864
	From worker 2:	-4.075624891898105 -3.2359913711552784 -4.360843637892243
	From worker 2:	-4.7167130660889125 -3.6423354148789926 -4.553507028117986
	From worker 2:	-4.260657475388873 -4.635660053222164 -3.6573089214906473
	From worker 2:	-5.762707244280202 -4.854931422532481 -4.323626439611604
	From worker 2:	-5.515298889306608 -3.7091014960944007 -4.744390297673059
	From worker 2:	-5.520316066733944 -4.742235179457476 -4.613984290820047
	From worker 2:	-4.729155730135893 -4.087445542823094 -4.2995818052576285
	From worker 2:	-4.114101005891125 -3.298121969275683 -4.255907640885527
	From worker 2:	-4.127038567804975 -4.047505521352276 -3.7723942601523897
	From worker 2:	-4.117675516845984 -2.905393972296536 -4.242669367338651
	From worker 2:	-5.597336444487582 -4.687990298889221 -4.596455405747332
	From worker 2:	-4.651669193838596 -3.574402861739092 -4.4682413331256425
	From worker 2:	-4.054418240718403 -3.412025496295371 -3.8993088091978003
	From worker 2:	-4.111766129041165 -3.897640037550576 -3.6807741739029525
	From worker 2:	-5.179812023468409 -3.623833072534834 -4.794689802036645
	From worker 2:	-4.59929298346444 -3.732265915499846 -4.514819730574341
	From worker 2:	-4.133482287611709 -4.079802247790346 -3.6902173058921957
	From worker 2:	-4.525960059134312 -3.619053286358862 -4.182815285266661
	From worker 2:	-3.8570175783218286 -3.8624946292698876 -3.613788716169051
	From worker 2:	-5.079525752321432 -4.431240570394445 -4.165956377480795
	From worker 2:	-4.174008633953499 -4.599174096228359 -4.001163476103436
	From worker 2:	-4.114236257681447 -3.3363489509105597 -4.149816185243113
	From worker 2:	-5.104405584706424 -3.216089559918822 -4.822016776802098
	From worker 2:	-4.3810052305702465 -4.128178816817028 -3.6374890984437713
	From worker 2:	-4.398452883297155 -3.6583530013011814 -4.16978684293151
	From worker 2:	-4.121415148543097 -4.040112523614543 -3.715138049733188
	From worker 2:	-4.251118565385001 -2.930289344433213 -4.500746745333858
	From worker 2:	-3.9060024115072562 -3.917072278526436 -3.493834292385298
	From worker 2:	-4.037623308055522 -4.458658559513432 -3.659226815766733
	From worker 2:	-4.885211868688874 -3.753997093667883 -4.296676423261449
	From worker 2:	-4.460946520290836 -3.028014381071682 -4.639349852877855
	From worker 2:	-5.124824337725909 -4.262387766698258 -4.219506855715025
	From worker 2:	-4.306133397049239 -3.46019070412781 -4.1573307264235675
	From worker 2:	-4.404529953647342 -4.167765116406123 -3.7789788432643885
	From worker 2:	-4.470371054270569 -3.501732376936549 -4.640304348767272
	From worker 2:	-3.9880465577646946 -3.3996098640776 -4.047861409466067
	From worker 2:	-4.100116042715805 -3.0413740655657966 -4.03456699938991
	From worker 2:	-5.09907018655411 -3.5359095945840515 -4.537118661759483
	From worker 2:	-3.9179550378273884 -4.264483837452603 -3.5024225187382134
	From worker 2:	-3.8508792936320857 -3.744364963564818 -3.5513102285399007
	From worker 2:	-3.7790198620427793 -2.486107216493481 -4.478919410523074
	From worker 2:	-3.912998937813292 -3.018482137577779 -4.105565556993116
	From worker 2:	-4.523678345695581 -3.42093448626393 -4.537932399905894
	From worker 2:	-3.907953660891807 -2.96714951058504 -4.086489221728267
	From worker 2:	-4.033618820087129 -2.9776416207125376 -4.290809044732102
	From worker 2:	-5.329345500922448 -4.416081362097858 -4.6379266479951955
	From worker 2:	-3.5825121560875455 -3.4403423845380217 -3.722091952271953
	From worker 2:	-5.642312249138994 -4.438261597205866 -4.774831360075523
	From worker 2:	-4.644349879342381 -3.881723150651314 -4.134824099878447
	From worker 2:	-4.3130859647411715 -3.6932953672719293 -4.029360087655096
	From worker 2:	-3.933243419232277 -3.3604812030147553 -3.8020001004328012
	From worker 2:	-5.248398811112683 -4.100250839814291 -4.731012768961793
	From worker 2:	-4.65373572096382 -3.6361835206239035 -4.095279609564513
	From worker 2:	-4.916269483360825 -4.2397614304122335 -4.024492817375556
	From worker 2:	-4.2693805520974255 -3.309854292641748 -4.2471328583487535
	From worker 2:	-3.9051174364115844 -3.696617470858263 -3.9723592702675696
	From worker 2:	-3.7508839113385495 -3.5649519193200705 -3.6604798787448254
	From worker 2:	-3.8704029798235404 -3.277007160683803 -4.177542719744043
	From worker 2:	-3.67753048180907 -3.8433491822886463 -3.5567853961872458
	From worker 2:	-3.648526242016921 -3.5066984867270294 -3.69094105372032
	From worker 2:	-4.065526417937982 -3.4523644552246147 -3.973418276907767
	From worker 2:	-5.89121005187406 -4.948719150801735 -4.709777513744728
	From worker 2:	-3.6804008464421973 -3.3279869867653216 -3.7421745503605064
	From worker 2:	-3.9909785930442934 -3.863771237891423 -3.6009635462989373
	From worker 2:	-3.990657344308614 -3.2661606415475952 -4.060229409647698
	From worker 2:	-3.8696855088888804 -3.8879775701811834 -3.6722198981837297
	From worker 2:	-4.1453565008656055 -3.5034525653146105 -4.281133693342743
	From worker 2:	-4.190330980665358 -2.799474072933524 -4.657621274854734
	From worker 2:	-4.617425490515544 -3.8062594946625854 -4.317837527595949
	From worker 2:	0.1423728813559322 0.1322033898305085 0.1322033898305085 0.17288135593220338 0.14237288135593218 0.16610169491525428 0.17288135593220344 0.1932203389830508 0.11525423728813555 0.1322033898305085 0.17627118644067796 0.13559322033898308 0.19322033898305085 0.12881355932203392 0.16271186440677965 0.19322033898305085 0.19661016949152543 0.1559322033898305 0.13559322033898302 0.18305084745762712 0.1457627118644068 0.18305084745762712 0.13898305084745766 0.1559322033898305 0.17627118644067796 0.10508474576271186 0.16271186440677965 0.17288135593220333 0.09152542372881356 0.18305084745762712 0.11186440677966103 0.19661016949152538 0.18305084745762712 0.1694915254237288 0.1864406779661017 0.1084745762711865 0.13559322033898308 0.12542372881355934 0.13559322033898313 0.15932203389830513 0.11186440677966103 0.1322033898305085 0.13220338983050847 0.09830508474576272 0.13220338983050847 0.19661016949152543 0.11525423728813566 0.13559322033898302 0.18305084745762715 0.15932203389830513 0.1559322033898305 0.18983050847457628 0.09830508474576272 0.19661016949152543 0.14237288135593223 0.11186440677966103 0.17966101694915254 0.18983050847457628 0.17627118644067807 0.18983050847457628 0.1864406779661017 0.1864406779661017 0.1864406779661017 0.13898305084745755 0.1796610169491526 0.1457627118644067 0.16610169491525428 0.18644067796610175 0.1457627118644068 0.1796610169491526 0.19661016949152543 0.16271186440677965 0.10508474576271187 0.18305084745762712 0.19661016949152543 0.1966101694915255 0.15593220338983052 0.13898305084745763 0.14237288135593218 0.07796610169491526 0.18644067796610175 0.1694915254237288 0.17627118644067796 0.10847457627118645 0.16271186440677965 0.17966101694915257 0.1559322033898305 0.18644067796610175 0.15254237288135597 0.19322033898305085 0.15932203389830513 0.1457627118644068 0.11864406779661019 0.11186440677966103 0.11864406779661019 0.17966101694915254 0.14576271186440676 0.16271186440677965 0.19999999999999998 0.16610169491525423
	From worker 2:	0.012172322605250687 0.009139540759485663 0.008838345355926995 0.01240060427005615 0.009016303342442494 0.01133774875145129 0.009056691284317787 0.010217020271658049 0.008912165625741911 0.008532147511549858 0.012422134717248689 0.008424568270655039 0.009189524924099263 0.009032977148366593 0.009817360038281871 0.009063328447094655 0.01215315821176096 0.010331306666259558 0.009603611084235662 0.008566640400243504 0.008735781780465718 0.008290922392787323 0.008775391204106413 0.00962818938088214 0.008869780518701288 0.011496602721992348 0.009229417924899735 0.0090230584479891 0.01199687113511451 0.010461337497472441 0.008176043630043732 0.01050596384131998 0.010122873353369522 0.008792157453944408 0.012436908005184724 0.012689169246876707 0.012122281268311295 0.008728431829463748 0.009852647990696737 0.008300374487650098 0.011288225217989334 0.012124331836812025 0.009809212251161476 0.00907598522854082 0.008510167317531535 0.012307469355103212 0.009783698461195202 0.008391763139321726 0.008797413742033139 0.008976763147633014 0.00898399757670979 0.008888485796568008 0.009457828711496736 0.014114374406053912 0.008419937200704039 0.00870253239276534 0.008371040769432245 0.01231740710388448 0.009249206922437907 0.008762992919279192 0.009101288907965077 0.012746105194749072 0.009036684709834705 0.009061104680242855 0.00817366907985366 0.01104928995674779 0.0092624819074307 0.010280107577315034 0.01074049790789435 0.009158948910495478 0.009297321812151609 0.015952593684382246 0.010642104770718277 0.010528072738973427 0.010831269269909446 0.011203588089353974 0.011010850666513578 0.00994348628742657 0.012888376718425782 0.00843341825291262 0.008470758864405343 0.00938278552048534 0.011251570221320185 0.008730620630048317 0.008495607603683867 0.009666758256827392 0.008815475455090604 0.009435591215163068 0.010039187371963614 0.009511832767564746 0.009697199644888492 0.008988738832380123 0.015372024589468052 0.009950566723012146 0.00883033726680142 0.009614643324398832 0.008812971103278944 0.009444157017132294 0.014460538216450748 0.008892836958288403
	From worker 2:	-----
	From worker 2:	100
	From worker 2:	55475
	From worker 2:	0.1
	From worker 2:	-3.976263491838318 -3.185309861722391 -4.150141453341164
	From worker 2:	-3.9783115614928266 -3.733590133268855 -3.7945332851739115
	From worker 2:	-5.034970005703224 -3.9791952336591394 -4.398385329689315
	From worker 2:	-4.594391494580744 -4.100251965017473 -4.211852414225201
	From worker 2:	-4.9889759622368 -3.7454082739005443 -4.260929558905766
	From worker 2:	-4.458344263365546 -3.3754580929197147 -4.349251181231957
	From worker 2:	-4.048183153224333 -3.47026181104001 -3.8882752540274117
	From worker 2:	-3.9451661547513757 -3.7740673517740095 -3.6535664901614666
	From worker 2:	-4.812815954225205 -4.163193020294203 -4.345363279749864
	From worker 2:	-3.720143941434551 -3.5127222937769265 -3.7604375649170585
	From worker 2:	-4.210068537412337 -3.622611814998212 -3.854008488702722
	From worker 2:	-4.974287210765559 -4.068886076002711 -4.258436381366747
	From worker 2:	-4.071568476533311 -3.397662676449456 -3.89312423442623
	From worker 2:	-3.9789975582199975 -3.818779127075232 -3.6732089507020147
	From worker 2:	-4.687288786384442 -4.280500000505142 -4.048453744903702
	From worker 2:	-4.139524697010807 -3.2633185834164466 -4.29877558145768
	From worker 2:	-4.098198451012662 -3.008174479805731 -4.232339744111746
	From worker 2:	-4.0491712735072465 -3.0748930733223547 -4.148787409180991
	From worker 2:	-5.456139871968809 -3.687277564989405 -4.730335858649203
	From worker 2:	-4.737198980580752 -3.4046883425489485 -4.602370295487214
	From worker 2:	-4.527379954635062 -3.3820684992947068 -4.776692175684046
	From worker 2:	-4.68525084688016 -4.079093777844749 -4.37727559814997
	From worker 2:	-4.14111497884667 -3.611908830531827 -4.075957361579937
	From worker 2:	-5.1189184834804164 -4.190336504755072 -4.4144867421176714
	From worker 2:	-4.132203981655331 -3.1512332083934154 -4.278832420573516
	From worker 2:	-5.927680503564054 -5.10736302230693 -4.627316142339859
	From worker 2:	-4.154989957372528 -3.5503099779267484 -3.9069711727653487
	From worker 2:	-3.739691457937033 -3.606508862605908 -3.7199991619802057
	From worker 2:	-5.267387743957044 -3.6652900331364564 -4.632368732443906
	From worker 2:	-4.51555349779548 -3.767452754396992 -3.886582185176581
	From worker 2:	-4.202230585096423 -3.576409661751039 -3.9559559190925824
	From worker 2:	-4.4012297211054205 -3.8473673412436393 -4.115986088467589
	From worker 2:	-4.526513375513786 -3.258042459298726 -4.506206096805468
	From worker 2:	-4.891980077384355 -3.370396984383411 -4.58296416709973
	From worker 2:	-5.589511349627647 -4.71375128341043 -4.651137198298099
	From worker 2:	-3.6642898951895724 -3.518229328925476 -3.6814178672423292
	From worker 2:	-5.192051905976129 -4.263452537010607 -4.610341187952249
	From worker 2:	-4.512667920239757 -3.88624887233246 -4.327286827168724
	From worker 2:	-4.987247243267335 -4.1397542607314834 -4.517526440488572
	From worker 2:	-4.944138100441794 -3.9958680494044456 -4.284739974593004
	From worker 2:	-4.5432157932393356 -3.99117424510887 -4.059252461298696
	From worker 2:	-4.75260330842614 -3.5924717141190388 -4.361170676599149
	From worker 2:	-4.7600648694448315 -3.8326634549836265 -4.394552833038796
	From worker 2:	-3.8877226612061553 -3.4307837579278244 -3.7275545987532626
	From worker 2:	-3.8559885837858014 -3.13671245681705 -4.067568813333653
	From worker 2:	-4.160377753107269 -3.4150850505358994 -4.127316161284402
	From worker 2:	-4.833721518309107 -3.5545200965316184 -4.508029114601325
	From worker 2:	-4.796667887943451 -4.192475153029187 -4.218818768055562
	From worker 2:	-4.063065306473359 -3.530618758920893 -4.1517652138107195
	From worker 2:	-3.7159258327602034 -3.589922529880068 -3.6194722544560807
	From worker 2:	-5.257345067998711 -4.199797634476017 -4.728470958243851
	From worker 2:	-4.029700782901896 -3.4508930646540423 -3.9903497426956913
	From worker 2:	-4.318298298331328 -3.424946873762004 -4.316714038773099
	From worker 2:	-4.109040902385959 -3.440971504998396 -4.134656272741267
	From worker 2:	-4.371915678308467 -2.91929492067913 -4.288944595864518
	From worker 2:	-3.3472368968569004 -3.158146421295493 -3.7733684105248892
	From worker 2:	-5.051673189913621 -3.559852856473119 -4.474745251898889
	From worker 2:	-3.625299053956718 -3.3718883060191875 -3.666511535810691
	From worker 2:	-4.742361754672821 -3.8186159015047023 -4.192415176211142
	From worker 2:	-4.1245014557996615 -3.592829346728539 -3.8861213824417056
	From worker 2:	-4.234601299401946 -3.7752540411808178 -3.871605821008851
	From worker 2:	-3.834670705928298 -3.2829139922203843 -4.001372229187324
	From worker 2:	-3.9026769303946787 -3.4312782486915223 -3.8128611764751046
	From worker 2:	-4.953354958306413 -3.80430138981557 -4.729132436543464
	From worker 2:	-4.649848027781215 -4.037459088010757 -4.1359586772547345
	From worker 2:	-4.682844281083955 -3.98133882938992 -4.171450146881627
	From worker 2:	-3.9684369525406513 -3.549889364724445 -3.780900297283493
	From worker 2:	-5.918551710902261 -4.866348945519108 -4.572333671174157
	From worker 2:	-5.7367393162132005 -4.467090444634913 -4.615614855928684
	From worker 2:	-4.023614951657366 -3.55142685118982 -4.115220208289955
	From worker 2:	-5.853800731898156 -4.923711105138996 -4.6931516833090585
	From worker 2:	-3.922325234549147 -3.453207136802165 -3.8065629316196925
	From worker 2:	-4.649348129905237 -3.6784092303630884 -4.2079984810293
	From worker 2:	-3.859543884773736 -3.569634327581869 -3.747366687270711
	From worker 2:	-4.209639266277496 -3.6130649714977134 -3.9519369518490843
	From worker 2:	-4.47560394524822 -3.7515875837167134 -4.122557335750489
	From worker 2:	-4.860504055707906 -3.8326617441307578 -4.286089764003536
	From worker 2:	-4.285967546880752 -3.1855264831143693 -4.298530226785537
	From worker 2:	-4.0467096818153125 -3.860598805312306 -3.8004928140806546
	From worker 2:	-4.892410334141929 -3.7514111361399185 -4.446334965270076
	From worker 2:	-5.046626519401236 -4.15701328458959 -4.6527541198786215
	From worker 2:	-5.237201142548998 -4.186521689506094 -4.7397506225134105
	From worker 2:	-4.12966732802977 -3.5745324121391895 -4.163412407723454
	From worker 2:	-4.0998956670223885 -3.71917655079863 -3.9198961778686705
	From worker 2:	-4.21056145657887 -3.781795129218965 -3.8132191292446196
	From worker 2:	-4.136499410950327 -3.703647386406237 -3.828680217052426
	From worker 2:	-3.94009570531384 -3.4599502035671326 -3.823846761680958
	From worker 2:	-4.419769707177552 -3.453755586260071 -4.177232996416913
	From worker 2:	-5.801720195104115 -4.509032149066636 -4.632382137693442
	From worker 2:	-5.733114493539273 -4.736723445659896 -4.709226785235131
	From worker 2:	-4.225298843275542 -3.51991276302733 -4.239534762059621
	From worker 2:	-5.114253023499604 -3.700251545463021 -4.61956653319762
	From worker 2:	-4.661634084572737 -3.8048717333809767 -4.400061795562297
	From worker 2:	-3.806223028692934 -3.7903504147231613 -3.644353196584595
	From worker 2:	-4.984831610015121 -4.2023574648366235 -4.217971639774759
	From worker 2:	-4.399336626086174 -3.853971972466667 -4.145964783557168
	From worker 2:	-4.1406614296155695 -3.139255854670279 -4.300226128334049
	From worker 2:	-4.045170934169456 -3.621321475970068 -3.780288033985266
	From worker 2:	-3.990761545345505 -3.694153833675348 -3.8350802317130723
	From worker 2:	-4.030455145563123 -3.768033140221059 -3.8067945040022226
	From worker 2:	0.09830508474576272 0.09491525423728811 0.06101694915254237 0.09491525423728814 0.09491525423728814 0.09830508474576272 0.08135593220338988 0.09152542372881356 0.08135593220338988 0.09830508474576272 0.07118644067796609 0.09491525423728814 0.08135593220338988 0.09152542372881356 0.07796610169491525 0.09152542372881356 0.0847457627118644 0.09152542372881356 0.0847457627118644 0.09830508474576272 0.09830508474576272 0.0474576271186441 0.057627118644067804 0.09491525423728815 0.09830508474576272 0.09152542372881356 0.08813559322033898 0.08135593220338988 0.09830508474576272 0.06779661016949157 0.09830508474576272 0.07457627118644061 0.06779661016949157 0.08135593220338982 0.08813559322033898 0.08813559322033904 0.08135593220338988 0.09830508474576272 0.09491525423728814 0.0847457627118644 0.08135593220338988 0.08135593220338988 0.08813559322033904 0.09830508474576272 0.0949152542372882 0.09152542372881356 0.09491525423728817 0.08813559322033904 0.08813559322033904 0.09152542372881356 0.09491525423728814 0.08135593220338982 0.08135593220338988 0.07457627118644072 0.09830508474576269 0.0949152542372882 0.0847457627118644 0.0949152542372882 0.07118644067796609 0.09152542372881356 0.04745762711864407 0.09152542372881356 0.08813559322033904 0.09830508474576272 0.08135593220338988 0.09152542372881356 0.09491525423728814 0.0847457627118644 0.07796610169491526 0.0949152542372882 0.0949152542372882 0.08135593220338988 0.0847457627118644 0.09152542372881356 0.07796610169491525 0.05084745762711865 0.07457627118644067 0.06440677966101704 0.057627118644067776 0.09152542372881356 0.08813559322033904 0.0847457627118644 0.0847457627118644 0.09830508474576272 0.0847457627118644 0.09830508474576273 0.08135593220338988 0.0949152542372882 0.09830508474576272 0.09152542372881356 0.08135593220338988 0.08135593220338985 0.09152542372881356 0.0847457627118644 0.09491525423728815 0.09152542372881356 0.06779661016949157 0.08813559322033904 0.08813559322033901 0.06779661016949151
	From worker 2:	0.00937465916199171 0.008523971307389551 0.009630601923485008 0.008943813599238879 0.009403110181697674 0.008849687356790566 0.008354307315989962 0.00927609609760279 0.009569827393949378 0.00959829259504023 0.008155988102985248 0.00955803387656132 0.008507888121910664 0.009147111128727535 0.010078087542997069 0.009120135211931323 0.010490135910151927 0.009894989694477387 0.01391303532604433 0.010628321903175463 0.012497705151293927 0.00924016041140322 0.00792295080580303 0.01032593239909407 0.009599079413584273 0.025519342096584737 0.008093527101439601 0.009565280809956545 0.01192768614798429 0.008447697931162871 0.007962868655262835 0.008032582646107934 0.010233972322974847 0.011167599780409236 0.015495588609084166 0.010284263434903313 0.01123032113349885 0.008514984563036686 0.0101364925605443 0.009302229050125828 0.008493413261028438 0.008883406115772874 0.008849348526831 0.009373063673509062 0.009936892881370132 0.008205595333965645 0.009731494803774738 0.0095837542652018 0.008184121266597039 0.010315459365982375 0.011892876667610812 0.008259423293330945 0.008538664685937497 0.008211973659745686 0.011557910557706382 0.014392108690603728 0.010435518174287171 0.011109818061652038 0.008525585695176188 0.008107617322510752 0.008121903750129784 0.009266179290338893 0.008941088774522274 0.011092786427845556 0.008750470153021574 0.008641263866966967 0.008669473698575316 0.02017003837419258 0.014611350156824512 0.00818360387010195 0.020646554155948335 0.00885908503738459 0.008303999417927936 0.009038938567298207 0.00793825305094083 0.007983562265916939 0.00888690782371068 0.009388482970812163 0.008561181767411571 0.009296356395415015 0.010925199142899836 0.011905158238999942 0.008064586223445273 0.008044541485017494 0.00830069859578483 0.008218971191307128 0.008741126595866497 0.008211481132362738 0.015448483007257237 0.016955694136916055 0.008179759085119335 0.010921962210867938 0.008720520845689275 0.009752237364360712 0.010077256204325766 0.0080660174248531 0.009738303248814315 0.008482405415910776 0.008362336411572375 0.008425377144356705
	From worker 2:	9229.027695 seconds (17.03 G allocations: 2.347 TiB, 45.82% gc time)
	From worker 2:	Writing ENSMUSG00000012396 to file
Run finished at  Mon Jul 30 18:19:45 BST 2018
